Sun Jun  8 06:24:27 PM PDT 2025
READY TO RUN!
/ml_placer/OpenROAD-flow-scripts/flow/scripts/flow.sh 3_1_place_gp_skip_io global_place_skip_io
Running global_place_skip_io.tcl, stage 3_1_place_gp_skip_io
source /ml_placer/OpenROAD-flow-scripts/flow/platforms/asap7/liberty_suppressions.tcl
suppress_message STA 1212
[INFO GPL-0002] DBU: 1000
[INFO GPL-0003] SiteSize: (  0.054  0.270 ) um
[INFO GPL-0004] CoreBBox: (  2.052  2.160 ) ( 77.490 77.490 ) um
[WARNING GPL-0001] alert_major_o toplevel port is not placed!
       Replace will regard alert_major_o is placed in (0, 0)
[WARNING GPL-0001] alert_minor_o toplevel port is not placed!
       Replace will regard alert_minor_o is placed in (0, 0)
[WARNING GPL-0001] boot_addr_i[0] toplevel port is not placed!
       Replace will regard boot_addr_i[0] is placed in (0, 0)
[WARNING GPL-0001] boot_addr_i[10] toplevel port is not placed!
       Replace will regard boot_addr_i[10] is placed in (0, 0)
[WARNING GPL-0001] boot_addr_i[11] toplevel port is not placed!
       Replace will regard boot_addr_i[11] is placed in (0, 0)
[WARNING GPL-0001] boot_addr_i[12] toplevel port is not placed!
       Replace will regard boot_addr_i[12] is placed in (0, 0)
[WARNING GPL-0001] boot_addr_i[13] toplevel port is not placed!
       Replace will regard boot_addr_i[13] is placed in (0, 0)
[WARNING GPL-0001] boot_addr_i[14] toplevel port is not placed!
       Replace will regard boot_addr_i[14] is placed in (0, 0)
[WARNING GPL-0001] boot_addr_i[15] toplevel port is not placed!
       Replace will regard boot_addr_i[15] is placed in (0, 0)
[WARNING GPL-0001] boot_addr_i[16] toplevel port is not placed!
       Replace will regard boot_addr_i[16] is placed in (0, 0)
[WARNING GPL-0001] boot_addr_i[17] toplevel port is not placed!
       Replace will regard boot_addr_i[17] is placed in (0, 0)
[WARNING GPL-0001] boot_addr_i[18] toplevel port is not placed!
       Replace will regard boot_addr_i[18] is placed in (0, 0)
[WARNING GPL-0001] boot_addr_i[19] toplevel port is not placed!
       Replace will regard boot_addr_i[19] is placed in (0, 0)
[WARNING GPL-0001] boot_addr_i[1] toplevel port is not placed!
       Replace will regard boot_addr_i[1] is placed in (0, 0)
[WARNING GPL-0001] boot_addr_i[20] toplevel port is not placed!
       Replace will regard boot_addr_i[20] is placed in (0, 0)
[WARNING GPL-0001] boot_addr_i[21] toplevel port is not placed!
       Replace will regard boot_addr_i[21] is placed in (0, 0)
[WARNING GPL-0001] boot_addr_i[22] toplevel port is not placed!
       Replace will regard boot_addr_i[22] is placed in (0, 0)
[WARNING GPL-0001] boot_addr_i[23] toplevel port is not placed!
       Replace will regard boot_addr_i[23] is placed in (0, 0)
[WARNING GPL-0001] boot_addr_i[24] toplevel port is not placed!
       Replace will regard boot_addr_i[24] is placed in (0, 0)
[WARNING GPL-0001] boot_addr_i[25] toplevel port is not placed!
       Replace will regard boot_addr_i[25] is placed in (0, 0)
[WARNING GPL-0001] boot_addr_i[26] toplevel port is not placed!
       Replace will regard boot_addr_i[26] is placed in (0, 0)
[WARNING GPL-0001] boot_addr_i[27] toplevel port is not placed!
       Replace will regard boot_addr_i[27] is placed in (0, 0)
[WARNING GPL-0001] boot_addr_i[28] toplevel port is not placed!
       Replace will regard boot_addr_i[28] is placed in (0, 0)
[WARNING GPL-0001] boot_addr_i[29] toplevel port is not placed!
       Replace will regard boot_addr_i[29] is placed in (0, 0)
[WARNING GPL-0001] boot_addr_i[2] toplevel port is not placed!
       Replace will regard boot_addr_i[2] is placed in (0, 0)
[WARNING GPL-0001] boot_addr_i[30] toplevel port is not placed!
       Replace will regard boot_addr_i[30] is placed in (0, 0)
[WARNING GPL-0001] boot_addr_i[31] toplevel port is not placed!
       Replace will regard boot_addr_i[31] is placed in (0, 0)
[WARNING GPL-0001] boot_addr_i[3] toplevel port is not placed!
       Replace will regard boot_addr_i[3] is placed in (0, 0)
[WARNING GPL-0001] boot_addr_i[4] toplevel port is not placed!
       Replace will regard boot_addr_i[4] is placed in (0, 0)
[WARNING GPL-0001] boot_addr_i[5] toplevel port is not placed!
       Replace will regard boot_addr_i[5] is placed in (0, 0)
[WARNING GPL-0001] boot_addr_i[6] toplevel port is not placed!
       Replace will regard boot_addr_i[6] is placed in (0, 0)
[WARNING GPL-0001] boot_addr_i[7] toplevel port is not placed!
       Replace will regard boot_addr_i[7] is placed in (0, 0)
[WARNING GPL-0001] boot_addr_i[8] toplevel port is not placed!
       Replace will regard boot_addr_i[8] is placed in (0, 0)
[WARNING GPL-0001] boot_addr_i[9] toplevel port is not placed!
       Replace will regard boot_addr_i[9] is placed in (0, 0)
[WARNING GPL-0001] clk_i toplevel port is not placed!
       Replace will regard clk_i is placed in (0, 0)
[WARNING GPL-0001] core_sleep_o toplevel port is not placed!
       Replace will regard core_sleep_o is placed in (0, 0)
[WARNING GPL-0001] data_addr_o[0] toplevel port is not placed!
       Replace will regard data_addr_o[0] is placed in (0, 0)
[WARNING GPL-0001] data_addr_o[10] toplevel port is not placed!
       Replace will regard data_addr_o[10] is placed in (0, 0)
[WARNING GPL-0001] data_addr_o[11] toplevel port is not placed!
       Replace will regard data_addr_o[11] is placed in (0, 0)
[WARNING GPL-0001] data_addr_o[12] toplevel port is not placed!
       Replace will regard data_addr_o[12] is placed in (0, 0)
[WARNING GPL-0001] data_addr_o[13] toplevel port is not placed!
       Replace will regard data_addr_o[13] is placed in (0, 0)
[WARNING GPL-0001] data_addr_o[14] toplevel port is not placed!
       Replace will regard data_addr_o[14] is placed in (0, 0)
[WARNING GPL-0001] data_addr_o[15] toplevel port is not placed!
       Replace will regard data_addr_o[15] is placed in (0, 0)
[WARNING GPL-0001] data_addr_o[16] toplevel port is not placed!
       Replace will regard data_addr_o[16] is placed in (0, 0)
[WARNING GPL-0001] data_addr_o[17] toplevel port is not placed!
       Replace will regard data_addr_o[17] is placed in (0, 0)
[WARNING GPL-0001] data_addr_o[18] toplevel port is not placed!
       Replace will regard data_addr_o[18] is placed in (0, 0)
[WARNING GPL-0001] data_addr_o[19] toplevel port is not placed!
       Replace will regard data_addr_o[19] is placed in (0, 0)
[WARNING GPL-0001] data_addr_o[1] toplevel port is not placed!
       Replace will regard data_addr_o[1] is placed in (0, 0)
[WARNING GPL-0001] data_addr_o[20] toplevel port is not placed!
       Replace will regard data_addr_o[20] is placed in (0, 0)
[WARNING GPL-0001] data_addr_o[21] toplevel port is not placed!
       Replace will regard data_addr_o[21] is placed in (0, 0)
[WARNING GPL-0001] data_addr_o[22] toplevel port is not placed!
       Replace will regard data_addr_o[22] is placed in (0, 0)
[WARNING GPL-0001] data_addr_o[23] toplevel port is not placed!
       Replace will regard data_addr_o[23] is placed in (0, 0)
[WARNING GPL-0001] data_addr_o[24] toplevel port is not placed!
       Replace will regard data_addr_o[24] is placed in (0, 0)
[WARNING GPL-0001] data_addr_o[25] toplevel port is not placed!
       Replace will regard data_addr_o[25] is placed in (0, 0)
[WARNING GPL-0001] data_addr_o[26] toplevel port is not placed!
       Replace will regard data_addr_o[26] is placed in (0, 0)
[WARNING GPL-0001] data_addr_o[27] toplevel port is not placed!
       Replace will regard data_addr_o[27] is placed in (0, 0)
[WARNING GPL-0001] data_addr_o[28] toplevel port is not placed!
       Replace will regard data_addr_o[28] is placed in (0, 0)
[WARNING GPL-0001] data_addr_o[29] toplevel port is not placed!
       Replace will regard data_addr_o[29] is placed in (0, 0)
[WARNING GPL-0001] data_addr_o[2] toplevel port is not placed!
       Replace will regard data_addr_o[2] is placed in (0, 0)
[WARNING GPL-0001] data_addr_o[30] toplevel port is not placed!
       Replace will regard data_addr_o[30] is placed in (0, 0)
[WARNING GPL-0001] data_addr_o[31] toplevel port is not placed!
       Replace will regard data_addr_o[31] is placed in (0, 0)
[WARNING GPL-0001] data_addr_o[3] toplevel port is not placed!
       Replace will regard data_addr_o[3] is placed in (0, 0)
[WARNING GPL-0001] data_addr_o[4] toplevel port is not placed!
       Replace will regard data_addr_o[4] is placed in (0, 0)
[WARNING GPL-0001] data_addr_o[5] toplevel port is not placed!
       Replace will regard data_addr_o[5] is placed in (0, 0)
[WARNING GPL-0001] data_addr_o[6] toplevel port is not placed!
       Replace will regard data_addr_o[6] is placed in (0, 0)
[WARNING GPL-0001] data_addr_o[7] toplevel port is not placed!
       Replace will regard data_addr_o[7] is placed in (0, 0)
[WARNING GPL-0001] data_addr_o[8] toplevel port is not placed!
       Replace will regard data_addr_o[8] is placed in (0, 0)
[WARNING GPL-0001] data_addr_o[9] toplevel port is not placed!
       Replace will regard data_addr_o[9] is placed in (0, 0)
[WARNING GPL-0001] data_be_o[0] toplevel port is not placed!
       Replace will regard data_be_o[0] is placed in (0, 0)
[WARNING GPL-0001] data_be_o[1] toplevel port is not placed!
       Replace will regard data_be_o[1] is placed in (0, 0)
[WARNING GPL-0001] data_be_o[2] toplevel port is not placed!
       Replace will regard data_be_o[2] is placed in (0, 0)
[WARNING GPL-0001] data_be_o[3] toplevel port is not placed!
       Replace will regard data_be_o[3] is placed in (0, 0)
[WARNING GPL-0001] data_err_i toplevel port is not placed!
       Replace will regard data_err_i is placed in (0, 0)
[WARNING GPL-0001] data_gnt_i toplevel port is not placed!
       Replace will regard data_gnt_i is placed in (0, 0)
[WARNING GPL-0001] data_rdata_i[0] toplevel port is not placed!
       Replace will regard data_rdata_i[0] is placed in (0, 0)
[WARNING GPL-0001] data_rdata_i[10] toplevel port is not placed!
       Replace will regard data_rdata_i[10] is placed in (0, 0)
[WARNING GPL-0001] data_rdata_i[11] toplevel port is not placed!
       Replace will regard data_rdata_i[11] is placed in (0, 0)
[WARNING GPL-0001] data_rdata_i[12] toplevel port is not placed!
       Replace will regard data_rdata_i[12] is placed in (0, 0)
[WARNING GPL-0001] data_rdata_i[13] toplevel port is not placed!
       Replace will regard data_rdata_i[13] is placed in (0, 0)
[WARNING GPL-0001] data_rdata_i[14] toplevel port is not placed!
       Replace will regard data_rdata_i[14] is placed in (0, 0)
[WARNING GPL-0001] data_rdata_i[15] toplevel port is not placed!
       Replace will regard data_rdata_i[15] is placed in (0, 0)
[WARNING GPL-0001] data_rdata_i[16] toplevel port is not placed!
       Replace will regard data_rdata_i[16] is placed in (0, 0)
[WARNING GPL-0001] data_rdata_i[17] toplevel port is not placed!
       Replace will regard data_rdata_i[17] is placed in (0, 0)
[WARNING GPL-0001] data_rdata_i[18] toplevel port is not placed!
       Replace will regard data_rdata_i[18] is placed in (0, 0)
[WARNING GPL-0001] data_rdata_i[19] toplevel port is not placed!
       Replace will regard data_rdata_i[19] is placed in (0, 0)
[WARNING GPL-0001] data_rdata_i[1] toplevel port is not placed!
       Replace will regard data_rdata_i[1] is placed in (0, 0)
[WARNING GPL-0001] data_rdata_i[20] toplevel port is not placed!
       Replace will regard data_rdata_i[20] is placed in (0, 0)
[WARNING GPL-0001] data_rdata_i[21] toplevel port is not placed!
       Replace will regard data_rdata_i[21] is placed in (0, 0)
[WARNING GPL-0001] data_rdata_i[22] toplevel port is not placed!
       Replace will regard data_rdata_i[22] is placed in (0, 0)
[WARNING GPL-0001] data_rdata_i[23] toplevel port is not placed!
       Replace will regard data_rdata_i[23] is placed in (0, 0)
[WARNING GPL-0001] data_rdata_i[24] toplevel port is not placed!
       Replace will regard data_rdata_i[24] is placed in (0, 0)
[WARNING GPL-0001] data_rdata_i[25] toplevel port is not placed!
       Replace will regard data_rdata_i[25] is placed in (0, 0)
[WARNING GPL-0001] data_rdata_i[26] toplevel port is not placed!
       Replace will regard data_rdata_i[26] is placed in (0, 0)
[WARNING GPL-0001] data_rdata_i[27] toplevel port is not placed!
       Replace will regard data_rdata_i[27] is placed in (0, 0)
[WARNING GPL-0001] data_rdata_i[28] toplevel port is not placed!
       Replace will regard data_rdata_i[28] is placed in (0, 0)
[WARNING GPL-0001] data_rdata_i[29] toplevel port is not placed!
       Replace will regard data_rdata_i[29] is placed in (0, 0)
[WARNING GPL-0001] data_rdata_i[2] toplevel port is not placed!
       Replace will regard data_rdata_i[2] is placed in (0, 0)
[WARNING GPL-0001] data_rdata_i[30] toplevel port is not placed!
       Replace will regard data_rdata_i[30] is placed in (0, 0)
[WARNING GPL-0001] data_rdata_i[31] toplevel port is not placed!
       Replace will regard data_rdata_i[31] is placed in (0, 0)
[WARNING GPL-0001] data_rdata_i[3] toplevel port is not placed!
       Replace will regard data_rdata_i[3] is placed in (0, 0)
[WARNING GPL-0001] data_rdata_i[4] toplevel port is not placed!
       Replace will regard data_rdata_i[4] is placed in (0, 0)
[WARNING GPL-0001] data_rdata_i[5] toplevel port is not placed!
       Replace will regard data_rdata_i[5] is placed in (0, 0)
[WARNING GPL-0001] data_rdata_i[6] toplevel port is not placed!
       Replace will regard data_rdata_i[6] is placed in (0, 0)
[WARNING GPL-0001] data_rdata_i[7] toplevel port is not placed!
       Replace will regard data_rdata_i[7] is placed in (0, 0)
[WARNING GPL-0001] data_rdata_i[8] toplevel port is not placed!
       Replace will regard data_rdata_i[8] is placed in (0, 0)
[WARNING GPL-0001] data_rdata_i[9] toplevel port is not placed!
       Replace will regard data_rdata_i[9] is placed in (0, 0)
[WARNING GPL-0001] data_req_o toplevel port is not placed!
       Replace will regard data_req_o is placed in (0, 0)
[WARNING GPL-0001] data_rvalid_i toplevel port is not placed!
       Replace will regard data_rvalid_i is placed in (0, 0)
[WARNING GPL-0001] data_wdata_o[0] toplevel port is not placed!
       Replace will regard data_wdata_o[0] is placed in (0, 0)
[WARNING GPL-0001] data_wdata_o[10] toplevel port is not placed!
       Replace will regard data_wdata_o[10] is placed in (0, 0)
[WARNING GPL-0001] data_wdata_o[11] toplevel port is not placed!
       Replace will regard data_wdata_o[11] is placed in (0, 0)
[WARNING GPL-0001] data_wdata_o[12] toplevel port is not placed!
       Replace will regard data_wdata_o[12] is placed in (0, 0)
[WARNING GPL-0001] data_wdata_o[13] toplevel port is not placed!
       Replace will regard data_wdata_o[13] is placed in (0, 0)
[WARNING GPL-0001] data_wdata_o[14] toplevel port is not placed!
       Replace will regard data_wdata_o[14] is placed in (0, 0)
[WARNING GPL-0001] data_wdata_o[15] toplevel port is not placed!
       Replace will regard data_wdata_o[15] is placed in (0, 0)
[WARNING GPL-0001] data_wdata_o[16] toplevel port is not placed!
       Replace will regard data_wdata_o[16] is placed in (0, 0)
[WARNING GPL-0001] data_wdata_o[17] toplevel port is not placed!
       Replace will regard data_wdata_o[17] is placed in (0, 0)
[WARNING GPL-0001] data_wdata_o[18] toplevel port is not placed!
       Replace will regard data_wdata_o[18] is placed in (0, 0)
[WARNING GPL-0001] data_wdata_o[19] toplevel port is not placed!
       Replace will regard data_wdata_o[19] is placed in (0, 0)
[WARNING GPL-0001] data_wdata_o[1] toplevel port is not placed!
       Replace will regard data_wdata_o[1] is placed in (0, 0)
[WARNING GPL-0001] data_wdata_o[20] toplevel port is not placed!
       Replace will regard data_wdata_o[20] is placed in (0, 0)
[WARNING GPL-0001] data_wdata_o[21] toplevel port is not placed!
       Replace will regard data_wdata_o[21] is placed in (0, 0)
[WARNING GPL-0001] data_wdata_o[22] toplevel port is not placed!
       Replace will regard data_wdata_o[22] is placed in (0, 0)
[WARNING GPL-0001] data_wdata_o[23] toplevel port is not placed!
       Replace will regard data_wdata_o[23] is placed in (0, 0)
[WARNING GPL-0001] data_wdata_o[24] toplevel port is not placed!
       Replace will regard data_wdata_o[24] is placed in (0, 0)
[WARNING GPL-0001] data_wdata_o[25] toplevel port is not placed!
       Replace will regard data_wdata_o[25] is placed in (0, 0)
[WARNING GPL-0001] data_wdata_o[26] toplevel port is not placed!
       Replace will regard data_wdata_o[26] is placed in (0, 0)
[WARNING GPL-0001] data_wdata_o[27] toplevel port is not placed!
       Replace will regard data_wdata_o[27] is placed in (0, 0)
[WARNING GPL-0001] data_wdata_o[28] toplevel port is not placed!
       Replace will regard data_wdata_o[28] is placed in (0, 0)
[WARNING GPL-0001] data_wdata_o[29] toplevel port is not placed!
       Replace will regard data_wdata_o[29] is placed in (0, 0)
[WARNING GPL-0001] data_wdata_o[2] toplevel port is not placed!
       Replace will regard data_wdata_o[2] is placed in (0, 0)
[WARNING GPL-0001] data_wdata_o[30] toplevel port is not placed!
       Replace will regard data_wdata_o[30] is placed in (0, 0)
[WARNING GPL-0001] data_wdata_o[31] toplevel port is not placed!
       Replace will regard data_wdata_o[31] is placed in (0, 0)
[WARNING GPL-0001] data_wdata_o[3] toplevel port is not placed!
       Replace will regard data_wdata_o[3] is placed in (0, 0)
[WARNING GPL-0001] data_wdata_o[4] toplevel port is not placed!
       Replace will regard data_wdata_o[4] is placed in (0, 0)
[WARNING GPL-0001] data_wdata_o[5] toplevel port is not placed!
       Replace will regard data_wdata_o[5] is placed in (0, 0)
[WARNING GPL-0001] data_wdata_o[6] toplevel port is not placed!
       Replace will regard data_wdata_o[6] is placed in (0, 0)
[WARNING GPL-0001] data_wdata_o[7] toplevel port is not placed!
       Replace will regard data_wdata_o[7] is placed in (0, 0)
[WARNING GPL-0001] data_wdata_o[8] toplevel port is not placed!
       Replace will regard data_wdata_o[8] is placed in (0, 0)
[WARNING GPL-0001] data_wdata_o[9] toplevel port is not placed!
       Replace will regard data_wdata_o[9] is placed in (0, 0)
[WARNING GPL-0001] data_we_o toplevel port is not placed!
       Replace will regard data_we_o is placed in (0, 0)
[WARNING GPL-0001] debug_req_i toplevel port is not placed!
       Replace will regard debug_req_i is placed in (0, 0)
[WARNING GPL-0001] fetch_enable_i toplevel port is not placed!
       Replace will regard fetch_enable_i is placed in (0, 0)
[WARNING GPL-0001] hart_id_i[0] toplevel port is not placed!
       Replace will regard hart_id_i[0] is placed in (0, 0)
[WARNING GPL-0001] hart_id_i[10] toplevel port is not placed!
       Replace will regard hart_id_i[10] is placed in (0, 0)
[WARNING GPL-0001] hart_id_i[11] toplevel port is not placed!
       Replace will regard hart_id_i[11] is placed in (0, 0)
[WARNING GPL-0001] hart_id_i[12] toplevel port is not placed!
       Replace will regard hart_id_i[12] is placed in (0, 0)
[WARNING GPL-0001] hart_id_i[13] toplevel port is not placed!
       Replace will regard hart_id_i[13] is placed in (0, 0)
[WARNING GPL-0001] hart_id_i[14] toplevel port is not placed!
       Replace will regard hart_id_i[14] is placed in (0, 0)
[WARNING GPL-0001] hart_id_i[15] toplevel port is not placed!
       Replace will regard hart_id_i[15] is placed in (0, 0)
[WARNING GPL-0001] hart_id_i[16] toplevel port is not placed!
       Replace will regard hart_id_i[16] is placed in (0, 0)
[WARNING GPL-0001] hart_id_i[17] toplevel port is not placed!
       Replace will regard hart_id_i[17] is placed in (0, 0)
[WARNING GPL-0001] hart_id_i[18] toplevel port is not placed!
       Replace will regard hart_id_i[18] is placed in (0, 0)
[WARNING GPL-0001] hart_id_i[19] toplevel port is not placed!
       Replace will regard hart_id_i[19] is placed in (0, 0)
[WARNING GPL-0001] hart_id_i[1] toplevel port is not placed!
       Replace will regard hart_id_i[1] is placed in (0, 0)
[WARNING GPL-0001] hart_id_i[20] toplevel port is not placed!
       Replace will regard hart_id_i[20] is placed in (0, 0)
[WARNING GPL-0001] hart_id_i[21] toplevel port is not placed!
       Replace will regard hart_id_i[21] is placed in (0, 0)
[WARNING GPL-0001] hart_id_i[22] toplevel port is not placed!
       Replace will regard hart_id_i[22] is placed in (0, 0)
[WARNING GPL-0001] hart_id_i[23] toplevel port is not placed!
       Replace will regard hart_id_i[23] is placed in (0, 0)
[WARNING GPL-0001] hart_id_i[24] toplevel port is not placed!
       Replace will regard hart_id_i[24] is placed in (0, 0)
[WARNING GPL-0001] hart_id_i[25] toplevel port is not placed!
       Replace will regard hart_id_i[25] is placed in (0, 0)
[WARNING GPL-0001] hart_id_i[26] toplevel port is not placed!
       Replace will regard hart_id_i[26] is placed in (0, 0)
[WARNING GPL-0001] hart_id_i[27] toplevel port is not placed!
       Replace will regard hart_id_i[27] is placed in (0, 0)
[WARNING GPL-0001] hart_id_i[28] toplevel port is not placed!
       Replace will regard hart_id_i[28] is placed in (0, 0)
[WARNING GPL-0001] hart_id_i[29] toplevel port is not placed!
       Replace will regard hart_id_i[29] is placed in (0, 0)
[WARNING GPL-0001] hart_id_i[2] toplevel port is not placed!
       Replace will regard hart_id_i[2] is placed in (0, 0)
[WARNING GPL-0001] hart_id_i[30] toplevel port is not placed!
       Replace will regard hart_id_i[30] is placed in (0, 0)
[WARNING GPL-0001] hart_id_i[31] toplevel port is not placed!
       Replace will regard hart_id_i[31] is placed in (0, 0)
[WARNING GPL-0001] hart_id_i[3] toplevel port is not placed!
       Replace will regard hart_id_i[3] is placed in (0, 0)
[WARNING GPL-0001] hart_id_i[4] toplevel port is not placed!
       Replace will regard hart_id_i[4] is placed in (0, 0)
[WARNING GPL-0001] hart_id_i[5] toplevel port is not placed!
       Replace will regard hart_id_i[5] is placed in (0, 0)
[WARNING GPL-0001] hart_id_i[6] toplevel port is not placed!
       Replace will regard hart_id_i[6] is placed in (0, 0)
[WARNING GPL-0001] hart_id_i[7] toplevel port is not placed!
       Replace will regard hart_id_i[7] is placed in (0, 0)
[WARNING GPL-0001] hart_id_i[8] toplevel port is not placed!
       Replace will regard hart_id_i[8] is placed in (0, 0)
[WARNING GPL-0001] hart_id_i[9] toplevel port is not placed!
       Replace will regard hart_id_i[9] is placed in (0, 0)
[WARNING GPL-0001] instr_addr_o[0] toplevel port is not placed!
       Replace will regard instr_addr_o[0] is placed in (0, 0)
[WARNING GPL-0001] instr_addr_o[10] toplevel port is not placed!
       Replace will regard instr_addr_o[10] is placed in (0, 0)
[WARNING GPL-0001] instr_addr_o[11] toplevel port is not placed!
       Replace will regard instr_addr_o[11] is placed in (0, 0)
[WARNING GPL-0001] instr_addr_o[12] toplevel port is not placed!
       Replace will regard instr_addr_o[12] is placed in (0, 0)
[WARNING GPL-0001] instr_addr_o[13] toplevel port is not placed!
       Replace will regard instr_addr_o[13] is placed in (0, 0)
[WARNING GPL-0001] instr_addr_o[14] toplevel port is not placed!
       Replace will regard instr_addr_o[14] is placed in (0, 0)
[WARNING GPL-0001] instr_addr_o[15] toplevel port is not placed!
       Replace will regard instr_addr_o[15] is placed in (0, 0)
[WARNING GPL-0001] instr_addr_o[16] toplevel port is not placed!
       Replace will regard instr_addr_o[16] is placed in (0, 0)
[WARNING GPL-0001] instr_addr_o[17] toplevel port is not placed!
       Replace will regard instr_addr_o[17] is placed in (0, 0)
[WARNING GPL-0001] instr_addr_o[18] toplevel port is not placed!
       Replace will regard instr_addr_o[18] is placed in (0, 0)
[WARNING GPL-0001] instr_addr_o[19] toplevel port is not placed!
       Replace will regard instr_addr_o[19] is placed in (0, 0)
[WARNING GPL-0001] instr_addr_o[1] toplevel port is not placed!
       Replace will regard instr_addr_o[1] is placed in (0, 0)
[WARNING GPL-0001] instr_addr_o[20] toplevel port is not placed!
       Replace will regard instr_addr_o[20] is placed in (0, 0)
[WARNING GPL-0001] instr_addr_o[21] toplevel port is not placed!
       Replace will regard instr_addr_o[21] is placed in (0, 0)
[WARNING GPL-0001] instr_addr_o[22] toplevel port is not placed!
       Replace will regard instr_addr_o[22] is placed in (0, 0)
[WARNING GPL-0001] instr_addr_o[23] toplevel port is not placed!
       Replace will regard instr_addr_o[23] is placed in (0, 0)
[WARNING GPL-0001] instr_addr_o[24] toplevel port is not placed!
       Replace will regard instr_addr_o[24] is placed in (0, 0)
[WARNING GPL-0001] instr_addr_o[25] toplevel port is not placed!
       Replace will regard instr_addr_o[25] is placed in (0, 0)
[WARNING GPL-0001] instr_addr_o[26] toplevel port is not placed!
       Replace will regard instr_addr_o[26] is placed in (0, 0)
[WARNING GPL-0001] instr_addr_o[27] toplevel port is not placed!
       Replace will regard instr_addr_o[27] is placed in (0, 0)
[WARNING GPL-0001] instr_addr_o[28] toplevel port is not placed!
       Replace will regard instr_addr_o[28] is placed in (0, 0)
[WARNING GPL-0001] instr_addr_o[29] toplevel port is not placed!
       Replace will regard instr_addr_o[29] is placed in (0, 0)
[WARNING GPL-0001] instr_addr_o[2] toplevel port is not placed!
       Replace will regard instr_addr_o[2] is placed in (0, 0)
[WARNING GPL-0001] instr_addr_o[30] toplevel port is not placed!
       Replace will regard instr_addr_o[30] is placed in (0, 0)
[WARNING GPL-0001] instr_addr_o[31] toplevel port is not placed!
       Replace will regard instr_addr_o[31] is placed in (0, 0)
[WARNING GPL-0001] instr_addr_o[3] toplevel port is not placed!
       Replace will regard instr_addr_o[3] is placed in (0, 0)
[WARNING GPL-0001] instr_addr_o[4] toplevel port is not placed!
       Replace will regard instr_addr_o[4] is placed in (0, 0)
[WARNING GPL-0001] instr_addr_o[5] toplevel port is not placed!
       Replace will regard instr_addr_o[5] is placed in (0, 0)
[WARNING GPL-0001] instr_addr_o[6] toplevel port is not placed!
       Replace will regard instr_addr_o[6] is placed in (0, 0)
[WARNING GPL-0001] instr_addr_o[7] toplevel port is not placed!
       Replace will regard instr_addr_o[7] is placed in (0, 0)
[WARNING GPL-0001] instr_addr_o[8] toplevel port is not placed!
       Replace will regard instr_addr_o[8] is placed in (0, 0)
[WARNING GPL-0001] instr_addr_o[9] toplevel port is not placed!
       Replace will regard instr_addr_o[9] is placed in (0, 0)
[WARNING GPL-0001] instr_err_i toplevel port is not placed!
       Replace will regard instr_err_i is placed in (0, 0)
[WARNING GPL-0001] instr_gnt_i toplevel port is not placed!
       Replace will regard instr_gnt_i is placed in (0, 0)
[WARNING GPL-0001] instr_rdata_i[0] toplevel port is not placed!
       Replace will regard instr_rdata_i[0] is placed in (0, 0)
[WARNING GPL-0001] instr_rdata_i[10] toplevel port is not placed!
       Replace will regard instr_rdata_i[10] is placed in (0, 0)
[WARNING GPL-0001] instr_rdata_i[11] toplevel port is not placed!
       Replace will regard instr_rdata_i[11] is placed in (0, 0)
[WARNING GPL-0001] instr_rdata_i[12] toplevel port is not placed!
       Replace will regard instr_rdata_i[12] is placed in (0, 0)
[WARNING GPL-0001] instr_rdata_i[13] toplevel port is not placed!
       Replace will regard instr_rdata_i[13] is placed in (0, 0)
[WARNING GPL-0001] instr_rdata_i[14] toplevel port is not placed!
       Replace will regard instr_rdata_i[14] is placed in (0, 0)
[WARNING GPL-0001] instr_rdata_i[15] toplevel port is not placed!
       Replace will regard instr_rdata_i[15] is placed in (0, 0)
[WARNING GPL-0001] instr_rdata_i[16] toplevel port is not placed!
       Replace will regard instr_rdata_i[16] is placed in (0, 0)
[WARNING GPL-0001] instr_rdata_i[17] toplevel port is not placed!
       Replace will regard instr_rdata_i[17] is placed in (0, 0)
[WARNING GPL-0001] instr_rdata_i[18] toplevel port is not placed!
       Replace will regard instr_rdata_i[18] is placed in (0, 0)
[WARNING GPL-0001] instr_rdata_i[19] toplevel port is not placed!
       Replace will regard instr_rdata_i[19] is placed in (0, 0)
[WARNING GPL-0001] instr_rdata_i[1] toplevel port is not placed!
       Replace will regard instr_rdata_i[1] is placed in (0, 0)
[WARNING GPL-0001] instr_rdata_i[20] toplevel port is not placed!
       Replace will regard instr_rdata_i[20] is placed in (0, 0)
[WARNING GPL-0001] instr_rdata_i[21] toplevel port is not placed!
       Replace will regard instr_rdata_i[21] is placed in (0, 0)
[WARNING GPL-0001] instr_rdata_i[22] toplevel port is not placed!
       Replace will regard instr_rdata_i[22] is placed in (0, 0)
[WARNING GPL-0001] instr_rdata_i[23] toplevel port is not placed!
       Replace will regard instr_rdata_i[23] is placed in (0, 0)
[WARNING GPL-0001] instr_rdata_i[24] toplevel port is not placed!
       Replace will regard instr_rdata_i[24] is placed in (0, 0)
[WARNING GPL-0001] instr_rdata_i[25] toplevel port is not placed!
       Replace will regard instr_rdata_i[25] is placed in (0, 0)
[WARNING GPL-0001] instr_rdata_i[26] toplevel port is not placed!
       Replace will regard instr_rdata_i[26] is placed in (0, 0)
[WARNING GPL-0001] instr_rdata_i[27] toplevel port is not placed!
       Replace will regard instr_rdata_i[27] is placed in (0, 0)
[WARNING GPL-0001] instr_rdata_i[28] toplevel port is not placed!
       Replace will regard instr_rdata_i[28] is placed in (0, 0)
[WARNING GPL-0001] instr_rdata_i[29] toplevel port is not placed!
       Replace will regard instr_rdata_i[29] is placed in (0, 0)
[WARNING GPL-0001] instr_rdata_i[2] toplevel port is not placed!
       Replace will regard instr_rdata_i[2] is placed in (0, 0)
[WARNING GPL-0001] instr_rdata_i[30] toplevel port is not placed!
       Replace will regard instr_rdata_i[30] is placed in (0, 0)
[WARNING GPL-0001] instr_rdata_i[31] toplevel port is not placed!
       Replace will regard instr_rdata_i[31] is placed in (0, 0)
[WARNING GPL-0001] instr_rdata_i[3] toplevel port is not placed!
       Replace will regard instr_rdata_i[3] is placed in (0, 0)
[WARNING GPL-0001] instr_rdata_i[4] toplevel port is not placed!
       Replace will regard instr_rdata_i[4] is placed in (0, 0)
[WARNING GPL-0001] instr_rdata_i[5] toplevel port is not placed!
       Replace will regard instr_rdata_i[5] is placed in (0, 0)
[WARNING GPL-0001] instr_rdata_i[6] toplevel port is not placed!
       Replace will regard instr_rdata_i[6] is placed in (0, 0)
[WARNING GPL-0001] instr_rdata_i[7] toplevel port is not placed!
       Replace will regard instr_rdata_i[7] is placed in (0, 0)
[WARNING GPL-0001] instr_rdata_i[8] toplevel port is not placed!
       Replace will regard instr_rdata_i[8] is placed in (0, 0)
[WARNING GPL-0001] instr_rdata_i[9] toplevel port is not placed!
       Replace will regard instr_rdata_i[9] is placed in (0, 0)
[WARNING GPL-0001] instr_req_o toplevel port is not placed!
       Replace will regard instr_req_o is placed in (0, 0)
[WARNING GPL-0001] instr_rvalid_i toplevel port is not placed!
       Replace will regard instr_rvalid_i is placed in (0, 0)
[WARNING GPL-0001] irq_external_i toplevel port is not placed!
       Replace will regard irq_external_i is placed in (0, 0)
[WARNING GPL-0001] irq_fast_i[0] toplevel port is not placed!
       Replace will regard irq_fast_i[0] is placed in (0, 0)
[WARNING GPL-0001] irq_fast_i[10] toplevel port is not placed!
       Replace will regard irq_fast_i[10] is placed in (0, 0)
[WARNING GPL-0001] irq_fast_i[11] toplevel port is not placed!
       Replace will regard irq_fast_i[11] is placed in (0, 0)
[WARNING GPL-0001] irq_fast_i[12] toplevel port is not placed!
       Replace will regard irq_fast_i[12] is placed in (0, 0)
[WARNING GPL-0001] irq_fast_i[13] toplevel port is not placed!
       Replace will regard irq_fast_i[13] is placed in (0, 0)
[WARNING GPL-0001] irq_fast_i[14] toplevel port is not placed!
       Replace will regard irq_fast_i[14] is placed in (0, 0)
[WARNING GPL-0001] irq_fast_i[1] toplevel port is not placed!
       Replace will regard irq_fast_i[1] is placed in (0, 0)
[WARNING GPL-0001] irq_fast_i[2] toplevel port is not placed!
       Replace will regard irq_fast_i[2] is placed in (0, 0)
[WARNING GPL-0001] irq_fast_i[3] toplevel port is not placed!
       Replace will regard irq_fast_i[3] is placed in (0, 0)
[WARNING GPL-0001] irq_fast_i[4] toplevel port is not placed!
       Replace will regard irq_fast_i[4] is placed in (0, 0)
[WARNING GPL-0001] irq_fast_i[5] toplevel port is not placed!
       Replace will regard irq_fast_i[5] is placed in (0, 0)
[WARNING GPL-0001] irq_fast_i[6] toplevel port is not placed!
       Replace will regard irq_fast_i[6] is placed in (0, 0)
[WARNING GPL-0001] irq_fast_i[7] toplevel port is not placed!
       Replace will regard irq_fast_i[7] is placed in (0, 0)
[WARNING GPL-0001] irq_fast_i[8] toplevel port is not placed!
       Replace will regard irq_fast_i[8] is placed in (0, 0)
[WARNING GPL-0001] irq_fast_i[9] toplevel port is not placed!
       Replace will regard irq_fast_i[9] is placed in (0, 0)
[WARNING GPL-0001] irq_nm_i toplevel port is not placed!
       Replace will regard irq_nm_i is placed in (0, 0)
[WARNING GPL-0001] irq_software_i toplevel port is not placed!
       Replace will regard irq_software_i is placed in (0, 0)
[WARNING GPL-0001] irq_timer_i toplevel port is not placed!
       Replace will regard irq_timer_i is placed in (0, 0)
[WARNING GPL-0001] rst_ni toplevel port is not placed!
       Replace will regard rst_ni is placed in (0, 0)
[WARNING GPL-0001] test_en_i toplevel port is not placed!
       Replace will regard test_en_i is placed in (0, 0)
[INFO GPL-0006] NumInstances:             19507
[INFO GPL-0007] NumPlaceInstances:        18528
[INFO GPL-0008] NumFixedInstances:          979
[INFO GPL-0009] NumDummyInstances:            0
[INFO GPL-0010] NumNets:                  19234
[INFO GPL-0011] NumPins:                  68651
[INFO GPL-0012] DieBBox:  (  0.000  0.000 ) ( 79.538 79.538 ) um
[INFO GPL-0013] CoreBBox: (  2.052  2.160 ) ( 77.490 77.490 ) um
[INFO GPL-0016] CoreArea:              5682.745 um^2
[INFO GPL-0017] NonPlaceInstsArea:       28.548 um^2
[INFO GPL-0018] PlaceInstsArea:        2282.761 um^2
[INFO GPL-0019] Util:                    40.373 %
[INFO GPL-0020] StdInstsArea:          2282.761 um^2
[INFO GPL-0021] MacroInstsArea:           0.000 um^2
[INFO GPL-0031] FillerInit:NumGCells:     48329
[INFO GPL-0032] FillerInit:NumGNets:      19234
[INFO GPL-0033] FillerInit:NumGPins:      68651
[INFO GPL-0023] TargetDensity:            1.000
[INFO GPL-0024] AvrgPlaceInstArea:        0.123 um^2
[INFO GPL-0025] IdealBinArea:             0.123 um^2
[INFO GPL-0026] IdealBinCnt:              46123
[INFO GPL-0027] TotalBinArea:          5682.745 um^2
[INFO GPL-0028] BinCnt:       128    128
[INFO GPL-0029] BinSize: (  0.590  0.589 )
[INFO GPL-0030] NumBins: 16384
Placement density is 0.5329829549789429, computed from PLACE_DENSITY_LB_ADDON 0.20 and lower bound 0.4037286937236786
global_placement -skip_io -density 0.5329829549789429 -pad_left 0 -pad_right 0
[INFO GPL-0002] DBU: 1000
[INFO GPL-0003] SiteSize: (  0.054  0.270 ) um
[INFO GPL-0004] CoreBBox: (  2.052  2.160 ) ( 77.490 77.490 ) um
[INFO GPL-0006] NumInstances:             19507
[INFO GPL-0007] NumPlaceInstances:        18528
[INFO GPL-0008] NumFixedInstances:          979
[INFO GPL-0009] NumDummyInstances:            0
[INFO GPL-0010] NumNets:                  19234
[INFO GPL-0011] NumPins:                  68387
[INFO GPL-0012] DieBBox:  (  0.000  0.000 ) ( 79.538 79.538 ) um
[INFO GPL-0013] CoreBBox: (  2.052  2.160 ) ( 77.490 77.490 ) um
[INFO GPL-0016] CoreArea:              5682.745 um^2
[INFO GPL-0017] NonPlaceInstsArea:       28.548 um^2
[INFO GPL-0018] PlaceInstsArea:        2282.761 um^2
[INFO GPL-0019] Util:                    40.373 %
[INFO GPL-0020] StdInstsArea:          2282.761 um^2
[INFO GPL-0021] MacroInstsArea:           0.000 um^2
[INFO GPL-0031] FillerInit:NumGCells:     24988
[INFO GPL-0032] FillerInit:NumGNets:      19234
[INFO GPL-0033] FillerInit:NumGPins:      68387
[INFO GPL-0023] TargetDensity:            0.533
[INFO GPL-0024] AvrgPlaceInstArea:        0.123 um^2
[INFO GPL-0025] IdealBinArea:             0.231 um^2
[INFO GPL-0026] IdealBinCnt:              24583
[INFO GPL-0027] TotalBinArea:          5682.745 um^2
[INFO GPL-0028] BinCnt:       128    128
[INFO GPL-0029] BinSize: (  0.590  0.589 )
[INFO GPL-0030] NumBins: 16384
[NesterovSolve] Iter:    1 overflow: 0.996 HPWL: 14275192
[NesterovSolve] Iter:   10 overflow: 0.998 HPWL: 4562479
[NesterovSolve] Iter:   20 overflow: 0.998 HPWL: 4298360
[NesterovSolve] Iter:   30 overflow: 0.998 HPWL: 4253889
[NesterovSolve] Iter:   40 overflow: 0.998 HPWL: 4233657
[NesterovSolve] Iter:   50 overflow: 0.998 HPWL: 4221385
[NesterovSolve] Iter:   60 overflow: 0.998 HPWL: 4213188
[NesterovSolve] Iter:   70 overflow: 0.997 HPWL: 4212734
[NesterovSolve] Iter:   80 overflow: 0.997 HPWL: 4231667
[NesterovSolve] Iter:   90 overflow: 0.997 HPWL: 4301751
[NesterovSolve] Iter:  100 overflow: 0.997 HPWL: 4494085
[NesterovSolve] Iter:  110 overflow: 0.997 HPWL: 4857888
[NesterovSolve] Iter:  120 overflow: 0.996 HPWL: 5413999
[NesterovSolve] Iter:  130 overflow: 0.995 HPWL: 6267510
[NesterovSolve] Iter:  140 overflow: 0.992 HPWL: 7708313
[NesterovSolve] Iter:  150 overflow: 0.986 HPWL: 10449437
[NesterovSolve] Iter:  160 overflow: 0.975 HPWL: 13735061
[NesterovSolve] Iter:  170 overflow: 0.965 HPWL: 16656130
[NesterovSolve] Iter:  180 overflow: 0.956 HPWL: 19757901
[NesterovSolve] Iter:  190 overflow: 0.940 HPWL: 23597031
[NesterovSolve] Iter:  200 overflow: 0.921 HPWL: 27967765
[NesterovSolve] Iter:  210 overflow: 0.896 HPWL: 32606359
[NesterovSolve] Iter:  220 overflow: 0.868 HPWL: 37404184
[NesterovSolve] Iter:  230 overflow: 0.836 HPWL: 42525587
[NesterovSolve] Iter:  240 overflow: 0.800 HPWL: 47439402
[NesterovSolve] Iter:  250 overflow: 0.762 HPWL: 51902552
[NesterovSolve] Iter:  260 overflow: 0.720 HPWL: 56654528
[NesterovSolve] Iter:  270 overflow: 0.676 HPWL: 60964333
[NesterovSolve] Iter:  280 overflow: 0.629 HPWL: 64801369
[NesterovSolve] Iter:  290 overflow: 0.577 HPWL: 68121792
[NesterovSolve] Iter:  300 overflow: 0.522 HPWL: 70958311
[NesterovSolve] Iter:  310 overflow: 0.466 HPWL: 73243099
[NesterovSolve] Iter:  320 overflow: 0.413 HPWL: 75037927
[NesterovSolve] Iter:  330 overflow: 0.364 HPWL: 76510112
[NesterovSolve] Iter:  340 overflow: 0.325 HPWL: 77519681
[NesterovSolve] Iter:  350 overflow: 0.291 HPWL: 77995351
[NesterovSolve] Iter:  360 overflow: 0.255 HPWL: 78579350
[NesterovSolve] Iter:  370 overflow: 0.225 HPWL: 78965393
[NesterovSolve] Iter:  380 overflow: 0.196 HPWL: 79263483
[NesterovSolve] Iter:  390 overflow: 0.172 HPWL: 79489612
[NesterovSolve] Iter:  400 overflow: 0.148 HPWL: 79650473
[NesterovSolve] Iter:  410 overflow: 0.128 HPWL: 79792305
[NesterovSolve] Iter:  420 overflow: 0.111 HPWL: 79904740
[NesterovSolve] Finished with Overflow: 0.099756
Took 10 seconds: global_placement -skip_io -density 0.5329829549789429 -pad_left 0 -pad_right 0
Elapsed time: 0:12.53[h:]min:sec. CPU time: user 162.12 sys 0.34 (1295%). Peak memory: 279832KB.
/ml_placer/OpenROAD-flow-scripts/flow/scripts/flow.sh 3_2_place_iop io_placement
Running io_placement.tcl, stage 3_2_place_iop
source /ml_placer/OpenROAD-flow-scripts/flow/platforms/asap7/liberty_suppressions.tcl
suppress_message STA 1212
place_pins -hor_layers M4 -ver_layers M5
Found 0 macro blocks.
Using 2 tracks default min distance between IO pins.
[INFO PPL-0001] Number of available slots 3252
[INFO PPL-0002] Number of I/O             264
[INFO PPL-0003] Number of I/O w/sink      256
[INFO PPL-0004] Number of I/O w/o sink    8
[INFO PPL-0005] Slots per section         200
[INFO PPL-0008] Successfully assigned pins to sections.
[INFO PPL-0012] I/O nets HPWL: 5133.85 um.
Elapsed time: 0:02.06[h:]min:sec. CPU time: user 1.93 sys 0.13 (99%). Peak memory: 244372KB.
READY TO RUN!
OpenROAD v2.0-19576-gec1bf1a13 
Features included (+) or not (-): +GPU +GUI +Python : None
This program is licensed under the BSD-3 license. See the LICENSE file for details.
Components of this program may be licensed under more restrictive licenses which must be honored.
[WARNING ORD-0039] .openroad ignored with -python
[INFO ODB-0227] LEF file: platforms/asap7/lef/asap7_tech_1x_201209.lef, created 24 layers, 9 vias
[WARNING ODB-0217] duplicate VIARULE (Pad_M9) ignoring...
[WARNING ODB-0217] duplicate VIARULE (M9_M8) ignoring...
[WARNING ODB-0217] duplicate VIARULE (M8_M7) ignoring...
[WARNING ODB-0217] duplicate VIARULE (M7_M6) ignoring...
[WARNING ODB-0217] duplicate VIARULE (M6_M5) ignoring...
[WARNING ODB-0217] duplicate VIARULE (M3_M2widePWR0p936) ignoring...
[WARNING ODB-0217] duplicate VIARULE (M4_M3widePWR0p864) ignoring...
[WARNING ODB-0217] duplicate VIARULE (M5_M4widePWR0p864) ignoring...
[WARNING ODB-0217] duplicate VIARULE (M6_M5widePWR1p152) ignoring...
[WARNING ODB-0217] duplicate VIARULE (M7_M6widePWR1p152) ignoring...
[WARNING ODB-0217] duplicate VIARULE (M2_M1) ignoring...
[INFO ODB-0227] LEF file: platforms/asap7/lef/asap7_tech_1x_201209.lef
[INFO ODB-0227] LEF file: platforms/asap7/lef/asap7sc7p5t_28_L_1x_220121a.lef, created 212 library cells
[INFO ODB-0394] Duplicate site asap7sc7p5t in asap7sc7p5t_28_R_1x_220121a already seen in asap7sc7p5t_28_L_1x_220121a
[INFO ODB-0227] LEF file: platforms/asap7/lef/asap7sc7p5t_28_R_1x_220121a.lef, created 212 library cells
[INFO ODB-0394] Duplicate site asap7sc7p5t in asap7sc7p5t_28_SL_1x_220121a already seen in asap7sc7p5t_28_L_1x_220121a
[INFO ODB-0227] LEF file: platforms/asap7/lef/asap7sc7p5t_28_SL_1x_220121a.lef, created 212 library cells
[INFO ODB-0394] Duplicate site asap7sc7p5t in asap7sc7p5t_28_SRAM_1x_220121a already seen in asap7sc7p5t_28_L_1x_220121a
[INFO ODB-0227] LEF file: platforms/asap7/lef/asap7sc7p5t_28_SRAM_1x_220121a.lef, created 212 library cells
[INFO ODB-0227] LEF file: platforms/asap7/lef/asap7sc7p5t_DFFHQNH2V2X.lef, created 9 library cells
[INFO ODB-0394] Duplicate site asap7sc7p5t_pg in asap7sc7p5t_DFFHQNV2X already seen in asap7sc7p5t_DFFHQNH2V2X
[INFO ODB-0227] LEF file: platforms/asap7/lef/asap7sc7p5t_DFFHQNV2X.lef, created 9 library cells
[INFO ODB-0394] Duplicate site asap7sc7p5t_pg in asap7sc7p5t_DFFHQNV4X already seen in asap7sc7p5t_DFFHQNH2V2X
[INFO ODB-0227] LEF file: platforms/asap7/lef/asap7sc7p5t_DFFHQNV4X.lef, created 9 library cells
[WARNING ODB-0176] error: undefined layer (LIG) referenced
[WARNING ODB-0186] macro DFHV2Xx1_ASAP7_75t_L references unknown site core
[WARNING ODB-0176] error: undefined layer (LIG) referenced
[WARNING ODB-0186] macro DFHV2Xx1_ASAP7_75t_R references unknown site core
[WARNING ODB-0176] error: undefined layer (LIG) referenced
[WARNING ODB-0186] macro DFHV2Xx1_ASAP7_75t_SL references unknown site core
[WARNING ODB-0176] error: undefined layer (LIG) referenced
[WARNING ODB-0186] macro DFHV2Xx2_ASAP7_75t_L references unknown site core
[WARNING ODB-0176] error: undefined layer (LIG) referenced
[WARNING ODB-0186] macro DFHV2Xx2_ASAP7_75t_R references unknown site core
[WARNING ODB-0176] error: undefined layer (LIG) referenced
[WARNING ODB-0186] macro DFHV2Xx2_ASAP7_75t_SL references unknown site core
[WARNING ODB-0176] error: undefined layer (LIG) referenced
[WARNING ODB-0186] macro DFHV2Xx3_ASAP7_75t_L references unknown site core
[WARNING ODB-0176] error: undefined layer (LIG) referenced
[WARNING ODB-0186] macro DFHV2Xx3_ASAP7_75t_R references unknown site core
[WARNING ODB-0176] error: undefined layer (LIG) referenced
[WARNING ODB-0186] macro DFHV2Xx3_ASAP7_75t_SL references unknown site core
[WARNING ODB-0176] error: undefined layer (LIG) referenced
[WARNING ODB-0186] macro DFHV2Xx4_ASAP7_75t_L references unknown site core
[WARNING ODB-0176] error: undefined layer (LIG) referenced
[WARNING ODB-0186] macro DFHV2Xx4_ASAP7_75t_R references unknown site core
[WARNING ODB-0176] error: undefined layer (LIG) referenced
[WARNING ODB-0186] macro DFHV2Xx4_ASAP7_75t_SL references unknown site core
[INFO ODB-0227] LEF file: platforms/asap7/lef/asap7sc7p5t_DFHV2X.lef, created 12 library cells
[INFO ODB-0227] LEF file: platforms/asap7/lef/fakeram7_2048x39.lef, created 1 library cells
[INFO ODB-0227] LEF file: platforms/asap7/lef/fakeram7_256x256.lef, created 1 library cells
[INFO ODB-0227] LEF file: platforms/asap7/lef/fakeram7_256x32.lef, created 1 library cells
[INFO ODB-0227] LEF file: platforms/asap7/lef/fakeram7_256x34.lef, created 1 library cells
[INFO ODB-0227] LEF file: platforms/asap7/lef/fakeram7_64x21.lef, created 1 library cells
[INFO ODB-0227] LEF file: platforms/asap7/lef/fakeram_256x128.lef, created 1 library cells
[INFO ODB-0227] LEF file: platforms/asap7/lef/fakeram_256x64.lef, created 1 library cells
[INFO ODB-0227] LEF file: platforms/asap7/lef/fakeram_32x46.lef, created 1 library cells
[INFO ODB-0227] LEF file: platforms/asap7/lef/fakeram_512x8.lef, created 1 library cells
[INFO ODB-0227] LEF file: platforms/asap7/lef/fakeram_64x20.lef, created 1 library cells
[INFO ODB-0227] LEF file: platforms/asap7/lef/fakeram_64x22.lef, created 1 library cells
[INFO ODB-0227] LEF file: platforms/asap7/lef/fakeregfile_128x64.lef, created 1 library cells
[INFO ODB-0227] LEF file: platforms/asap7/lef/fakeregfile_32x46.lef, created 1 library cells
[INFO ODB-0227] LEF file: platforms/asap7/lef/fakeregfile_64x64.lef, created 1 library cells
[ERROR ORD-0013] Command units uninitialized. Use the read_liberty or set_cmd_units command to set units.
[ERROR STA-2141] No liberty libraries found.
Design: ibex_core
Die size: 79538 x 79538 DBU
Core size: 75438 x 75330 DBU
IO Pins: 264 | Instances: 18528 | Nets: 18676

Sample Net 4275: [17303]
Sample I/O Pin 0: {'name': 'alert_major_o', 'type': 'OUTPUT', 'x': 23340, 'y': 42}
[✓] Pickle file saved to /data/cse291/venkat/latest/ML-Based-Placement-Initialization/results/ibex_asap7/ibex.pkl
[✓] Design saved to /data/cse291/venkat/latest/ML-Based-Placement-Initialization/results/ibex_asap7/ibex.json
Processing Cluster Level: 0
Processing Cluster Level: 1
Processing Cluster Level: 1
Processing Cluster Level: 1
Processing Cluster Level: 1
Processing Cluster Level: 1
Processing Cluster Level: 1
Processing Cluster Level: 1
Processing Cluster Level: 1
Processing Cluster Level: 1
Processing Cluster Level: 1
Processing Cluster Level: 1
Processing Cluster Level: 1
Processing Cluster Level: 1
Processing Cluster Level: 1
Processing Cluster Level: 1
Processing Cluster Level: 1
Processing Cluster Level: 1
Processing Cluster Level: 1
Processing Cluster Level: 1
Processing Cluster Level: 1
Processing Cluster Level: 1
Processing Cluster Level: 1
Processing Cluster Level: 1
Processing Cluster Level: 1
Processing Cluster Level: 1
Processing Cluster Level: 1
Processing Cluster Level: 1
Processing Cluster Level: 1
Processing Cluster Level: 1
Processing Cluster Level: 1
Processing Cluster Level: 1
Processing Cluster Level: 1
Processing Cluster Level: 1
Processing Cluster Level: 1
Processing Cluster Level: 1
Processing Cluster Level: 1
Processing Cluster Level: 1
Processing Cluster Level: 1
Processing Cluster Level: 1
Processing Cluster Level: 1
Processing Cluster Level: 1
Processing Cluster Level: 1
Processing Cluster Level: 1
Processing Cluster Level: 1
Processing Cluster Level: 1
Processing Cluster Level: 1
Processing Cluster Level: 1
Processing Cluster Level: 1
Processing Cluster Level: 1
Processing Cluster Level: 1
Processing Cluster Level: 1
Processing Cluster Level: 1
Processing Cluster Level: 1
Processing Cluster Level: 1
Processing Cluster Level: 1
Processing Cluster Level: 1
Processing Cluster Level: 1
Processing Cluster Level: 1
Processing Cluster Level: 1
Processing Cluster Level: 1
Processing Cluster Level: 1
Processing Cluster Level: 1
Processing Cluster Level: 1
Processing Cluster Level: 1
Processing Cluster Level: 1
Processing Cluster Level: 1
Processing Cluster Level: 1
Processing Cluster Level: 1
Processing Cluster Level: 1
Processing Cluster Level: 1
Processing Cluster Level: 1
Processing Cluster Level: 1
Processing Cluster Level: 1
Processing Cluster Level: 1
Processing Cluster Level: 1
Processing Cluster Level: 1
Processing Cluster Level: 1
Processing Cluster Level: 1
Processing Cluster Level: 1
Processing Cluster Level: 1
Processing Cluster Level: 1
Processing Cluster Level: 1
Processing Cluster Level: 1
Processing Cluster Level: 1
Processing Cluster Level: 1
Processing Cluster Level: 1
Processing Cluster Level: 1
Processing Cluster Level: 1
Processing Cluster Level: 1
Processing Cluster Level: 1
Processing Cluster Level: 1
Processing Cluster Level: 1
Processing Cluster Level: 1
Processing Cluster Level: 1
Processing Cluster Level: 1
Processing Cluster Level: 1
Processing Cluster Level: 1
Processing Cluster Level: 1
Processing Cluster Level: 1
Processing Cluster Level: 1
Processing Cluster Level: 1
Processing Cluster Level: 1
Processing Cluster Level: 1
Processing Cluster Level: 1
Processing Cluster Level: 1
Processing Cluster Level: 1
Processing Cluster Level: 1
Processing Cluster Level: 1
Processing Cluster Level: 1
Processing Cluster Level: 1
Processing Cluster Level: 1
Processing Cluster Level: 1
Processing Cluster Level: 1
Processing Cluster Level: 1
Processing Cluster Level: 1
Processing Cluster Level: 1
Processing Cluster Level: 1
Processing Cluster Level: 1
Processing Cluster Level: 1
Processing Cluster Level: 1
Processing Cluster Level: 1
Processing Cluster Level: 1
Processing Cluster Level: 1
Processing Cluster Level: 1
Processing Cluster Level: 1
Processing Cluster Level: 1
Processing Cluster Level: 1
Processing Cluster Level: 1
Processing Cluster Level: 1
Processing Cluster Level: 1
Processing Cluster Level: 1
Processing Cluster Level: 1
Processing Cluster Level: 1
Processing Cluster Level: 1
Processing Cluster Level: 1
Processing Cluster Level: 1
Processing Cluster Level: 1
Processing Cluster Level: 1
Processing Cluster Level: 1
Processing Cluster Level: 1
Processing Cluster Level: 1
Processing Cluster Level: 1
Processing Cluster Level: 1
Processing Cluster Level: 1
Processing Cluster Level: 1
Processing Cluster Level: 1
Processing Cluster Level: 1
Processing Cluster Level: 1
Processing Cluster Level: 1
Processing Cluster Level: 1
Processing Cluster Level: 1
Processing Cluster Level: 1
Processing Cluster Level: 1
Processing Cluster Level: 1
Processing Cluster Level: 1
Processing Cluster Level: 1
Processing Cluster Level: 1
Processing Cluster Level: 1
Processing Cluster Level: 1
Processing Cluster Level: 1
Processing Cluster Level: 1
Processing Cluster Level: 1
Processing Cluster Level: 1
Processing Cluster Level: 1
Processing Cluster Level: 1
Processing Cluster Level: 1
Processing Cluster Level: 1
Processing Cluster Level: 1
Processing Cluster Level: 1
Processing Cluster Level: 1
Processing Cluster Level: 1
Processing Cluster Level: 1
Processing Cluster Level: 1
Processing Cluster Level: 1
Processing Cluster Level: 1
Processing Cluster Level: 1
Processing Cluster Level: 1
Processing Cluster Level: 1
Processing Cluster Level: 1
Processing Cluster Level: 1
Processing Cluster Level: 1
Processing Cluster Level: 1
Processing Cluster Level: 1
Processing Cluster Level: 1
Processing Cluster Level: 1
Processing Cluster Level: 1
Processing Cluster Level: 1
Processing Cluster Level: 1
Processing Cluster Level: 1
Processing Cluster Level: 1
Processing Cluster Level: 1
Processing Cluster Level: 1
Processing Cluster Level: 1
Processing Cluster Level: 1
Processing Cluster Level: 1
Processing Cluster Level: 1
Processing Cluster Level: 1
Processing Cluster Level: 1
Processing Cluster Level: 2
Processing Cluster Level: 2
Processing Cluster Level: 2
Processing Cluster Level: 2
Processing Cluster Level: 2
Processing Cluster Level: 2
Processing Cluster Level: 2
Processing Cluster Level: 2
Processing Cluster Level: 2
Processing Cluster Level: 2
Processing Cluster Level: 2
Processing Cluster Level: 2
Processing Cluster Level: 2
Processing Cluster Level: 2
Processing Cluster Level: 2
Processing Cluster Level: 2
Processing Cluster Level: 2
Processing Cluster Level: 2
Processing Cluster Level: 2
Processing Cluster Level: 2
Processing Cluster Level: 2
Processing Cluster Level: 2
Processing Cluster Level: 2
Processing Cluster Level: 2
Processing Cluster Level: 2
Processing Cluster Level: 2
Processing Cluster Level: 2
Processing Cluster Level: 2
Processing Cluster Level: 2
Processing Cluster Level: 2
Processing Cluster Level: 2
Processing Cluster Level: 2
Processing Cluster Level: 2
Processing Cluster Level: 2
Processing Cluster Level: 2
Processing Cluster Level: 2
Processing Cluster Level: 2
Processing Cluster Level: 2
Processing Cluster Level: 2
Processing Cluster Level: 2
Processing Cluster Level: 2
Processing Cluster Level: 2
Processing Cluster Level: 2
Processing Cluster Level: 2
Processing Cluster Level: 2
Processing Cluster Level: 2
Processing Cluster Level: 2
Processing Cluster Level: 2
Processing Cluster Level: 2
Processing Cluster Level: 2
Processing Cluster Level: 2
Processing Cluster Level: 2
Processing Cluster Level: 2
Processing Cluster Level: 2
Processing Cluster Level: 2
Processing Cluster Level: 2
Processing Cluster Level: 2
Processing Cluster Level: 2
Processing Cluster Level: 2
Processing Cluster Level: 2
Processing Cluster Level: 2
Processing Cluster Level: 2
Processing Cluster Level: 2
Processing Cluster Level: 2
Processing Cluster Level: 2
Processing Cluster Level: 2
Processing Cluster Level: 2
Processing Cluster Level: 2
Processing Cluster Level: 2
Processing Cluster Level: 2
Processing Cluster Level: 2
Processing Cluster Level: 2
Processing Cluster Level: 2
Processing Cluster Level: 2
Processing Cluster Level: 2
Processing Cluster Level: 2
Processing Cluster Level: 2
Processing Cluster Level: 2
Processing Cluster Level: 2
Processing Cluster Level: 2
Processing Cluster Level: 2
Processing Cluster Level: 2
Processing Cluster Level: 2
Processing Cluster Level: 2
Processing Cluster Level: 2
Processing Cluster Level: 2
Processing Cluster Level: 2
Processing Cluster Level: 2
Processing Cluster Level: 2
Processing Cluster Level: 2
Processing Cluster Level: 2
Processing Cluster Level: 2
Processing Cluster Level: 2
Processing Cluster Level: 2
Processing Cluster Level: 2
Processing Cluster Level: 2
Processing Cluster Level: 2
Processing Cluster Level: 2
Processing Cluster Level: 2
Processing Cluster Level: 2
Processing Cluster Level: 2
Processing Cluster Level: 2
Processing Cluster Level: 2
Processing Cluster Level: 2
Processing Cluster Level: 2
Processing Cluster Level: 2
Processing Cluster Level: 2
Processing Cluster Level: 2
Processing Cluster Level: 2
Processing Cluster Level: 2
Processing Cluster Level: 2
Processing Cluster Level: 2
Processing Cluster Level: 2
Processing Cluster Level: 2
Processing Cluster Level: 2
Processing Cluster Level: 2
Processing Cluster Level: 2
Processing Cluster Level: 2
Processing Cluster Level: 2
Processing Cluster Level: 2
Processing Cluster Level: 2
Processing Cluster Level: 2
Processing Cluster Level: 2
Processing Cluster Level: 2
Processing Cluster Level: 2
Processing Cluster Level: 2
Processing Cluster Level: 2
Processing Cluster Level: 2
Processing Cluster Level: 2
Processing Cluster Level: 2
Processing Cluster Level: 2
Processing Cluster Level: 2
Processing Cluster Level: 2
Processing Cluster Level: 2
Processing Cluster Level: 2
Processing Cluster Level: 2
Processing Cluster Level: 2
Processing Cluster Level: 2
Processing Cluster Level: 2
Processing Cluster Level: 2
Processing Cluster Level: 2
Processing Cluster Level: 2
Processing Cluster Level: 2
Processing Cluster Level: 2
Processing Cluster Level: 2
Processing Cluster Level: 2
Processing Cluster Level: 2
Processing Cluster Level: 2
Processing Cluster Level: 2
Processing Cluster Level: 2
Processing Cluster Level: 2
Processing Cluster Level: 2
Processing Cluster Level: 2
Processing Cluster Level: 2
Processing Cluster Level: 2
Processing Cluster Level: 2
Processing Cluster Level: 2
Processing Cluster Level: 2
Processing Cluster Level: 2
Processing Cluster Level: 2
Processing Cluster Level: 2
Processing Cluster Level: 2
Processing Cluster Level: 2
Processing Cluster Level: 2
Processing Cluster Level: 2
Processing Cluster Level: 2
Processing Cluster Level: 2
Processing Cluster Level: 2
Processing Cluster Level: 2
Processing Cluster Level: 2
Processing Cluster Level: 2
Processing Cluster Level: 2
Processing Cluster Level: 2
Processing Cluster Level: 2
Processing Cluster Level: 2
Processing Cluster Level: 2
Processing Cluster Level: 2
Processing Cluster Level: 2
Processing Cluster Level: 2
Processing Cluster Level: 2
Processing Cluster Level: 2
Processing Cluster Level: 2
Processing Cluster Level: 2
Processing Cluster Level: 2
Processing Cluster Level: 2
Processing Cluster Level: 2
Processing Cluster Level: 2
Processing Cluster Level: 2
Processing Cluster Level: 2
Processing Cluster Level: 2
Processing Cluster Level: 2
Processing Cluster Level: 2
Processing Cluster Level: 2
Processing Cluster Level: 2
Processing Cluster Level: 2
Processing Cluster Level: 2
Processing Cluster Level: 2
Processing Cluster Level: 2
Processing Cluster Level: 2
Processing Cluster Level: 2
Processing Cluster Level: 2
Processing Cluster Level: 2
Processing Cluster Level: 2
Processing Cluster Level: 2
Processing Cluster Level: 2
Processing Cluster Level: 2
Processing Cluster Level: 2
Processing Cluster Level: 2
Processing Cluster Level: 2
Processing Cluster Level: 2
Processing Cluster Level: 2
Processing Cluster Level: 2
Processing Cluster Level: 2
Processing Cluster Level: 2
Processing Cluster Level: 2
Processing Cluster Level: 2
Processing Cluster Level: 2
Processing Cluster Level: 2
Processing Cluster Level: 2
Processing Cluster Level: 2
Processing Cluster Level: 1
Processing Cluster Level: 2
Processing Cluster Level: 2
Processing Cluster Level: 2
Processing Cluster Level: 2
Processing Cluster Level: 2
Processing Cluster Level: 2
Processing Cluster Level: 2
Processing Cluster Level: 2
Processing Cluster Level: 2
Processing Cluster Level: 2
Processing Cluster Level: 2
Processing Cluster Level: 2
Processing Cluster Level: 2
Processing Cluster Level: 2
Processing Cluster Level: 2
Processing Cluster Level: 2
Processing Cluster Level: 2
Processing Cluster Level: 2
Processing Cluster Level: 2
Processing Cluster Level: 2
Processing Cluster Level: 2
Processing Cluster Level: 2
Processing Cluster Level: 2
Processing Cluster Level: 2
Processing Cluster Level: 2
Processing Cluster Level: 2
Processing Cluster Level: 2
Processing Cluster Level: 2
Processing Cluster Level: 2
Processing Cluster Level: 2
Processing Cluster Level: 3
Processing Cluster Level: 3
Processing Cluster Level: 3
Processing Cluster Level: 3
Processing Cluster Level: 4
[i] Writing placement clusters to: /data/cse291/venkat/latest/ML-Based-Placement-Initialization/results/ibex_asap7/ibex_placement_clusters.json
[i] Writing connectivity explanation to: /data/cse291/venkat/latest/ML-Based-Placement-Initialization/results/ibex_asap7/ibex_cluster_connectivity_explanation.json
[i] Writing hierarchy to: /data/cse291/venkat/latest/ML-Based-Placement-Initialization/results/ibex_asap7/ibex_hierarchy.json
[i] Writing flat hierarchy node map to: /data/cse291/venkat/latest/ML-Based-Placement-Initialization/results/ibex_asap7/ibex_hierarchy_cluster.json
Level 0 → 18528 nodes → 2733 clusters
Level 1 → 2733 nodes → 370 clusters
Level 2 → 370 nodes → 49 clusters
Level 3 → 49 nodes → 7 clusters
[✓] All eligible instances were assigned to clusters.
Step 1: Compute hierarchy area and cluster maps...
Cluster area and sorted cluster children computed successfully.
Step 2: Build cluster netlists...
✅ Dumped cluster netlists to cluster_netlists.json
Step 3: Build instance pin boundary and cluster boxes...
✅ Saved instance-to-pin-boundary mapping to instance_pin_boundary_map.json
✅ Saved cluster_boxes_map.json
Step 4: Compute hierarchy connectivity and save .npy...
✅ Saved connectivity to hierarchy_connectivity.json
✅ Saved cluster tensor data to cluster_tensor_data.npy
✅ All steps completed!
