OpenROAD v2.0-19576-gec1bf1a13 
Features included (+) or not (-): +GPU +GUI +Python : None
This program is licensed under the BSD-3 license. See the LICENSE file for details.
Components of this program may be licensed under more restrictive licenses which must be honored.
[INFO ORD-0030] Using 32 thread(s).
clock_tree_synthesis -sink_clustering_enable -balance_levels -sink_clustering_size 50 -sink_clustering_max_diameter 20
[INFO CTS-0050] Root buffer is CLKBUF_X3.
[INFO CTS-0051] Sink buffer is CLKBUF_X3.
[INFO CTS-0052] The following clock buffers will be used for CTS:
                    CLKBUF_X3
[INFO CTS-0049] Characterization buffer is CLKBUF_X3.
[INFO CTS-0007] Net "clk" found for clock "clk".
[INFO CTS-0010]  Clock net "clk" has 4383 sinks.
[INFO CTS-0008] TritonCTS found 1 clock nets.
[INFO CTS-0097] Characterization used 1 buffer(s) types.
[INFO CTS-0200] 0 placement blockages have been identified.
[INFO CTS-0201] 0 placed hard macros will be treated like blockages.
[INFO CTS-0027] Generating H-Tree topology for net clk.
[INFO CTS-0028]  Total number of sinks: 4383.
[INFO CTS-0029]  Sinks will be clustered in groups of up to 50 and with maximum cluster diameter of 20.0 um.
[INFO CTS-0030]  Number of static layers: 0.
[INFO CTS-0020]  Wire segment unit: 14000  dbu (7 um).
[INFO CTS-0204] A clustering solution was found from clustering size of 50 and clustering diameter of 20.
[INFO CTS-0205] Better solution may be possible if either -sink_clustering_size, -sink_clustering_max_diameter, or both options are omitted to enable automatic clustering.
[INFO CTS-0019]  Total number of sinks after clustering: 697.
[INFO CTS-0024]  Normalized sink region: [(0.429762, 0.93369), (63.1005, 63.7111)].
[INFO CTS-0025]     Width:  62.6708.
[INFO CTS-0026]     Height: 62.7774.
 Level 1
    Direction: Vertical
    Sinks per sub-region: 349
    Sub-region size: 62.6708 X 31.3887
[INFO CTS-0034]     Segment length (rounded): 16.
 Level 2
    Direction: Horizontal
    Sinks per sub-region: 175
    Sub-region size: 31.3354 X 31.3887
[INFO CTS-0034]     Segment length (rounded): 16.
 Level 3
    Direction: Vertical
    Sinks per sub-region: 88
    Sub-region size: 31.3354 X 15.6943
[INFO CTS-0034]     Segment length (rounded): 8.
 Level 4
    Direction: Horizontal
    Sinks per sub-region: 44
    Sub-region size: 15.6677 X 15.6943
[INFO CTS-0034]     Segment length (rounded): 8.
 Level 5
    Direction: Vertical
    Sinks per sub-region: 22
    Sub-region size: 15.6677 X 7.8472
[INFO CTS-0034]     Segment length (rounded): 4.
 Level 6
    Direction: Horizontal
    Sinks per sub-region: 11
    Sub-region size: 7.8338 X 7.8472
[INFO CTS-0034]     Segment length (rounded): 4.
[INFO CTS-0032]  Stop criterion found. Max number of sinks is 15.
[INFO CTS-0035]  Number of sinks covered: 697.
[INFO CTS-0018]     Created 717 clock buffers.
[INFO CTS-0012]     Minimum number of buffers in the clock path: 3.
[INFO CTS-0013]     Maximum number of buffers in the clock path: 4.
[INFO CTS-0015]     Created 717 clock nets.
[INFO CTS-0016]     Fanout distribution for the current clock = 2:55, 3:58, 4:54, 5:66, 6:102, 7:72, 8:80, 9:66, 10:52, 11:41, 12:25, 13:14, 14:14, 15:8, 16:4, 18:1..
[INFO CTS-0017]     Max level of the clock tree: 6.
[INFO CTS-0098] Clock net "clk"
[INFO CTS-0099]  Sinks 5023
[INFO CTS-0100]  Leaf buffers 648
[INFO CTS-0101]  Average sink wire length 732.28 um
[INFO CTS-0102]  Path depth 3 - 4
[INFO CTS-0207]  Leaf load cells 640
[INFO RSZ-0058] Using max wire length 640um.
Placement Analysis
---------------------------------
total displacement       2639.0 u
average displacement        0.0 u
max displacement            4.2 u
original HPWL          927243.0 u
legalized HPWL         937892.0 u
delta HPWL                    1 %

repair_timing -verbose -setup_margin 0 -hold_margin 0 -repair_tns 100
[INFO RSZ-0094] Found 674 endpoints with setup violations.
[INFO RSZ-0099] Repairing 674 out of 674 (100.00%) violating endpoints...
   Iter   | Removed | Resized | Inserted | Cloned |  Pin  |   Area   |    WNS   |   TNS      |  Viol  | Worst
          | Buffers |  Gates  | Buffers  |  Gates | Swaps |          |          |            | Endpts | Endpt
--------------------------------------------------------------------------------------------------------------
        0 |       0 |       0 |        0 |      0 |     0 |    +0.0% |   -0.367 |     -114.0 |    674 | fdct_zigzag.dct_mod.dct_block_6.dct_unit_0.macu.mult_res\[18\]$_DFFE_PP_/D
       10 |       0 |       4 |       11 |      0 |     2 |    +0.0% |   -0.218 |      -51.4 |    674 | fdct_zigzag.dct_mod.dct_block_1.dct_unit_7.macu.mult_res\[16\]$_DFFE_PP_/D
       20 |       0 |      12 |       11 |      2 |     2 |    +0.1% |   -0.285 |      -71.9 |    674 | fdct_zigzag.dct_mod.dct_block_7.dct_unit_6.macu.mult_res\[18\]$_DFFE_PP_/D
       30 |       0 |      21 |       11 |      2 |     3 |    +0.1% |   -0.278 |      -72.7 |    674 | fdct_zigzag.dct_mod.dct_block_1.dct_unit_7.macu.mult_res\[16\]$_DFFE_PP_/D
       40 |       0 |      29 |       11 |      2 |     5 |    +0.1% |   -0.278 |      -73.0 |    674 | fdct_zigzag.dct_mod.dct_block_1.dct_unit_7.macu.mult_res\[16\]$_DFFE_PP_/D
       50 |       1 |      34 |       11 |      3 |     8 |    +0.1% |   -0.282 |      -75.4 |    674 | fdct_zigzag.dct_mod.dct_block_2.dct_unit_5.macu.mult_res\[18\]$_DFFE_PP_/D
       60 |       1 |      41 |       11 |      4 |    10 |    +0.1% |   -0.302 |      -80.2 |    674 | fdct_zigzag.dct_mod.dct_block_0.dct_unit_6.macu.mult_res\[18\]$_DFFE_PP_/D
       60 |       0 |      11 |       11 |      0 |     2 |    +0.0% |   -0.218 |      -51.4 |    674 | fdct_zigzag.dct_mod.dct_block_1.dct_unit_7.macu.mult_res\[16\]$_DFFE_PP_/D
       70 |       1 |      15 |       13 |      1 |     4 |    +0.0% |   -0.233 |      -63.1 |    674 | fdct_zigzag.dct_mod.dct_block_6.dct_unit_0.macu.mult_res\[18\]$_DFFE_PP_/D
       80 |       1 |      23 |       13 |      1 |     6 |    +0.1% |   -0.234 |      -63.4 |    674 | fdct_zigzag.dct_mod.dct_block_6.dct_unit_0.macu.mult_res\[18\]$_DFFE_PP_/D
       90 |       1 |      30 |       13 |      2 |     8 |    +0.1% |   -0.251 |      -63.8 |    674 | fdct_zigzag.dct_mod.dct_block_6.dct_unit_0.macu.mult_res\[18\]$_DFFE_PP_/D
       99 |       0 |      18 |       12 |      0 |     2 |    +0.0% |   -0.218 |      -51.4 |    674 | fdct_zigzag.dct_mod.dct_block_1.dct_unit_7.macu.mult_res\[16\]$_DFFE_PP_/D
      100 |       0 |      18 |       12 |      0 |     2 |    +0.0% |   -0.218 |      -51.4 |    674 | fdct_zigzag.dct_mod.dct_block_1.dct_unit_7.macu.mult_res\[16\]$_DFFE_PP_/D
      110 |       0 |      23 |       12 |      1 |     6 |    +0.0% |   -0.226 |      -61.7 |    674 | fdct_zigzag.dct_mod.dct_block_6.dct_unit_0.macu.mult_res\[18\]$_DFFE_PP_/D
      120 |       0 |      32 |       12 |      1 |     7 |    +0.1% |   -0.229 |      -63.3 |    674 | fdct_zigzag.dct_mod.dct_block_6.dct_unit_0.macu.mult_res\[18\]$_DFFE_PP_/D
      130 |       0 |      38 |       12 |      2 |    10 |    +0.1% |   -0.235 |      -64.6 |    674 | fdct_zigzag.dct_mod.dct_block_6.dct_unit_0.macu.mult_res\[18\]$_DFFE_PP_/D
      137 |       0 |      26 |       12 |      0 |     3 |    +0.0% |   -0.218 |      -51.4 |    674 | fdct_zigzag.dct_mod.dct_block_1.dct_unit_7.macu.mult_res\[16\]$_DFFE_PP_/D
      140 |       0 |      27 |       12 |      0 |     4 |    +0.0% |   -0.220 |      -55.2 |    674 | fdct_zigzag.dct_mod.dct_block_1.dct_unit_7.macu.mult_res\[16\]$_DFFE_PP_/D
      150 |       0 |      35 |       14 |      1 |     4 |    +0.1% |   -0.231 |      -64.1 |    674 | fdct_zigzag.dct_mod.dct_block_6.dct_unit_0.macu.mult_res\[18\]$_DFFE_PP_/D
      160 |       0 |      43 |       14 |      2 |     5 |    +0.1% |   -0.233 |      -64.5 |    674 | fdct_zigzag.dct_mod.dct_block_6.dct_unit_0.macu.mult_res\[18\]$_DFFE_PP_/D
      170 |       0 |      50 |       16 |      2 |     7 |    +0.1% |   -0.229 |      -63.6 |    674 | fdct_zigzag.dct_mod.dct_block_6.dct_unit_0.macu.mult_res\[18\]$_DFFE_PP_/D
      172 |       0 |      33 |       14 |      0 |     3 |    +0.0% |   -0.218 |      -51.4 |    674 | fdct_zigzag.dct_mod.dct_block_1.dct_unit_7.macu.mult_res\[16\]$_DFFE_PP_/D
      180 |       0 |      39 |       14 |      1 |     3 |    +0.0% |   -0.222 |      -56.5 |    674 | fdct_zigzag.dct_mod.dct_block_3.dct_unit_7.macu.mult_res\[16\]$_DFFE_PP_/D
      190 |       0 |      48 |       14 |      1 |     4 |    +0.1% |   -0.224 |      -57.1 |    674 | fdct_zigzag.dct_mod.dct_block_3.dct_unit_7.macu.mult_res\[16\]$_DFFE_PP_/D
      200 |       0 |      53 |       14 |      2 |     8 |    +0.1% |   -0.210 |      -54.3 |    674 | fdct_zigzag.dct_mod.dct_block_6.dct_unit_0.macu.mult_res\[18\]$_DFFE_PP_/D
      210 |       0 |      60 |       18 |      3 |     8 |    +0.1% |   -0.226 |      -58.3 |    674 | fdct_zigzag.dct_mod.dct_block_6.dct_unit_0.macu.mult_res\[18\]$_DFFE_PP_/D
      220 |       0 |      66 |       18 |      3 |    12 |    +0.1% |   -0.227 |      -58.5 |    674 | fdct_zigzag.dct_mod.dct_block_6.dct_unit_0.macu.mult_res\[18\]$_DFFE_PP_/D
      224 |       0 |      62 |       16 |      2 |     8 |    +0.1% |   -0.210 |      -53.7 |    674 | fdct_zigzag.dct_mod.dct_block_6.dct_unit_0.macu.mult_res\[18\]$_DFFE_PP_/D
      230 |       0 |      65 |       16 |      3 |     9 |    +0.1% |   -0.232 |      -65.1 |    674 | fdct_zigzag.dct_mod.dct_block_6.dct_unit_0.macu.mult_res\[18\]$_DFFE_PP_/D
      240 |       0 |      73 |       16 |      4 |    10 |    +0.1% |   -0.242 |      -66.5 |    674 | fdct_zigzag.dct_mod.dct_block_6.dct_unit_0.macu.mult_res\[18\]$_DFFE_PP_/D
      250 |       0 |      82 |       16 |      5 |    10 |    +0.1% |   -0.209 |      -55.6 |    674 | fdct_zigzag.dct_mod.dct_block_3.dct_unit_7.macu.mult_res\[16\]$_DFFE_PP_/D
      250 |       0 |      82 |       16 |      5 |    10 |    +0.1% |   -0.209 |      -55.6 |    674 | fdct_zigzag.dct_mod.dct_block_3.dct_unit_7.macu.mult_res\[16\]$_DFFE_PP_/D
      260 |       0 |      89 |       16 |      5 |    12 |    +0.1% |   -0.209 |      -55.6 |    674 | fdct_zigzag.dct_mod.dct_block_3.dct_unit_7.macu.mult_res\[16\]$_DFFE_PP_/D
      260 |       0 |      85 |       16 |      5 |    11 |    +0.1% |   -0.209 |      -55.6 |    674 | fdct_zigzag.dct_mod.dct_block_3.dct_unit_7.macu.mult_res\[16\]$_DFFE_PP_/D
      270 |       0 |      93 |       16 |      6 |    11 |    +0.2% |   -0.230 |      -63.3 |    674 | fdct_zigzag.dct_mod.dct_block_6.dct_unit_0.macu.mult_res\[18\]$_DFFE_PP_/D
      280 |       0 |     100 |       16 |      6 |    14 |    +0.2% |   -0.230 |      -63.2 |    674 | fdct_zigzag.dct_mod.dct_block_6.dct_unit_0.macu.mult_res\[18\]$_DFFE_PP_/D
      290 |       0 |     108 |       16 |      7 |    15 |    +0.2% |   -0.230 |      -65.1 |    674 | fdct_zigzag.dct_mod.dct_block_6.dct_unit_0.macu.mult_res\[18\]$_DFFE_PP_/D
      300 |       0 |     113 |       16 |      7 |    20 |    +0.2% |   -0.230 |      -65.1 |    674 | fdct_zigzag.dct_mod.dct_block_6.dct_unit_0.macu.mult_res\[18\]$_DFFE_PP_/D
      310 |       0 |     122 |       16 |      7 |    21 |    +0.2% |   -0.230 |      -65.1 |    674 | fdct_zigzag.dct_mod.dct_block_6.dct_unit_0.macu.mult_res\[18\]$_DFFE_PP_/D
      311 |       0 |      96 |       16 |      5 |    11 |    +0.1% |   -0.209 |      -55.6 |    674 | fdct_zigzag.dct_mod.dct_block_3.dct_unit_7.macu.mult_res\[16\]$_DFFE_PP_/D
      320 |       0 |     102 |       16 |      6 |    12 |    +0.2% |   -0.230 |      -63.3 |    674 | fdct_zigzag.dct_mod.dct_block_6.dct_unit_0.macu.mult_res\[18\]$_DFFE_PP_/D
      330 |       0 |     107 |       16 |      7 |    16 |    +0.2% |   -0.236 |      -64.6 |    674 | fdct_zigzag.dct_mod.dct_block_5.dct_unit_0.macu.mult_res\[16\]$_DFFE_PP_/D
      340 |       0 |     112 |       16 |      7 |    21 |    +0.2% |   -0.243 |      -64.7 |    674 | fdct_zigzag.dct_mod.dct_block_5.dct_unit_0.macu.mult_res\[16\]$_DFFE_PP_/D
      348 |       0 |     104 |       16 |      5 |    11 |    +0.1% |   -0.209 |      -55.6 |    674 | fdct_zigzag.dct_mod.dct_block_3.dct_unit_7.macu.mult_res\[16\]$_DFFE_PP_/D
      350 |       0 |     105 |       16 |      5 |    11 |    +0.1% |   -0.213 |      -56.4 |    674 | fdct_zigzag.dct_mod.dct_block_3.dct_unit_7.macu.mult_res\[16\]$_DFFE_PP_/D
      360 |       0 |     114 |       16 |      6 |    11 |    +0.2% |   -0.236 |      -60.2 |    674 | fdct_zigzag.dct_mod.dct_block_7.dct_unit_6.macu.mult_res\[18\]$_DFFE_PP_/D
      370 |       0 |     120 |       16 |      6 |    15 |    +0.2% |   -0.236 |      -60.1 |    674 | fdct_zigzag.dct_mod.dct_block_7.dct_unit_6.macu.mult_res\[18\]$_DFFE_PP_/D
      380 |       0 |     125 |       16 |      6 |    20 |    +0.2% |   -0.236 |      -60.0 |    674 | fdct_zigzag.dct_mod.dct_block_7.dct_unit_6.macu.mult_res\[18\]$_DFFE_PP_/D
      386 |       0 |     113 |       16 |      5 |    11 |    +0.1% |   -0.209 |      -55.6 |    674 | fdct_zigzag.dct_mod.dct_block_3.dct_unit_7.macu.mult_res\[16\]$_DFFE_PP_/D
      390 |       0 |     115 |       16 |      6 |    11 |    +0.2% |   -0.239 |      -60.3 |    674 | fdct_zigzag.dct_mod.dct_block_3.dct_unit_7.macu.mult_res\[16\]$_DFFE_PP_/D
      400 |       0 |     122 |       16 |      6 |    14 |    +0.2% |   -0.239 |      -60.3 |    674 | fdct_zigzag.dct_mod.dct_block_3.dct_unit_7.macu.mult_res\[16\]$_DFFE_PP_/D
      410 |       0 |     128 |       16 |      6 |    18 |    +0.2% |   -0.240 |      -60.3 |    674 | fdct_zigzag.dct_mod.dct_block_3.dct_unit_7.macu.mult_res\[16\]$_DFFE_PP_/D
      420 |       0 |     134 |       16 |      6 |    22 |    +0.2% |   -0.240 |      -60.3 |    674 | fdct_zigzag.dct_mod.dct_block_3.dct_unit_7.macu.mult_res\[16\]$_DFFE_PP_/D
      422 |       0 |     121 |       16 |      5 |    11 |    +0.1% |   -0.209 |      -55.6 |    674 | fdct_zigzag.dct_mod.dct_block_3.dct_unit_7.macu.mult_res\[16\]$_DFFE_PP_/D
      430 |       0 |     125 |       23 |      5 |    12 |    +0.2% |   -0.209 |      -54.4 |    674 | fdct_zigzag.dct_mod.dct_block_3.dct_unit_7.macu.mult_res\[16\]$_DFFE_PP_/D
      440 |       2 |     129 |       25 |      5 |    15 |    +0.2% |   -0.209 |      -54.4 |    674 | fdct_zigzag.dct_mod.dct_block_3.dct_unit_7.macu.mult_res\[16\]$_DFFE_PP_/D
      450 |       2 |     134 |       27 |      5 |    19 |    +0.2% |   -0.209 |      -54.5 |    674 | fdct_zigzag.dct_mod.dct_block_3.dct_unit_7.macu.mult_res\[16\]$_DFFE_PP_/D
      460 |       2 |     143 |       27 |      5 |    20 |    +0.2% |   -0.209 |      -54.3 |    674 | fdct_zigzag.dct_mod.dct_block_3.dct_unit_7.macu.mult_res\[16\]$_DFFE_PP_/D
      465 |       2 |     132 |       26 |      5 |    14 |    +0.2% |   -0.209 |      -54.3 |    674 | fdct_zigzag.dct_mod.dct_block_3.dct_unit_7.macu.mult_res\[16\]$_DFFE_PP_/D
      470 |       2 |     135 |       26 |      5 |    15 |    +0.2% |   -0.210 |      -54.0 |    674 | fdct_zigzag.dct_mod.dct_block_6.dct_unit_0.macu.mult_res\[18\]$_DFFE_PP_/D
      480 |       2 |     139 |       26 |      5 |    21 |    +0.2% |   -0.210 |      -53.9 |    674 | fdct_zigzag.dct_mod.dct_block_6.dct_unit_0.macu.mult_res\[18\]$_DFFE_PP_/D
      490 |       2 |     146 |       26 |      5 |    24 |    +0.2% |   -0.210 |      -53.9 |    674 | fdct_zigzag.dct_mod.dct_block_6.dct_unit_0.macu.mult_res\[18\]$_DFFE_PP_/D
      499 |       2 |     140 |       26 |      5 |    14 |    +0.2% |   -0.209 |      -54.0 |    674 | fdct_zigzag.dct_mod.dct_block_3.dct_unit_7.macu.mult_res\[16\]$_DFFE_PP_/D
      500 |       2 |     140 |       26 |      5 |    14 |    +0.2% |   -0.209 |      -54.0 |    674 | fdct_zigzag.dct_mod.dct_block_3.dct_unit_7.macu.mult_res\[16\]$_DFFE_PP_/D
      510 |       2 |     145 |       26 |      5 |    19 |    +0.2% |   -0.214 |      -54.0 |    674 | fdct_zigzag.dct_mod.dct_block_6.dct_unit_0.macu.mult_res\[18\]$_DFFE_PP_/D
      520 |       2 |     149 |       26 |      5 |    25 |    +0.2% |   -0.214 |      -54.0 |    674 | fdct_zigzag.dct_mod.dct_block_6.dct_unit_0.macu.mult_res\[18\]$_DFFE_PP_/D
      530 |       2 |     158 |       26 |      5 |    26 |    +0.2% |   -0.214 |      -54.1 |    674 | fdct_zigzag.dct_mod.dct_block_6.dct_unit_0.macu.mult_res\[18\]$_DFFE_PP_/D
      539 |       2 |     147 |       26 |      5 |    14 |    +0.2% |   -0.209 |      -53.9 |    674 | fdct_zigzag.dct_mod.dct_block_3.dct_unit_7.macu.mult_res\[16\]$_DFFE_PP_/D
      540 |       2 |     147 |       26 |      5 |    14 |    +0.2% |   -0.209 |      -53.9 |    674 | fdct_zigzag.dct_mod.dct_block_3.dct_unit_7.macu.mult_res\[16\]$_DFFE_PP_/D
      550 |       2 |     154 |       28 |      6 |    15 |    +0.2% |   -0.239 |      -58.5 |    674 | fdct_zigzag.dct_mod.dct_block_3.dct_unit_7.macu.mult_res\[16\]$_DFFE_PP_/D
      560 |       2 |     159 |       28 |      6 |    20 |    +0.2% |   -0.239 |      -58.5 |    674 | fdct_zigzag.dct_mod.dct_block_3.dct_unit_7.macu.mult_res\[16\]$_DFFE_PP_/D
      570 |       2 |     169 |       28 |      6 |    20 |    +0.2% |   -0.240 |      -58.5 |    674 | fdct_zigzag.dct_mod.dct_block_3.dct_unit_7.macu.mult_res\[16\]$_DFFE_PP_/D
      580 |       2 |     178 |       28 |      6 |    21 |    +0.2% |   -0.240 |      -58.5 |    674 | fdct_zigzag.dct_mod.dct_block_3.dct_unit_7.macu.mult_res\[16\]$_DFFE_PP_/D
      586 |       2 |     159 |       27 |      5 |    14 |    +0.2% |   -0.209 |      -53.9 |    674 | fdct_zigzag.dct_mod.dct_block_3.dct_unit_7.macu.mult_res\[16\]$_DFFE_PP_/D
      590 |       2 |     162 |       27 |      5 |    14 |    +0.2% |   -0.209 |      -53.9 |    674 | fdct_zigzag.dct_mod.dct_block_3.dct_unit_7.macu.mult_res\[16\]$_DFFE_PP_/D
      600 |       2 |     171 |       27 |      5 |    15 |    +0.2% |   -0.209 |      -53.8 |    674 | fdct_zigzag.dct_mod.dct_block_3.dct_unit_7.macu.mult_res\[16\]$_DFFE_PP_/D
      610 |       2 |     179 |       27 |      5 |    17 |    +0.2% |   -0.209 |      -53.9 |    674 | fdct_zigzag.dct_mod.dct_block_3.dct_unit_7.macu.mult_res\[16\]$_DFFE_PP_/D
      611 |       2 |     175 |       27 |      5 |    15 |    +0.2% |   -0.209 |      -53.8 |    674 | fdct_zigzag.dct_mod.dct_block_3.dct_unit_7.macu.mult_res\[16\]$_DFFE_PP_/D
      620 |       2 |     182 |       27 |      6 |    15 |    +0.2% |   -0.234 |      -61.9 |    674 | fdct_zigzag.dct_mod.dct_block_6.dct_unit_0.macu.mult_res\[18\]$_DFFE_PP_/D
      630 |       3 |     189 |       29 |      6 |    16 |    +0.2% |   -0.234 |      -61.7 |    674 | fdct_zigzag.dct_mod.dct_block_6.dct_unit_0.macu.mult_res\[18\]$_DFFE_PP_/D
      640 |       3 |     194 |       31 |      7 |    19 |    +0.2% |   -0.234 |      -62.9 |    674 | fdct_zigzag.dct_mod.dct_block_6.dct_unit_0.macu.mult_res\[18\]$_DFFE_PP_/D
      650 |       3 |     199 |       31 |      7 |    24 |    +0.2% |   -0.237 |      -63.0 |    674 | fdct_zigzag.dct_mod.dct_block_6.dct_unit_0.macu.mult_res\[18\]$_DFFE_PP_/D
      651 |       2 |     182 |       29 |      5 |    15 |    +0.2% |   -0.209 |      -53.8 |    674 | fdct_zigzag.dct_mod.dct_block_3.dct_unit_7.macu.mult_res\[16\]$_DFFE_PP_/D
      660 |       2 |     187 |       29 |      5 |    18 |    +0.2% |   -0.209 |      -53.8 |    674 | fdct_zigzag.dct_mod.dct_block_3.dct_unit_7.macu.mult_res\[16\]$_DFFE_PP_/D
      661 |       2 |     185 |       29 |      5 |    17 |    +0.2% |   -0.209 |      -53.8 |    674 | fdct_zigzag.dct_mod.dct_block_3.dct_unit_7.macu.mult_res\[16\]$_DFFE_PP_/D
      670 |       2 |     191 |       29 |      5 |    19 |    +0.2% |   -0.209 |      -53.8 |    674 | fdct_zigzag.dct_mod.dct_block_3.dct_unit_7.macu.mult_res\[16\]$_DFFE_PP_/D
      680 |       2 |     196 |       29 |      5 |    24 |    +0.2% |   -0.209 |      -53.9 |    674 | fdct_zigzag.dct_mod.dct_block_3.dct_unit_7.macu.mult_res\[16\]$_DFFE_PP_/D
      690 |       2 |     204 |       29 |      5 |    26 |    +0.2% |   -0.209 |      -53.9 |    674 | fdct_zigzag.dct_mod.dct_block_3.dct_unit_7.macu.mult_res\[16\]$_DFFE_PP_/D
      695 |       2 |     201 |       29 |      5 |    24 |    +0.2% |   -0.209 |      -53.9 |    674 | fdct_zigzag.dct_mod.dct_block_3.dct_unit_7.macu.mult_res\[16\]$_DFFE_PP_/D
      700 |       2 |     203 |       29 |      5 |    26 |    +0.2% |   -0.209 |      -53.9 |    674 | fdct_zigzag.dct_mod.dct_block_3.dct_unit_7.macu.mult_res\[16\]$_DFFE_PP_/D
      702 |       2 |     202 |       29 |      5 |    25 |    +0.2% |   -0.209 |      -53.8 |    674 | fdct_zigzag.dct_mod.dct_block_3.dct_unit_7.macu.mult_res\[16\]$_DFFE_PP_/D
      710 |       2 |     209 |       29 |      5 |    25 |    +0.2% |   -0.209 |      -53.7 |    674 | fdct_zigzag.dct_mod.dct_block_3.dct_unit_7.macu.mult_res\[16\]$_DFFE_PP_/D
      720 |       2 |     215 |       29 |      5 |    29 |    +0.2% |   -0.209 |      -53.8 |    674 | fdct_zigzag.dct_mod.dct_block_3.dct_unit_7.macu.mult_res\[16\]$_DFFE_PP_/D
      730 |       2 |     221 |       29 |      5 |    33 |    +0.2% |   -0.209 |      -53.9 |    674 | fdct_zigzag.dct_mod.dct_block_3.dct_unit_7.macu.mult_res\[16\]$_DFFE_PP_/D
      738 |       2 |     216 |       29 |      5 |    25 |    +0.2% |   -0.209 |      -53.7 |    674 | fdct_zigzag.dct_mod.dct_block_3.dct_unit_7.macu.mult_res\[16\]$_DFFE_PP_/D
      740 |       2 |     217 |       29 |      5 |    25 |    +0.2% |   -0.209 |      -53.7 |    674 | fdct_zigzag.dct_mod.dct_block_3.dct_unit_7.macu.mult_res\[16\]$_DFFE_PP_/D
      750 |       2 |     225 |       29 |      5 |    27 |    +0.2% |   -0.214 |      -54.6 |    674 | fdct_zigzag.dct_mod.dct_block_3.dct_unit_7.macu.mult_res\[16\]$_DFFE_PP_/D
      760 |       2 |     230 |       29 |      5 |    32 |    +0.2% |   -0.214 |      -54.8 |    674 | fdct_zigzag.dct_mod.dct_block_3.dct_unit_7.macu.mult_res\[16\]$_DFFE_PP_/D
      770 |       2 |     237 |       29 |      5 |    35 |    +0.2% |   -0.214 |      -54.8 |    674 | fdct_zigzag.dct_mod.dct_block_3.dct_unit_7.macu.mult_res\[16\]$_DFFE_PP_/D
      779 |       2 |     226 |       29 |      5 |    26 |    +0.2% |   -0.209 |      -53.7 |    674 | fdct_zigzag.dct_mod.dct_block_3.dct_unit_7.macu.mult_res\[16\]$_DFFE_PP_/D
      780 |       2 |     226 |       29 |      5 |    26 |    +0.2% |   -0.209 |      -53.7 |    674 | fdct_zigzag.dct_mod.dct_block_3.dct_unit_7.macu.mult_res\[16\]$_DFFE_PP_/D
      790 |       4 |     231 |       29 |      5 |    29 |    +0.2% |   -0.209 |      -53.7 |    674 | fdct_zigzag.dct_mod.dct_block_3.dct_unit_7.macu.mult_res\[16\]$_DFFE_PP_/D
      800 |       4 |     237 |       29 |      5 |    33 |    +0.2% |   -0.209 |      -53.6 |    674 | fdct_zigzag.dct_mod.dct_block_3.dct_unit_7.macu.mult_res\[16\]$_DFFE_PP_/D
      809 |       2 |     231 |       29 |      5 |    27 |    +0.2% |   -0.209 |      -53.6 |    674 | fdct_zigzag.dct_mod.dct_block_3.dct_unit_7.macu.mult_res\[16\]$_DFFE_PP_/D
      810 |       2 |     231 |       29 |      5 |    27 |    +0.2% |   -0.209 |      -53.6 |    674 | fdct_zigzag.dct_mod.dct_block_3.dct_unit_7.macu.mult_res\[16\]$_DFFE_PP_/D
      820 |       2 |     239 |       29 |      6 |    28 |    +0.2% |   -0.222 |      -61.7 |    674 | fdct_zigzag.dct_mod.dct_block_6.dct_unit_0.macu.mult_res\[18\]$_DFFE_PP_/D
      830 |       2 |     247 |       31 |      6 |    29 |    +0.2% |   -0.222 |      -61.5 |    674 | fdct_zigzag.dct_mod.dct_block_6.dct_unit_0.macu.mult_res\[18\]$_DFFE_PP_/D
      840 |       2 |     254 |       33 |      7 |    30 |    +0.3% |   -0.225 |      -62.7 |    674 | fdct_zigzag.dct_mod.dct_block_6.dct_unit_0.macu.mult_res\[18\]$_DFFE_PP_/D
      841 |       2 |     238 |       31 |      5 |    27 |    +0.2% |   -0.209 |      -53.6 |    674 | fdct_zigzag.dct_mod.dct_block_3.dct_unit_7.macu.mult_res\[16\]$_DFFE_PP_/D
      850 |       2 |     244 |       31 |      6 |    28 |    +0.2% |   -0.239 |      -58.2 |    674 | fdct_zigzag.dct_mod.dct_block_3.dct_unit_7.macu.mult_res\[16\]$_DFFE_PP_/D
      860 |       2 |     249 |       31 |      6 |    33 |    +0.2% |   -0.240 |      -58.1 |    674 | fdct_zigzag.dct_mod.dct_block_3.dct_unit_7.macu.mult_res\[16\]$_DFFE_PP_/D
      870 |       2 |     259 |       31 |      6 |    33 |    +0.2% |   -0.240 |      -58.1 |    674 | fdct_zigzag.dct_mod.dct_block_3.dct_unit_7.macu.mult_res\[16\]$_DFFE_PP_/D
      880 |       2 |     268 |       31 |      6 |    34 |    +0.2% |   -0.240 |      -58.1 |    674 | fdct_zigzag.dct_mod.dct_block_3.dct_unit_7.macu.mult_res\[16\]$_DFFE_PP_/D
      885 |       2 |     252 |       31 |      5 |    27 |    +0.2% |   -0.209 |      -53.6 |    674 | fdct_zigzag.dct_mod.dct_block_3.dct_unit_7.macu.mult_res\[16\]$_DFFE_PP_/D
      890 |       2 |     255 |       31 |      6 |    27 |    +0.2% |   -0.239 |      -58.2 |    674 | fdct_zigzag.dct_mod.dct_block_3.dct_unit_7.macu.mult_res\[16\]$_DFFE_PP_/D
      900 |       2 |     265 |       31 |      6 |    27 |    +0.2% |   -0.240 |      -58.2 |    674 | fdct_zigzag.dct_mod.dct_block_3.dct_unit_7.macu.mult_res\[16\]$_DFFE_PP_/D
      910 |       2 |     274 |       31 |      6 |    28 |    +0.2% |   -0.240 |      -58.2 |    674 | fdct_zigzag.dct_mod.dct_block_3.dct_unit_7.macu.mult_res\[16\]$_DFFE_PP_/D
      912 |       2 |     259 |       31 |      5 |    27 |    +0.2% |   -0.209 |      -53.6 |    674 | fdct_zigzag.dct_mod.dct_block_3.dct_unit_7.macu.mult_res\[16\]$_DFFE_PP_/D
      920 |       2 |     266 |       31 |      5 |    27 |    +0.2% |   -0.209 |      -53.6 |    674 | fdct_zigzag.dct_mod.dct_block_3.dct_unit_7.macu.mult_res\[16\]$_DFFE_PP_/D
      930 |       2 |     273 |       31 |      5 |    30 |    +0.2% |   -0.209 |      -53.6 |    674 | fdct_zigzag.dct_mod.dct_block_3.dct_unit_7.macu.mult_res\[16\]$_DFFE_PP_/D
      940 |       2 |     277 |       31 |      5 |    36 |    +0.2% |   -0.209 |      -54.4 |    674 | fdct_zigzag.dct_mod.dct_block_3.dct_unit_7.macu.mult_res\[16\]$_DFFE_PP_/D
      950 |       2 |     286 |       31 |      6 |    36 |    +0.2% |   -0.209 |      -55.7 |    674 | fdct_zigzag.dct_mod.dct_block_3.dct_unit_7.macu.mult_res\[16\]$_DFFE_PP_/D
      960 |       2 |     291 |       33 |      7 |    39 |    +0.3% |   -0.209 |      -55.0 |    674 | fdct_zigzag.dct_mod.dct_block_3.dct_unit_7.macu.mult_res\[16\]$_DFFE_PP_/D
      967 |       2 |     275 |       32 |      5 |    27 |    +0.2% |   -0.209 |      -53.6 |    674 | fdct_zigzag.dct_mod.dct_block_3.dct_unit_7.macu.mult_res\[16\]$_DFFE_PP_/D
      970 |       2 |     277 |       32 |      5 |    27 |    +0.2% |   -0.209 |      -53.6 |    674 | fdct_zigzag.dct_mod.dct_block_3.dct_unit_7.macu.mult_res\[16\]$_DFFE_PP_/D
      980 |       2 |     285 |       32 |      5 |    29 |    +0.2% |   -0.209 |      -53.5 |    674 | fdct_zigzag.dct_mod.dct_block_3.dct_unit_7.macu.mult_res\[16\]$_DFFE_PP_/D
      990 |       2 |     288 |       32 |      5 |    36 |    +0.2% |   -0.209 |      -53.6 |    674 | fdct_zigzag.dct_mod.dct_block_3.dct_unit_7.macu.mult_res\[16\]$_DFFE_PP_/D
      998 |       2 |     286 |       32 |      5 |    27 |    +0.2% |   -0.209 |      -53.5 |    674 | fdct_zigzag.dct_mod.dct_block_3.dct_unit_7.macu.mult_res\[16\]$_DFFE_PP_/D
     1000 |       2 |     287 |       32 |      5 |    27 |    +0.2% |   -0.214 |      -54.5 |    674 | fdct_zigzag.dct_mod.dct_block_3.dct_unit_7.macu.mult_res\[16\]$_DFFE_PP_/D
     1010 |       2 |     296 |       32 |      5 |    28 |    +0.2% |   -0.214 |      -54.5 |    674 | fdct_zigzag.dct_mod.dct_block_3.dct_unit_7.macu.mult_res\[16\]$_DFFE_PP_/D
     1020 |       2 |     304 |       32 |      5 |    30 |    +0.2% |   -0.214 |      -54.5 |    674 | fdct_zigzag.dct_mod.dct_block_3.dct_unit_7.macu.mult_res\[16\]$_DFFE_PP_/D
     1023 |       2 |     291 |       32 |      5 |    27 |    +0.2% |   -0.209 |      -53.5 |    674 | fdct_zigzag.dct_mod.dct_block_3.dct_unit_7.macu.mult_res\[16\]$_DFFE_PP_/D
     1030 |       2 |     295 |       32 |      5 |    29 |    +0.2% |   -0.209 |      -53.5 |    674 | fdct_zigzag.dct_mod.dct_block_3.dct_unit_7.macu.mult_res\[16\]$_DFFE_PP_/D
     1040 |       2 |     303 |       32 |      5 |    31 |    +0.2% |   -0.209 |      -53.5 |    674 | fdct_zigzag.dct_mod.dct_block_3.dct_unit_7.macu.mult_res\[16\]$_DFFE_PP_/D
     1050 |       2 |     309 |       32 |      6 |    34 |    +0.2% |   -0.229 |      -66.2 |    674 | fdct_zigzag.dct_mod.dct_block_3.dct_unit_7.macu.mult_res\[16\]$_DFFE_PP_/D
     1054 |       2 |     307 |       32 |      5 |    31 |    +0.2% |   -0.209 |      -53.5 |    674 | fdct_zigzag.dct_mod.dct_block_3.dct_unit_7.macu.mult_res\[16\]$_DFFE_PP_/D
     1060 |       2 |     311 |       34 |      5 |    31 |    +0.2% |   -0.209 |      -53.4 |    674 | fdct_zigzag.dct_mod.dct_block_3.dct_unit_7.macu.mult_res\[16\]$_DFFE_PP_/D
     1070 |       2 |     318 |       34 |      5 |    34 |    +0.2% |   -0.209 |      -53.5 |    674 | fdct_zigzag.dct_mod.dct_block_3.dct_unit_7.macu.mult_res\[16\]$_DFFE_PP_/D
     1073 |       2 |     315 |       34 |      5 |    31 |    +0.2% |   -0.209 |      -53.4 |    674 | fdct_zigzag.dct_mod.dct_block_3.dct_unit_7.macu.mult_res\[16\]$_DFFE_PP_/D
     1080 |       2 |     320 |       34 |      6 |    31 |    +0.3% |   -0.242 |      -58.5 |    674 | fdct_zigzag.dct_mod.dct_block_3.dct_unit_7.macu.mult_res\[16\]$_DFFE_PP_/D
     1090 |       3 |     326 |       34 |      6 |    34 |    +0.3% |   -0.242 |      -58.8 |    674 | fdct_zigzag.dct_mod.dct_block_3.dct_unit_7.macu.mult_res\[16\]$_DFFE_PP_/D
     1100 |       3 |     333 |       34 |      6 |    37 |    +0.3% |   -0.242 |      -58.9 |    674 | fdct_zigzag.dct_mod.dct_block_3.dct_unit_7.macu.mult_res\[16\]$_DFFE_PP_/D
     1100 |       2 |     318 |       34 |      5 |    31 |    +0.2% |   -0.209 |      -53.4 |    674 | fdct_zigzag.dct_mod.dct_block_3.dct_unit_7.macu.mult_res\[16\]$_DFFE_PP_/D
     1110 |       3 |     325 |       34 |      6 |    31 |    +0.3% |   -0.239 |      -58.0 |    674 | fdct_zigzag.dct_mod.dct_block_3.dct_unit_7.macu.mult_res\[16\]$_DFFE_PP_/D
     1120 |       4 |     327 |       40 |      6 |    35 |    +0.3% |   -0.239 |      -58.1 |    674 | fdct_zigzag.dct_mod.dct_block_3.dct_unit_7.macu.mult_res\[16\]$_DFFE_PP_/D
     1130 |       4 |     334 |       40 |      6 |    38 |    +0.3% |   -0.247 |      -58.3 |    674 | fdct_zigzag.dct_mod.dct_block_3.dct_unit_2.macu.mult_res\[18\]$_DFFE_PP_/D
     1138 |       2 |     324 |       38 |      5 |    31 |    +0.2% |   -0.209 |      -53.4 |    674 | fdct_zigzag.dct_mod.dct_block_3.dct_unit_7.macu.mult_res\[16\]$_DFFE_PP_/D
     1140 |       2 |     325 |       38 |      5 |    31 |    +0.2% |   -0.210 |      -54.6 |    674 | fdct_zigzag.dct_mod.dct_block_3.dct_unit_7.macu.mult_res\[16\]$_DFFE_PP_/D
     1150 |       2 |     334 |       38 |      6 |    31 |    +0.3% |   -0.226 |      -61.3 |    674 | fdct_zigzag.dct_mod.dct_block_6.dct_unit_0.macu.mult_res\[18\]$_DFFE_PP_/D
     1160 |       2 |     343 |       38 |      7 |    31 |    +0.3% |   -0.226 |      -62.3 |    674 | fdct_zigzag.dct_mod.dct_block_6.dct_unit_0.macu.mult_res\[18\]$_DFFE_PP_/D
     1170 |       2 |     351 |       38 |      7 |    33 |    +0.3% |   -0.226 |      -62.3 |    674 | fdct_zigzag.dct_mod.dct_block_6.dct_unit_0.macu.mult_res\[18\]$_DFFE_PP_/D
     1170 |       2 |     331 |       38 |      5 |    31 |    +0.2% |   -0.209 |      -53.4 |    674 | fdct_zigzag.dct_mod.dct_block_3.dct_unit_7.macu.mult_res\[16\]$_DFFE_PP_/D
     1180 |       2 |     340 |       38 |      5 |    31 |    +0.2% |   -0.214 |      -53.9 |    674 | fdct_zigzag.dct_mod.dct_block_3.dct_unit_7.macu.mult_res\[16\]$_DFFE_PP_/D
     1190 |       2 |     344 |       38 |      5 |    37 |    +0.2% |   -0.215 |      -54.0 |    674 | fdct_zigzag.dct_mod.dct_block_3.dct_unit_7.macu.mult_res\[16\]$_DFFE_PP_/D
     1198 |       2 |     334 |       38 |      5 |    31 |    +0.2% |   -0.209 |      -53.4 |    674 | fdct_zigzag.dct_mod.dct_block_3.dct_unit_7.macu.mult_res\[16\]$_DFFE_PP_/D
     1200 |       2 |     335 |       38 |      5 |    31 |    +0.2% |   -0.209 |      -53.4 |    674 | fdct_zigzag.dct_mod.dct_block_3.dct_unit_7.macu.mult_res\[16\]$_DFFE_PP_/D
     1210 |       2 |     343 |       38 |      5 |    33 |    +0.2% |   -0.209 |      -53.4 |    674 | fdct_zigzag.dct_mod.dct_block_3.dct_unit_7.macu.mult_res\[16\]$_DFFE_PP_/D
     1215 |       2 |     342 |       38 |      5 |    31 |    +0.2% |   -0.209 |      -53.4 |    674 | fdct_zigzag.dct_mod.dct_block_3.dct_unit_7.macu.mult_res\[16\]$_DFFE_PP_/D
     1220 |       2 |     345 |       38 |      6 |    31 |    +0.3% |   -0.253 |      -60.3 |    674 | fdct_zigzag.dct_mod.dct_block_3.dct_unit_7.macu.mult_res\[16\]$_DFFE_PP_/D
     1230 |       3 |     353 |       40 |      6 |    31 |    +0.3% |   -0.253 |      -60.1 |    674 | fdct_zigzag.dct_mod.dct_block_3.dct_unit_7.macu.mult_res\[16\]$_DFFE_PP_/D
     1240 |       3 |     357 |       40 |      6 |    37 |    +0.3% |   -0.253 |      -60.2 |    674 | fdct_zigzag.dct_mod.dct_block_3.dct_unit_7.macu.mult_res\[16\]$_DFFE_PP_/D
     1248 |       2 |     348 |       39 |      5 |    31 |    +0.2% |   -0.209 |      -53.4 |    674 | fdct_zigzag.dct_mod.dct_block_3.dct_unit_7.macu.mult_res\[16\]$_DFFE_PP_/D
     1250 |       2 |     349 |       39 |      5 |    31 |    +0.2% |   -0.213 |      -54.2 |    674 | fdct_zigzag.dct_mod.dct_block_3.dct_unit_7.macu.mult_res\[16\]$_DFFE_PP_/D
     1260 |       2 |     358 |       39 |      6 |    31 |    +0.3% |   -0.253 |      -60.2 |    674 | fdct_zigzag.dct_mod.dct_block_3.dct_unit_7.macu.mult_res\[16\]$_DFFE_PP_/D
     1270 |       2 |     366 |       39 |      6 |    33 |    +0.3% |   -0.253 |      -60.2 |    674 | fdct_zigzag.dct_mod.dct_block_3.dct_unit_7.macu.mult_res\[16\]$_DFFE_PP_/D
     1278 |       2 |     356 |       39 |      5 |    31 |    +0.2% |   -0.209 |      -53.4 |    674 | fdct_zigzag.dct_mod.dct_block_3.dct_unit_7.macu.mult_res\[16\]$_DFFE_PP_/D
     1280 |       2 |     357 |       39 |      5 |    31 |    +0.2% |   -0.213 |      -54.2 |    674 | fdct_zigzag.dct_mod.dct_block_3.dct_unit_7.macu.mult_res\[16\]$_DFFE_PP_/D
     1290 |       2 |     365 |       41 |      6 |    31 |    +0.3% |   -0.239 |      -57.9 |    674 | fdct_zigzag.dct_mod.dct_block_3.dct_unit_7.macu.mult_res\[16\]$_DFFE_PP_/D
     1300 |       2 |     373 |       41 |      6 |    33 |    +0.3% |   -0.240 |      -57.9 |    674 | fdct_zigzag.dct_mod.dct_block_3.dct_unit_7.macu.mult_res\[16\]$_DFFE_PP_/D
     1300 |       2 |     361 |       40 |      5 |    31 |    +0.2% |   -0.209 |      -53.4 |    674 | fdct_zigzag.dct_mod.dct_block_3.dct_unit_7.macu.mult_res\[16\]$_DFFE_PP_/D
     1310 |       2 |     369 |       40 |      6 |    31 |    +0.3% |   -0.253 |      -60.2 |    674 | fdct_zigzag.dct_mod.dct_block_3.dct_unit_7.macu.mult_res\[16\]$_DFFE_PP_/D
     1320 |       2 |     375 |       40 |      7 |    34 |    +0.3% |   -0.273 |      -72.7 |    674 | fdct_zigzag.dct_mod.dct_block_3.dct_unit_7.macu.mult_res\[16\]$_DFFE_PP_/D
     1328 |       2 |     368 |       40 |      5 |    31 |    +0.2% |   -0.209 |      -53.4 |    674 | fdct_zigzag.dct_mod.dct_block_3.dct_unit_7.macu.mult_res\[16\]$_DFFE_PP_/D
     1330 |       2 |     369 |       40 |      5 |    31 |    +0.2% |   -0.210 |      -54.6 |    674 | fdct_zigzag.dct_mod.dct_block_3.dct_unit_7.macu.mult_res\[16\]$_DFFE_PP_/D
     1340 |       2 |     377 |       40 |      6 |    32 |    +0.3% |   -0.226 |      -61.0 |    674 | fdct_zigzag.dct_mod.dct_block_6.dct_unit_0.macu.mult_res\[18\]$_DFFE_PP_/D
     1350 |       2 |     381 |       40 |      7 |    37 |    +0.3% |   -0.226 |      -62.1 |    674 | fdct_zigzag.dct_mod.dct_block_6.dct_unit_0.macu.mult_res\[18\]$_DFFE_PP_/D
     1360 |       2 |     388 |       40 |      7 |    40 |    +0.3% |   -0.226 |      -62.0 |    674 | fdct_zigzag.dct_mod.dct_block_6.dct_unit_0.macu.mult_res\[18\]$_DFFE_PP_/D
     1370 |       2 |     395 |       40 |      7 |    43 |    +0.3% |   -0.226 |      -61.8 |    674 | fdct_zigzag.dct_mod.dct_block_6.dct_unit_0.macu.mult_res\[18\]$_DFFE_PP_/D
     1372 |       2 |     376 |       40 |      5 |    31 |    +0.2% |   -0.209 |      -53.4 |    674 | fdct_zigzag.dct_mod.dct_block_3.dct_unit_7.macu.mult_res\[16\]$_DFFE_PP_/D
     1380 |       3 |     381 |       42 |      5 |    31 |    +0.2% |   -0.209 |      -53.2 |    674 | fdct_zigzag.dct_mod.dct_block_3.dct_unit_7.macu.mult_res\[16\]$_DFFE_PP_/D
     1390 |       3 |     388 |       42 |      5 |    34 |    +0.3% |   -0.209 |      -53.2 |    674 | fdct_zigzag.dct_mod.dct_block_3.dct_unit_7.macu.mult_res\[16\]$_DFFE_PP_/D
     1400 |       3 |     393 |       42 |      5 |    39 |    +0.3% |   -0.209 |      -53.2 |    674 | fdct_zigzag.dct_mod.dct_block_3.dct_unit_7.macu.mult_res\[16\]$_DFFE_PP_/D
     1410 |       3 |     400 |       42 |      5 |    42 |    +0.3% |   -0.219 |      -57.9 |    674 | fdct_zigzag.dct_mod.dct_block_6.dct_unit_0.macu.mult_res\[18\]$_DFFE_PP_/D
     1420 |       3 |     407 |       42 |      5 |    45 |    +0.3% |   -0.222 |      -58.4 |    674 | fdct_zigzag.dct_mod.dct_block_6.dct_unit_0.macu.mult_res\[18\]$_DFFE_PP_/D
     1430 |       3 |     413 |       42 |      7 |    47 |    +0.3% |   -0.267 |      -73.8 |    674 | fdct_zigzag.dct_mod.dct_block_6.dct_unit_0.macu.mult_res\[18\]$_DFFE_PP_/D
     1440 |       3 |     419 |       42 |      7 |    51 |    +0.3% |   -0.269 |      -74.6 |    674 | fdct_zigzag.dct_mod.dct_block_6.dct_unit_0.macu.mult_res\[18\]$_DFFE_PP_/D
     1447 |       3 |     401 |       42 |      5 |    40 |    +0.3% |   -0.209 |      -53.2 |    674 | fdct_zigzag.dct_mod.dct_block_3.dct_unit_7.macu.mult_res\[16\]$_DFFE_PP_/D
     1450 |       3 |     403 |       42 |      5 |    40 |    +0.3% |   -0.212 |      -53.5 |    674 | fdct_zigzag.dct_mod.dct_block_3.dct_unit_7.macu.mult_res\[16\]$_DFFE_PP_/D
     1460 |       3 |     413 |       42 |      5 |    40 |    +0.3% |   -0.214 |      -53.7 |    674 | fdct_zigzag.dct_mod.dct_block_3.dct_unit_7.macu.mult_res\[16\]$_DFFE_PP_/D
     1470 |       3 |     420 |       42 |      5 |    43 |    +0.3% |   -0.214 |      -53.7 |    674 | fdct_zigzag.dct_mod.dct_block_3.dct_unit_7.macu.mult_res\[16\]$_DFFE_PP_/D
     1472 |       3 |     407 |       42 |      5 |    40 |    +0.3% |   -0.209 |      -53.2 |    674 | fdct_zigzag.dct_mod.dct_block_3.dct_unit_7.macu.mult_res\[16\]$_DFFE_PP_/D
     1480 |       3 |     413 |       42 |      6 |    40 |    +0.3% |   -0.239 |      -57.7 |    674 | fdct_zigzag.dct_mod.dct_block_3.dct_unit_7.macu.mult_res\[16\]$_DFFE_PP_/D
     1490 |       3 |     422 |       42 |      6 |    41 |    +0.3% |   -0.240 |      -57.7 |    674 | fdct_zigzag.dct_mod.dct_block_3.dct_unit_7.macu.mult_res\[16\]$_DFFE_PP_/D
     1500 |       3 |     429 |       42 |      7 |    43 |    +0.3% |   -0.259 |      -70.4 |    674 | fdct_zigzag.dct_mod.dct_block_3.dct_unit_7.macu.mult_res\[16\]$_DFFE_PP_/D
     1500 |       3 |     415 |       42 |      5 |    40 |    +0.3% |   -0.209 |      -53.2 |    674 | fdct_zigzag.dct_mod.dct_block_3.dct_unit_7.macu.mult_res\[16\]$_DFFE_PP_/D
     1510 |       4 |     421 |       44 |      6 |    40 |    +0.3% |   -0.256 |      -72.8 |    674 | fdct_zigzag.dct_mod.dct_block_6.dct_unit_0.macu.mult_res\[18\]$_DFFE_PP_/D
     1520 |       5 |     427 |       46 |      7 |    41 |    +0.3% |   -0.258 |      -77.7 |    674 | fdct_zigzag.dct_mod.dct_block_6.dct_unit_0.macu.mult_res\[18\]$_DFFE_PP_/D
     1530 |       5 |     431 |       46 |      7 |    47 |    +0.3% |   -0.258 |      -77.7 |    674 | fdct_zigzag.dct_mod.dct_block_6.dct_unit_0.macu.mult_res\[18\]$_DFFE_PP_/D
     1535 |       3 |     418 |       44 |      5 |    40 |    +0.3% |   -0.209 |      -53.2 |    674 | fdct_zigzag.dct_mod.dct_block_3.dct_unit_7.macu.mult_res\[16\]$_DFFE_PP_/D
     1540 |       3 |     421 |       44 |      6 |    40 |    +0.3% |   -0.226 |      -54.4 |    674 | fdct_zigzag.dct_mod.dct_block_3.dct_unit_7.macu.mult_res\[16\]$_DFFE_PP_/D
     1550 |       4 |     429 |       46 |      6 |    40 |    +0.3% |   -0.236 |      -55.9 |    674 | fdct_zigzag.dct_mod.dct_block_3.dct_unit_7.macu.mult_res\[16\]$_DFFE_PP_/D
     1560 |       4 |     433 |       46 |      6 |    46 |    +0.3% |   -0.236 |      -56.2 |    674 | fdct_zigzag.dct_mod.dct_block_3.dct_unit_7.macu.mult_res\[16\]$_DFFE_PP_/D
     1570 |       4 |     443 |       46 |      6 |    46 |    +0.3% |   -0.236 |      -56.1 |    674 | fdct_zigzag.dct_mod.dct_block_3.dct_unit_7.macu.mult_res\[16\]$_DFFE_PP_/D
     1580 |       4 |     449 |       46 |      6 |    50 |    +0.3% |   -0.236 |      -56.1 |    674 | fdct_zigzag.dct_mod.dct_block_3.dct_unit_7.macu.mult_res\[16\]$_DFFE_PP_/D
     1584 |       3 |     431 |       45 |      5 |    40 |    +0.3% |   -0.209 |      -53.2 |    674 | fdct_zigzag.dct_mod.dct_block_3.dct_unit_7.macu.mult_res\[16\]$_DFFE_PP_/D
     1590 |       3 |     435 |       45 |      6 |    40 |    +0.3% |   -0.239 |      -57.9 |    674 | fdct_zigzag.dct_mod.dct_block_3.dct_unit_7.macu.mult_res\[16\]$_DFFE_PP_/D
     1600 |       3 |     441 |       45 |      6 |    44 |    +0.3% |   -0.244 |      -58.1 |    674 | fdct_zigzag.dct_mod.dct_block_3.dct_unit_2.macu.mult_res\[17\]$_DFFE_PP_/D
     1610 |       3 |     450 |       45 |      6 |    45 |    +0.3% |   -0.244 |      -58.1 |    674 | fdct_zigzag.dct_mod.dct_block_3.dct_unit_2.macu.mult_res\[17\]$_DFFE_PP_/D
     1620 |       3 |     459 |       45 |      7 |    45 |    +0.3% |   -0.261 |      -70.8 |    674 | fdct_zigzag.dct_mod.dct_block_3.dct_unit_2.macu.mult_res\[17\]$_DFFE_PP_/D
     1625 |       3 |     444 |       45 |      5 |    40 |    +0.3% |   -0.209 |      -53.2 |    674 | fdct_zigzag.dct_mod.dct_block_3.dct_unit_7.macu.mult_res\[16\]$_DFFE_PP_/D
     1630 |       3 |     448 |       45 |      5 |    40 |    +0.3% |   -0.209 |      -53.1 |    674 | fdct_zigzag.dct_mod.dct_block_3.dct_unit_7.macu.mult_res\[16\]$_DFFE_PP_/D
     1640 |       3 |     450 |       45 |      5 |    48 |    +0.3% |   -0.209 |      -53.2 |    674 | fdct_zigzag.dct_mod.dct_block_3.dct_unit_7.macu.mult_res\[16\]$_DFFE_PP_/D
     1650 |       3 |     460 |       45 |      5 |    48 |    +0.3% |   -0.209 |      -53.1 |    674 | fdct_zigzag.dct_mod.dct_block_3.dct_unit_7.macu.mult_res\[16\]$_DFFE_PP_/D
     1654 |       3 |     463 |       45 |      5 |    48 |    +0.3% |   -0.209 |      -53.1 |    674 | fdct_zigzag.dct_mod.dct_block_3.dct_unit_7.macu.mult_res\[16\]$_DFFE_PP_/D
     1660 |       3 |     466 |       47 |      5 |    49 |    +0.3% |   -0.209 |      -53.1 |    674 | fdct_zigzag.dct_mod.dct_block_3.dct_unit_7.macu.mult_res\[16\]$_DFFE_PP_/D
     1670 |       3 |     474 |       49 |      5 |    50 |    +0.3% |   -0.209 |      -53.1 |    674 | fdct_zigzag.dct_mod.dct_block_3.dct_unit_7.macu.mult_res\[16\]$_DFFE_PP_/D
     1680 |       3 |     478 |       49 |      5 |    56 |    +0.3% |   -0.209 |      -53.3 |    674 | fdct_zigzag.dct_mod.dct_block_3.dct_unit_7.macu.mult_res\[16\]$_DFFE_PP_/D
     1684 |       3 |     475 |       49 |      5 |    49 |    +0.3% |   -0.209 |      -53.1 |    674 | fdct_zigzag.dct_mod.dct_block_3.dct_unit_7.macu.mult_res\[16\]$_DFFE_PP_/D
     1690 |       3 |     479 |       49 |      5 |    50 |    +0.3% |   -0.209 |      -53.1 |    674 | fdct_zigzag.dct_mod.dct_block_3.dct_unit_7.macu.mult_res\[16\]$_DFFE_PP_/D
     1700 |       3 |     483 |       49 |      5 |    56 |    +0.3% |   -0.209 |      -53.1 |    674 | fdct_zigzag.dct_mod.dct_block_3.dct_unit_7.macu.mult_res\[16\]$_DFFE_PP_/D
     1701 |       3 |     482 |       49 |      5 |    55 |    +0.3% |   -0.209 |      -53.1 |    674 | fdct_zigzag.dct_mod.dct_block_3.dct_unit_7.macu.mult_res\[16\]$_DFFE_PP_/D
     1710 |       3 |     488 |       51 |      6 |    55 |    +0.3% |   -0.242 |      -58.3 |    674 | fdct_zigzag.dct_mod.dct_block_3.dct_unit_7.macu.mult_res\[16\]$_DFFE_PP_/D
     1720 |       3 |     495 |       51 |      6 |    58 |    +0.3% |   -0.242 |      -58.3 |    674 | fdct_zigzag.dct_mod.dct_block_3.dct_unit_7.macu.mult_res\[16\]$_DFFE_PP_/D
     1730 |       3 |     501 |       51 |      7 |    61 |    +0.3% |   -0.262 |      -71.1 |    674 | fdct_zigzag.dct_mod.dct_block_3.dct_unit_7.macu.mult_res\[16\]$_DFFE_PP_/D
     1740 |       3 |     511 |       51 |      7 |    61 |    +0.3% |   -0.262 |      -71.1 |    674 | fdct_zigzag.dct_mod.dct_block_3.dct_unit_7.macu.mult_res\[16\]$_DFFE_PP_/D
     1746 |       3 |     495 |       50 |      5 |    55 |    +0.3% |   -0.209 |      -53.1 |    674 | fdct_zigzag.dct_mod.dct_block_3.dct_unit_7.macu.mult_res\[16\]$_DFFE_PP_/D
     1750 |       3 |     497 |       52 |      5 |    55 |    +0.3% |   -0.214 |      -53.6 |    674 | fdct_zigzag.dct_mod.dct_block_3.dct_unit_7.macu.mult_res\[16\]$_DFFE_PP_/D
     1760 |       3 |     504 |       54 |      6 |    56 |    +0.3% |   -0.226 |      -54.3 |    674 | fdct_zigzag.dct_mod.dct_block_3.dct_unit_7.macu.mult_res\[16\]$_DFFE_PP_/D
     1770 |       3 |     508 |       54 |      6 |    62 |    +0.3% |   -0.226 |      -54.4 |    674 | fdct_zigzag.dct_mod.dct_block_3.dct_unit_7.macu.mult_res\[16\]$_DFFE_PP_/D
     1775 |       3 |     498 |       53 |      5 |    55 |    +0.3% |   -0.209 |      -53.0 |    674 | fdct_zigzag.dct_mod.dct_block_3.dct_unit_7.macu.mult_res\[16\]$_DFFE_PP_/D
     1780 |       3 |     500 |       55 |      5 |    56 |    +0.3% |   -0.209 |      -53.0 |    674 | fdct_zigzag.dct_mod.dct_block_3.dct_unit_7.macu.mult_res\[16\]$_DFFE_PP_/D
     1790 |       3 |     508 |       55 |      5 |    58 |    +0.3% |   -0.209 |      -53.0 |    674 | fdct_zigzag.dct_mod.dct_block_3.dct_unit_7.macu.mult_res\[16\]$_DFFE_PP_/D
     1800 |       3 |     511 |       55 |      5 |    65 |    +0.3% |   -0.209 |      -53.2 |    674 | fdct_zigzag.dct_mod.dct_block_3.dct_unit_7.macu.mult_res\[16\]$_DFFE_PP_/D
     1800 |       3 |     506 |       55 |      5 |    57 |    +0.3% |   -0.209 |      -53.0 |    674 | fdct_zigzag.dct_mod.dct_block_3.dct_unit_7.macu.mult_res\[16\]$_DFFE_PP_/D
     1810 |       3 |     512 |       57 |      7 |    57 |    +0.3% |   -0.263 |      -73.4 |    674 | fdct_zigzag.dct_mod.dct_block_6.dct_unit_0.macu.mult_res\[18\]$_DFFE_PP_/D
     1820 |       4 |     518 |       57 |      7 |    60 |    +0.3% |   -0.263 |      -73.7 |    674 | fdct_zigzag.dct_mod.dct_block_6.dct_unit_0.macu.mult_res\[18\]$_DFFE_PP_/D
     1830 |       4 |     523 |       59 |      7 |    64 |    +0.3% |   -0.263 |      -73.6 |    674 | fdct_zigzag.dct_mod.dct_block_6.dct_unit_0.macu.mult_res\[18\]$_DFFE_PP_/D
     1840 |       4 |     533 |       59 |      7 |    64 |    +0.4% |   -0.263 |      -73.4 |    674 | fdct_zigzag.dct_mod.dct_block_6.dct_unit_0.macu.mult_res\[18\]$_DFFE_PP_/D
     1850 |       4 |     539 |       59 |      8 |    67 |    +0.4% |   -0.263 |      -73.4 |    674 | fdct_zigzag.dct_mod.dct_block_6.dct_unit_0.macu.mult_res\[18\]$_DFFE_PP_/D
     1850 |       3 |     517 |       57 |      5 |    57 |    +0.3% |   -0.209 |      -53.0 |    674 | fdct_zigzag.dct_mod.dct_block_3.dct_unit_7.macu.mult_res\[16\]$_DFFE_PP_/D
     1860 |       4 |     524 |       57 |      6 |    57 |    +0.3% |   -0.242 |      -58.3 |    674 | fdct_zigzag.dct_mod.dct_block_3.dct_unit_7.macu.mult_res\[16\]$_DFFE_PP_/D
     1870 |       4 |     534 |       57 |      6 |    57 |    +0.3% |   -0.242 |      -58.3 |    674 | fdct_zigzag.dct_mod.dct_block_3.dct_unit_7.macu.mult_res\[16\]$_DFFE_PP_/D
     1880 |       4 |     541 |       57 |      6 |    60 |    +0.3% |   -0.242 |      -58.3 |    674 | fdct_zigzag.dct_mod.dct_block_3.dct_unit_7.macu.mult_res\[16\]$_DFFE_PP_/D
     1889 |       3 |     530 |       57 |      5 |    57 |    +0.3% |   -0.209 |      -53.0 |    674 | fdct_zigzag.dct_mod.dct_block_3.dct_unit_7.macu.mult_res\[16\]$_DFFE_PP_/D
     1890 |       3 |     530 |       57 |      5 |    57 |    +0.3% |   -0.209 |      -53.0 |    674 | fdct_zigzag.dct_mod.dct_block_3.dct_unit_7.macu.mult_res\[16\]$_DFFE_PP_/D
     1900 |       3 |     538 |       59 |      6 |    57 |    +0.3% |   -0.226 |      -54.2 |    674 | fdct_zigzag.dct_mod.dct_block_3.dct_unit_7.macu.mult_res\[16\]$_DFFE_PP_/D
     1900 |       3 |     531 |       58 |      5 |    57 |    +0.3% |   -0.209 |      -53.0 |    674 | fdct_zigzag.dct_mod.dct_block_3.dct_unit_7.macu.mult_res\[16\]$_DFFE_PP_/D
    1900* |       3 |     531 |       58 |      5 |    57 |    +0.3% |   -0.209 |      -53.0 |    547 | fdct_zigzag.dct_mod.dct_block_3.dct_unit_7.macu.mult_res\[16\]$_DFFE_PP_/D
    1901* |       3 |     531 |       58 |      5 |    57 |    +0.3% |   -0.209 |      -53.0 |    547 | fdct_zigzag.dct_mod.dct_block_3.dct_unit_7.macu.mult_res\[16\]$_DFFE_PP_/D
    1902* |       3 |     531 |       58 |      5 |    57 |    +0.3% |   -0.209 |      -53.0 |    547 | fdct_zigzag.dct_mod.dct_block_3.dct_unit_7.macu.mult_res\[16\]$_DFFE_PP_/D
    1905* |       3 |     533 |       58 |      5 |    57 |    +0.3% |   -0.209 |      -53.0 |    547 | fdct_zigzag.dct_mod.dct_block_3.dct_unit_7.macu.mult_res\[16\]$_DFFE_PP_/D
    1906* |       3 |     533 |       58 |      5 |    57 |    +0.3% |   -0.209 |      -53.0 |    547 | fdct_zigzag.dct_mod.dct_block_3.dct_unit_7.macu.mult_res\[16\]$_DFFE_PP_/D
    1907* |       3 |     533 |       58 |      5 |    57 |    +0.3% |   -0.209 |      -53.0 |    547 | fdct_zigzag.dct_mod.dct_block_3.dct_unit_7.macu.mult_res\[16\]$_DFFE_PP_/D
    1909* |       3 |     534 |       58 |      5 |    57 |    +0.3% |   -0.209 |      -53.0 |    547 | fdct_zigzag.dct_mod.dct_block_3.dct_unit_7.macu.mult_res\[16\]$_DFFE_PP_/D
    1910* |       3 |     534 |       58 |      5 |    57 |    +0.3% |   -0.209 |      -53.0 |    547 | fdct_zigzag.dct_mod.dct_block_3.dct_unit_7.macu.mult_res\[16\]$_DFFE_PP_/D
    1910* |       3 |     534 |       58 |      5 |    57 |    +0.3% |   -0.209 |      -53.0 |    547 | fdct_zigzag.dct_mod.dct_block_3.dct_unit_7.macu.mult_res\[16\]$_DFFE_PP_/D
    1911* |       3 |     534 |       58 |      5 |    57 |    +0.3% |   -0.209 |      -53.0 |    547 | fdct_zigzag.dct_mod.dct_block_3.dct_unit_7.macu.mult_res\[16\]$_DFFE_PP_/D
    1912* |       3 |     534 |       58 |      5 |    57 |    +0.3% |   -0.209 |      -53.0 |    547 | fdct_zigzag.dct_mod.dct_block_3.dct_unit_7.macu.mult_res\[16\]$_DFFE_PP_/D
    1914* |       3 |     535 |       58 |      5 |    57 |    +0.3% |   -0.209 |      -53.0 |    547 | fdct_zigzag.dct_mod.dct_block_3.dct_unit_7.macu.mult_res\[16\]$_DFFE_PP_/D
    1915* |       3 |     535 |       58 |      5 |    57 |    +0.3% |   -0.209 |      -53.0 |    547 | fdct_zigzag.dct_mod.dct_block_3.dct_unit_7.macu.mult_res\[16\]$_DFFE_PP_/D
    1916* |       3 |     535 |       58 |      5 |    57 |    +0.3% |   -0.209 |      -53.0 |    547 | fdct_zigzag.dct_mod.dct_block_3.dct_unit_7.macu.mult_res\[16\]$_DFFE_PP_/D
    1917* |       3 |     535 |       58 |      5 |    57 |    +0.3% |   -0.209 |      -53.0 |    547 | fdct_zigzag.dct_mod.dct_block_3.dct_unit_7.macu.mult_res\[16\]$_DFFE_PP_/D
    1918* |       3 |     535 |       58 |      5 |    57 |    +0.3% |   -0.209 |      -53.0 |    547 | fdct_zigzag.dct_mod.dct_block_3.dct_unit_7.macu.mult_res\[16\]$_DFFE_PP_/D
    1919* |       3 |     535 |       58 |      5 |    57 |    +0.3% |   -0.209 |      -53.0 |    547 | fdct_zigzag.dct_mod.dct_block_3.dct_unit_7.macu.mult_res\[16\]$_DFFE_PP_/D
    1920* |       3 |     535 |       58 |      5 |    57 |    +0.3% |   -0.209 |      -53.0 |    547 | fdct_zigzag.dct_mod.dct_block_3.dct_unit_7.macu.mult_res\[16\]$_DFFE_PP_/D
    1920* |       3 |     535 |       58 |      5 |    57 |    +0.3% |   -0.209 |      -53.0 |    547 | fdct_zigzag.dct_mod.dct_block_3.dct_unit_7.macu.mult_res\[16\]$_DFFE_PP_/D
    1921* |       3 |     535 |       58 |      5 |    57 |    +0.3% |   -0.209 |      -53.0 |    547 | fdct_zigzag.dct_mod.dct_block_3.dct_unit_7.macu.mult_res\[16\]$_DFFE_PP_/D
    1922* |       3 |     535 |       58 |      5 |    57 |    +0.3% |   -0.209 |      -53.0 |    547 | fdct_zigzag.dct_mod.dct_block_3.dct_unit_7.macu.mult_res\[16\]$_DFFE_PP_/D
    1923* |       3 |     535 |       58 |      5 |    57 |    +0.3% |   -0.209 |      -53.0 |    547 | fdct_zigzag.dct_mod.dct_block_3.dct_unit_7.macu.mult_res\[16\]$_DFFE_PP_/D
    1924* |       3 |     535 |       58 |      5 |    57 |    +0.3% |   -0.209 |      -53.0 |    547 | fdct_zigzag.dct_mod.dct_block_3.dct_unit_7.macu.mult_res\[16\]$_DFFE_PP_/D
    1925* |       3 |     535 |       58 |      5 |    57 |    +0.3% |   -0.209 |      -53.0 |    547 | fdct_zigzag.dct_mod.dct_block_3.dct_unit_7.macu.mult_res\[16\]$_DFFE_PP_/D
    1926* |       3 |     535 |       58 |      5 |    57 |    +0.3% |   -0.209 |      -53.0 |    547 | fdct_zigzag.dct_mod.dct_block_3.dct_unit_7.macu.mult_res\[16\]$_DFFE_PP_/D
    1927* |       3 |     535 |       58 |      5 |    57 |    +0.3% |   -0.209 |      -53.0 |    547 | fdct_zigzag.dct_mod.dct_block_3.dct_unit_7.macu.mult_res\[16\]$_DFFE_PP_/D
    1928* |       3 |     535 |       58 |      5 |    57 |    +0.3% |   -0.209 |      -53.0 |    547 | fdct_zigzag.dct_mod.dct_block_3.dct_unit_7.macu.mult_res\[16\]$_DFFE_PP_/D
    1929* |       3 |     535 |       58 |      5 |    57 |    +0.3% |   -0.209 |      -53.0 |    547 | fdct_zigzag.dct_mod.dct_block_3.dct_unit_7.macu.mult_res\[16\]$_DFFE_PP_/D
    1930* |       3 |     535 |       58 |      5 |    57 |    +0.3% |   -0.209 |      -53.0 |    547 | fdct_zigzag.dct_mod.dct_block_3.dct_unit_7.macu.mult_res\[16\]$_DFFE_PP_/D
    1930* |       3 |     535 |       58 |      5 |    57 |    +0.3% |   -0.209 |      -53.0 |    547 | fdct_zigzag.dct_mod.dct_block_3.dct_unit_7.macu.mult_res\[16\]$_DFFE_PP_/D
    1931* |       3 |     535 |       58 |      5 |    57 |    +0.3% |   -0.209 |      -53.0 |    547 | fdct_zigzag.dct_mod.dct_block_3.dct_unit_7.macu.mult_res\[16\]$_DFFE_PP_/D
    1932* |       3 |     535 |       58 |      5 |    57 |    +0.3% |   -0.209 |      -53.0 |    547 | fdct_zigzag.dct_mod.dct_block_3.dct_unit_7.macu.mult_res\[16\]$_DFFE_PP_/D
    1933* |       3 |     535 |       58 |      5 |    57 |    +0.3% |   -0.209 |      -53.0 |    547 | fdct_zigzag.dct_mod.dct_block_3.dct_unit_7.macu.mult_res\[16\]$_DFFE_PP_/D
    1934* |       3 |     535 |       58 |      5 |    57 |    +0.3% |   -0.209 |      -53.0 |    547 | fdct_zigzag.dct_mod.dct_block_3.dct_unit_7.macu.mult_res\[16\]$_DFFE_PP_/D
    1935* |       3 |     535 |       58 |      5 |    57 |    +0.3% |   -0.209 |      -53.0 |    547 | fdct_zigzag.dct_mod.dct_block_3.dct_unit_7.macu.mult_res\[16\]$_DFFE_PP_/D
    1936* |       3 |     535 |       58 |      5 |    57 |    +0.3% |   -0.209 |      -53.0 |    547 | fdct_zigzag.dct_mod.dct_block_3.dct_unit_7.macu.mult_res\[16\]$_DFFE_PP_/D
    1937* |       3 |     535 |       58 |      5 |    57 |    +0.3% |   -0.209 |      -53.0 |    547 | fdct_zigzag.dct_mod.dct_block_3.dct_unit_7.macu.mult_res\[16\]$_DFFE_PP_/D
    1938* |       3 |     535 |       58 |      5 |    57 |    +0.3% |   -0.209 |      -53.0 |    547 | fdct_zigzag.dct_mod.dct_block_3.dct_unit_7.macu.mult_res\[16\]$_DFFE_PP_/D
    1939* |       3 |     535 |       58 |      5 |    57 |    +0.3% |   -0.209 |      -53.0 |    547 | fdct_zigzag.dct_mod.dct_block_3.dct_unit_7.macu.mult_res\[16\]$_DFFE_PP_/D
    1940* |       3 |     535 |       58 |      5 |    57 |    +0.3% |   -0.209 |      -53.0 |    547 | fdct_zigzag.dct_mod.dct_block_3.dct_unit_7.macu.mult_res\[16\]$_DFFE_PP_/D
    1940* |       3 |     535 |       58 |      5 |    57 |    +0.3% |   -0.209 |      -53.0 |    547 | fdct_zigzag.dct_mod.dct_block_3.dct_unit_7.macu.mult_res\[16\]$_DFFE_PP_/D
    1941* |       3 |     535 |       58 |      5 |    57 |    +0.3% |   -0.209 |      -53.0 |    547 | fdct_zigzag.dct_mod.dct_block_3.dct_unit_7.macu.mult_res\[16\]$_DFFE_PP_/D
    1942* |       3 |     535 |       58 |      5 |    57 |    +0.3% |   -0.209 |      -53.0 |    547 | fdct_zigzag.dct_mod.dct_block_3.dct_unit_7.macu.mult_res\[16\]$_DFFE_PP_/D
    1943* |       3 |     535 |       58 |      5 |    57 |    +0.3% |   -0.209 |      -53.0 |    547 | fdct_zigzag.dct_mod.dct_block_3.dct_unit_7.macu.mult_res\[16\]$_DFFE_PP_/D
    1944* |       3 |     535 |       58 |      5 |    57 |    +0.3% |   -0.209 |      -53.0 |    547 | fdct_zigzag.dct_mod.dct_block_3.dct_unit_7.macu.mult_res\[16\]$_DFFE_PP_/D
    1945* |       3 |     535 |       58 |      5 |    57 |    +0.3% |   -0.209 |      -53.0 |    547 | fdct_zigzag.dct_mod.dct_block_3.dct_unit_7.macu.mult_res\[16\]$_DFFE_PP_/D
    1946* |       3 |     535 |       58 |      5 |    57 |    +0.3% |   -0.209 |      -53.0 |    547 | fdct_zigzag.dct_mod.dct_block_3.dct_unit_7.macu.mult_res\[16\]$_DFFE_PP_/D
    1947* |       3 |     535 |       58 |      5 |    57 |    +0.3% |   -0.209 |      -53.0 |    547 | fdct_zigzag.dct_mod.dct_block_3.dct_unit_7.macu.mult_res\[16\]$_DFFE_PP_/D
    1948* |       3 |     535 |       58 |      5 |    57 |    +0.3% |   -0.209 |      -53.0 |    547 | fdct_zigzag.dct_mod.dct_block_3.dct_unit_7.macu.mult_res\[16\]$_DFFE_PP_/D
    1949* |       3 |     535 |       58 |      5 |    57 |    +0.3% |   -0.209 |      -53.0 |    547 | fdct_zigzag.dct_mod.dct_block_3.dct_unit_7.macu.mult_res\[16\]$_DFFE_PP_/D
    1950* |       3 |     535 |       58 |      5 |    57 |    +0.3% |   -0.209 |      -53.0 |    547 | fdct_zigzag.dct_mod.dct_block_3.dct_unit_7.macu.mult_res\[16\]$_DFFE_PP_/D
    1950* |       3 |     535 |       58 |      5 |    57 |    +0.3% |   -0.209 |      -53.0 |    547 | fdct_zigzag.dct_mod.dct_block_3.dct_unit_7.macu.mult_res\[16\]$_DFFE_PP_/D
    1951* |       3 |     535 |       58 |      5 |    57 |    +0.3% |   -0.209 |      -53.0 |    547 | fdct_zigzag.dct_mod.dct_block_3.dct_unit_7.macu.mult_res\[16\]$_DFFE_PP_/D
    1952* |       3 |     535 |       58 |      5 |    57 |    +0.3% |   -0.209 |      -53.0 |    547 | fdct_zigzag.dct_mod.dct_block_3.dct_unit_7.macu.mult_res\[16\]$_DFFE_PP_/D
    1953* |       3 |     535 |       58 |      5 |    57 |    +0.3% |   -0.209 |      -53.0 |    547 | fdct_zigzag.dct_mod.dct_block_3.dct_unit_7.macu.mult_res\[16\]$_DFFE_PP_/D
    1957* |       3 |     538 |       58 |      5 |    57 |    +0.3% |   -0.209 |      -53.0 |    547 | fdct_zigzag.dct_mod.dct_block_3.dct_unit_7.macu.mult_res\[16\]$_DFFE_PP_/D
    1958* |       3 |     538 |       58 |      5 |    57 |    +0.3% |   -0.209 |      -53.0 |    547 | fdct_zigzag.dct_mod.dct_block_3.dct_unit_7.macu.mult_res\[16\]$_DFFE_PP_/D
    1959* |       3 |     538 |       58 |      5 |    57 |    +0.3% |   -0.209 |      -53.0 |    547 | fdct_zigzag.dct_mod.dct_block_3.dct_unit_7.macu.mult_res\[16\]$_DFFE_PP_/D
    1960* |       3 |     538 |       58 |      5 |    57 |    +0.3% |   -0.209 |      -53.0 |    547 | fdct_zigzag.dct_mod.dct_block_3.dct_unit_7.macu.mult_res\[16\]$_DFFE_PP_/D
    1960* |       3 |     538 |       58 |      5 |    57 |    +0.3% |   -0.209 |      -53.0 |    547 | fdct_zigzag.dct_mod.dct_block_3.dct_unit_7.macu.mult_res\[16\]$_DFFE_PP_/D
    1961* |       3 |     538 |       58 |      5 |    57 |    +0.3% |   -0.209 |      -53.0 |    547 | fdct_zigzag.dct_mod.dct_block_3.dct_unit_7.macu.mult_res\[16\]$_DFFE_PP_/D
    1962* |       3 |     538 |       58 |      5 |    57 |    +0.3% |   -0.209 |      -53.0 |    547 | fdct_zigzag.dct_mod.dct_block_3.dct_unit_7.macu.mult_res\[16\]$_DFFE_PP_/D
    1963* |       3 |     538 |       58 |      5 |    57 |    +0.3% |   -0.209 |      -53.0 |    547 | fdct_zigzag.dct_mod.dct_block_3.dct_unit_7.macu.mult_res\[16\]$_DFFE_PP_/D
    1964* |       3 |     538 |       58 |      5 |    57 |    +0.3% |   -0.209 |      -53.0 |    547 | fdct_zigzag.dct_mod.dct_block_3.dct_unit_7.macu.mult_res\[16\]$_DFFE_PP_/D
    1965* |       3 |     538 |       58 |      5 |    57 |    +0.3% |   -0.209 |      -53.0 |    547 | fdct_zigzag.dct_mod.dct_block_3.dct_unit_7.macu.mult_res\[16\]$_DFFE_PP_/D
    1966* |       3 |     538 |       58 |      5 |    57 |    +0.3% |   -0.209 |      -53.0 |    547 | fdct_zigzag.dct_mod.dct_block_3.dct_unit_7.macu.mult_res\[16\]$_DFFE_PP_/D
    1967* |       3 |     538 |       58 |      5 |    57 |    +0.3% |   -0.209 |      -53.0 |    547 | fdct_zigzag.dct_mod.dct_block_3.dct_unit_7.macu.mult_res\[16\]$_DFFE_PP_/D
    1968* |       3 |     538 |       58 |      5 |    57 |    +0.3% |   -0.209 |      -53.0 |    547 | fdct_zigzag.dct_mod.dct_block_3.dct_unit_7.macu.mult_res\[16\]$_DFFE_PP_/D
    1969* |       3 |     538 |       58 |      5 |    57 |    +0.3% |   -0.209 |      -53.0 |    547 | fdct_zigzag.dct_mod.dct_block_3.dct_unit_7.macu.mult_res\[16\]$_DFFE_PP_/D
    1970* |       3 |     538 |       58 |      5 |    57 |    +0.3% |   -0.209 |      -53.0 |    547 | fdct_zigzag.dct_mod.dct_block_3.dct_unit_7.macu.mult_res\[16\]$_DFFE_PP_/D
    1970* |       3 |     538 |       58 |      5 |    57 |    +0.3% |   -0.209 |      -53.0 |    547 | fdct_zigzag.dct_mod.dct_block_3.dct_unit_7.macu.mult_res\[16\]$_DFFE_PP_/D
    1971* |       3 |     538 |       58 |      5 |    57 |    +0.3% |   -0.209 |      -53.0 |    547 | fdct_zigzag.dct_mod.dct_block_3.dct_unit_7.macu.mult_res\[16\]$_DFFE_PP_/D
    1972* |       3 |     538 |       58 |      5 |    57 |    +0.3% |   -0.209 |      -53.0 |    547 | fdct_zigzag.dct_mod.dct_block_3.dct_unit_7.macu.mult_res\[16\]$_DFFE_PP_/D
    1973* |       3 |     538 |       58 |      5 |    57 |    +0.3% |   -0.209 |      -53.0 |    547 | fdct_zigzag.dct_mod.dct_block_3.dct_unit_7.macu.mult_res\[16\]$_DFFE_PP_/D
    1974* |       3 |     538 |       58 |      5 |    57 |    +0.3% |   -0.209 |      -53.0 |    547 | fdct_zigzag.dct_mod.dct_block_3.dct_unit_7.macu.mult_res\[16\]$_DFFE_PP_/D
    1975* |       3 |     538 |       58 |      5 |    57 |    +0.3% |   -0.209 |      -53.0 |    547 | fdct_zigzag.dct_mod.dct_block_3.dct_unit_7.macu.mult_res\[16\]$_DFFE_PP_/D
    1976* |       3 |     538 |       58 |      5 |    57 |    +0.3% |   -0.209 |      -53.0 |    547 | fdct_zigzag.dct_mod.dct_block_3.dct_unit_7.macu.mult_res\[16\]$_DFFE_PP_/D
    1977* |       3 |     538 |       58 |      5 |    57 |    +0.3% |   -0.209 |      -53.0 |    547 | fdct_zigzag.dct_mod.dct_block_3.dct_unit_7.macu.mult_res\[16\]$_DFFE_PP_/D
    1978* |       3 |     538 |       58 |      5 |    57 |    +0.3% |   -0.209 |      -53.0 |    547 | fdct_zigzag.dct_mod.dct_block_3.dct_unit_7.macu.mult_res\[16\]$_DFFE_PP_/D
    1979* |       3 |     538 |       58 |      5 |    57 |    +0.3% |   -0.209 |      -53.0 |    547 | fdct_zigzag.dct_mod.dct_block_3.dct_unit_7.macu.mult_res\[16\]$_DFFE_PP_/D
    1980* |       3 |     538 |       58 |      5 |    57 |    +0.3% |   -0.209 |      -53.0 |    547 | fdct_zigzag.dct_mod.dct_block_3.dct_unit_7.macu.mult_res\[16\]$_DFFE_PP_/D
    1981* |       3 |     539 |       58 |      5 |    57 |    +0.3% |   -0.209 |      -52.9 |    547 | fdct_zigzag.dct_mod.dct_block_3.dct_unit_7.macu.mult_res\[16\]$_DFFE_PP_/D
    1982* |       3 |     539 |       58 |      5 |    57 |    +0.3% |   -0.209 |      -52.9 |    547 | fdct_zigzag.dct_mod.dct_block_3.dct_unit_7.macu.mult_res\[16\]$_DFFE_PP_/D
    1985* |       3 |     541 |       58 |      5 |    57 |    +0.3% |   -0.209 |      -52.9 |    547 | fdct_zigzag.dct_mod.dct_block_3.dct_unit_7.macu.mult_res\[16\]$_DFFE_PP_/D
    1987* |       3 |     542 |       58 |      5 |    57 |    +0.3% |   -0.209 |      -52.9 |    547 | fdct_zigzag.dct_mod.dct_block_3.dct_unit_7.macu.mult_res\[16\]$_DFFE_PP_/D
    1988* |       3 |     542 |       58 |      5 |    57 |    +0.3% |   -0.209 |      -52.9 |    547 | fdct_zigzag.dct_mod.dct_block_3.dct_unit_7.macu.mult_res\[16\]$_DFFE_PP_/D
    1989* |       3 |     542 |       58 |      5 |    57 |    +0.3% |   -0.209 |      -52.9 |    547 | fdct_zigzag.dct_mod.dct_block_3.dct_unit_7.macu.mult_res\[16\]$_DFFE_PP_/D
    1990* |       3 |     542 |       58 |      5 |    57 |    +0.3% |   -0.209 |      -52.9 |    547 | fdct_zigzag.dct_mod.dct_block_3.dct_unit_7.macu.mult_res\[16\]$_DFFE_PP_/D
    1990* |       3 |     542 |       58 |      5 |    57 |    +0.3% |   -0.209 |      -52.9 |    547 | fdct_zigzag.dct_mod.dct_block_3.dct_unit_7.macu.mult_res\[16\]$_DFFE_PP_/D
    1991* |       3 |     542 |       58 |      5 |    57 |    +0.3% |   -0.209 |      -52.9 |    547 | fdct_zigzag.dct_mod.dct_block_3.dct_unit_7.macu.mult_res\[16\]$_DFFE_PP_/D
    1992* |       3 |     542 |       58 |      5 |    57 |    +0.3% |   -0.209 |      -52.9 |    547 | fdct_zigzag.dct_mod.dct_block_3.dct_unit_7.macu.mult_res\[16\]$_DFFE_PP_/D
    1993* |       3 |     542 |       58 |      5 |    57 |    +0.3% |   -0.209 |      -52.9 |    547 | fdct_zigzag.dct_mod.dct_block_3.dct_unit_7.macu.mult_res\[16\]$_DFFE_PP_/D
    1995* |       3 |     543 |       58 |      5 |    57 |    +0.3% |   -0.209 |      -52.9 |    547 | fdct_zigzag.dct_mod.dct_block_3.dct_unit_7.macu.mult_res\[16\]$_DFFE_PP_/D
    1996* |       3 |     543 |       58 |      5 |    57 |    +0.3% |   -0.209 |      -52.9 |    547 | fdct_zigzag.dct_mod.dct_block_3.dct_unit_7.macu.mult_res\[16\]$_DFFE_PP_/D
    1997* |       3 |     543 |       58 |      5 |    57 |    +0.3% |   -0.209 |      -52.9 |    547 | fdct_zigzag.dct_mod.dct_block_3.dct_unit_7.macu.mult_res\[16\]$_DFFE_PP_/D
    1998* |       3 |     543 |       58 |      5 |    57 |    +0.3% |   -0.209 |      -52.9 |    547 | fdct_zigzag.dct_mod.dct_block_3.dct_unit_7.macu.mult_res\[16\]$_DFFE_PP_/D
    1999* |       3 |     543 |       58 |      5 |    57 |    +0.3% |   -0.209 |      -52.9 |    547 | fdct_zigzag.dct_mod.dct_block_3.dct_unit_7.macu.mult_res\[16\]$_DFFE_PP_/D
    2000* |       3 |     543 |       58 |      5 |    57 |    +0.3% |   -0.209 |      -52.9 |    547 | fdct_zigzag.dct_mod.dct_block_3.dct_unit_7.macu.mult_res\[16\]$_DFFE_PP_/D
    2001* |       3 |     543 |       58 |      5 |    57 |    +0.3% |   -0.209 |      -52.9 |    547 | fdct_zigzag.dct_mod.dct_block_3.dct_unit_7.macu.mult_res\[16\]$_DFFE_PP_/D
    2002* |       3 |     543 |       58 |      5 |    57 |    +0.3% |   -0.209 |      -52.9 |    547 | fdct_zigzag.dct_mod.dct_block_3.dct_unit_7.macu.mult_res\[16\]$_DFFE_PP_/D
    2003* |       3 |     543 |       58 |      5 |    57 |    +0.3% |   -0.209 |      -52.9 |    547 | fdct_zigzag.dct_mod.dct_block_3.dct_unit_7.macu.mult_res\[16\]$_DFFE_PP_/D
    2004* |       3 |     543 |       58 |      5 |    57 |    +0.3% |   -0.209 |      -52.9 |    547 | fdct_zigzag.dct_mod.dct_block_3.dct_unit_7.macu.mult_res\[16\]$_DFFE_PP_/D
    2005* |       3 |     543 |       58 |      5 |    57 |    +0.3% |   -0.209 |      -52.9 |    547 | fdct_zigzag.dct_mod.dct_block_3.dct_unit_7.macu.mult_res\[16\]$_DFFE_PP_/D
    2006* |       3 |     543 |       58 |      5 |    57 |    +0.3% |   -0.209 |      -52.9 |    547 | fdct_zigzag.dct_mod.dct_block_3.dct_unit_7.macu.mult_res\[16\]$_DFFE_PP_/D
    2010* |       3 |     546 |       58 |      5 |    57 |    +0.3% |   -0.209 |      -52.9 |    547 | fdct_zigzag.dct_mod.dct_block_3.dct_unit_7.macu.mult_res\[16\]$_DFFE_PP_/D
    2010* |       3 |     546 |       58 |      5 |    57 |    +0.3% |   -0.209 |      -52.9 |    547 | fdct_zigzag.dct_mod.dct_block_3.dct_unit_7.macu.mult_res\[16\]$_DFFE_PP_/D
    2011* |       3 |     546 |       58 |      5 |    57 |    +0.3% |   -0.209 |      -52.9 |    547 | fdct_zigzag.dct_mod.dct_block_3.dct_unit_7.macu.mult_res\[16\]$_DFFE_PP_/D
    2012* |       3 |     546 |       58 |      5 |    57 |    +0.3% |   -0.209 |      -52.9 |    547 | fdct_zigzag.dct_mod.dct_block_3.dct_unit_7.macu.mult_res\[16\]$_DFFE_PP_/D
    2013* |       3 |     546 |       58 |      5 |    57 |    +0.3% |   -0.209 |      -52.9 |    547 | fdct_zigzag.dct_mod.dct_block_3.dct_unit_7.macu.mult_res\[16\]$_DFFE_PP_/D
    2017* |       3 |     549 |       58 |      5 |    57 |    +0.3% |   -0.209 |      -52.8 |    547 | fdct_zigzag.dct_mod.dct_block_3.dct_unit_7.macu.mult_res\[16\]$_DFFE_PP_/D
    2018* |       3 |     549 |       58 |      5 |    57 |    +0.3% |   -0.209 |      -52.8 |    547 | fdct_zigzag.dct_mod.dct_block_3.dct_unit_7.macu.mult_res\[16\]$_DFFE_PP_/D
    2019* |       3 |     549 |       58 |      5 |    57 |    +0.3% |   -0.209 |      -52.8 |    547 | fdct_zigzag.dct_mod.dct_block_3.dct_unit_7.macu.mult_res\[16\]$_DFFE_PP_/D
    2020* |       3 |     549 |       58 |      5 |    57 |    +0.3% |   -0.209 |      -52.8 |    547 | fdct_zigzag.dct_mod.dct_block_3.dct_unit_7.macu.mult_res\[16\]$_DFFE_PP_/D
    2020* |       3 |     549 |       58 |      5 |    57 |    +0.3% |   -0.209 |      -52.8 |    547 | fdct_zigzag.dct_mod.dct_block_3.dct_unit_7.macu.mult_res\[16\]$_DFFE_PP_/D
    2023* |       3 |     551 |       58 |      5 |    57 |    +0.3% |   -0.209 |      -52.8 |    547 | fdct_zigzag.dct_mod.dct_block_3.dct_unit_7.macu.mult_res\[16\]$_DFFE_PP_/D
    2024* |       3 |     551 |       58 |      5 |    57 |    +0.3% |   -0.209 |      -52.8 |    547 | fdct_zigzag.dct_mod.dct_block_3.dct_unit_7.macu.mult_res\[16\]$_DFFE_PP_/D
    2026* |       3 |     552 |       58 |      5 |    57 |    +0.3% |   -0.209 |      -52.7 |    547 | fdct_zigzag.dct_mod.dct_block_3.dct_unit_7.macu.mult_res\[16\]$_DFFE_PP_/D
    2027* |       3 |     552 |       58 |      5 |    57 |    +0.3% |   -0.209 |      -52.7 |    547 | fdct_zigzag.dct_mod.dct_block_3.dct_unit_7.macu.mult_res\[16\]$_DFFE_PP_/D
    2028* |       3 |     552 |       58 |      5 |    57 |    +0.3% |   -0.209 |      -52.7 |    547 | fdct_zigzag.dct_mod.dct_block_3.dct_unit_7.macu.mult_res\[16\]$_DFFE_PP_/D
    2029* |       3 |     552 |       58 |      5 |    57 |    +0.3% |   -0.209 |      -52.7 |    547 | fdct_zigzag.dct_mod.dct_block_3.dct_unit_7.macu.mult_res\[16\]$_DFFE_PP_/D
    2030* |       3 |     552 |       58 |      5 |    57 |    +0.3% |   -0.209 |      -52.7 |    547 | fdct_zigzag.dct_mod.dct_block_3.dct_unit_7.macu.mult_res\[16\]$_DFFE_PP_/D
    2030* |       3 |     552 |       58 |      5 |    57 |    +0.3% |   -0.209 |      -52.7 |    547 | fdct_zigzag.dct_mod.dct_block_3.dct_unit_7.macu.mult_res\[16\]$_DFFE_PP_/D
    2031* |       3 |     552 |       58 |      5 |    57 |    +0.3% |   -0.209 |      -52.7 |    547 | fdct_zigzag.dct_mod.dct_block_3.dct_unit_7.macu.mult_res\[16\]$_DFFE_PP_/D
    2033* |       3 |     553 |       58 |      5 |    57 |    +0.3% |   -0.209 |      -52.7 |    547 | fdct_zigzag.dct_mod.dct_block_3.dct_unit_7.macu.mult_res\[16\]$_DFFE_PP_/D
    2034* |       3 |     553 |       58 |      5 |    57 |    +0.3% |   -0.209 |      -52.7 |    547 | fdct_zigzag.dct_mod.dct_block_3.dct_unit_7.macu.mult_res\[16\]$_DFFE_PP_/D
    2037* |       3 |     555 |       58 |      5 |    57 |    +0.3% |   -0.209 |      -52.6 |    547 | fdct_zigzag.dct_mod.dct_block_3.dct_unit_7.macu.mult_res\[16\]$_DFFE_PP_/D
    2038* |       3 |     555 |       58 |      5 |    57 |    +0.3% |   -0.209 |      -52.6 |    547 | fdct_zigzag.dct_mod.dct_block_3.dct_unit_7.macu.mult_res\[16\]$_DFFE_PP_/D
    2039* |       3 |     555 |       58 |      5 |    57 |    +0.3% |   -0.209 |      -52.6 |    547 | fdct_zigzag.dct_mod.dct_block_3.dct_unit_7.macu.mult_res\[16\]$_DFFE_PP_/D
    2040* |       3 |     555 |       58 |      5 |    57 |    +0.3% |   -0.209 |      -52.6 |    547 | fdct_zigzag.dct_mod.dct_block_3.dct_unit_7.macu.mult_res\[16\]$_DFFE_PP_/D
    2040* |       3 |     555 |       58 |      5 |    57 |    +0.3% |   -0.209 |      -52.6 |    547 | fdct_zigzag.dct_mod.dct_block_3.dct_unit_7.macu.mult_res\[16\]$_DFFE_PP_/D
    2042* |       3 |     556 |       58 |      5 |    57 |    +0.3% |   -0.209 |      -52.6 |    547 | fdct_zigzag.dct_mod.dct_block_3.dct_unit_7.macu.mult_res\[16\]$_DFFE_PP_/D
    2043* |       3 |     556 |       58 |      5 |    57 |    +0.3% |   -0.209 |      -52.6 |    547 | fdct_zigzag.dct_mod.dct_block_3.dct_unit_7.macu.mult_res\[16\]$_DFFE_PP_/D
    2044* |       3 |     556 |       58 |      5 |    57 |    +0.3% |   -0.209 |      -52.6 |    547 | fdct_zigzag.dct_mod.dct_block_3.dct_unit_7.macu.mult_res\[16\]$_DFFE_PP_/D
    2045* |       3 |     556 |       58 |      5 |    57 |    +0.3% |   -0.209 |      -52.6 |    547 | fdct_zigzag.dct_mod.dct_block_3.dct_unit_7.macu.mult_res\[16\]$_DFFE_PP_/D
    2047* |       3 |     557 |       58 |      5 |    57 |    +0.3% |   -0.209 |      -52.6 |    547 | fdct_zigzag.dct_mod.dct_block_3.dct_unit_7.macu.mult_res\[16\]$_DFFE_PP_/D
    2048* |       3 |     557 |       58 |      5 |    57 |    +0.3% |   -0.209 |      -52.6 |    547 | fdct_zigzag.dct_mod.dct_block_3.dct_unit_7.macu.mult_res\[16\]$_DFFE_PP_/D
    2049* |       3 |     557 |       58 |      5 |    57 |    +0.3% |   -0.209 |      -52.6 |    547 | fdct_zigzag.dct_mod.dct_block_3.dct_unit_7.macu.mult_res\[16\]$_DFFE_PP_/D
    2050* |       3 |     557 |       58 |      5 |    57 |    +0.3% |   -0.209 |      -52.6 |    547 | fdct_zigzag.dct_mod.dct_block_3.dct_unit_7.macu.mult_res\[16\]$_DFFE_PP_/D
    2050* |       3 |     557 |       58 |      5 |    57 |    +0.3% |   -0.209 |      -52.6 |    547 | fdct_zigzag.dct_mod.dct_block_3.dct_unit_7.macu.mult_res\[16\]$_DFFE_PP_/D
    2053* |       3 |     559 |       58 |      5 |    57 |    +0.3% |   -0.209 |      -52.6 |    547 | fdct_zigzag.dct_mod.dct_block_3.dct_unit_7.macu.mult_res\[16\]$_DFFE_PP_/D
    2057* |       3 |     562 |       58 |      5 |    57 |    +0.3% |   -0.209 |      -52.5 |    547 | fdct_zigzag.dct_mod.dct_block_3.dct_unit_7.macu.mult_res\[16\]$_DFFE_PP_/D
    2058* |       3 |     562 |       58 |      5 |    57 |    +0.3% |   -0.209 |      -52.5 |    547 | fdct_zigzag.dct_mod.dct_block_3.dct_unit_7.macu.mult_res\[16\]$_DFFE_PP_/D
    2059* |       3 |     562 |       58 |      5 |    57 |    +0.3% |   -0.209 |      -52.5 |    547 | fdct_zigzag.dct_mod.dct_block_3.dct_unit_7.macu.mult_res\[16\]$_DFFE_PP_/D
    2060* |       3 |     562 |       58 |      5 |    57 |    +0.3% |   -0.209 |      -52.5 |    547 | fdct_zigzag.dct_mod.dct_block_3.dct_unit_7.macu.mult_res\[16\]$_DFFE_PP_/D
    2061* |       3 |     563 |       58 |      5 |    57 |    +0.3% |   -0.209 |      -52.4 |    547 | fdct_zigzag.dct_mod.dct_block_3.dct_unit_7.macu.mult_res\[16\]$_DFFE_PP_/D
    2062* |       3 |     563 |       58 |      5 |    57 |    +0.3% |   -0.209 |      -52.4 |    547 | fdct_zigzag.dct_mod.dct_block_3.dct_unit_7.macu.mult_res\[16\]$_DFFE_PP_/D
    2063* |       3 |     563 |       58 |      5 |    57 |    +0.3% |   -0.209 |      -52.4 |    547 | fdct_zigzag.dct_mod.dct_block_3.dct_unit_7.macu.mult_res\[16\]$_DFFE_PP_/D
    2064* |       3 |     563 |       58 |      5 |    57 |    +0.3% |   -0.209 |      -52.4 |    547 | fdct_zigzag.dct_mod.dct_block_3.dct_unit_7.macu.mult_res\[16\]$_DFFE_PP_/D
    2065* |       3 |     563 |       58 |      5 |    57 |    +0.3% |   -0.209 |      -52.4 |    547 | fdct_zigzag.dct_mod.dct_block_3.dct_unit_7.macu.mult_res\[16\]$_DFFE_PP_/D
    2068* |       3 |     565 |       58 |      5 |    57 |    +0.3% |   -0.209 |      -52.4 |    547 | fdct_zigzag.dct_mod.dct_block_3.dct_unit_7.macu.mult_res\[16\]$_DFFE_PP_/D
    2069* |       3 |     565 |       58 |      5 |    57 |    +0.3% |   -0.209 |      -52.4 |    547 | fdct_zigzag.dct_mod.dct_block_3.dct_unit_7.macu.mult_res\[16\]$_DFFE_PP_/D
    2070* |       3 |     565 |       58 |      5 |    57 |    +0.3% |   -0.209 |      -52.4 |    547 | fdct_zigzag.dct_mod.dct_block_3.dct_unit_7.macu.mult_res\[16\]$_DFFE_PP_/D
    2070* |       3 |     565 |       58 |      5 |    57 |    +0.3% |   -0.209 |      -52.4 |    547 | fdct_zigzag.dct_mod.dct_block_3.dct_unit_7.macu.mult_res\[16\]$_DFFE_PP_/D
    2071* |       3 |     565 |       58 |      5 |    57 |    +0.3% |   -0.209 |      -52.4 |    547 | fdct_zigzag.dct_mod.dct_block_3.dct_unit_7.macu.mult_res\[16\]$_DFFE_PP_/D
    2072* |       3 |     565 |       58 |      5 |    57 |    +0.3% |   -0.209 |      -52.4 |    547 | fdct_zigzag.dct_mod.dct_block_3.dct_unit_7.macu.mult_res\[16\]$_DFFE_PP_/D
    2074* |       3 |     566 |       58 |      5 |    57 |    +0.3% |   -0.209 |      -52.4 |    547 | fdct_zigzag.dct_mod.dct_block_3.dct_unit_7.macu.mult_res\[16\]$_DFFE_PP_/D
    2075* |       3 |     566 |       58 |      5 |    57 |    +0.3% |   -0.209 |      -52.4 |    547 | fdct_zigzag.dct_mod.dct_block_3.dct_unit_7.macu.mult_res\[16\]$_DFFE_PP_/D
    2076* |       3 |     566 |       58 |      5 |    57 |    +0.3% |   -0.209 |      -52.4 |    547 | fdct_zigzag.dct_mod.dct_block_3.dct_unit_7.macu.mult_res\[16\]$_DFFE_PP_/D
    2077* |       3 |     566 |       58 |      5 |    57 |    +0.3% |   -0.209 |      -52.4 |    547 | fdct_zigzag.dct_mod.dct_block_3.dct_unit_7.macu.mult_res\[16\]$_DFFE_PP_/D
    2078* |       3 |     566 |       58 |      5 |    57 |    +0.3% |   -0.209 |      -52.4 |    547 | fdct_zigzag.dct_mod.dct_block_3.dct_unit_7.macu.mult_res\[16\]$_DFFE_PP_/D
    2080* |       3 |     567 |       58 |      5 |    57 |    +0.3% |   -0.209 |      -52.4 |    547 | fdct_zigzag.dct_mod.dct_block_3.dct_unit_7.macu.mult_res\[16\]$_DFFE_PP_/D
    2083* |       3 |     570 |       58 |      5 |    57 |    +0.3% |   -0.209 |      -52.4 |    547 | fdct_zigzag.dct_mod.dct_block_3.dct_unit_7.macu.mult_res\[16\]$_DFFE_PP_/D
    2084* |       3 |     570 |       58 |      5 |    57 |    +0.3% |   -0.209 |      -52.4 |    547 | fdct_zigzag.dct_mod.dct_block_3.dct_unit_7.macu.mult_res\[16\]$_DFFE_PP_/D
    2085* |       3 |     570 |       58 |      5 |    57 |    +0.3% |   -0.209 |      -52.4 |    547 | fdct_zigzag.dct_mod.dct_block_3.dct_unit_7.macu.mult_res\[16\]$_DFFE_PP_/D
    2086* |       3 |     570 |       58 |      5 |    57 |    +0.3% |   -0.209 |      -52.4 |    547 | fdct_zigzag.dct_mod.dct_block_3.dct_unit_7.macu.mult_res\[16\]$_DFFE_PP_/D
    2087* |       3 |     570 |       58 |      5 |    57 |    +0.3% |   -0.209 |      -52.4 |    547 | fdct_zigzag.dct_mod.dct_block_3.dct_unit_7.macu.mult_res\[16\]$_DFFE_PP_/D
    2088* |       3 |     570 |       58 |      5 |    57 |    +0.3% |   -0.209 |      -52.4 |    547 | fdct_zigzag.dct_mod.dct_block_3.dct_unit_7.macu.mult_res\[16\]$_DFFE_PP_/D
    2090* |       3 |     571 |       58 |      5 |    57 |    +0.3% |   -0.209 |      -52.3 |    547 | fdct_zigzag.dct_mod.dct_block_3.dct_unit_7.macu.mult_res\[16\]$_DFFE_PP_/D
    2093* |       3 |     574 |       58 |      5 |    57 |    +0.3% |   -0.209 |      -52.2 |    547 | fdct_zigzag.dct_mod.dct_block_3.dct_unit_7.macu.mult_res\[16\]$_DFFE_PP_/D
    2094* |       3 |     574 |       58 |      5 |    57 |    +0.3% |   -0.209 |      -52.2 |    547 | fdct_zigzag.dct_mod.dct_block_3.dct_unit_7.macu.mult_res\[16\]$_DFFE_PP_/D
    2095* |       3 |     574 |       58 |      5 |    57 |    +0.3% |   -0.209 |      -52.2 |    547 | fdct_zigzag.dct_mod.dct_block_3.dct_unit_7.macu.mult_res\[16\]$_DFFE_PP_/D
    2096* |       3 |     574 |       58 |      5 |    57 |    +0.3% |   -0.209 |      -52.2 |    547 | fdct_zigzag.dct_mod.dct_block_3.dct_unit_7.macu.mult_res\[16\]$_DFFE_PP_/D
    2097* |       3 |     574 |       58 |      5 |    57 |    +0.3% |   -0.209 |      -52.2 |    547 | fdct_zigzag.dct_mod.dct_block_3.dct_unit_7.macu.mult_res\[16\]$_DFFE_PP_/D
    2098* |       3 |     574 |       58 |      5 |    57 |    +0.3% |   -0.209 |      -52.2 |    547 | fdct_zigzag.dct_mod.dct_block_3.dct_unit_7.macu.mult_res\[16\]$_DFFE_PP_/D
    2100* |       3 |     575 |       58 |      5 |    57 |    +0.3% |   -0.209 |      -52.2 |    547 | fdct_zigzag.dct_mod.dct_block_3.dct_unit_7.macu.mult_res\[16\]$_DFFE_PP_/D
    final |       3 |     575 |       58 |      5 |    57 |    +0.3% |   -0.209 |      -52.2 |    547 | fdct_zigzag.dct_mod.dct_block_3.dct_unit_7.macu.mult_res\[16\]$_DFFE_PP_/D
--------------------------------------------------------------------------------------------------------------
[INFO RSZ-0059] Removed 3 buffers.
[INFO RSZ-0040] Inserted 20 buffers.
[INFO RSZ-0041] Resized 575 instances.
[INFO RSZ-0043] Swapped pins on 57 instances.
[INFO RSZ-0049] Cloned 5 instances.
[WARNING RSZ-0062] Unable to repair all setup violations.
[INFO RSZ-0046] Found 81 endpoints with hold violations.
Iteration | Resized | Buffers | Cloned Gates |   Area   |   WNS   |   TNS   | Endpoint
--------------------------------------------------------------------------------------
        0 |       0 |       0 |            0 |    +0.0% |  -0.275 | -16.300 | rle.rz3.den$_DFFE_PN0P_/RN
       10 |       2 |      11 |            0 |    +0.0% |  -0.049 |  -0.536 | qnr.divider.id\[2\]$_DFFE_PP_/D
       20 |       2 |      11 |            0 |    +0.0% |  -0.049 |  -0.536 | qnr.divider.id\[2\]$_DFFE_PP_/D
       30 |       2 |      11 |            0 |    +0.0% |  -0.049 |  -0.536 | qnr.divider.id\[2\]$_DFFE_PP_/D
       40 |       2 |      11 |            0 |    +0.0% |  -0.049 |  -0.536 | qnr.divider.id\[2\]$_DFFE_PP_/D
       50 |       2 |      11 |            0 |    +0.0% |  -0.049 |  -0.536 | qnr.divider.id\[2\]$_DFFE_PP_/D
       60 |       2 |      11 |            0 |    +0.0% |  -0.049 |  -0.536 | qnr.divider.id\[2\]$_DFFE_PP_/D
       70 |       2 |      19 |            0 |    +0.0% |  -0.047 |  -0.345 | qnr.divider.id\[7\]$_DFFE_PP_/D
       80 |       2 |      35 |            0 |    +0.0% |  -0.014 |  -0.018 | fdct_zigzag.dct_mod.ddin\[3\]$_DFFE_PN0P_/D
    final |       2 |      37 |            0 |    +0.0% |   0.001 |   0.000 | fdct_zigzag.dct_mod.ddin\[7\]$_DFFE_PN0P_/D
--------------------------------------------------------------------------------------
[INFO RSZ-0032] Inserted 37 hold buffers.
Took 84 seconds: repair_timing -verbose -setup_margin 0 -hold_margin 0 -repair_tns 100
Placement Analysis
---------------------------------
total displacement        536.7 u
average displacement        0.0 u
max displacement            5.1 u
original HPWL          940007.0 u
legalized HPWL         940489.5 u
delta HPWL                    0 %

Report metrics stage 4, cts final...

==========================================================================
cts final report_design_area
--------------------------------------------------------------------------
Design area 97883 u^2 49% utilization.
Elapsed time: 1:43.60[h:]min:sec. CPU time: user 318.18 sys 814.13 (1092%). Peak memory: 781460KB.
