OpenROAD v2.0-19576-gec1bf1a13 
Features included (+) or not (-): +GPU +GUI +Python : None
This program is licensed under the BSD-3 license. See the LICENSE file for details.
Components of this program may be licensed under more restrictive licenses which must be honored.
[INFO ORD-0030] Using 32 thread(s).
source /ml_placer/flow/platforms/nangate45/fastroute.tcl
[INFO DRT-0149] Reading tech and libs.

Units:                2000
Number of layers:     21
Number of macros:     135
Number of vias:       33
Number of viarulegen: 19

[INFO DRT-0150] Reading design.

Design:                   jpeg_encoder
Die area:                 ( 0 0 ) ( 897100 897100 )
Number of track patterns: 20
Number of DEF vias:       0
Number of components:     63359
Number of terminals:      47
Number of snets:          2
Number of nets:           73960

[INFO DRT-0167] List of default vias:
  Layer via2
    default via: via2_5
  Layer via3
    default via: via3_2
  Layer via4
    default via: via4_0
  Layer via5
    default via: via5_0
  Layer via6
    default via: via6_0
  Layer via7
    default via: via7_0
  Layer via8
    default via: via8_0
  Layer via9
    default via: via9_0
[INFO DRT-0162] Library cell analysis.
[INFO DRT-0163] Instance analysis.
[INFO DRT-0164] Number of unique instances = 137.
[INFO DRT-0168] Init region query.
[INFO DRT-0024]   Complete active.
[INFO DRT-0024]   Complete Fr_VIA.
[INFO DRT-0024]   Complete metal1.
[INFO DRT-0024]   Complete via1.
[INFO DRT-0024]   Complete metal2.
[INFO DRT-0024]   Complete via2.
[INFO DRT-0024]   Complete metal3.
[INFO DRT-0024]   Complete via3.
[INFO DRT-0024]   Complete metal4.
[INFO DRT-0024]   Complete via4.
[INFO DRT-0024]   Complete metal5.
[INFO DRT-0024]   Complete via5.
[INFO DRT-0024]   Complete metal6.
[INFO DRT-0024]   Complete via6.
[INFO DRT-0024]   Complete metal7.
[INFO DRT-0024]   Complete via7.
[INFO DRT-0024]   Complete metal8.
[INFO DRT-0024]   Complete via8.
[INFO DRT-0024]   Complete metal9.
[INFO DRT-0024]   Complete via9.
[INFO DRT-0024]   Complete metal10.
[INFO DRT-0033] active shape region query size = 0.
[INFO DRT-0033] FR_VIA shape region query size = 0.
[INFO DRT-0033] metal1 shape region query size = 1065090.
[INFO DRT-0033] via1 shape region query size = 7656.
[INFO DRT-0033] metal2 shape region query size = 5104.
[INFO DRT-0033] via2 shape region query size = 7656.
[INFO DRT-0033] metal3 shape region query size = 5104.
[INFO DRT-0033] via3 shape region query size = 7656.
[INFO DRT-0033] metal4 shape region query size = 2808.
[INFO DRT-0033] via4 shape region query size = 2400.
[INFO DRT-0033] metal5 shape region query size = 494.
[INFO DRT-0033] via5 shape region query size = 2400.
[INFO DRT-0033] metal6 shape region query size = 513.
[INFO DRT-0033] via6 shape region query size = 960.
[INFO DRT-0033] metal7 shape region query size = 270.
[INFO DRT-0033] via7 shape region query size = 0.
[INFO DRT-0033] metal8 shape region query size = 0.
[INFO DRT-0033] via8 shape region query size = 0.
[INFO DRT-0033] metal9 shape region query size = 0.
[INFO DRT-0033] via9 shape region query size = 0.
[INFO DRT-0033] metal10 shape region query size = 0.
[INFO DRT-0165] Start pin access.
[INFO DRT-0078]   Complete 759 pins.
[INFO DRT-0079]   Complete 100 unique inst patterns.
[INFO DRT-0081]   Complete 137 unique inst patterns.
[INFO DRT-0082]   Complete 10000 groups.
[INFO DRT-0082]   Complete 20000 groups.
[INFO DRT-0082]   Complete 30000 groups.
[INFO DRT-0084]   Complete 34247 groups.
#scanned instances     = 63359
#unique  instances     = 137
#stdCellGenAp          = 4720
#stdCellValidPlanarAp  = 0
#stdCellValidViaAp     = 3291
#stdCellPinNoAp        = 0
#stdCellPinCnt         = 199785
#instTermValidViaApCnt = 0
#macroGenAp            = 0
#macroValidPlanarAp    = 0
#macroValidViaAp       = 0
#macroNoAp             = 0
[INFO DRT-0166] Complete pin access.
[INFO DRT-0267] cpu time = 00:08:48, elapsed time = 00:00:18, memory = 376.84 (MB), peak = 395.49 (MB)
global_route -congestion_report_file ./reports/nangate45/jpeg/base/congestion.rpt -congestion_iterations 30 -congestion_report_iter_step 5 -verbose
[INFO GRT-0020] Min routing layer: metal2
[INFO GRT-0021] Max routing layer: metal10
[INFO GRT-0022] Global adjustment: 0%
[INFO GRT-0023] Grid origin: (0, 0)
[INFO GRT-0043] No OR_DEFAULT vias defined.
[INFO GRT-0088] Layer metal1  Track-Pitch = 0.1400  line-2-Via Pitch: 0.1350
[INFO GRT-0088] Layer metal2  Track-Pitch = 0.1900  line-2-Via Pitch: 0.1400
[INFO GRT-0088] Layer metal3  Track-Pitch = 0.1400  line-2-Via Pitch: 0.1400
[INFO GRT-0088] Layer metal4  Track-Pitch = 0.2800  line-2-Via Pitch: 0.2800
[INFO GRT-0088] Layer metal5  Track-Pitch = 0.2800  line-2-Via Pitch: 0.2800
[INFO GRT-0088] Layer metal6  Track-Pitch = 0.2800  line-2-Via Pitch: 0.2800
[INFO GRT-0088] Layer metal7  Track-Pitch = 0.8000  line-2-Via Pitch: 0.8000
[INFO GRT-0088] Layer metal8  Track-Pitch = 0.8000  line-2-Via Pitch: 0.8000
[INFO GRT-0088] Layer metal9  Track-Pitch = 1.6000  line-2-Via Pitch: 1.6000
[INFO GRT-0088] Layer metal10 Track-Pitch = 1.6000  line-2-Via Pitch: 1.6000
[INFO GRT-0003] Macros: 0
[INFO GRT-0043] No OR_DEFAULT vias defined.
[INFO GRT-0004] Blockages: 0
[INFO GRT-0019] Found 718 clock nets.
[INFO GRT-0001] Minimum degree: 2
[INFO GRT-0002] Maximum degree: 37

[INFO GRT-0053] Routing resources analysis:
          Routing      Original      Derated      Resource
Layer     Direction    Resources     Resources    Reduction (%)
---------------------------------------------------------------
metal1     Horizontal          0             0          0.00%
metal2     Vertical       500337        223872          55.26%
metal3     Horizontal     682239        316940          53.54%
metal4     Vertical       318435        219648          31.02%
metal5     Horizontal     318435        225384          29.22%
metal6     Vertical       318435        225936          29.05%
metal7     Horizontal      91164         40692          55.36%
metal8     Vertical        91164         45580          50.00%
metal9     Horizontal      45582         44944          1.40%
metal10    Vertical        45582         44944          1.40%
---------------------------------------------------------------

[INFO GRT-0101] Running extra iterations to remove overflow.
[INFO GRT-0197] Via related to pin nodes: 357425
[INFO GRT-0198] Via related Steiner nodes: 6963
[INFO GRT-0199] Via filling finished.
[INFO GRT-0111] Final number of vias: 461806
[INFO GRT-0112] Final usage 3D: 1897081

[INFO GRT-0096] Final congestion report:
Layer         Resource        Demand        Usage (%)    Max H / Max V / Total Overflow
---------------------------------------------------------------------------------------
metal1               0             0            0.00%             0 /  0 /  0
metal2          223872        114264           51.04%             0 /  0 /  0
metal3          316940        165618           52.26%             0 /  0 /  0
metal4          219648         93414           42.53%             0 /  0 /  0
metal5          225384         83493           37.04%             0 /  0 /  0
metal6          225936         39455           17.46%             0 /  0 /  0
metal7           40692          7709           18.94%             0 /  0 /  0
metal8           45580          1846            4.05%             0 /  0 /  0
metal9           44944          5700           12.68%             0 /  0 /  0
metal10          44944           164            0.36%             0 /  0 /  0
---------------------------------------------------------------------------------------
Total          1387940        511663           36.86%             0 /  0 /  0

[INFO GRT-0018] Total wirelength: 1391142 um
[INFO GRT-0014] Routed nets: 69816
Perform buffer insertion and gate resizing...
repair_design -verbose
[INFO RSZ-0058] Using max wire length 640um.
Iteration |   Area    | Resized | Buffers | Nets repaired | Remaining
---------------------------------------------------------------------
        0 |     +0.0% |       0 |       0 |             0 |     74600
     1000 |     +0.0% |       0 |       0 |             0 |     73600
     2000 |     +0.0% |       0 |       0 |             0 |     72600
     3000 |     +0.0% |       0 |       0 |             0 |     71600
     4000 |     +0.0% |       0 |       0 |             0 |     70600
     5000 |     +0.0% |       0 |       0 |             0 |     69600
     6000 |     +0.0% |       0 |       0 |             0 |     68600
     7000 |     +0.0% |       0 |       0 |             0 |     67600
     8000 |     +0.0% |       0 |       0 |             0 |     66600
     9000 |     +0.0% |       0 |       0 |             0 |     65600
    10000 |     +0.0% |       0 |       0 |             0 |     64600
    11000 |     +0.0% |       0 |       0 |             0 |     63600
    12000 |     +0.0% |       0 |       0 |             0 |     62600
    13000 |     +0.0% |       0 |       0 |             0 |     61600
    14000 |     +0.0% |       0 |       0 |             0 |     60600
    15000 |     +0.0% |       0 |       0 |             0 |     59600
    16000 |     +0.0% |       0 |       0 |             0 |     58600
    17000 |     +0.0% |       0 |       0 |             0 |     57600
    18000 |     +0.0% |       0 |       0 |             0 |     56600
    19000 |     +0.0% |       0 |       0 |             0 |     55600
    20000 |     +0.0% |       0 |       0 |             0 |     54600
    21000 |     +0.0% |       0 |       0 |             0 |     53600
    22000 |     +0.0% |       0 |       0 |             1 |     52600
    23000 |     +0.0% |       0 |       0 |             1 |     51600
    24000 |     +0.0% |       0 |       0 |             1 |     50600
    25000 |     +0.0% |       0 |       0 |             2 |     49600
    26000 |     +0.0% |       0 |       0 |             2 |     48600
    27000 |     +0.0% |       0 |       0 |             2 |     47600
    28000 |     +0.0% |       0 |       0 |             2 |     46600
    29000 |     +0.0% |       0 |       0 |             2 |     45600
    30000 |     +0.0% |       0 |       0 |             2 |     44600
    31000 |     +0.0% |       0 |       0 |             2 |     43600
    32000 |     +0.0% |       0 |       0 |             2 |     42600
    33000 |     +0.0% |       0 |       0 |             2 |     41600
    34000 |     +0.0% |       0 |       0 |             3 |     40600
    35000 |     +0.0% |       0 |       0 |             3 |     39600
    36000 |     +0.0% |       0 |       0 |             3 |     38600
    37000 |     +0.0% |       0 |       0 |             3 |     37600
    38000 |     +0.0% |       0 |       0 |             3 |     36600
    39000 |     +0.0% |       0 |       0 |             3 |     35600
    40000 |     +0.0% |       0 |       0 |             3 |     34600
    41000 |     +0.0% |       0 |       0 |             3 |     33600
    42000 |     +0.0% |       0 |       0 |             3 |     32600
    43000 |     +0.0% |       0 |       0 |             3 |     31600
    44000 |     +0.0% |       0 |       0 |             3 |     30600
    45000 |     +0.0% |       0 |       0 |             3 |     29600
    46000 |     +0.0% |       0 |       0 |             3 |     28600
    47000 |     +0.0% |       0 |       0 |             3 |     27600
    48000 |     +0.0% |       0 |       0 |             3 |     26600
    49000 |     +0.0% |       0 |       0 |             3 |     25600
    50000 |     +0.0% |       0 |       0 |             3 |     24600
    51000 |     +0.0% |       0 |       0 |             3 |     23600
    52000 |     +0.0% |       0 |       0 |             3 |     22600
    53000 |     +0.0% |       0 |       0 |             3 |     21600
    54000 |     +0.0% |       0 |       0 |             3 |     20600
    55000 |     +0.0% |       0 |       0 |             3 |     19600
    56000 |     +0.0% |       0 |       0 |             3 |     18600
    57000 |     +0.0% |       0 |       0 |             3 |     17600
    58000 |     +0.0% |       0 |       0 |             3 |     16600
    59000 |     +0.0% |       0 |       0 |             3 |     15600
    60000 |     +0.0% |       0 |       0 |             3 |     14600
    61000 |     +0.0% |       0 |       0 |             3 |     13600
    62000 |     +0.0% |       0 |       0 |             3 |     12600
    63000 |     +0.0% |       0 |       0 |             3 |     11600
    64000 |     +0.0% |       0 |       0 |             3 |     10600
    65000 |     +0.0% |       0 |       0 |             3 |      9600
    66000 |     +0.0% |       0 |       0 |             3 |      8600
    67000 |     +0.0% |       0 |       0 |             3 |      7600
    68000 |     +0.0% |       0 |       0 |             3 |      6600
    69000 |     +0.0% |       0 |       0 |             3 |      5600
    70000 |     +0.0% |       0 |       0 |             3 |      4600
    71000 |     +0.0% |       0 |       0 |             3 |      3600
    72000 |     +0.0% |       0 |       0 |             3 |      2600
    73000 |     +0.0% |       0 |       0 |             3 |      1600
    74000 |     +0.0% |       0 |       0 |             3 |       600
    final |     +0.0% |       0 |       0 |             3 |         0
---------------------------------------------------------------------
[INFO RSZ-0036] Found 6 capacitance violations.
global_route -start_incremental
detailed_placement
Placement Analysis
---------------------------------
total displacement          0.0 u
average displacement        0.0 u
max displacement            0.0 u
original HPWL          940489.5 u
legalized HPWL         940489.5 u
delta HPWL                    0 %

global_route -end_incremental -congestion_report_file ./reports/nangate45/jpeg/base/congestion_post_repair_design.rpt
Repair setup and hold violations...
repair_timing -verbose -setup_margin 0 -hold_margin 0 -repair_tns 100
[INFO RSZ-0094] Found 428 endpoints with setup violations.
[INFO RSZ-0099] Repairing 428 out of 428 (100.00%) violating endpoints...
   Iter   | Removed | Resized | Inserted | Cloned |  Pin  |   Area   |    WNS   |   TNS      |  Viol  | Worst
          | Buffers |  Gates  | Buffers  |  Gates | Swaps |          |          |            | Endpts | Endpt
--------------------------------------------------------------------------------------------------------------
        0 |       0 |       0 |        0 |      0 |     0 |    +0.0% |   -0.133 |      -21.2 |    428 | fdct_zigzag.dct_mod.dct_block_3.dct_unit_7.macu.mult_res\[16\]$_DFFE_PP_/D
       10 |       1 |       4 |        2 |      0 |     3 |    +0.0% |   -0.123 |      -20.9 |    428 | fdct_zigzag.dct_mod.dct_block_7.dct_unit_6.macu.mult_res\[18\]$_DFFE_PP_/D
       20 |       1 |      13 |        4 |      0 |     3 |    +0.0% |   -0.111 |      -20.7 |    428 | fdct_zigzag.dct_mod.dct_block_1.dct_unit_2.macu.mult_res\[18\]$_DFFE_PP_/D
       30 |       1 |      22 |        4 |      0 |     4 |    +0.0% |   -0.108 |      -20.7 |    428 | fdct_zigzag.dct_mod.dct_block_5.dct_unit_0.macu.mult_res\[16\]$_DFFE_PP_/D
       40 |       1 |      31 |        4 |      1 |     4 |    +0.0% |   -0.104 |      -18.0 |    428 | fdct_zigzag.dct_mod.dct_block_5.dct_unit_0.macu.mult_res\[16\]$_DFFE_PP_/D
       50 |       1 |      40 |        6 |      1 |     4 |    +0.1% |   -0.113 |      -18.0 |    428 | fdct_zigzag.dct_mod.dct_block_5.dct_unit_0.macu.mult_res\[12\]$_DFFE_PP_/D
       60 |       1 |      45 |        6 |      2 |     8 |    +0.1% |   -0.105 |      -17.2 |    428 | fdct_zigzag.dct_mod.dct_block_6.dct_unit_0.macu.mult_res\[18\]$_DFFE_PP_/D
       70 |       1 |      47 |        6 |      2 |    16 |    +0.1% |   -0.143 |      -17.5 |    428 | fdct_zigzag.dct_mod.dct_block_6.dct_unit_0.macu.mult_res\[18\]$_DFFE_PP_/D
       71 |       1 |      43 |        6 |      2 |     6 |    +0.1% |   -0.098 |      -17.2 |    428 | fdct_zigzag.dct_mod.dct_block_6.dct_unit_0.macu.mult_res\[18\]$_DFFE_PP_/D
       80 |       1 |      46 |        6 |      3 |    10 |    +0.1% |   -0.110 |      -17.5 |    428 | fdct_zigzag.dct_mod.dct_block_5.dct_unit_0.macu.mult_res\[12\]$_DFFE_PP_/D
       90 |       1 |      52 |        6 |      3 |    14 |    +0.1% |   -0.125 |      -17.7 |    428 | fdct_zigzag.dct_mod.dct_block_5.dct_unit_0.macu.mult_res\[12\]$_DFFE_PP_/D
       97 |       1 |      47 |        6 |      2 |     6 |    +0.1% |   -0.098 |      -17.2 |    428 | fdct_zigzag.dct_mod.dct_block_6.dct_unit_0.macu.mult_res\[18\]$_DFFE_PP_/D
      100 |       1 |      47 |        8 |      2 |     7 |    +0.1% |   -0.098 |      -17.1 |    428 | fdct_zigzag.dct_mod.dct_block_6.dct_unit_0.macu.mult_res\[18\]$_DFFE_PP_/D
      110 |       1 |      54 |        8 |      2 |    10 |    +0.1% |   -0.098 |      -17.1 |    428 | fdct_zigzag.dct_mod.dct_block_6.dct_unit_0.macu.mult_res\[18\]$_DFFE_PP_/D
      120 |       1 |      62 |        8 |      2 |    12 |    +0.1% |   -0.098 |      -17.1 |    428 | fdct_zigzag.dct_mod.dct_block_6.dct_unit_0.macu.mult_res\[18\]$_DFFE_PP_/D
      130 |       1 |      70 |        8 |      3 |    13 |    +0.1% |   -0.089 |      -14.5 |    428 | fdct_zigzag.dct_mod.dct_block_6.dct_unit_0.macu.mult_res\[18\]$_DFFE_PP_/D
      134 |       1 |      68 |        8 |      3 |    12 |    +0.1% |   -0.089 |      -14.5 |    428 | fdct_zigzag.dct_mod.dct_block_6.dct_unit_0.macu.mult_res\[18\]$_DFFE_PP_/D
      140 |       1 |      73 |        8 |      3 |    12 |    +0.1% |   -0.089 |      -14.4 |    428 | fdct_zigzag.dct_mod.dct_block_6.dct_unit_0.macu.mult_res\[18\]$_DFFE_PP_/D
      150 |       1 |      80 |        8 |      3 |    15 |    +0.1% |   -0.090 |      -14.5 |    428 | fdct_zigzag.dct_mod.dct_block_6.dct_unit_0.macu.mult_res\[18\]$_DFFE_PP_/D
      160 |       1 |      85 |        8 |      4 |    19 |    +0.1% |   -0.096 |      -15.1 |    428 | fdct_zigzag.dct_mod.dct_block_5.dct_unit_0.macu.mult_res\[12\]$_DFFE_PP_/D
      170 |       1 |      90 |        8 |      4 |    24 |    +0.1% |   -0.096 |      -15.1 |    428 | fdct_zigzag.dct_mod.dct_block_5.dct_unit_0.macu.mult_res\[12\]$_DFFE_PP_/D
      180 |       1 |      98 |        8 |      4 |    26 |    +0.1% |   -0.096 |      -15.1 |    428 | fdct_zigzag.dct_mod.dct_block_5.dct_unit_0.macu.mult_res\[12\]$_DFFE_PP_/D
      185 |       1 |      81 |        8 |      3 |    13 |    +0.1% |   -0.089 |      -14.4 |    428 | fdct_zigzag.dct_mod.dct_block_6.dct_unit_0.macu.mult_res\[18\]$_DFFE_PP_/D
      190 |       1 |      84 |        8 |      3 |    14 |    +0.1% |   -0.089 |      -14.4 |    428 | fdct_zigzag.dct_mod.dct_block_6.dct_unit_0.macu.mult_res\[18\]$_DFFE_PP_/D
      200 |       1 |      91 |        8 |      3 |    17 |    +0.1% |   -0.089 |      -14.4 |    428 | fdct_zigzag.dct_mod.dct_block_6.dct_unit_0.macu.mult_res\[18\]$_DFFE_PP_/D
      210 |       1 |      96 |       10 |      3 |    21 |    +0.1% |   -0.090 |      -14.5 |    428 | fdct_zigzag.dct_mod.dct_block_3.dct_unit_2.macu.mult_res\[18\]$_DFFE_PP_/D
      220 |       1 |     103 |       10 |      3 |    24 |    +0.1% |   -0.090 |      -14.6 |    428 | fdct_zigzag.dct_mod.dct_block_3.dct_unit_2.macu.mult_res\[18\]$_DFFE_PP_/D
      221 |       1 |      90 |        9 |      3 |    16 |    +0.1% |   -0.089 |      -14.4 |    428 | fdct_zigzag.dct_mod.dct_block_6.dct_unit_0.macu.mult_res\[18\]$_DFFE_PP_/D
      230 |       1 |      93 |        9 |      3 |    21 |    +0.1% |   -0.090 |      -14.4 |    428 | fdct_zigzag.dct_mod.dct_block_6.dct_unit_0.macu.mult_res\[18\]$_DFFE_PP_/D
      240 |       1 |      99 |       11 |      4 |    23 |    +0.1% |   -0.093 |      -14.6 |    428 | fdct_zigzag.dct_mod.dct_block_5.dct_unit_0.macu.mult_res\[12\]$_DFFE_PP_/D
      240 |       1 |      93 |       10 |      3 |    16 |    +0.1% |   -0.088 |      -13.5 |    428 | fdct_zigzag.dct_mod.dct_block_5.dct_unit_0.macu.mult_res\[12\]$_DFFE_PP_/D
      250 |       3 |      99 |       12 |      3 |    16 |    +0.1% |   -0.091 |      -13.6 |    428 | fdct_zigzag.dct_mod.dct_block_5.dct_unit_0.macu.mult_res\[12\]$_DFFE_PP_/D
      260 |       3 |     104 |       12 |      4 |    20 |    +0.1% |   -0.090 |      -13.7 |    428 | fdct_zigzag.dct_mod.dct_block_5.dct_unit_0.macu.mult_res\[12\]$_DFFE_PP_/D
      270 |       3 |     110 |       14 |      4 |    23 |    +0.1% |   -0.090 |      -13.8 |    428 | fdct_zigzag.dct_mod.dct_block_5.dct_unit_0.macu.mult_res\[12\]$_DFFE_PP_/D
      274 |       3 |      99 |       13 |      3 |    16 |    +0.1% |   -0.088 |      -13.4 |    428 | fdct_zigzag.dct_mod.dct_block_5.dct_unit_0.macu.mult_res\[12\]$_DFFE_PP_/D
      280 |       4 |     102 |       15 |      3 |    16 |    +0.1% |   -0.088 |      -13.4 |    428 | fdct_zigzag.dct_mod.dct_block_5.dct_unit_0.macu.mult_res\[12\]$_DFFE_PP_/D
      290 |       5 |     109 |       19 |      3 |    16 |    +0.1% |   -0.097 |      -13.4 |    428 | fdct_zigzag.dct_mod.dct_block_3.dct_unit_2.macu.mult_res\[18\]$_DFFE_PP_/D
      300 |       5 |     112 |       19 |      3 |    23 |    +0.1% |   -0.123 |      -13.6 |    428 | fdct_zigzag.dct_mod.dct_block_3.dct_unit_2.macu.mult_res\[18\]$_DFFE_PP_/D
      304 |       4 |     105 |       17 |      3 |    16 |    +0.1% |   -0.088 |      -13.3 |    428 | fdct_zigzag.dct_mod.dct_block_5.dct_unit_0.macu.mult_res\[12\]$_DFFE_PP_/D
      310 |       4 |     109 |       17 |      3 |    17 |    +0.1% |   -0.088 |      -13.3 |    428 | fdct_zigzag.dct_mod.dct_block_5.dct_unit_0.macu.mult_res\[12\]$_DFFE_PP_/D
      318 |       4 |     106 |       17 |      3 |    16 |    +0.1% |   -0.088 |      -13.3 |    428 | fdct_zigzag.dct_mod.dct_block_5.dct_unit_0.macu.mult_res\[12\]$_DFFE_PP_/D
      320 |       4 |     107 |       17 |      3 |    16 |    +0.1% |   -0.088 |      -13.3 |    428 | fdct_zigzag.dct_mod.dct_block_5.dct_unit_0.macu.mult_res\[12\]$_DFFE_PP_/D
      330 |       5 |     115 |       19 |      3 |    16 |    +0.1% |   -0.088 |      -13.2 |    428 | fdct_zigzag.dct_mod.dct_block_5.dct_unit_0.macu.mult_res\[12\]$_DFFE_PP_/D
      340 |       5 |     121 |       19 |      3 |    20 |    +0.1% |   -0.088 |      -13.5 |    428 | fdct_zigzag.dct_mod.dct_block_5.dct_unit_0.macu.mult_res\[12\]$_DFFE_PP_/D
      350 |       5 |     129 |       19 |      4 |    21 |    +0.2% |   -0.164 |      -23.0 |    428 | fdct_zigzag.dct_mod.dct_block_4.dct_unit_1.macu.mult_res\[16\]$_DFFE_PP_/D
      360 |       5 |     138 |       19 |      4 |    22 |    +0.2% |   -0.164 |      -22.9 |    428 | fdct_zigzag.dct_mod.dct_block_4.dct_unit_1.macu.mult_res\[16\]$_DFFE_PP_/D
      365 |       5 |     124 |       19 |      3 |    16 |    +0.1% |   -0.088 |      -13.2 |    428 | fdct_zigzag.dct_mod.dct_block_5.dct_unit_0.macu.mult_res\[12\]$_DFFE_PP_/D
      370 |       5 |     127 |       19 |      3 |    17 |    +0.1% |   -0.088 |      -13.2 |    428 | fdct_zigzag.dct_mod.dct_block_5.dct_unit_0.macu.mult_res\[12\]$_DFFE_PP_/D
      380 |       5 |     132 |       19 |      3 |    22 |    +0.1% |   -0.088 |      -13.1 |    428 | fdct_zigzag.dct_mod.dct_block_5.dct_unit_0.macu.mult_res\[12\]$_DFFE_PP_/D
      390 |       6 |     139 |       19 |      3 |    24 |    +0.1% |   -0.088 |      -13.0 |    428 | fdct_zigzag.dct_mod.dct_block_5.dct_unit_0.macu.mult_res\[12\]$_DFFE_PP_/D
      400 |       6 |     149 |       19 |      3 |    24 |    +0.1% |   -0.091 |      -13.1 |    428 | fdct_zigzag.dct_mod.dct_block_5.dct_unit_0.macu.mult_res\[12\]$_DFFE_PP_/D
      410 |       6 |     155 |       19 |      4 |    27 |    +0.2% |   -0.091 |      -13.2 |    428 | fdct_zigzag.dct_mod.dct_block_5.dct_unit_0.macu.mult_res\[12\]$_DFFE_PP_/D
      420 |       6 |     165 |       19 |      4 |    27 |    +0.2% |   -0.091 |      -13.2 |    428 | fdct_zigzag.dct_mod.dct_block_5.dct_unit_0.macu.mult_res\[12\]$_DFFE_PP_/D
      425 |       6 |     150 |       19 |      3 |    24 |    +0.1% |   -0.088 |      -13.0 |    428 | fdct_zigzag.dct_mod.dct_block_5.dct_unit_0.macu.mult_res\[12\]$_DFFE_PP_/D
      430 |       6 |     154 |       19 |      3 |    24 |    +0.1% |   -0.088 |      -13.0 |    428 | fdct_zigzag.dct_mod.dct_block_5.dct_unit_0.macu.mult_res\[12\]$_DFFE_PP_/D
      440 |       6 |     163 |       19 |      4 |    24 |    +0.2% |   -0.093 |      -13.2 |    428 | fdct_zigzag.dct_mod.dct_block_5.dct_unit_0.macu.mult_res\[12\]$_DFFE_PP_/D
      450 |       6 |     173 |       19 |      4 |    24 |    +0.2% |   -0.093 |      -13.2 |    428 | fdct_zigzag.dct_mod.dct_block_5.dct_unit_0.macu.mult_res\[12\]$_DFFE_PP_/D
      458 |       6 |     156 |       19 |      3 |    24 |    +0.1% |   -0.088 |      -13.0 |    428 | fdct_zigzag.dct_mod.dct_block_5.dct_unit_0.macu.mult_res\[12\]$_DFFE_PP_/D
      460 |       6 |     156 |       19 |      3 |    25 |    +0.1% |   -0.088 |      -13.0 |    428 | fdct_zigzag.dct_mod.dct_block_5.dct_unit_0.macu.mult_res\[12\]$_DFFE_PP_/D
      470 |       6 |     163 |       19 |      3 |    28 |    +0.1% |   -0.088 |      -12.9 |    428 | fdct_zigzag.dct_mod.dct_block_5.dct_unit_0.macu.mult_res\[12\]$_DFFE_PP_/D
      480 |       6 |     173 |       19 |      3 |    28 |    +0.2% |   -0.105 |      -13.0 |    428 | fdct_zigzag.dct_mod.dct_block_3.dct_unit_2.macu.mult_res\[18\]$_DFFE_PP_/D
      483 |       6 |     166 |       19 |      3 |    28 |    +0.1% |   -0.088 |      -12.9 |    428 | fdct_zigzag.dct_mod.dct_block_5.dct_unit_0.macu.mult_res\[12\]$_DFFE_PP_/D
      490 |       6 |     172 |       19 |      3 |    28 |    +0.2% |   -0.088 |      -12.9 |    428 | fdct_zigzag.dct_mod.dct_block_5.dct_unit_0.macu.mult_res\[12\]$_DFFE_PP_/D
      500 |       6 |     178 |       19 |      3 |    32 |    +0.2% |   -0.088 |      -12.9 |    428 | fdct_zigzag.dct_mod.dct_block_5.dct_unit_0.macu.mult_res\[12\]$_DFFE_PP_/D
      505 |       6 |     174 |       19 |      3 |    28 |    +0.2% |   -0.088 |      -12.9 |    428 | fdct_zigzag.dct_mod.dct_block_5.dct_unit_0.macu.mult_res\[12\]$_DFFE_PP_/D
      510 |       6 |     178 |       19 |      3 |    28 |    +0.2% |   -0.088 |      -12.9 |    428 | fdct_zigzag.dct_mod.dct_block_5.dct_unit_0.macu.mult_res\[12\]$_DFFE_PP_/D
      520 |       6 |     185 |       19 |      3 |    31 |    +0.2% |   -0.088 |      -12.9 |    428 | fdct_zigzag.dct_mod.dct_block_3.dct_unit_2.macu.mult_res\[18\]$_DFFE_PP_/D
      530 |       6 |     192 |       19 |      4 |    33 |    +0.2% |   -0.093 |      -13.1 |    428 | fdct_zigzag.dct_mod.dct_block_5.dct_unit_0.macu.mult_res\[12\]$_DFFE_PP_/D
      540 |       6 |     198 |       19 |      4 |    37 |    +0.2% |   -0.093 |      -13.2 |    428 | fdct_zigzag.dct_mod.dct_block_5.dct_unit_0.macu.mult_res\[12\]$_DFFE_PP_/D
      545 |       6 |     184 |       19 |      3 |    29 |    +0.2% |   -0.088 |      -12.8 |    428 | fdct_zigzag.dct_mod.dct_block_5.dct_unit_0.macu.mult_res\[12\]$_DFFE_PP_/D
      550 |       6 |     187 |       19 |      3 |    30 |    +0.2% |   -0.088 |      -12.8 |    428 | fdct_zigzag.dct_mod.dct_block_5.dct_unit_0.macu.mult_res\[12\]$_DFFE_PP_/D
      560 |       6 |     191 |       19 |      3 |    36 |    +0.2% |   -0.095 |      -12.8 |    428 | fdct_zigzag.dct_mod.dct_block_4.dct_unit_1.macu.mult_res\[12\]$_DFFE_PP_/D
      570 |       6 |     196 |       19 |      4 |    40 |    +0.2% |   -0.182 |      -23.6 |    428 | fdct_zigzag.dct_mod.dct_block_4.dct_unit_1.macu.mult_res\[12\]$_DFFE_PP_/D
      577 |       6 |     192 |       19 |      3 |    30 |    +0.2% |   -0.111 |      -16.4 |    428 | fdct_zigzag.dct_mod.dct_block_1.dct_unit_7.macu.mult_res\[16\]$_DFFE_PP_/D
      580 |       6 |     194 |       19 |      3 |    30 |    +0.2% |   -0.111 |      -16.4 |    428 | fdct_zigzag.dct_mod.dct_block_1.dct_unit_7.macu.mult_res\[16\]$_DFFE_PP_/D
      590 |       6 |     203 |       19 |      3 |    31 |    +0.2% |   -0.111 |      -16.3 |    428 | fdct_zigzag.dct_mod.dct_block_1.dct_unit_7.macu.mult_res\[16\]$_DFFE_PP_/D
      600 |       6 |     208 |       19 |      3 |    36 |    +0.2% |   -0.111 |      -16.3 |    428 | fdct_zigzag.dct_mod.dct_block_1.dct_unit_7.macu.mult_res\[16\]$_DFFE_PP_/D
      609 |       6 |     208 |       19 |      3 |    32 |    +0.2% |   -0.111 |      -16.2 |    428 | fdct_zigzag.dct_mod.dct_block_1.dct_unit_7.macu.mult_res\[16\]$_DFFE_PP_/D
      610 |       6 |     208 |       19 |      3 |    32 |    +0.2% |   -0.111 |      -16.2 |    428 | fdct_zigzag.dct_mod.dct_block_1.dct_unit_7.macu.mult_res\[16\]$_DFFE_PP_/D
      620 |       6 |     216 |       19 |      4 |    33 |    +0.2% |   -0.165 |      -22.3 |    428 | fdct_zigzag.dct_mod.dct_block_2.dct_unit_5.macu.mult_res\[18\]$_DFFE_PP_/D
      630 |       6 |     222 |       19 |      4 |    37 |    +0.2% |   -0.165 |      -22.5 |    428 | fdct_zigzag.dct_mod.dct_block_2.dct_unit_5.macu.mult_res\[18\]$_DFFE_PP_/D
      640 |       6 |     232 |       19 |      4 |    37 |    +0.2% |   -0.165 |      -22.4 |    428 | fdct_zigzag.dct_mod.dct_block_2.dct_unit_5.macu.mult_res\[18\]$_DFFE_PP_/D
      650 |       7 |     236 |       22 |      4 |    41 |    +0.2% |   -0.165 |      -22.5 |    428 | fdct_zigzag.dct_mod.dct_block_2.dct_unit_5.macu.mult_res\[18\]$_DFFE_PP_/D
      652 |       6 |     220 |       20 |      3 |    32 |    +0.2% |   -0.088 |      -13.1 |    428 | fdct_zigzag.dct_mod.dct_block_5.dct_unit_0.macu.mult_res\[12\]$_DFFE_PP_/D
      660 |       6 |     227 |       20 |      3 |    32 |    +0.2% |   -0.088 |      -13.0 |    428 | fdct_zigzag.dct_mod.dct_block_5.dct_unit_0.macu.mult_res\[12\]$_DFFE_PP_/D
      670 |       6 |     234 |       20 |      3 |    35 |    +0.2% |   -0.088 |      -13.0 |    428 | fdct_zigzag.dct_mod.dct_block_5.dct_unit_0.macu.mult_res\[12\]$_DFFE_PP_/D
      673 |       6 |     230 |       20 |      3 |    34 |    +0.2% |   -0.088 |      -13.0 |    428 | fdct_zigzag.dct_mod.dct_block_5.dct_unit_0.macu.mult_res\[12\]$_DFFE_PP_/D
      680 |       6 |     235 |       20 |      3 |    35 |    +0.2% |   -0.088 |      -13.0 |    428 | fdct_zigzag.dct_mod.dct_block_5.dct_unit_0.macu.mult_res\[12\]$_DFFE_PP_/D
      690 |       6 |     244 |       20 |      3 |    36 |    +0.2% |   -0.088 |      -13.0 |    428 | fdct_zigzag.dct_mod.dct_block_5.dct_unit_0.macu.mult_res\[12\]$_DFFE_PP_/D
      700 |       6 |     253 |       20 |      3 |    37 |    +0.2% |   -0.088 |      -13.0 |    428 | fdct_zigzag.dct_mod.dct_block_5.dct_unit_0.macu.mult_res\[12\]$_DFFE_PP_/D
      709 |       6 |     260 |       20 |      3 |    39 |    +0.2% |   -0.088 |      -13.0 |    428 | fdct_zigzag.dct_mod.dct_block_5.dct_unit_0.macu.mult_res\[12\]$_DFFE_PP_/D
      710 |       6 |     260 |       20 |      3 |    39 |    +0.2% |   -0.088 |      -13.0 |    428 | fdct_zigzag.dct_mod.dct_block_5.dct_unit_0.macu.mult_res\[12\]$_DFFE_PP_/D
      719 |       6 |     261 |       20 |      3 |    39 |    +0.2% |   -0.088 |      -13.0 |    428 | fdct_zigzag.dct_mod.dct_block_5.dct_unit_0.macu.mult_res\[12\]$_DFFE_PP_/D
      720 |       6 |     261 |       20 |      3 |    39 |    +0.2% |   -0.088 |      -13.0 |    428 | fdct_zigzag.dct_mod.dct_block_5.dct_unit_0.macu.mult_res\[12\]$_DFFE_PP_/D
      730 |       6 |     270 |       20 |      3 |    40 |    +0.2% |   -0.088 |      -13.0 |    428 | fdct_zigzag.dct_mod.dct_block_5.dct_unit_0.macu.mult_res\[12\]$_DFFE_PP_/D
      740 |       6 |     278 |       20 |      3 |    42 |    +0.2% |   -0.088 |      -12.9 |    428 | fdct_zigzag.dct_mod.dct_block_1.dct_unit_7.macu.mult_res\[16\]$_DFFE_PP_/D
      750 |       6 |     286 |       20 |      3 |    44 |    +0.3% |   -0.090 |      -13.0 |    428 | fdct_zigzag.dct_mod.dct_block_1.dct_unit_7.macu.mult_res\[16\]$_DFFE_PP_/D
      753 |       6 |     276 |       20 |      3 |    41 |    +0.2% |   -0.111 |      -16.1 |    428 | fdct_zigzag.dct_mod.dct_block_1.dct_unit_7.macu.mult_res\[16\]$_DFFE_PP_/D
      760 |       6 |     281 |       20 |      3 |    42 |    +0.2% |   -0.113 |      -16.3 |    428 | fdct_zigzag.dct_mod.dct_block_1.dct_unit_7.macu.mult_res\[16\]$_DFFE_PP_/D
      770 |       6 |     290 |       20 |      3 |    43 |    +0.2% |   -0.113 |      -16.3 |    428 | fdct_zigzag.dct_mod.dct_block_1.dct_unit_7.macu.mult_res\[16\]$_DFFE_PP_/D
      780 |       6 |     297 |       20 |      3 |    46 |    +0.2% |   -0.114 |      -16.3 |    428 | fdct_zigzag.dct_mod.dct_block_1.dct_unit_7.macu.mult_res\[16\]$_DFFE_PP_/D
      790 |       6 |     303 |       20 |      3 |    50 |    +0.3% |   -0.114 |      -16.3 |    428 | fdct_zigzag.dct_mod.dct_block_1.dct_unit_7.macu.mult_res\[16\]$_DFFE_PP_/D
      795 |       6 |     285 |       20 |      3 |    41 |    +0.2% |   -0.111 |      -16.1 |    428 | fdct_zigzag.dct_mod.dct_block_1.dct_unit_7.macu.mult_res\[16\]$_DFFE_PP_/D
      800 |       6 |     289 |       20 |      3 |    41 |    +0.2% |   -0.111 |      -16.3 |    428 | fdct_zigzag.dct_mod.dct_block_1.dct_unit_7.macu.mult_res\[16\]$_DFFE_PP_/D
      809 |       6 |     287 |       20 |      3 |    41 |    +0.2% |   -0.111 |      -16.1 |    428 | fdct_zigzag.dct_mod.dct_block_1.dct_unit_7.macu.mult_res\[16\]$_DFFE_PP_/D
      810 |       6 |     287 |       20 |      3 |    41 |    +0.2% |   -0.111 |      -16.1 |    428 | fdct_zigzag.dct_mod.dct_block_1.dct_unit_7.macu.mult_res\[16\]$_DFFE_PP_/D
      820 |       6 |     297 |       20 |      3 |    41 |    +0.2% |   -0.113 |      -16.2 |    428 | fdct_zigzag.dct_mod.dct_block_1.dct_unit_7.macu.mult_res\[16\]$_DFFE_PP_/D
      830 |       6 |     306 |       20 |      3 |    42 |    +0.2% |   -0.113 |      -16.3 |    428 | fdct_zigzag.dct_mod.dct_block_1.dct_unit_7.macu.mult_res\[16\]$_DFFE_PP_/D
      830 |       6 |     293 |       20 |      3 |    41 |    +0.2% |   -0.111 |      -16.1 |    428 | fdct_zigzag.dct_mod.dct_block_1.dct_unit_7.macu.mult_res\[16\]$_DFFE_PP_/D
      840 |       6 |     298 |       20 |      4 |    44 |    +0.2% |   -0.156 |      -22.9 |    428 | fdct_zigzag.dct_mod.dct_block_2.dct_unit_5.macu.mult_res\[18\]$_DFFE_PP_/D
      850 |       6 |     301 |       20 |      4 |    51 |    +0.2% |   -0.161 |      -22.9 |    428 | fdct_zigzag.dct_mod.dct_block_2.dct_unit_5.macu.mult_res\[18\]$_DFFE_PP_/D
      860 |       6 |     310 |       20 |      4 |    52 |    +0.3% |   -0.156 |      -22.9 |    428 | fdct_zigzag.dct_mod.dct_block_4.dct_unit_5.macu.mult_res\[16\]$_DFFE_PP_/D
      863 |       6 |     299 |       20 |      3 |    41 |    +0.2% |   -0.111 |      -16.1 |    428 | fdct_zigzag.dct_mod.dct_block_1.dct_unit_7.macu.mult_res\[16\]$_DFFE_PP_/D
      870 |       6 |     305 |       20 |      3 |    41 |    +0.2% |   -0.117 |      -16.5 |    428 | fdct_zigzag.dct_mod.dct_block_1.dct_unit_7.macu.mult_res\[16\]$_DFFE_PP_/D
      880 |       6 |     308 |       20 |      4 |    47 |    +0.3% |   -0.156 |      -22.9 |    428 | fdct_zigzag.dct_mod.dct_block_4.dct_unit_5.macu.mult_res\[16\]$_DFFE_PP_/D
      887 |       6 |     306 |       20 |      3 |    41 |    +0.2% |   -0.111 |      -16.1 |    428 | fdct_zigzag.dct_mod.dct_block_1.dct_unit_7.macu.mult_res\[16\]$_DFFE_PP_/D
      890 |       6 |     308 |       20 |      3 |    41 |    +0.2% |   -0.119 |      -17.1 |    428 | fdct_zigzag.dct_mod.dct_block_1.dct_unit_7.macu.mult_res\[16\]$_DFFE_PP_/D
      900 |       6 |     316 |       20 |      4 |    42 |    +0.3% |   -0.152 |      -22.2 |    428 | fdct_zigzag.dct_mod.dct_block_2.dct_unit_5.macu.mult_res\[17\]$_DFFE_PP_/D
      908 |       6 |     312 |       20 |      3 |    41 |    +0.2% |   -0.088 |      -13.0 |    428 | fdct_zigzag.dct_mod.dct_block_5.dct_unit_0.macu.mult_res\[12\]$_DFFE_PP_/D
      910 |       6 |     313 |       20 |      3 |    41 |    +0.2% |   -0.088 |      -13.0 |    428 | fdct_zigzag.dct_mod.dct_block_5.dct_unit_0.macu.mult_res\[12\]$_DFFE_PP_/D
      920 |       6 |     322 |       20 |      3 |    42 |    +0.2% |   -0.090 |      -13.2 |    428 | fdct_zigzag.dct_mod.dct_block_1.dct_unit_7.macu.mult_res\[16\]$_DFFE_PP_/D
      930 |       6 |     330 |       23 |      3 |    43 |    +0.3% |   -0.090 |      -13.2 |    428 | fdct_zigzag.dct_mod.dct_block_1.dct_unit_7.macu.mult_res\[16\]$_DFFE_PP_/D
      934 |       6 |     321 |       21 |      3 |    41 |    +0.2% |   -0.088 |      -13.0 |    428 | fdct_zigzag.dct_mod.dct_block_5.dct_unit_0.macu.mult_res\[12\]$_DFFE_PP_/D
      940 |       6 |     323 |       25 |      3 |    42 |    +0.2% |   -0.088 |      -13.0 |    428 | fdct_zigzag.dct_mod.dct_block_5.dct_unit_0.macu.mult_res\[12\]$_DFFE_PP_/D
      944 |       6 |     325 |       25 |      3 |    42 |    +0.2% |   -0.088 |      -13.0 |    428 | fdct_zigzag.dct_mod.dct_block_5.dct_unit_0.macu.mult_res\[12\]$_DFFE_PP_/D
      950 |       6 |     328 |       25 |      3 |    44 |    +0.2% |   -0.088 |      -12.9 |    428 | fdct_zigzag.dct_mod.dct_block_5.dct_unit_0.macu.mult_res\[12\]$_DFFE_PP_/D
      960 |       6 |     334 |       25 |      3 |    48 |    +0.3% |   -0.088 |      -12.9 |    428 | fdct_zigzag.dct_mod.dct_block_5.dct_unit_0.macu.mult_res\[12\]$_DFFE_PP_/D
      970 |       6 |     341 |       25 |      3 |    51 |    +0.3% |   -0.088 |      -12.8 |    428 | fdct_zigzag.dct_mod.dct_block_5.dct_unit_0.macu.mult_res\[12\]$_DFFE_PP_/D
      980 |       6 |     346 |       25 |      3 |    56 |    +0.3% |   -0.088 |      -12.8 |    428 | fdct_zigzag.dct_mod.dct_block_5.dct_unit_0.macu.mult_res\[12\]$_DFFE_PP_/D
      981 |       6 |     346 |       25 |      3 |    56 |    +0.3% |   -0.088 |      -12.8 |    428 | fdct_zigzag.dct_mod.dct_block_5.dct_unit_0.macu.mult_res\[12\]$_DFFE_PP_/D
      990 |       6 |     347 |       25 |      3 |    63 |    +0.3% |   -0.088 |      -12.7 |    428 | fdct_zigzag.dct_mod.dct_block_5.dct_unit_0.macu.mult_res\[12\]$_DFFE_PP_/D
     1000 |       8 |     351 |       28 |      3 |    66 |    +0.3% |   -0.100 |      -12.8 |    428 | fdct_zigzag.dct_mod.dct_block_1.dct_unit_7.macu.mult_res\[16\]$_DFFE_PP_/D
     1005 |       7 |     350 |       28 |      3 |    63 |    +0.3% |   -0.088 |      -12.7 |    428 | fdct_zigzag.dct_mod.dct_block_5.dct_unit_0.macu.mult_res\[12\]$_DFFE_PP_/D
     1010 |       7 |     353 |       30 |      3 |    63 |    +0.3% |   -0.088 |      -12.6 |    428 | fdct_zigzag.dct_mod.dct_block_5.dct_unit_0.macu.mult_res\[12\]$_DFFE_PP_/D
     1020 |       8 |     359 |       32 |      3 |    65 |    +0.3% |   -0.091 |      -12.8 |    428 | fdct_zigzag.dct_mod.dct_block_5.dct_unit_0.macu.mult_res\[12\]$_DFFE_PP_/D
     1030 |       8 |     365 |       32 |      4 |    68 |    +0.3% |   -0.093 |      -12.9 |    428 | fdct_zigzag.dct_mod.dct_block_5.dct_unit_0.macu.mult_res\[12\]$_DFFE_PP_/D
     1040 |       8 |     372 |       34 |      4 |    70 |    +0.3% |   -0.093 |      -13.0 |    428 | fdct_zigzag.dct_mod.dct_block_5.dct_unit_0.macu.mult_res\[12\]$_DFFE_PP_/D
     1049 |       7 |     361 |       32 |      3 |    63 |    +0.3% |   -0.088 |      -12.6 |    428 | fdct_zigzag.dct_mod.dct_block_5.dct_unit_0.macu.mult_res\[12\]$_DFFE_PP_/D
     1050 |       7 |     361 |       32 |      3 |    63 |    +0.3% |   -0.088 |      -12.6 |    428 | fdct_zigzag.dct_mod.dct_block_5.dct_unit_0.macu.mult_res\[12\]$_DFFE_PP_/D
     1060 |       7 |     369 |       32 |      3 |    65 |    +0.3% |   -0.088 |      -12.5 |    428 | fdct_zigzag.dct_mod.dct_block_5.dct_unit_0.macu.mult_res\[12\]$_DFFE_PP_/D
     1070 |       7 |     375 |       34 |      3 |    68 |    +0.3% |   -0.088 |      -12.5 |    428 | fdct_zigzag.dct_mod.dct_block_5.dct_unit_0.macu.mult_res\[12\]$_DFFE_PP_/D
     1080 |       7 |     382 |       34 |      3 |    71 |    +0.3% |   -0.088 |      -12.6 |    428 | fdct_zigzag.dct_mod.dct_block_5.dct_unit_0.macu.mult_res\[12\]$_DFFE_PP_/D
     1080 |       7 |     373 |       34 |      3 |    65 |    +0.3% |   -0.088 |      -12.4 |    428 | fdct_zigzag.dct_mod.dct_block_5.dct_unit_0.macu.mult_res\[12\]$_DFFE_PP_/D
     1086 |       7 |     373 |       34 |      3 |    65 |    +0.3% |   -0.088 |      -12.4 |    428 | fdct_zigzag.dct_mod.dct_block_5.dct_unit_0.macu.mult_res\[12\]$_DFFE_PP_/D
     1090 |       7 |     376 |       34 |      3 |    65 |    +0.3% |   -0.088 |      -12.4 |    428 | fdct_zigzag.dct_mod.dct_block_5.dct_unit_0.macu.mult_res\[12\]$_DFFE_PP_/D
     1100 |       7 |     383 |       34 |      3 |    68 |    +0.3% |   -0.088 |      -12.5 |    428 | fdct_zigzag.dct_mod.dct_block_5.dct_unit_0.macu.mult_res\[12\]$_DFFE_PP_/D
     1110 |       7 |     391 |       34 |      3 |    70 |    +0.3% |   -0.088 |      -12.5 |    428 | fdct_zigzag.dct_mod.dct_block_5.dct_unit_0.macu.mult_res\[12\]$_DFFE_PP_/D
     1116 |       7 |     384 |       34 |      3 |    65 |    +0.3% |   -0.108 |      -15.5 |    428 | fdct_zigzag.dct_mod.dct_block_4.dct_unit_5.macu.mult_res\[16\]$_DFFE_PP_/D
     1120 |       7 |     385 |       36 |      3 |    66 |    +0.3% |   -0.108 |      -15.5 |    428 | fdct_zigzag.dct_mod.dct_block_4.dct_unit_5.macu.mult_res\[16\]$_DFFE_PP_/D
     1130 |       7 |     394 |       36 |      4 |    66 |    +0.3% |   -0.108 |      -15.8 |    428 | fdct_zigzag.dct_mod.dct_block_4.dct_unit_5.macu.mult_res\[16\]$_DFFE_PP_/D
     1140 |       7 |     403 |       36 |      4 |    67 |    +0.3% |   -0.108 |      -15.7 |    428 | fdct_zigzag.dct_mod.dct_block_4.dct_unit_5.macu.mult_res\[16\]$_DFFE_PP_/D
     1150 |       7 |     409 |       38 |      4 |    70 |    +0.3% |   -0.108 |      -15.7 |    428 | fdct_zigzag.dct_mod.dct_block_4.dct_unit_5.macu.mult_res\[16\]$_DFFE_PP_/D
     1160 |       7 |     417 |       38 |      4 |    72 |    +0.3% |   -0.108 |      -15.7 |    428 | fdct_zigzag.dct_mod.dct_block_4.dct_unit_5.macu.mult_res\[16\]$_DFFE_PP_/D
     1170 |       7 |     424 |       40 |      4 |    74 |    +0.3% |   -0.108 |      -15.7 |    428 | fdct_zigzag.dct_mod.dct_block_4.dct_unit_5.macu.mult_res\[16\]$_DFFE_PP_/D
     1180 |       7 |     430 |       40 |      4 |    78 |    +0.4% |   -0.109 |      -16.1 |    428 | fdct_zigzag.dct_mod.dct_block_4.dct_unit_5.macu.mult_res\[16\]$_DFFE_PP_/D
     1184 |       7 |     423 |       40 |      4 |    74 |    +0.3% |   -0.108 |      -15.6 |    428 | fdct_zigzag.dct_mod.dct_block_4.dct_unit_5.macu.mult_res\[16\]$_DFFE_PP_/D
     1190 |       7 |     427 |       40 |      5 |    74 |    +0.4% |   -0.153 |      -21.8 |    428 | fdct_zigzag.dct_mod.dct_block_2.dct_unit_5.macu.mult_res\[17\]$_DFFE_PP_/D
     1200 |       7 |     437 |       40 |      5 |    74 |    +0.4% |   -0.153 |      -21.7 |    428 | fdct_zigzag.dct_mod.dct_block_2.dct_unit_5.macu.mult_res\[17\]$_DFFE_PP_/D
     1200 |       7 |     425 |       40 |      4 |    74 |    +0.3% |   -0.093 |      -12.6 |    428 | fdct_zigzag.dct_mod.dct_block_5.dct_unit_0.macu.mult_res\[12\]$_DFFE_PP_/D
     1210 |       7 |     432 |       40 |      4 |    76 |    +0.3% |   -0.093 |      -12.6 |    428 | fdct_zigzag.dct_mod.dct_block_5.dct_unit_0.macu.mult_res\[12\]$_DFFE_PP_/D
     1219 |       7 |     439 |       40 |      4 |    78 |    +0.3% |   -0.093 |      -12.6 |    426 | fdct_zigzag.dct_mod.dct_block_5.dct_unit_0.macu.mult_res\[12\]$_DFFE_PP_/D
     1220 |       7 |     439 |       40 |      4 |    78 |    +0.3% |   -0.093 |      -12.6 |    426 | fdct_zigzag.dct_mod.dct_block_5.dct_unit_0.macu.mult_res\[12\]$_DFFE_PP_/D
     1230 |       8 |     445 |       42 |      4 |    80 |    +0.4% |   -0.093 |      -12.5 |    426 | fdct_zigzag.dct_mod.dct_block_5.dct_unit_0.macu.mult_res\[12\]$_DFFE_PP_/D
     1240 |       8 |     452 |       42 |      4 |    83 |    +0.4% |   -0.093 |      -12.6 |    426 | fdct_zigzag.dct_mod.dct_block_5.dct_unit_0.macu.mult_res\[12\]$_DFFE_PP_/D
     1250 |       8 |     460 |       42 |      4 |    85 |    +0.4% |   -0.094 |      -12.6 |    426 | fdct_zigzag.dct_mod.dct_block_5.dct_unit_0.macu.mult_res\[12\]$_DFFE_PP_/D
     1260 |       8 |     468 |       45 |      4 |    86 |    +0.4% |   -0.094 |      -12.5 |    426 | fdct_zigzag.dct_mod.dct_block_5.dct_unit_0.macu.mult_res\[12\]$_DFFE_PP_/D
     1270 |       8 |     475 |       45 |      5 |    88 |    +0.4% |   -0.094 |      -12.6 |    426 | fdct_zigzag.dct_mod.dct_block_5.dct_unit_0.macu.mult_res\[12\]$_DFFE_PP_/D
     1270 |       8 |     461 |       43 |      4 |    84 |    +0.4% |   -0.093 |      -12.6 |    426 | fdct_zigzag.dct_mod.dct_block_5.dct_unit_0.macu.mult_res\[12\]$_DFFE_PP_/D
     1280 |       8 |     465 |       43 |      4 |    89 |    +0.4% |   -0.102 |      -12.6 |    426 | fdct_zigzag.dct_mod.dct_block_6.dct_unit_0.macu.mult_res\[15\]$_DFFE_PP_/D
     1287 |       8 |     464 |       43 |      4 |    86 |    +0.4% |   -0.093 |      -12.6 |    426 | fdct_zigzag.dct_mod.dct_block_5.dct_unit_0.macu.mult_res\[12\]$_DFFE_PP_/D
     1290 |       8 |     465 |       43 |      4 |    87 |    +0.4% |   -0.093 |      -12.6 |    426 | fdct_zigzag.dct_mod.dct_block_5.dct_unit_0.macu.mult_res\[12\]$_DFFE_PP_/D
     1300 |       8 |     472 |       45 |      4 |    89 |    +0.4% |   -0.094 |      -12.5 |    426 | fdct_zigzag.dct_mod.dct_block_3.dct_unit_2.macu.mult_res\[17\]$_DFFE_PP_/D
     1310 |       8 |     479 |       45 |      4 |    92 |    +0.4% |   -0.098 |      -12.6 |    426 | fdct_zigzag.dct_mod.dct_block_3.dct_unit_2.macu.mult_res\[17\]$_DFFE_PP_/D
     1315 |       8 |     471 |       45 |      4 |    87 |    +0.4% |   -0.093 |      -12.5 |    426 | fdct_zigzag.dct_mod.dct_block_5.dct_unit_0.macu.mult_res\[12\]$_DFFE_PP_/D
     1320 |       8 |     475 |       45 |      4 |    87 |    +0.4% |   -0.093 |      -12.5 |    426 | fdct_zigzag.dct_mod.dct_block_5.dct_unit_0.macu.mult_res\[12\]$_DFFE_PP_/D
     1330 |       8 |     483 |       45 |      4 |    89 |    +0.4% |   -0.093 |      -12.4 |    426 | fdct_zigzag.dct_mod.dct_block_5.dct_unit_0.macu.mult_res\[12\]$_DFFE_PP_/D
     1340 |       8 |     491 |       45 |      4 |    91 |    +0.4% |   -0.093 |      -12.6 |    426 | fdct_zigzag.dct_mod.dct_block_5.dct_unit_0.macu.mult_res\[12\]$_DFFE_PP_/D
     1344 |       8 |     483 |       45 |      4 |    87 |    +0.4% |   -0.108 |      -15.5 |    426 | fdct_zigzag.dct_mod.dct_block_4.dct_unit_5.macu.mult_res\[16\]$_DFFE_PP_/D
     1350 |       8 |     487 |       45 |      4 |    88 |    +0.4% |   -0.110 |      -15.5 |    426 | fdct_zigzag.dct_mod.dct_block_4.dct_unit_5.macu.mult_res\[16\]$_DFFE_PP_/D
     1360 |       8 |     496 |       45 |      5 |    88 |    +0.4% |   -0.107 |      -15.0 |    426 | fdct_zigzag.dct_mod.dct_block_4.dct_unit_5.macu.mult_res\[16\]$_DFFE_PP_/D
     1363 |       8 |     496 |       45 |      5 |    88 |    +0.4% |   -0.107 |      -15.0 |    426 | fdct_zigzag.dct_mod.dct_block_4.dct_unit_5.macu.mult_res\[16\]$_DFFE_PP_/D
     1370 |       9 |     501 |       45 |      5 |    88 |    +0.4% |   -0.109 |      -15.2 |    426 | fdct_zigzag.dct_mod.dct_block_4.dct_unit_5.macu.mult_res\[16\]$_DFFE_PP_/D
     1380 |       9 |     504 |       47 |      6 |    93 |    +0.4% |   -0.168 |      -23.7 |    426 | fdct_zigzag.dct_mod.dct_block_4.dct_unit_5.macu.mult_res\[16\]$_DFFE_PP_/D
     1390 |       9 |     514 |       47 |      6 |    93 |    +0.4% |   -0.168 |      -23.7 |    426 | fdct_zigzag.dct_mod.dct_block_4.dct_unit_5.macu.mult_res\[16\]$_DFFE_PP_/D
     1400 |       9 |     522 |       47 |      7 |    94 |    +0.5% |   -0.131 |      -18.7 |    426 | fdct_zigzag.dct_mod.dct_block_4.dct_unit_5.macu.mult_res\[16\]$_DFFE_PP_/D
     1400 |       8 |     502 |       46 |      5 |    88 |    +0.4% |   -0.176 |      -25.4 |    426 | fdct_zigzag.dct_mod.dct_block_4.dct_unit_5.macu.mult_res\[16\]$_DFFE_PP_/D
     1410 |       8 |     509 |       48 |      5 |    89 |    +0.4% |   -0.176 |      -25.3 |    426 | fdct_zigzag.dct_mod.dct_block_4.dct_unit_5.macu.mult_res\[16\]$_DFFE_PP_/D
     1420 |       8 |     513 |       48 |      5 |    95 |    +0.4% |   -0.176 |      -25.5 |    426 | fdct_zigzag.dct_mod.dct_block_4.dct_unit_5.macu.mult_res\[16\]$_DFFE_PP_/D
     1427 |       8 |     512 |       48 |      5 |    88 |    +0.4% |   -0.176 |      -25.3 |    426 | fdct_zigzag.dct_mod.dct_block_4.dct_unit_5.macu.mult_res\[16\]$_DFFE_PP_/D
     1430 |       8 |     514 |       48 |      5 |    88 |    +0.4% |   -0.176 |      -25.3 |    426 | fdct_zigzag.dct_mod.dct_block_4.dct_unit_5.macu.mult_res\[16\]$_DFFE_PP_/D
     1440 |       8 |     524 |       48 |      5 |    88 |    +0.4% |   -0.176 |      -25.3 |    426 | fdct_zigzag.dct_mod.dct_block_4.dct_unit_5.macu.mult_res\[16\]$_DFFE_PP_/D
     1450 |       8 |     532 |       50 |      5 |    89 |    +0.4% |   -0.176 |      -25.3 |    426 | fdct_zigzag.dct_mod.dct_block_4.dct_unit_5.macu.mult_res\[16\]$_DFFE_PP_/D
     1460 |       8 |     540 |       50 |      5 |    91 |    +0.4% |   -0.176 |      -25.3 |    426 | fdct_zigzag.dct_mod.dct_block_4.dct_unit_5.macu.mult_res\[16\]$_DFFE_PP_/D
     1470 |       8 |     548 |       53 |      5 |    92 |    +0.5% |   -0.176 |      -25.1 |    426 | fdct_zigzag.dct_mod.dct_block_4.dct_unit_5.macu.mult_res\[16\]$_DFFE_PP_/D
     1472 |       8 |     549 |       53 |      6 |    92 |    +0.5% |   -0.176 |      -25.2 |    426 | fdct_zigzag.dct_mod.dct_block_4.dct_unit_5.macu.mult_res\[16\]$_DFFE_PP_/D
     1480 |       8 |     556 |       53 |      6 |    92 |    +0.5% |   -0.176 |      -25.2 |    426 | fdct_zigzag.dct_mod.dct_block_4.dct_unit_5.macu.mult_res\[16\]$_DFFE_PP_/D
     1480 |       8 |     556 |       53 |      6 |    92 |    +0.5% |   -0.176 |      -25.2 |    426 | fdct_zigzag.dct_mod.dct_block_4.dct_unit_5.macu.mult_res\[16\]$_DFFE_PP_/D
     1490 |       8 |     564 |       53 |      6 |    93 |    +0.5% |   -0.176 |      -25.2 |    426 | fdct_zigzag.dct_mod.dct_block_4.dct_unit_5.macu.mult_res\[16\]$_DFFE_PP_/D
     1496 |       8 |     568 |       53 |      6 |    95 |    +0.5% |   -0.176 |      -25.1 |    426 | fdct_zigzag.dct_mod.dct_block_4.dct_unit_5.macu.mult_res\[16\]$_DFFE_PP_/D
     1500 |       8 |     570 |       53 |      7 |    95 |    +0.5% |   -0.141 |      -19.4 |    426 | fdct_zigzag.dct_mod.dct_block_4.dct_unit_5.macu.mult_res\[16\]$_DFFE_PP_/D
     1500 |       8 |     570 |       53 |      7 |    95 |    +0.5% |   -0.141 |      -19.4 |    426 | fdct_zigzag.dct_mod.dct_block_4.dct_unit_5.macu.mult_res\[16\]$_DFFE_PP_/D
    1500* |       8 |     570 |       53 |      7 |    95 |    +0.5% |   -0.141 |      -19.4 |    401 | fdct_zigzag.dct_mod.dct_block_4.dct_unit_5.macu.mult_res\[16\]$_DFFE_PP_/D
    1501* |       8 |     570 |       53 |      7 |    95 |    +0.5% |   -0.141 |      -19.4 |    401 | fdct_zigzag.dct_mod.dct_block_4.dct_unit_5.macu.mult_res\[16\]$_DFFE_PP_/D
    1502* |       8 |     570 |       53 |      7 |    95 |    +0.5% |   -0.141 |      -19.4 |    401 | fdct_zigzag.dct_mod.dct_block_4.dct_unit_5.macu.mult_res\[16\]$_DFFE_PP_/D
    1504* |       8 |     571 |       53 |      7 |    95 |    +0.5% |   -0.141 |      -19.4 |    401 | fdct_zigzag.dct_mod.dct_block_4.dct_unit_5.macu.mult_res\[16\]$_DFFE_PP_/D
    1505* |       8 |     571 |       53 |      7 |    95 |    +0.5% |   -0.141 |      -19.4 |    401 | fdct_zigzag.dct_mod.dct_block_4.dct_unit_5.macu.mult_res\[16\]$_DFFE_PP_/D
    1506* |       8 |     571 |       53 |      7 |    95 |    +0.5% |   -0.141 |      -19.4 |    401 | fdct_zigzag.dct_mod.dct_block_4.dct_unit_5.macu.mult_res\[16\]$_DFFE_PP_/D
    1507* |       8 |     571 |       53 |      7 |    95 |    +0.5% |   -0.141 |      -19.4 |    401 | fdct_zigzag.dct_mod.dct_block_4.dct_unit_5.macu.mult_res\[16\]$_DFFE_PP_/D
    1510* |       8 |     573 |       53 |      7 |    95 |    +0.5% |   -0.141 |      -19.4 |    401 | fdct_zigzag.dct_mod.dct_block_4.dct_unit_5.macu.mult_res\[16\]$_DFFE_PP_/D
    1517* |       8 |     580 |       53 |      7 |    95 |    +0.5% |   -0.141 |      -19.3 |    401 | fdct_zigzag.dct_mod.dct_block_4.dct_unit_5.macu.mult_res\[16\]$_DFFE_PP_/D
    1518* |       8 |     580 |       53 |      7 |    95 |    +0.5% |   -0.141 |      -19.3 |    401 | fdct_zigzag.dct_mod.dct_block_4.dct_unit_5.macu.mult_res\[16\]$_DFFE_PP_/D
    1519* |       8 |     580 |       53 |      7 |    95 |    +0.5% |   -0.141 |      -19.3 |    401 | fdct_zigzag.dct_mod.dct_block_4.dct_unit_5.macu.mult_res\[16\]$_DFFE_PP_/D
    1520* |       8 |     580 |       53 |      7 |    95 |    +0.5% |   -0.141 |      -19.3 |    401 | fdct_zigzag.dct_mod.dct_block_4.dct_unit_5.macu.mult_res\[16\]$_DFFE_PP_/D
    1521* |       8 |     581 |       53 |      7 |    95 |    +0.5% |   -0.141 |      -19.3 |    401 | fdct_zigzag.dct_mod.dct_block_4.dct_unit_5.macu.mult_res\[16\]$_DFFE_PP_/D
    1522* |       8 |     581 |       53 |      7 |    95 |    +0.5% |   -0.141 |      -19.3 |    401 | fdct_zigzag.dct_mod.dct_block_4.dct_unit_5.macu.mult_res\[16\]$_DFFE_PP_/D
    1523* |       8 |     581 |       53 |      7 |    95 |    +0.5% |   -0.141 |      -19.3 |    401 | fdct_zigzag.dct_mod.dct_block_4.dct_unit_5.macu.mult_res\[16\]$_DFFE_PP_/D
    1527* |       8 |     584 |       53 |      7 |    95 |    +0.5% |   -0.141 |      -19.3 |    401 | fdct_zigzag.dct_mod.dct_block_4.dct_unit_5.macu.mult_res\[16\]$_DFFE_PP_/D
    1529* |       8 |     585 |       53 |      7 |    95 |    +0.5% |   -0.141 |      -19.3 |    401 | fdct_zigzag.dct_mod.dct_block_4.dct_unit_5.macu.mult_res\[16\]$_DFFE_PP_/D
    1530* |       8 |     585 |       53 |      7 |    95 |    +0.5% |   -0.141 |      -19.3 |    401 | fdct_zigzag.dct_mod.dct_block_4.dct_unit_5.macu.mult_res\[16\]$_DFFE_PP_/D
    1531* |       8 |     586 |       53 |      7 |    95 |    +0.5% |   -0.141 |      -19.3 |    401 | fdct_zigzag.dct_mod.dct_block_4.dct_unit_5.macu.mult_res\[16\]$_DFFE_PP_/D
    1532* |       8 |     586 |       53 |      7 |    95 |    +0.5% |   -0.141 |      -19.3 |    401 | fdct_zigzag.dct_mod.dct_block_4.dct_unit_5.macu.mult_res\[16\]$_DFFE_PP_/D
    1533* |       8 |     586 |       53 |      7 |    95 |    +0.5% |   -0.141 |      -19.3 |    401 | fdct_zigzag.dct_mod.dct_block_4.dct_unit_5.macu.mult_res\[16\]$_DFFE_PP_/D
    1534* |       8 |     586 |       53 |      7 |    95 |    +0.5% |   -0.141 |      -19.3 |    401 | fdct_zigzag.dct_mod.dct_block_4.dct_unit_5.macu.mult_res\[16\]$_DFFE_PP_/D
    1540* |       8 |     591 |       53 |      7 |    95 |    +0.5% |   -0.141 |      -19.2 |    401 | fdct_zigzag.dct_mod.dct_block_4.dct_unit_5.macu.mult_res\[16\]$_DFFE_PP_/D
    1542* |       8 |     593 |       53 |      7 |    95 |    +0.5% |   -0.141 |      -19.2 |    401 | fdct_zigzag.dct_mod.dct_block_4.dct_unit_5.macu.mult_res\[16\]$_DFFE_PP_/D
    1543* |       8 |     593 |       53 |      7 |    95 |    +0.5% |   -0.141 |      -19.2 |    401 | fdct_zigzag.dct_mod.dct_block_4.dct_unit_5.macu.mult_res\[16\]$_DFFE_PP_/D
    1544* |       8 |     593 |       53 |      7 |    95 |    +0.5% |   -0.141 |      -19.2 |    401 | fdct_zigzag.dct_mod.dct_block_4.dct_unit_5.macu.mult_res\[16\]$_DFFE_PP_/D
    1548* |       8 |     596 |       53 |      7 |    95 |    +0.5% |   -0.141 |      -19.2 |    401 | fdct_zigzag.dct_mod.dct_block_4.dct_unit_5.macu.mult_res\[16\]$_DFFE_PP_/D
    1549* |       8 |     596 |       53 |      7 |    95 |    +0.5% |   -0.141 |      -19.2 |    401 | fdct_zigzag.dct_mod.dct_block_4.dct_unit_5.macu.mult_res\[16\]$_DFFE_PP_/D
    1550* |       8 |     596 |       53 |      7 |    95 |    +0.5% |   -0.141 |      -19.2 |    401 | fdct_zigzag.dct_mod.dct_block_4.dct_unit_5.macu.mult_res\[16\]$_DFFE_PP_/D
    1550* |       8 |     596 |       53 |      7 |    95 |    +0.5% |   -0.141 |      -19.2 |    401 | fdct_zigzag.dct_mod.dct_block_4.dct_unit_5.macu.mult_res\[16\]$_DFFE_PP_/D
    1556* |       8 |     601 |       53 |      7 |    95 |    +0.5% |   -0.141 |      -19.1 |    401 | fdct_zigzag.dct_mod.dct_block_4.dct_unit_5.macu.mult_res\[16\]$_DFFE_PP_/D
    1557* |       8 |     601 |       53 |      7 |    95 |    +0.5% |   -0.141 |      -19.1 |    401 | fdct_zigzag.dct_mod.dct_block_4.dct_unit_5.macu.mult_res\[16\]$_DFFE_PP_/D
    1558* |       8 |     601 |       53 |      7 |    95 |    +0.5% |   -0.141 |      -19.1 |    401 | fdct_zigzag.dct_mod.dct_block_4.dct_unit_5.macu.mult_res\[16\]$_DFFE_PP_/D
    1559* |       8 |     601 |       53 |      7 |    95 |    +0.5% |   -0.141 |      -19.1 |    401 | fdct_zigzag.dct_mod.dct_block_4.dct_unit_5.macu.mult_res\[16\]$_DFFE_PP_/D
    1560* |       8 |     601 |       53 |      7 |    95 |    +0.5% |   -0.141 |      -19.1 |    401 | fdct_zigzag.dct_mod.dct_block_4.dct_unit_5.macu.mult_res\[16\]$_DFFE_PP_/D
    1561* |       8 |     602 |       53 |      7 |    95 |    +0.5% |   -0.141 |      -19.1 |    401 | fdct_zigzag.dct_mod.dct_block_4.dct_unit_5.macu.mult_res\[16\]$_DFFE_PP_/D
    1563* |       8 |     603 |       53 |      7 |    95 |    +0.5% |   -0.141 |      -19.1 |    401 | fdct_zigzag.dct_mod.dct_block_4.dct_unit_5.macu.mult_res\[16\]$_DFFE_PP_/D
    1569* |       8 |     608 |       53 |      7 |    95 |    +0.5% |   -0.141 |      -19.1 |    401 | fdct_zigzag.dct_mod.dct_block_4.dct_unit_5.macu.mult_res\[16\]$_DFFE_PP_/D
    1570* |       8 |     608 |       53 |      7 |    95 |    +0.5% |   -0.141 |      -19.1 |    401 | fdct_zigzag.dct_mod.dct_block_4.dct_unit_5.macu.mult_res\[16\]$_DFFE_PP_/D
    1570* |       8 |     608 |       53 |      7 |    95 |    +0.5% |   -0.141 |      -19.1 |    401 | fdct_zigzag.dct_mod.dct_block_4.dct_unit_5.macu.mult_res\[16\]$_DFFE_PP_/D
    1571* |       8 |     608 |       53 |      7 |    95 |    +0.5% |   -0.141 |      -19.1 |    401 | fdct_zigzag.dct_mod.dct_block_4.dct_unit_5.macu.mult_res\[16\]$_DFFE_PP_/D
    1572* |       8 |     608 |       53 |      7 |    95 |    +0.5% |   -0.141 |      -19.1 |    401 | fdct_zigzag.dct_mod.dct_block_4.dct_unit_5.macu.mult_res\[16\]$_DFFE_PP_/D
    1574* |       8 |     609 |       53 |      7 |    95 |    +0.5% |   -0.141 |      -19.0 |    401 | fdct_zigzag.dct_mod.dct_block_4.dct_unit_5.macu.mult_res\[16\]$_DFFE_PP_/D
    1575* |       8 |     609 |       53 |      7 |    95 |    +0.5% |   -0.141 |      -19.0 |    401 | fdct_zigzag.dct_mod.dct_block_4.dct_unit_5.macu.mult_res\[16\]$_DFFE_PP_/D
    1576* |       8 |     609 |       53 |      7 |    95 |    +0.5% |   -0.141 |      -19.0 |    401 | fdct_zigzag.dct_mod.dct_block_4.dct_unit_5.macu.mult_res\[16\]$_DFFE_PP_/D
    1579* |       8 |     611 |       53 |      7 |    95 |    +0.5% |   -0.141 |      -19.0 |    401 | fdct_zigzag.dct_mod.dct_block_4.dct_unit_5.macu.mult_res\[16\]$_DFFE_PP_/D
    1580* |       8 |     611 |       53 |      7 |    95 |    +0.5% |   -0.141 |      -19.0 |    401 | fdct_zigzag.dct_mod.dct_block_4.dct_unit_5.macu.mult_res\[16\]$_DFFE_PP_/D
    1580* |       8 |     611 |       53 |      7 |    95 |    +0.5% |   -0.141 |      -19.0 |    401 | fdct_zigzag.dct_mod.dct_block_4.dct_unit_5.macu.mult_res\[16\]$_DFFE_PP_/D
    1581* |       8 |     611 |       53 |      7 |    95 |    +0.5% |   -0.141 |      -19.0 |    401 | fdct_zigzag.dct_mod.dct_block_4.dct_unit_5.macu.mult_res\[16\]$_DFFE_PP_/D
    1585* |       8 |     614 |       53 |      7 |    95 |    +0.5% |   -0.141 |      -19.0 |    401 | fdct_zigzag.dct_mod.dct_block_4.dct_unit_5.macu.mult_res\[16\]$_DFFE_PP_/D
    1589* |       8 |     617 |       53 |      7 |    95 |    +0.5% |   -0.141 |      -18.9 |    401 | fdct_zigzag.dct_mod.dct_block_4.dct_unit_5.macu.mult_res\[16\]$_DFFE_PP_/D
    1590* |       8 |     617 |       53 |      7 |    95 |    +0.5% |   -0.141 |      -18.9 |    401 | fdct_zigzag.dct_mod.dct_block_4.dct_unit_5.macu.mult_res\[16\]$_DFFE_PP_/D
    1590* |       8 |     617 |       53 |      7 |    95 |    +0.5% |   -0.141 |      -18.9 |    401 | fdct_zigzag.dct_mod.dct_block_4.dct_unit_5.macu.mult_res\[16\]$_DFFE_PP_/D
    1592* |       8 |     618 |       53 |      7 |    95 |    +0.5% |   -0.141 |      -18.9 |    401 | fdct_zigzag.dct_mod.dct_block_4.dct_unit_5.macu.mult_res\[16\]$_DFFE_PP_/D
    1594* |       8 |     619 |       53 |      7 |    95 |    +0.5% |   -0.141 |      -18.9 |    401 | fdct_zigzag.dct_mod.dct_block_4.dct_unit_5.macu.mult_res\[16\]$_DFFE_PP_/D
    1595* |       8 |     619 |       53 |      7 |    95 |    +0.5% |   -0.141 |      -18.9 |    401 | fdct_zigzag.dct_mod.dct_block_4.dct_unit_5.macu.mult_res\[16\]$_DFFE_PP_/D
    1597* |       8 |     620 |       53 |      7 |    95 |    +0.5% |   -0.141 |      -18.9 |    401 | fdct_zigzag.dct_mod.dct_block_4.dct_unit_5.macu.mult_res\[16\]$_DFFE_PP_/D
    1599* |       8 |     621 |       53 |      7 |    95 |    +0.5% |   -0.141 |      -18.9 |    401 | fdct_zigzag.dct_mod.dct_block_4.dct_unit_5.macu.mult_res\[16\]$_DFFE_PP_/D
    1600* |       8 |     621 |       53 |      7 |    95 |    +0.5% |   -0.141 |      -18.9 |    401 | fdct_zigzag.dct_mod.dct_block_4.dct_unit_5.macu.mult_res\[16\]$_DFFE_PP_/D
    1601* |       8 |     621 |       53 |      7 |    95 |    +0.5% |   -0.141 |      -18.9 |    401 | fdct_zigzag.dct_mod.dct_block_4.dct_unit_5.macu.mult_res\[16\]$_DFFE_PP_/D
    1605* |       8 |     624 |       53 |      7 |    95 |    +0.5% |   -0.141 |      -18.9 |    401 | fdct_zigzag.dct_mod.dct_block_4.dct_unit_5.macu.mult_res\[16\]$_DFFE_PP_/D
    1609* |       8 |     627 |       53 |      7 |    95 |    +0.5% |   -0.141 |      -18.9 |    401 | fdct_zigzag.dct_mod.dct_block_4.dct_unit_5.macu.mult_res\[16\]$_DFFE_PP_/D
    1610* |       8 |     627 |       53 |      7 |    95 |    +0.5% |   -0.141 |      -18.9 |    401 | fdct_zigzag.dct_mod.dct_block_4.dct_unit_5.macu.mult_res\[16\]$_DFFE_PP_/D
    1611* |       8 |     628 |       53 |      7 |    95 |    +0.5% |   -0.141 |      -18.9 |    401 | fdct_zigzag.dct_mod.dct_block_4.dct_unit_5.macu.mult_res\[16\]$_DFFE_PP_/D
    1612* |       8 |     628 |       53 |      7 |    95 |    +0.5% |   -0.141 |      -18.9 |    401 | fdct_zigzag.dct_mod.dct_block_4.dct_unit_5.macu.mult_res\[16\]$_DFFE_PP_/D
    1615* |       8 |     630 |       53 |      7 |    95 |    +0.5% |   -0.141 |      -18.9 |    401 | fdct_zigzag.dct_mod.dct_block_4.dct_unit_5.macu.mult_res\[16\]$_DFFE_PP_/D
    1616* |       8 |     630 |       53 |      7 |    95 |    +0.5% |   -0.141 |      -18.9 |    401 | fdct_zigzag.dct_mod.dct_block_4.dct_unit_5.macu.mult_res\[16\]$_DFFE_PP_/D
    1617* |       8 |     630 |       53 |      7 |    95 |    +0.5% |   -0.141 |      -18.9 |    401 | fdct_zigzag.dct_mod.dct_block_4.dct_unit_5.macu.mult_res\[16\]$_DFFE_PP_/D
    1619* |       8 |     631 |       53 |      7 |    95 |    +0.5% |   -0.141 |      -18.8 |    401 | fdct_zigzag.dct_mod.dct_block_4.dct_unit_5.macu.mult_res\[16\]$_DFFE_PP_/D
    1620* |       8 |     631 |       53 |      7 |    95 |    +0.5% |   -0.141 |      -18.8 |    401 | fdct_zigzag.dct_mod.dct_block_4.dct_unit_5.macu.mult_res\[16\]$_DFFE_PP_/D
    1620* |       8 |     631 |       53 |      7 |    95 |    +0.5% |   -0.141 |      -18.8 |    401 | fdct_zigzag.dct_mod.dct_block_4.dct_unit_5.macu.mult_res\[16\]$_DFFE_PP_/D
    1621* |       8 |     631 |       53 |      7 |    95 |    +0.5% |   -0.141 |      -18.8 |    401 | fdct_zigzag.dct_mod.dct_block_4.dct_unit_5.macu.mult_res\[16\]$_DFFE_PP_/D
    1622* |       8 |     631 |       53 |      7 |    95 |    +0.5% |   -0.141 |      -18.8 |    401 | fdct_zigzag.dct_mod.dct_block_4.dct_unit_5.macu.mult_res\[16\]$_DFFE_PP_/D
    1624* |       8 |     632 |       53 |      7 |    95 |    +0.5% |   -0.141 |      -18.8 |    401 | fdct_zigzag.dct_mod.dct_block_4.dct_unit_5.macu.mult_res\[16\]$_DFFE_PP_/D
    1625* |       8 |     632 |       53 |      7 |    95 |    +0.5% |   -0.141 |      -18.8 |    401 | fdct_zigzag.dct_mod.dct_block_4.dct_unit_5.macu.mult_res\[16\]$_DFFE_PP_/D
    1626* |       8 |     632 |       53 |      7 |    95 |    +0.5% |   -0.141 |      -18.8 |    401 | fdct_zigzag.dct_mod.dct_block_4.dct_unit_5.macu.mult_res\[16\]$_DFFE_PP_/D
    1630* |       8 |     635 |       53 |      7 |    95 |    +0.5% |   -0.141 |      -18.7 |    401 | fdct_zigzag.dct_mod.dct_block_4.dct_unit_5.macu.mult_res\[16\]$_DFFE_PP_/D
    1630* |       8 |     635 |       53 |      7 |    95 |    +0.5% |   -0.141 |      -18.7 |    401 | fdct_zigzag.dct_mod.dct_block_4.dct_unit_5.macu.mult_res\[16\]$_DFFE_PP_/D
    1631* |       8 |     635 |       53 |      7 |    95 |    +0.5% |   -0.141 |      -18.7 |    401 | fdct_zigzag.dct_mod.dct_block_4.dct_unit_5.macu.mult_res\[16\]$_DFFE_PP_/D
    1632* |       8 |     635 |       53 |      7 |    95 |    +0.5% |   -0.141 |      -18.7 |    401 | fdct_zigzag.dct_mod.dct_block_4.dct_unit_5.macu.mult_res\[16\]$_DFFE_PP_/D
    1633* |       8 |     635 |       53 |      7 |    95 |    +0.5% |   -0.141 |      -18.7 |    401 | fdct_zigzag.dct_mod.dct_block_4.dct_unit_5.macu.mult_res\[16\]$_DFFE_PP_/D
    1635* |       8 |     636 |       53 |      7 |    95 |    +0.5% |   -0.141 |      -18.6 |    401 | fdct_zigzag.dct_mod.dct_block_4.dct_unit_5.macu.mult_res\[16\]$_DFFE_PP_/D
    1636* |       8 |     636 |       53 |      7 |    95 |    +0.5% |   -0.141 |      -18.6 |    401 | fdct_zigzag.dct_mod.dct_block_4.dct_unit_5.macu.mult_res\[16\]$_DFFE_PP_/D
    1637* |       8 |     636 |       53 |      7 |    95 |    +0.5% |   -0.141 |      -18.6 |    401 | fdct_zigzag.dct_mod.dct_block_4.dct_unit_5.macu.mult_res\[16\]$_DFFE_PP_/D
    1638* |       8 |     636 |       53 |      7 |    95 |    +0.5% |   -0.141 |      -18.6 |    401 | fdct_zigzag.dct_mod.dct_block_4.dct_unit_5.macu.mult_res\[16\]$_DFFE_PP_/D
    1639* |       8 |     636 |       53 |      7 |    95 |    +0.5% |   -0.141 |      -18.6 |    401 | fdct_zigzag.dct_mod.dct_block_4.dct_unit_5.macu.mult_res\[16\]$_DFFE_PP_/D
    1640* |       8 |     636 |       53 |      7 |    95 |    +0.5% |   -0.141 |      -18.6 |    401 | fdct_zigzag.dct_mod.dct_block_4.dct_unit_5.macu.mult_res\[16\]$_DFFE_PP_/D
    1642* |       8 |     638 |       53 |      7 |    95 |    +0.5% |   -0.141 |      -18.3 |    401 | fdct_zigzag.dct_mod.dct_block_4.dct_unit_5.macu.mult_res\[16\]$_DFFE_PP_/D
    1644* |       8 |     639 |       53 |      7 |    95 |    +0.5% |   -0.141 |      -18.3 |    401 | fdct_zigzag.dct_mod.dct_block_4.dct_unit_5.macu.mult_res\[16\]$_DFFE_PP_/D
    1645* |       8 |     639 |       53 |      7 |    95 |    +0.5% |   -0.141 |      -18.3 |    401 | fdct_zigzag.dct_mod.dct_block_4.dct_unit_5.macu.mult_res\[16\]$_DFFE_PP_/D
    1650* |       8 |     643 |       53 |      7 |    95 |    +0.6% |   -0.141 |      -18.3 |    401 | fdct_zigzag.dct_mod.dct_block_4.dct_unit_5.macu.mult_res\[16\]$_DFFE_PP_/D
    1651* |       8 |     644 |       53 |      7 |    95 |    +0.6% |   -0.141 |      -18.3 |    401 | fdct_zigzag.dct_mod.dct_block_4.dct_unit_5.macu.mult_res\[16\]$_DFFE_PP_/D
    1654* |       8 |     646 |       53 |      7 |    95 |    +0.6% |   -0.141 |      -18.2 |    401 | fdct_zigzag.dct_mod.dct_block_4.dct_unit_5.macu.mult_res\[16\]$_DFFE_PP_/D
    1658* |       8 |     649 |       53 |      7 |    95 |    +0.6% |   -0.141 |      -18.2 |    401 | fdct_zigzag.dct_mod.dct_block_4.dct_unit_5.macu.mult_res\[16\]$_DFFE_PP_/D
    1659* |       8 |     649 |       53 |      7 |    95 |    +0.6% |   -0.141 |      -18.2 |    401 | fdct_zigzag.dct_mod.dct_block_4.dct_unit_5.macu.mult_res\[16\]$_DFFE_PP_/D
    1660* |       8 |     649 |       53 |      7 |    95 |    +0.6% |   -0.141 |      -18.2 |    401 | fdct_zigzag.dct_mod.dct_block_4.dct_unit_5.macu.mult_res\[16\]$_DFFE_PP_/D
    1660* |       8 |     649 |       53 |      7 |    95 |    +0.6% |   -0.141 |      -18.2 |    401 | fdct_zigzag.dct_mod.dct_block_4.dct_unit_5.macu.mult_res\[16\]$_DFFE_PP_/D
    1661* |       8 |     649 |       53 |      7 |    95 |    +0.6% |   -0.141 |      -18.2 |    401 | fdct_zigzag.dct_mod.dct_block_4.dct_unit_5.macu.mult_res\[16\]$_DFFE_PP_/D
    1663* |       8 |     650 |       53 |      7 |    95 |    +0.6% |   -0.141 |      -18.2 |    401 | fdct_zigzag.dct_mod.dct_block_4.dct_unit_5.macu.mult_res\[16\]$_DFFE_PP_/D
    1664* |       8 |     650 |       53 |      7 |    95 |    +0.6% |   -0.141 |      -18.2 |    401 | fdct_zigzag.dct_mod.dct_block_4.dct_unit_5.macu.mult_res\[16\]$_DFFE_PP_/D
    1670* |       8 |     655 |       53 |      7 |    95 |    +0.6% |   -0.141 |      -18.1 |    401 | fdct_zigzag.dct_mod.dct_block_4.dct_unit_5.macu.mult_res\[16\]$_DFFE_PP_/D
    1670* |       8 |     655 |       53 |      7 |    95 |    +0.6% |   -0.141 |      -18.1 |    401 | fdct_zigzag.dct_mod.dct_block_4.dct_unit_5.macu.mult_res\[16\]$_DFFE_PP_/D
    1671* |       8 |     655 |       53 |      7 |    95 |    +0.6% |   -0.141 |      -18.1 |    401 | fdct_zigzag.dct_mod.dct_block_4.dct_unit_5.macu.mult_res\[16\]$_DFFE_PP_/D
    1672* |       8 |     655 |       53 |      7 |    95 |    +0.6% |   -0.141 |      -18.1 |    401 | fdct_zigzag.dct_mod.dct_block_4.dct_unit_5.macu.mult_res\[16\]$_DFFE_PP_/D
    1673* |       8 |     655 |       53 |      7 |    95 |    +0.6% |   -0.141 |      -18.1 |    401 | fdct_zigzag.dct_mod.dct_block_4.dct_unit_5.macu.mult_res\[16\]$_DFFE_PP_/D
    1674* |       8 |     655 |       53 |      7 |    95 |    +0.6% |   -0.141 |      -18.1 |    401 | fdct_zigzag.dct_mod.dct_block_4.dct_unit_5.macu.mult_res\[16\]$_DFFE_PP_/D
    1675* |       8 |     655 |       53 |      7 |    95 |    +0.6% |   -0.141 |      -18.1 |    401 | fdct_zigzag.dct_mod.dct_block_4.dct_unit_5.macu.mult_res\[16\]$_DFFE_PP_/D
    1679* |       8 |     658 |       53 |      7 |    95 |    +0.6% |   -0.141 |      -18.1 |    401 | fdct_zigzag.dct_mod.dct_block_4.dct_unit_5.macu.mult_res\[16\]$_DFFE_PP_/D
    1680* |       8 |     658 |       53 |      7 |    95 |    +0.6% |   -0.141 |      -18.1 |    401 | fdct_zigzag.dct_mod.dct_block_4.dct_unit_5.macu.mult_res\[16\]$_DFFE_PP_/D
    1680* |       8 |     658 |       53 |      7 |    95 |    +0.6% |   -0.141 |      -18.1 |    401 | fdct_zigzag.dct_mod.dct_block_4.dct_unit_5.macu.mult_res\[16\]$_DFFE_PP_/D
    1681* |       8 |     658 |       53 |      7 |    95 |    +0.6% |   -0.141 |      -18.1 |    401 | fdct_zigzag.dct_mod.dct_block_4.dct_unit_5.macu.mult_res\[16\]$_DFFE_PP_/D
    1682* |       8 |     658 |       53 |      7 |    95 |    +0.6% |   -0.141 |      -18.1 |    401 | fdct_zigzag.dct_mod.dct_block_4.dct_unit_5.macu.mult_res\[16\]$_DFFE_PP_/D
    1684* |       8 |     659 |       53 |      7 |    95 |    +0.6% |   -0.141 |      -18.1 |    401 | fdct_zigzag.dct_mod.dct_block_4.dct_unit_5.macu.mult_res\[16\]$_DFFE_PP_/D
    1685* |       8 |     659 |       53 |      7 |    95 |    +0.6% |   -0.141 |      -18.1 |    401 | fdct_zigzag.dct_mod.dct_block_4.dct_unit_5.macu.mult_res\[16\]$_DFFE_PP_/D
    1690* |       8 |     663 |       53 |      7 |    95 |    +0.6% |   -0.141 |      -18.1 |    401 | fdct_zigzag.dct_mod.dct_block_4.dct_unit_5.macu.mult_res\[16\]$_DFFE_PP_/D
    1694* |       8 |     667 |       53 |      7 |    95 |    +0.6% |   -0.141 |      -18.0 |    401 | fdct_zigzag.dct_mod.dct_block_4.dct_unit_5.macu.mult_res\[16\]$_DFFE_PP_/D
    1695* |       8 |     667 |       53 |      7 |    95 |    +0.6% |   -0.141 |      -18.0 |    401 | fdct_zigzag.dct_mod.dct_block_4.dct_unit_5.macu.mult_res\[16\]$_DFFE_PP_/D
    1696* |       8 |     667 |       53 |      7 |    95 |    +0.6% |   -0.141 |      -18.0 |    401 | fdct_zigzag.dct_mod.dct_block_4.dct_unit_5.macu.mult_res\[16\]$_DFFE_PP_/D
    1697* |       8 |     667 |       53 |      7 |    95 |    +0.6% |   -0.141 |      -18.0 |    401 | fdct_zigzag.dct_mod.dct_block_4.dct_unit_5.macu.mult_res\[16\]$_DFFE_PP_/D
    1699* |       8 |     668 |       53 |      7 |    95 |    +0.6% |   -0.141 |      -18.0 |    401 | fdct_zigzag.dct_mod.dct_block_4.dct_unit_5.macu.mult_res\[16\]$_DFFE_PP_/D
    1700* |       8 |     668 |       53 |      7 |    95 |    +0.6% |   -0.141 |      -18.0 |    401 | fdct_zigzag.dct_mod.dct_block_4.dct_unit_5.macu.mult_res\[16\]$_DFFE_PP_/D
    final |       8 |     668 |       53 |      7 |    95 |    +0.6% |   -0.141 |      -18.0 |    401 | fdct_zigzag.dct_mod.dct_block_4.dct_unit_5.macu.mult_res\[16\]$_DFFE_PP_/D
--------------------------------------------------------------------------------------------------------------
[INFO RSZ-0059] Removed 8 buffers.
[INFO RSZ-0040] Inserted 22 buffers.
[INFO RSZ-0041] Resized 668 instances.
[INFO RSZ-0043] Swapped pins on 95 instances.
[INFO RSZ-0049] Cloned 7 instances.
[WARNING RSZ-0062] Unable to repair all setup violations.
[INFO RSZ-0046] Found 1 endpoints with hold violations.
Iteration | Resized | Buffers | Cloned Gates |   Area   |   WNS   |   TNS   | Endpoint
--------------------------------------------------------------------------------------
        0 |       0 |       0 |            0 |    +0.0% |  -0.001 |  -0.001 | fdct_zigzag.dct_mod.go$_DFFE_PN0P_/D
    final |       0 |       1 |            0 |    +0.0% |   0.008 |   0.000 | fdct_zigzag.dct_mod.ddin\[7\]$_DFFE_PN0P_/D
--------------------------------------------------------------------------------------
[INFO RSZ-0032] Inserted 1 hold buffers.
Took 31 seconds: repair_timing -verbose -setup_margin 0 -hold_margin 0 -repair_tns 100
global_route -start_incremental
detailed_placement
Placement Analysis
---------------------------------
total displacement        818.1 u
average displacement        0.0 u
max displacement            3.9 u
original HPWL          942608.9 u
legalized HPWL         943422.4 u
delta HPWL                    0 %

global_route -end_incremental -congestion_report_file ./reports/nangate45/jpeg/base/congestion_post_repair_timing.rpt
global_route -start_incremental
global_route -end_incremental -congestion_report_file ./reports/nangate45/jpeg/base/congestion_post_recover_power.rpt
Repair antennas...
[WARNING GRT-0246] No diode with LEF class CORE ANTENNACELL found.
[INFO ANT-0002] Found 0 net violations.
[INFO ANT-0001] Found 0 pin violations.
Estimate parasitics...
Report metrics stage 5, global route...

==========================================================================
global route report_design_area
--------------------------------------------------------------------------
Design area 98440 u^2 50% utilization.
[INFO FLW-0007] clock clk period 1.200000
[INFO FLW-0008] Clock clk period 1.281
[INFO FLW-0009] Clock clk slack -0.148
[INFO FLW-0011] Path endpoint path count 9258
Elapsed time: 1:21.04[h:]min:sec. CPU time: user 719.32 sys 246.74 (1192%). Peak memory: 1340616KB.
