OpenROAD v2.0-19576-gec1bf1a13 
Features included (+) or not (-): +GPU +GUI +Python : None
This program is licensed under the BSD-3 license. See the LICENSE file for details.
Components of this program may be licensed under more restrictive licenses which must be honored.
[INFO ORD-0030] Using 32 thread(s).
Deleted 0 routing obstructions
[INFO RCX-0431] Defined process_corner X with ext_model_index 0
[INFO RCX-0029] Defined extraction corner X
[INFO RCX-0435] Reading extraction model file /ml_placer/flow/platforms/nangate45/rcx_patterns.rules ...
[INFO RCX-0436] RC segment generation jpeg_encoder (max_merge_res 50.0) ...
[INFO RCX-0040] Final 212290 rc segments
[INFO RCX-0439] Coupling Cap extraction jpeg_encoder ...
[INFO RCX-0440] Coupling threshhold is 0.1000 fF, coupling capacitance less than 0.1000 fF will be grounded.
[INFO RCX-0442] 11% of 364793 wires extracted
[INFO RCX-0442] 29% of 364793 wires extracted
[INFO RCX-0442] 48% of 364793 wires extracted
[INFO RCX-0442] 63% of 364793 wires extracted
[INFO RCX-0442] 82% of 364793 wires extracted
[INFO RCX-0442] 100% of 364793 wires extracted
[INFO RCX-0045] Extract 73982 nets, 282128 rsegs, 282128 caps, 581112 ccs
[INFO RCX-0443] 73982 nets finished
[INFO PSM-0040] All shapes on net VDD are connected.
[INFO PSM-0073] Using bump pattern with x-pitch 140.0000um, y-pitch 140.0000um, and size 70.0000um with an reduction factor of 3x.
########## IR report #################
Net              : VDD
Corner           : default
Supply voltage   : 1.10e+00 V
Worstcase voltage: 8.72e-01 V
Average voltage  : 9.68e-01 V
Average IR drop  : 1.32e-01 V
Worstcase IR drop: 2.28e-01 V
Percentage drop  : 20.76 %
######################################
[INFO PSM-0040] All shapes on net VSS are connected.
[INFO PSM-0073] Using bump pattern with x-pitch 140.0000um, y-pitch 140.0000um, and size 70.0000um with an reduction factor of 3x.
########## IR report #################
Net              : VSS
Corner           : default
Supply voltage   : 0.00e+00 V
Worstcase voltage: 2.44e-01 V
Average voltage  : 1.33e-01 V
Average IR drop  : 1.33e-01 V
Worstcase IR drop: 2.44e-01 V
Percentage drop  : 22.18 %
######################################
Cell type report:                       Count       Area
  Fill cell                             64484   99959.87
  Tap cell                               1116     296.86
  Buffer                                 2968    5716.07
  Clock buffer                            788    1012.40
  Timing Repair Buffer                    156     257.75
  Inverter                              15708    8612.55
  Clock inverter                          569     677.50
  Sequential cell                        4383   20538.92
  Multi-Input combinational cell        37693   61625.28
  Total                                127865  198697.21
Report metrics stage 6, finish...

==========================================================================
finish report_design_area
--------------------------------------------------------------------------
Design area 98440 u^2 50% utilization.
[WARNING GUI-0076] QStandardPaths: XDG_RUNTIME_DIR not set, defaulting to '/tmp/runtime-root'
[WARNING GUI-0076] This plugin does not support propagateSizeHints()
[WARNING GUI-0076] This plugin does not support propagateSizeHints()
[WARNING GUI-0076] This plugin does not support propagateSizeHints()
[WARNING GUI-0010] File path does not end with a valid extension, new path is: ./reports/nangate45/jpeg/base/final_all.webp.png
[WARNING GUI-0010] File path does not end with a valid extension, new path is: ./reports/nangate45/jpeg/base/final_routing.webp.png
[WARNING GUI-0010] File path does not end with a valid extension, new path is: ./reports/nangate45/jpeg/base/final_placement.webp.png
[WARNING GUI-0010] File path does not end with a valid extension, new path is: ./reports/nangate45/jpeg/base/final_ir_drop.webp.png
[WARNING GUI-0010] File path does not end with a valid extension, new path is: ./reports/nangate45/jpeg/base/final_clocks.webp.png
[WARNING GUI-0010] File path does not end with a valid extension, new path is: ./reports/nangate45/jpeg/base/cts_clk.webp.png
[WARNING GUI-0010] File path does not end with a valid extension, new path is: ./reports/nangate45/jpeg/base/cts_clk_layout.webp.png
[WARNING GUI-0010] File path does not end with a valid extension, new path is: ./reports/nangate45/jpeg/base/final_resizer.webp.png
Elapsed time: 0:53.19[h:]min:sec. CPU time: user 69.60 sys 50.98 (226%). Peak memory: 1403112KB.
