OpenROAD v2.0-19576-gec1bf1a13 
Features included (+) or not (-): +GPU +GUI +Python : None
This program is licensed under the BSD-3 license. See the LICENSE file for details.
Components of this program may be licensed under more restrictive licenses which must be honored.
[INFO ORD-0030] Using 32 thread(s).
source /ml_placer/flow/platforms/ihp-sg13g2/fastroute.tcl
[INFO DRT-0149] Reading tech and libs.
[WARNING DRT-0349] LEF58_ENCLOSURE with no CUTCLASS is not supported. Skipping for layer Cont
[WARNING DRT-0349] LEF58_ENCLOSURE with no CUTCLASS is not supported. Skipping for layer Via1
[WARNING DRT-0349] LEF58_ENCLOSURE with no CUTCLASS is not supported. Skipping for layer Via1
[WARNING DRT-0349] LEF58_ENCLOSURE with no CUTCLASS is not supported. Skipping for layer Via2
[WARNING DRT-0349] LEF58_ENCLOSURE with no CUTCLASS is not supported. Skipping for layer Via3
[WARNING DRT-0349] LEF58_ENCLOSURE with no CUTCLASS is not supported. Skipping for layer Via4
[WARNING DRT-0349] LEF58_ENCLOSURE with no CUTCLASS is not supported. Skipping for layer TopVia1
[WARNING DRT-0349] LEF58_ENCLOSURE with no CUTCLASS is not supported. Skipping for layer TopVia1
[WARNING DRT-0349] LEF58_ENCLOSURE with no CUTCLASS is not supported. Skipping for layer TopVia2
[WARNING DRT-0349] LEF58_ENCLOSURE with no CUTCLASS is not supported. Skipping for layer TopVia2

Units:                1000
Number of layers:     15
Number of macros:     78
Number of vias:       312
Number of viarulegen: 6

[INFO DRT-0150] Reading design.

Design:                   gcd
Die area:                 ( 0 0 ) ( 190690 190690 )
Number of track patterns: 14
Number of DEF vias:       0
Number of components:     453
Number of terminals:      54
Number of snets:          2
Number of nets:           519

[INFO DRT-0167] List of default vias:
  Layer Via2
    default via: Via2_YX_so
  Layer Via3
    default via: Via3_YX_so
  Layer Via4
    default via: Via4_YX_so
  Layer TopVia1
    default via: TopVia1EWNS
  Layer TopVia2
    default via: TopVia2EWNS
[INFO DRT-0162] Library cell analysis.
[INFO DRT-0163] Instance analysis.
[INFO DRT-0164] Number of unique instances = 59.
[INFO DRT-0168] Init region query.
[INFO DRT-0024]   Complete GatPoly.
[INFO DRT-0024]   Complete Cont.
[INFO DRT-0024]   Complete Metal1.
[INFO DRT-0024]   Complete Via1.
[INFO DRT-0024]   Complete Metal2.
[INFO DRT-0024]   Complete Via2.
[INFO DRT-0024]   Complete Metal3.
[INFO DRT-0024]   Complete Via3.
[INFO DRT-0024]   Complete Metal4.
[INFO DRT-0024]   Complete Via4.
[INFO DRT-0024]   Complete Metal5.
[INFO DRT-0024]   Complete TopVia1.
[INFO DRT-0024]   Complete TopMetal1.
[INFO DRT-0024]   Complete TopVia2.
[INFO DRT-0024]   Complete TopMetal2.
[INFO DRT-0033] GatPoly shape region query size = 0.
[INFO DRT-0033] Cont shape region query size = 0.
[INFO DRT-0033] Metal1 shape region query size = 11087.
[INFO DRT-0033] Via1 shape region query size = 1533.
[INFO DRT-0033] Metal2 shape region query size = 505.
[INFO DRT-0033] Via2 shape region query size = 1428.
[INFO DRT-0033] Metal3 shape region query size = 361.
[INFO DRT-0033] Via3 shape region query size = 1428.
[INFO DRT-0033] Metal4 shape region query size = 336.
[INFO DRT-0033] Via4 shape region query size = 1428.
[INFO DRT-0033] Metal5 shape region query size = 208.
[INFO DRT-0033] TopVia1 shape region query size = 336.
[INFO DRT-0033] TopMetal1 shape region query size = 40.
[INFO DRT-0033] TopVia2 shape region query size = 0.
[INFO DRT-0033] TopMetal2 shape region query size = 0.
[INFO DRT-0165] Start pin access.
[INFO DRT-0078]   Complete 326 pins.
[INFO DRT-0081]   Complete 59 unique inst patterns.
[INFO DRT-0084]   Complete 193 groups.
#scanned instances     = 453
#unique  instances     = 59
#stdCellGenAp          = 2417
#stdCellValidPlanarAp  = 32
#stdCellValidViaAp     = 1649
#stdCellPinNoAp        = 0
#stdCellPinCnt         = 1425
#instTermValidViaApCnt = 0
#macroGenAp            = 0
#macroValidPlanarAp    = 0
#macroValidViaAp       = 0
#macroNoAp             = 0
[INFO DRT-0166] Complete pin access.
[INFO DRT-0267] cpu time = 00:00:16, elapsed time = 00:00:02, memory = 109.65 (MB), peak = 109.65 (MB)
global_route -congestion_report_file ./reports/ihp-sg13g2/gcd/base/congestion.rpt -congestion_iterations 30 -congestion_report_iter_step 5 -verbose
[INFO GRT-0020] Min routing layer: Metal2
[INFO GRT-0021] Max routing layer: Metal5
[INFO GRT-0022] Global adjustment: 0%
[INFO GRT-0023] Grid origin: (0, 0)
[INFO GRT-0043] No OR_DEFAULT vias defined.
[INFO GRT-0088] Layer Metal1  Track-Pitch = 0.4800  line-2-Via Pitch: 0.3650
[INFO GRT-0088] Layer Metal2  Track-Pitch = 0.4200  line-2-Via Pitch: 0.4100
[INFO GRT-0088] Layer Metal3  Track-Pitch = 0.4800  line-2-Via Pitch: 0.4100
[INFO GRT-0088] Layer Metal4  Track-Pitch = 0.4200  line-2-Via Pitch: 0.4100
[INFO GRT-0088] Layer Metal5  Track-Pitch = 3.4800  line-2-Via Pitch: 0.4100
[INFO GRT-0003] Macros: 0
[INFO GRT-0043] No OR_DEFAULT vias defined.
[INFO GRT-0004] Blockages: 0
[INFO GRT-0019] Found 10 clock nets.
[INFO GRT-0001] Minimum degree: 2
[INFO GRT-0002] Maximum degree: 9

[INFO GRT-0053] Routing resources analysis:
          Routing      Original      Derated      Resource
Layer     Direction    Resources     Resources    Reduction (%)
---------------------------------------------------------------
Metal1     Vertical            0             0          0.00%
Metal2     Horizontal      11700         10353          11.51%
Metal3     Vertical        10322          8181          20.74%
Metal4     Horizontal      11700         10425          10.90%
Metal5     Vertical         1378           601          56.39%
---------------------------------------------------------------

[INFO GRT-0197] Via related to pin nodes: 2315
[INFO GRT-0198] Via related Steiner nodes: 38
[INFO GRT-0199] Via filling finished.
[INFO GRT-0111] Final number of vias: 2848
[INFO GRT-0112] Final usage 3D: 10179

[INFO GRT-0096] Final congestion report:
Layer         Resource        Demand        Usage (%)    Max H / Max V / Total Overflow
---------------------------------------------------------------------------------------
Metal1               0             0            0.00%             0 /  0 /  0
Metal2           10353           877            8.47%             0 /  0 /  0
Metal3            8181           758            9.27%             0 /  0 /  0
Metal4           10425             0            0.00%             0 /  0 /  0
Metal5             601             0            0.00%             0 /  0 /  0
---------------------------------------------------------------------------------------
Total            29560          1635            5.53%             0 /  0 /  0

[INFO GRT-0018] Total wirelength: 18756 um
[INFO GRT-0014] Routed nets: 485
Perform buffer insertion and gate resizing...
repair_design -verbose
[INFO RSZ-0058] Using max wire length 16273um.
Iteration |   Area    | Resized | Buffers | Nets repaired | Remaining
---------------------------------------------------------------------
        0 |     +0.0% |       0 |       0 |             0 |       524
       10 |     +0.0% |       0 |       0 |             0 |       514
       20 |     +0.0% |       0 |       0 |             0 |       504
       30 |     +0.0% |       0 |       0 |             0 |       494
       40 |     +0.0% |       0 |       0 |             0 |       484
       50 |     +0.0% |       0 |       0 |             0 |       474
       60 |     +0.0% |       0 |       0 |             0 |       464
       70 |     +0.0% |       0 |       0 |             0 |       454
       80 |     +0.0% |       0 |       0 |             0 |       444
       90 |     +0.0% |       0 |       0 |             0 |       434
      100 |     +0.0% |       0 |       0 |             0 |       424
      110 |     +0.0% |       0 |       0 |             0 |       414
      120 |     +0.0% |       0 |       0 |             0 |       404
      130 |     +0.0% |       0 |       0 |             0 |       394
      140 |     +0.0% |       0 |       0 |             0 |       384
      150 |     +0.0% |       0 |       0 |             0 |       374
      160 |     +0.0% |       0 |       0 |             0 |       364
      170 |     +0.0% |       0 |       0 |             0 |       354
      180 |     +0.0% |       0 |       0 |             0 |       344
      190 |     +0.0% |       0 |       0 |             0 |       334
      200 |     +0.0% |       0 |       0 |             0 |       324
      210 |     +0.0% |       0 |       0 |             0 |       314
      220 |     +0.0% |       0 |       0 |             0 |       304
      230 |     +0.0% |       0 |       0 |             0 |       294
      240 |     +0.0% |       0 |       0 |             0 |       284
      250 |     +0.0% |       0 |       0 |             0 |       274
      260 |     +0.0% |       0 |       0 |             0 |       264
      270 |     +0.0% |       0 |       0 |             0 |       254
      280 |     +0.0% |       0 |       0 |             0 |       244
      290 |     +0.0% |       0 |       0 |             0 |       234
      300 |     +0.0% |       0 |       0 |             0 |       224
      310 |     +0.0% |       0 |       0 |             0 |       214
      320 |     +0.0% |       0 |       0 |             0 |       204
      330 |     +0.0% |       0 |       0 |             0 |       194
      340 |     +0.0% |       0 |       0 |             0 |       184
      350 |     +0.0% |       0 |       0 |             0 |       174
      360 |     +0.0% |       0 |       0 |             0 |       164
      370 |     +0.0% |       0 |       0 |             0 |       154
      380 |     +0.0% |       0 |       0 |             0 |       144
      390 |     +0.0% |       0 |       0 |             0 |       134
      400 |     +0.0% |       0 |       0 |             0 |       124
      410 |     +0.0% |       0 |       0 |             0 |       114
      420 |     +0.0% |       0 |       0 |             0 |       104
      430 |     +0.0% |       0 |       0 |             0 |        94
      440 |     +0.0% |       0 |       0 |             0 |        84
      450 |     +0.0% |       0 |       0 |             0 |        74
      460 |     +0.0% |       0 |       0 |             0 |        64
      470 |     +0.0% |       0 |       0 |             0 |        54
      480 |     +0.0% |       0 |       0 |             0 |        44
      490 |     +0.0% |       0 |       0 |             0 |        34
      500 |     +0.0% |       0 |       0 |             0 |        24
      510 |     +0.0% |       0 |       0 |             0 |        14
      520 |     +0.0% |       0 |       0 |             0 |         4
    final |     +0.0% |       0 |       0 |             0 |         0
---------------------------------------------------------------------
global_route -start_incremental
detailed_placement
Placement Analysis
---------------------------------
total displacement          0.0 u
average displacement        0.0 u
max displacement            0.0 u
original HPWL           10700.4 u
legalized HPWL          10700.4 u
delta HPWL                    0 %

global_route -end_incremental -congestion_report_file ./reports/ihp-sg13g2/gcd/base/congestion_post_repair_design.rpt
Repair setup and hold violations...
repair_timing -verbose -setup_margin 0 -hold_margin 0 -repair_tns 100
[INFO RSZ-0098] No setup violations found
[INFO RSZ-0033] No hold violations found.
global_route -start_incremental
detailed_placement
Placement Analysis
---------------------------------
total displacement          0.0 u
average displacement        0.0 u
max displacement            0.0 u
original HPWL           10700.4 u
legalized HPWL          10700.4 u
delta HPWL                    0 %

global_route -end_incremental -congestion_report_file ./reports/ihp-sg13g2/gcd/base/congestion_post_repair_timing.rpt
global_route -start_incremental
global_route -end_incremental -congestion_report_file ./reports/ihp-sg13g2/gcd/base/congestion_post_recover_power.rpt
Repair antennas...
[INFO GRT-0012] Found 0 antenna violations.
[INFO ANT-0002] Found 0 net violations.
[INFO ANT-0001] Found 0 pin violations.
Estimate parasitics...
Report metrics stage 5, global route...

==========================================================================
global route report_design_area
--------------------------------------------------------------------------
Design area 5752 u^2 24% utilization.
[INFO FLW-0007] clock core_clock period 2.600000
[INFO FLW-0008] Clock core_clock period 2.432
[INFO FLW-0009] Clock core_clock slack 0.040
[INFO FLW-0011] Path endpoint path count 92
Elapsed time: 0:02.67[h:]min:sec. CPU time: user 18.79 sys 1.26 (748%). Peak memory: 352064KB.
