OpenROAD v2.0-19576-gec1bf1a13 
Features included (+) or not (-): +GPU +GUI +Python : None
This program is licensed under the BSD-3 license. See the LICENSE file for details.
Components of this program may be licensed under more restrictive licenses which must be honored.
[INFO ORD-0030] Using 32 thread(s).
[WARNING FIN-0010] Skipping layer OVERLAP.
[WARNING FIN-0010] Skipping layer LOCKED.
[WARNING FIN-0010] Skipping layer LOCKED1.
[WARNING FIN-0010] Skipping layer LOCKED2.
[WARNING FIN-0010] Skipping layer GatPoly.
[WARNING FIN-0010] Skipping layer Cont.
[INFO FIN-0003] Filling layer Metal1.
[INFO FIN-0009] Filling 17 areas with non-OPC fill.
[INFO FIN-0004] Total fills: 0.
[WARNING FIN-0010] Skipping layer Via1.
[INFO FIN-0003] Filling layer Metal2.
[INFO FIN-0009] Filling 78 areas with non-OPC fill.
[INFO FIN-0004] Total fills: 660.
[WARNING FIN-0010] Skipping layer Via2.
[INFO FIN-0003] Filling layer Metal3.
[INFO FIN-0009] Filling 83 areas with non-OPC fill.
[INFO FIN-0004] Total fills: 1386.
[WARNING FIN-0010] Skipping layer Via3.
[INFO FIN-0003] Filling layer Metal4.
[INFO FIN-0009] Filling 4 areas with non-OPC fill.
[INFO FIN-0004] Total fills: 2350.
[WARNING FIN-0010] Skipping layer Via4.
[INFO FIN-0003] Filling layer Metal5.
[INFO FIN-0009] Filling 5 areas with non-OPC fill.
[INFO FIN-0004] Total fills: 3398.
[WARNING FIN-0010] Skipping layer TopVia1.
[INFO FIN-0003] Filling layer TopMetal1.
[INFO FIN-0009] Filling 5 areas with non-OPC fill.
[INFO FIN-0004] Total fills: 3554.
[WARNING FIN-0010] Skipping layer TopVia2.
[INFO FIN-0003] Filling layer TopMetal2.
[INFO FIN-0009] Filling 1 areas with non-OPC fill.
[INFO FIN-0004] Total fills: 3782.
Elapsed time: 0:00.19[h:]min:sec. CPU time: user 0.16 sys 0.02 (97%). Peak memory: 113752KB.
