OpenROAD v2.0-19576-gec1bf1a13 
Features included (+) or not (-): +GPU +GUI +Python : None
This program is licensed under the BSD-3 license. See the LICENSE file for details.
Components of this program may be licensed under more restrictive licenses which must be honored.
[INFO ORD-0030] Using 22 thread(s).
detailed_route -output_drc ./reports/nangate45/ibex/base/5_route_drc.rpt -output_maze ./results/nangate45/ibex/base/maze.log -bottom_routing_layer metal2 -top_routing_layer metal10 -droute_end_iter 64 -verbose 1 -drc_report_iter_step 5
[INFO DRT-0149] Reading tech and libs.

Units:                2000
Number of layers:     21
Number of macros:     135
Number of vias:       33
Number of viarulegen: 19

[INFO DRT-0150] Reading design.

Design:                   ibex_core
Die area:                 ( 0 0 ) ( 483640 483640 )
Number of track patterns: 20
Number of DEF vias:       0
Number of components:     17484
Number of terminals:      264
Number of snets:          2
Number of nets:           19468

[INFO DRT-0167] List of default vias:
  Layer via2
    default via: via2_5
  Layer via3
    default via: via3_2
  Layer via4
    default via: via4_0
  Layer via5
    default via: via5_0
  Layer via6
    default via: via6_0
  Layer via7
    default via: via7_0
  Layer via8
    default via: via8_0
  Layer via9
    default via: via9_0
[INFO DRT-0162] Library cell analysis.
[INFO DRT-0163] Instance analysis.
[INFO DRT-0164] Number of unique instances = 177.
[INFO DRT-0168] Init region query.
[INFO DRT-0024]   Complete active.
[INFO DRT-0024]   Complete Fr_VIA.
[INFO DRT-0024]   Complete metal1.
[INFO DRT-0024]   Complete via1.
[INFO DRT-0024]   Complete metal2.
[INFO DRT-0024]   Complete via2.
[INFO DRT-0024]   Complete metal3.
[INFO DRT-0024]   Complete via3.
[INFO DRT-0024]   Complete metal4.
[INFO DRT-0024]   Complete via4.
[INFO DRT-0024]   Complete metal5.
[INFO DRT-0024]   Complete via5.
[INFO DRT-0024]   Complete metal6.
[INFO DRT-0024]   Complete via6.
[INFO DRT-0024]   Complete metal7.
[INFO DRT-0024]   Complete via7.
[INFO DRT-0024]   Complete metal8.
[INFO DRT-0024]   Complete via8.
[INFO DRT-0024]   Complete metal9.
[INFO DRT-0024]   Complete via9.
[INFO DRT-0024]   Complete metal10.
[INFO DRT-0033] active shape region query size = 0.
[INFO DRT-0033] FR_VIA shape region query size = 0.
[INFO DRT-0033] metal1 shape region query size = 383130.
[INFO DRT-0033] via1 shape region query size = 2322.
[INFO DRT-0033] metal2 shape region query size = 1548.
[INFO DRT-0033] via2 shape region query size = 2322.
[INFO DRT-0033] metal3 shape region query size = 1548.
[INFO DRT-0033] via3 shape region query size = 2322.
[INFO DRT-0033] metal4 shape region query size = 855.
[INFO DRT-0033] via4 shape region query size = 720.
[INFO DRT-0033] metal5 shape region query size = 261.
[INFO DRT-0033] via5 shape region query size = 720.
[INFO DRT-0033] metal6 shape region query size = 291.
[INFO DRT-0033] via6 shape region query size = 288.
[INFO DRT-0033] metal7 shape region query size = 88.
[INFO DRT-0033] via7 shape region query size = 0.
[INFO DRT-0033] metal8 shape region query size = 0.
[INFO DRT-0033] via8 shape region query size = 0.
[INFO DRT-0033] metal9 shape region query size = 0.
[INFO DRT-0033] via9 shape region query size = 0.
[INFO DRT-0033] metal10 shape region query size = 0.
[INFO DRT-0165] Start pin access.
[INFO DRT-0076]   Complete 1000 pins.
[INFO DRT-0078]   Complete 1041 pins.
[INFO DRT-0079]   Complete 100 unique inst patterns.
[INFO DRT-0081]   Complete 177 unique inst patterns.
[INFO DRT-0084]   Complete 9005 groups.
#scanned instances     = 17484
#unique  instances     = 177
#stdCellGenAp          = 6614
#stdCellValidPlanarAp  = 0
#stdCellValidViaAp     = 4444
#stdCellPinNoAp        = 0
#stdCellPinCnt         = 62123
#instTermValidViaApCnt = 0
#macroGenAp            = 0
#macroValidPlanarAp    = 0
#macroValidViaAp       = 0
#macroNoAp             = 0
[INFO DRT-0166] Complete pin access.
[INFO DRT-0267] cpu time = 00:12:12, elapsed time = 00:00:36, memory = 373.25 (MB), peak = 374.54 (MB)
[INFO DRT-0156] guideIn read 100000 guides.

[INFO DRT-0157] Number of guides:     179981

[INFO DRT-0169] Post process guides.
[INFO DRT-0176] GCELLGRID X 0 DO 115 STEP 4200 ;
[INFO DRT-0177] GCELLGRID Y 0 DO 115 STEP 4200 ;
[INFO DRT-0026]   Complete 100000 origin guides.
[INFO DRT-0028]   Complete active.
[INFO DRT-0028]   Complete Fr_VIA.
[INFO DRT-0028]   Complete metal1.
[INFO DRT-0028]   Complete via1.
[INFO DRT-0028]   Complete metal2.
[INFO DRT-0028]   Complete via2.
[INFO DRT-0028]   Complete metal3.
[INFO DRT-0028]   Complete via3.
[INFO DRT-0028]   Complete metal4.
[INFO DRT-0028]   Complete via4.
[INFO DRT-0028]   Complete metal5.
[INFO DRT-0028]   Complete via5.
[INFO DRT-0028]   Complete metal6.
[INFO DRT-0028]   Complete via6.
[INFO DRT-0028]   Complete metal7.
[INFO DRT-0028]   Complete via7.
[INFO DRT-0028]   Complete metal8.
[INFO DRT-0028]   Complete via8.
[INFO DRT-0028]   Complete metal9.
[INFO DRT-0028]   Complete via9.
[INFO DRT-0028]   Complete metal10.
[INFO DRT-0178] Init guide query.
[INFO DRT-0035]   Complete active (guide).
[INFO DRT-0035]   Complete Fr_VIA (guide).
[INFO DRT-0035]   Complete metal1 (guide).
[INFO DRT-0035]   Complete via1 (guide).
[INFO DRT-0035]   Complete metal2 (guide).
[INFO DRT-0035]   Complete via2 (guide).
[INFO DRT-0035]   Complete metal3 (guide).
[INFO DRT-0035]   Complete via3 (guide).
[INFO DRT-0035]   Complete metal4 (guide).
[INFO DRT-0035]   Complete via4 (guide).
[INFO DRT-0035]   Complete metal5 (guide).
[INFO DRT-0035]   Complete via5 (guide).
[INFO DRT-0035]   Complete metal6 (guide).
[INFO DRT-0035]   Complete via6 (guide).
[INFO DRT-0035]   Complete metal7 (guide).
[INFO DRT-0035]   Complete via7 (guide).
[INFO DRT-0035]   Complete metal8 (guide).
[INFO DRT-0035]   Complete via8 (guide).
[INFO DRT-0035]   Complete metal9 (guide).
[INFO DRT-0035]   Complete via9 (guide).
[INFO DRT-0035]   Complete metal10 (guide).
[INFO DRT-0036] active guide region query size = 0.
[INFO DRT-0036] FR_VIA guide region query size = 0.
[INFO DRT-0036] metal1 guide region query size = 54586.
[INFO DRT-0036] via1 guide region query size = 0.
[INFO DRT-0036] metal2 guide region query size = 49523.
[INFO DRT-0036] via2 guide region query size = 0.
[INFO DRT-0036] metal3 guide region query size = 30204.
[INFO DRT-0036] via3 guide region query size = 0.
[INFO DRT-0036] metal4 guide region query size = 8215.
[INFO DRT-0036] via4 guide region query size = 0.
[INFO DRT-0036] metal5 guide region query size = 3764.
[INFO DRT-0036] via5 guide region query size = 0.
[INFO DRT-0036] metal6 guide region query size = 1362.
[INFO DRT-0036] via6 guide region query size = 0.
[INFO DRT-0036] metal7 guide region query size = 314.
[INFO DRT-0036] via7 guide region query size = 0.
[INFO DRT-0036] metal8 guide region query size = 184.
[INFO DRT-0036] via8 guide region query size = 0.
[INFO DRT-0036] metal9 guide region query size = 93.
[INFO DRT-0036] via9 guide region query size = 0.
[INFO DRT-0036] metal10 guide region query size = 4.
[INFO DRT-0179] Init gr pin query.
[INFO DRT-0267] cpu time = 00:00:02, elapsed time = 00:00:00, memory = 432.34 (MB), peak = 432.34 (MB)
[INFO DRT-0245] skipped writing guide updates to database.
[INFO DRT-0185] Post process initialize RPin region query.
[INFO DRT-0181] Start track assignment.
[INFO DRT-0184] Done with 59288 vertical wires in 3 frboxes and 88961 horizontal wires in 3 frboxes.
[INFO DRT-0186] Done with 18086 vertical wires in 3 frboxes and 17940 horizontal wires in 3 frboxes.
[INFO DRT-0182] Complete track assignment.
[INFO DRT-0267] cpu time = 00:00:12, elapsed time = 00:00:05, memory = 926.13 (MB), peak = 926.13 (MB)
[INFO DRT-0187] Start routing data preparation.
[INFO DRT-0267] cpu time = 00:00:00, elapsed time = 00:00:00, memory = 940.36 (MB), peak = 940.36 (MB)
[INFO DRT-0194] Start detail routing.
[INFO DRT-0195] Start 0th optimization iteration.
    Completing 10% with 0 violations.
    elapsed time = 00:00:03, memory = 1263.89 (MB).
    Completing 20% with 0 violations.
    elapsed time = 00:00:06, memory = 1359.18 (MB).
    Completing 30% with 612 violations.
    elapsed time = 00:00:11, memory = 1488.20 (MB).
    Completing 40% with 612 violations.
    elapsed time = 00:00:16, memory = 1587.25 (MB).
    Completing 50% with 612 violations.
    elapsed time = 00:00:19, memory = 1553.64 (MB).
    Completing 60% with 1229 violations.
    elapsed time = 00:00:24, memory = 1562.00 (MB).
    Completing 70% with 1229 violations.
    elapsed time = 00:00:29, memory = 1585.45 (MB).
    Completing 80% with 1882 violations.
    elapsed time = 00:00:33, memory = 1689.47 (MB).
    Completing 90% with 1882 violations.
    elapsed time = 00:00:38, memory = 1746.09 (MB).
    Completing 100% with 2507 violations.
    elapsed time = 00:00:42, memory = 1649.92 (MB).
[INFO DRT-0199]   Number of violations = 3666.
Viol/Layer      metal1   via1 metal2   via2 metal3 metal4   via4 metal5   via5 metal6   via6 metal7
Cut Spacing          0      5      0      5      0      0     19      0      2      0      0      0
Metal Spacing       15      0    174      0     12      1      0      2      0      0      0      1
Recheck             56      0    708      0    332     40      0     12      0      4      0      7
Short               21     19   1911      0    255     46      0     15      0      0      2      2
[INFO DRT-0267] cpu time = 00:12:02, elapsed time = 00:00:45, memory = 2145.16 (MB), peak = 2145.16 (MB)
Total wire length = 337535 um.
Total wire length on LAYER metal1 = 0 um.
Total wire length on LAYER metal2 = 88909 um.
Total wire length on LAYER metal3 = 114753 um.
Total wire length on LAYER metal4 = 57722 um.
Total wire length on LAYER metal5 = 43545 um.
Total wire length on LAYER metal6 = 23353 um.
Total wire length on LAYER metal7 = 5041 um.
Total wire length on LAYER metal8 = 940 um.
Total wire length on LAYER metal9 = 3136 um.
Total wire length on LAYER metal10 = 131 um.
Total number of vias = 140047.
Up-via summary (total 140047):

-----------------
 active         0
 metal1     62150
 metal2     59650
 metal3     10544
 metal4      4947
 metal5      2053
 metal6       383
 metal7       170
 metal8       144
 metal9         6
-----------------
       140047


[INFO DRT-0195] Start 1st optimization iteration.
    Completing 10% with 3666 violations.
    elapsed time = 00:00:02, memory = 2253.75 (MB).
    Completing 20% with 3666 violations.
    elapsed time = 00:00:05, memory = 2223.50 (MB).
    Completing 30% with 3127 violations.
    elapsed time = 00:00:08, memory = 2219.92 (MB).
    Completing 40% with 3127 violations.
    elapsed time = 00:00:13, memory = 2244.97 (MB).
    Completing 50% with 3127 violations.
    elapsed time = 00:00:17, memory = 2264.88 (MB).
    Completing 60% with 2320 violations.
    elapsed time = 00:31:26, memory = 2287.23 (MB).
    Completing 70% with 2320 violations.
    elapsed time = 00:39:46, memory = 2311.38 (MB).
    Completing 80% with 1869 violations.
    elapsed time = 00:39:48, memory = 2305.25 (MB).
    Completing 90% with 1869 violations.
    elapsed time = 00:39:51, memory = 2314.21 (MB).
    Completing 100% with 1061 violations.
    elapsed time = 00:39:53, memory = 2316.27 (MB).
[INFO DRT-0199]   Number of violations = 1061.
Viol/Layer        via1 metal2   via2 metal3 metal4   via4 metal5
Cut Spacing          3      0      1      0      0      2      0
Metal Spacing        0    192      0      4      0      0      0
Recheck              0      1      0      1      0      0      0
Short                0    770      0     85      1      0      1
[INFO DRT-0267] cpu time = 00:09:30, elapsed time = 00:39:54, memory = 2322.51 (MB), peak = 2322.51 (MB)
Total wire length = 335685 um.
Total wire length on LAYER metal1 = 0 um.
Total wire length on LAYER metal2 = 87972 um.
Total wire length on LAYER metal3 = 114215 um.
Total wire length on LAYER metal4 = 57582 um.
Total wire length on LAYER metal5 = 43295 um.
Total wire length on LAYER metal6 = 23394 um.
Total wire length on LAYER metal7 = 5062 um.
Total wire length on LAYER metal8 = 920 um.
Total wire length on LAYER metal9 = 3107 um.
Total wire length on LAYER metal10 = 134 um.
Total number of vias = 138619.
Up-via summary (total 138619):

-----------------
 active         0
 metal1     62157
 metal2     58508
 metal3     10404
 metal4      4841
 metal5      2031
 metal6       372
 metal7       163
 metal8       137
 metal9         6
-----------------
       138619


[INFO DRT-0195] Start 2nd optimization iteration.
    Completing 10% with 1061 violations.
    elapsed time = 00:00:01, memory = 2322.51 (MB).
    Completing 20% with 1061 violations.
    elapsed time = 00:00:03, memory = 2328.11 (MB).
    Completing 30% with 1042 violations.
    elapsed time = 00:00:04, memory = 2335.66 (MB).
    Completing 40% with 1042 violations.
    elapsed time = 00:00:09, memory = 2338.59 (MB).
    Completing 50% with 1042 violations.
    elapsed time = 00:00:13, memory = 2342.85 (MB).
    Completing 60% with 1030 violations.
    elapsed time = 00:00:14, memory = 2342.85 (MB).
    Completing 70% with 1030 violations.
    elapsed time = 00:00:17, memory = 2344.65 (MB).
    Completing 80% with 993 violations.
    elapsed time = 00:00:20, memory = 2346.20 (MB).
    Completing 90% with 993 violations.
    elapsed time = 00:00:26, memory = 2347.49 (MB).
    Completing 100% with 867 violations.
    elapsed time = 00:00:29, memory = 2347.49 (MB).
[INFO DRT-0199]   Number of violations = 867.
Viol/Layer        via1 metal2   via2 metal3   via4
Cut Spacing          1      0      1      0      1
Metal Spacing        0    174      0      4      0
Short                0    642      0     44      0
[INFO DRT-0267] cpu time = 00:08:18, elapsed time = 00:00:30, memory = 2353.35 (MB), peak = 2365.23 (MB)
Total wire length = 335325 um.
Total wire length on LAYER metal1 = 0 um.
Total wire length on LAYER metal2 = 87976 um.
Total wire length on LAYER metal3 = 114100 um.
Total wire length on LAYER metal4 = 57446 um.
Total wire length on LAYER metal5 = 43276 um.
Total wire length on LAYER metal6 = 23338 um.
Total wire length on LAYER metal7 = 5044 um.
Total wire length on LAYER metal8 = 913 um.
Total wire length on LAYER metal9 = 3094 um.
Total wire length on LAYER metal10 = 134 um.
Total number of vias = 138331.
Up-via summary (total 138331):

-----------------
 active         0
 metal1     62228
 metal2     58282
 metal3     10316
 metal4      4811
 metal5      2027
 metal6       366
 metal7       160
 metal8       135
 metal9         6
-----------------
       138331


[INFO DRT-0195] Start 3rd optimization iteration.
    Completing 10% with 867 violations.
    elapsed time = 00:00:00, memory = 2353.35 (MB).
    Completing 20% with 867 violations.
    elapsed time = 00:00:01, memory = 2353.35 (MB).
    Completing 30% with 721 violations.
    elapsed time = 00:00:05, memory = 2355.61 (MB).
    Completing 40% with 721 violations.
    elapsed time = 00:00:07, memory = 2355.61 (MB).
    Completing 50% with 721 violations.
    elapsed time = 00:00:08, memory = 2355.61 (MB).
    Completing 60% with 494 violations.
    elapsed time = 00:00:11, memory = 2358.18 (MB).
    Completing 70% with 494 violations.
    elapsed time = 00:00:13, memory = 2358.18 (MB).
    Completing 80% with 246 violations.
    elapsed time = 00:00:15, memory = 2358.18 (MB).
    Completing 90% with 246 violations.
    elapsed time = 00:00:16, memory = 2358.18 (MB).
    Completing 100% with 45 violations.
    elapsed time = 00:00:18, memory = 2361.97 (MB).
[INFO DRT-0199]   Number of violations = 45.
Viol/Layer      metal2 metal3
Metal Spacing        6      0
Short               37      2
[INFO DRT-0267] cpu time = 00:03:44, elapsed time = 00:00:19, memory = 2361.97 (MB), peak = 2365.23 (MB)
Total wire length = 335369 um.
Total wire length on LAYER metal1 = 0 um.
Total wire length on LAYER metal2 = 87111 um.
Total wire length on LAYER metal3 = 114358 um.
Total wire length on LAYER metal4 = 58160 um.
Total wire length on LAYER metal5 = 43224 um.
Total wire length on LAYER metal6 = 23329 um.
Total wire length on LAYER metal7 = 5043 um.
Total wire length on LAYER metal8 = 913 um.
Total wire length on LAYER metal9 = 3094 um.
Total wire length on LAYER metal10 = 134 um.
Total number of vias = 139126.
Up-via summary (total 139126):

-----------------
 active         0
 metal1     62229
 metal2     58765
 metal3     10644
 metal4      4795
 metal5      2026
 metal6       366
 metal7       160
 metal8       135
 metal9         6
-----------------
       139126


[INFO DRT-0195] Start 4th optimization iteration.
    Completing 10% with 45 violations.
    elapsed time = 00:00:00, memory = 2361.97 (MB).
    Completing 20% with 45 violations.
    elapsed time = 00:00:00, memory = 2361.97 (MB).
    Completing 30% with 38 violations.
    elapsed time = 00:00:00, memory = 2361.97 (MB).
    Completing 40% with 38 violations.
    elapsed time = 00:00:00, memory = 2361.97 (MB).
    Completing 50% with 38 violations.
    elapsed time = 00:00:00, memory = 2361.97 (MB).
    Completing 60% with 14 violations.
    elapsed time = 00:00:01, memory = 2361.97 (MB).
    Completing 70% with 14 violations.
    elapsed time = 00:00:01, memory = 2361.97 (MB).
    Completing 80% with 2 violations.
    elapsed time = 00:00:02, memory = 2361.97 (MB).
    Completing 90% with 2 violations.
    elapsed time = 00:00:02, memory = 2361.97 (MB).
    Completing 100% with 0 violations.
    elapsed time = 00:00:03, memory = 2361.97 (MB).
[INFO DRT-0199]   Number of violations = 0.
[INFO DRT-0267] cpu time = 00:00:22, elapsed time = 00:00:03, memory = 2361.97 (MB), peak = 2365.23 (MB)
Total wire length = 335376 um.
Total wire length on LAYER metal1 = 0 um.
Total wire length on LAYER metal2 = 87078 um.
Total wire length on LAYER metal3 = 114372 um.
Total wire length on LAYER metal4 = 58196 um.
Total wire length on LAYER metal5 = 43222 um.
Total wire length on LAYER metal6 = 23321 um.
Total wire length on LAYER metal7 = 5043 um.
Total wire length on LAYER metal8 = 913 um.
Total wire length on LAYER metal9 = 3094 um.
Total wire length on LAYER metal10 = 134 um.
Total number of vias = 139156.
Up-via summary (total 139156):

-----------------
 active         0
 metal1     62230
 metal2     58784
 metal3     10657
 metal4      4794
 metal5      2024
 metal6       366
 metal7       160
 metal8       135
 metal9         6
-----------------
       139156


[INFO DRT-0198] Complete detail routing.
Total wire length = 335376 um.
Total wire length on LAYER metal1 = 0 um.
Total wire length on LAYER metal2 = 87078 um.
Total wire length on LAYER metal3 = 114372 um.
Total wire length on LAYER metal4 = 58196 um.
Total wire length on LAYER metal5 = 43222 um.
Total wire length on LAYER metal6 = 23321 um.
Total wire length on LAYER metal7 = 5043 um.
Total wire length on LAYER metal8 = 913 um.
Total wire length on LAYER metal9 = 3094 um.
Total wire length on LAYER metal10 = 134 um.
Total number of vias = 139156.
Up-via summary (total 139156):

-----------------
 active         0
 metal1     62230
 metal2     58784
 metal3     10657
 metal4      4794
 metal5      2024
 metal6       366
 metal7       160
 metal8       135
 metal9         6
-----------------
       139156


[INFO DRT-0267] cpu time = 00:33:59, elapsed time = 00:41:32, memory = 2361.97 (MB), peak = 2365.23 (MB)

[INFO DRT-0180] Post processing.
Took 2536 seconds: detailed_route -output_drc ./reports/nangate45/ibex/base/5_route_drc.rpt -output_maze ./results/nangate45/ibex/base/maze.log -bottom_routing_layer metal2 -top_routing_layer metal10 -droute_end_iter 64 -verbose 1 -drc_report_iter_step 5
[WARNING GRT-0246] No diode with LEF class CORE ANTENNACELL found.
[INFO ANT-0002] Found 0 net violations.
[INFO ANT-0001] Found 0 pin violations.
[INFO ANT-0002] Found 0 net violations.
[INFO ANT-0001] Found 0 pin violations.
Elapsed time: 42:22.57[h:]min:sec. CPU time: user 2827.28 sys 40.66 (112%). Peak memory: 2421996KB.
