
==========================================================================
detailed place report_tns
--------------------------------------------------------------------------
tns -45224.67

==========================================================================
detailed place report_wns
--------------------------------------------------------------------------
wns -233.16

==========================================================================
detailed place report_worst_slack
--------------------------------------------------------------------------
worst slack -233.16

==========================================================================
detailed place report_checks -path_delay min
--------------------------------------------------------------------------
Startpoint: rst_ni (input port clocked by core_clock)
Endpoint: ex_block_i.genblk3.gen_multdiv_fast.multdiv_i.op_quotient_q[28]$_DFFE_PN0P_
          (removal check against rising-edge clock core_clock)
Path Group: asynchronous
Path Type: min

Fanout     Cap    Slew   Delay    Time   Description
-----------------------------------------------------------------------------
                  0.00    0.00    0.00   clock core_clock (rise edge)
                          0.00    0.00   clock network delay (ideal)
                        252.00  252.00 ^ input external delay
     1    1.02    0.00    0.00  252.00 ^ rst_ni (in)
                                         rst_ni (net)
                  0.11    0.03  252.03 ^ input147/A (BUFx8_ASAP7_75t_R)
    68   75.79   72.06   18.82  270.85 ^ input147/Y (BUFx8_ASAP7_75t_R)
                                         net197 (net)
                124.95   33.39  304.24 ^ ex_block_i.genblk3.gen_multdiv_fast.multdiv_i.op_quotient_q[28]$_DFFE_PN0P_/SETN (DFFASRHQNx1_ASAP7_75t_R)
                                304.24   data arrival time

                  0.00    0.00    0.00   clock core_clock (rise edge)
                          0.00    0.00   clock network delay (ideal)
                          0.00    0.00   clock reconvergence pessimism
                                  0.00 ^ ex_block_i.genblk3.gen_multdiv_fast.multdiv_i.op_quotient_q[28]$_DFFE_PN0P_/CLK (DFFASRHQNx1_ASAP7_75t_R)
                         10.78   10.78   library removal time
                                 10.78   data required time
-----------------------------------------------------------------------------
                                 10.78   data required time
                               -304.24   data arrival time
-----------------------------------------------------------------------------
                                293.46   slack (MET)


Startpoint: core_clock_gate_i.en_latch$_DLATCH_N_
            (negative level-sensitive latch clocked by core_clock)
Endpoint: _35046_ (rising clock gating-check end-point clocked by core_clock)
Path Group: gated clock
Path Type: min

Fanout     Cap    Slew   Delay    Time   Description
-----------------------------------------------------------------------------
                  0.00  630.00  630.00   clock core_clock (fall edge)
                          0.00  630.00   clock network delay (ideal)
                  0.00    0.00  630.00 v core_clock_gate_i.en_latch$_DLATCH_N_/CLK (DLLx1_ASAP7_75t_R)
     1    0.36    6.28   17.40  647.40 ^ core_clock_gate_i.en_latch$_DLATCH_N_/Q (DLLx1_ASAP7_75t_R)
                                         core_clock_gate_i.en_latch (net)
                  6.28    0.00  647.41 ^ _35046_/B (AND2x2_ASAP7_75t_R)
                                647.41   data arrival time

                  0.00  630.00  630.00   clock core_clock (fall edge)
                          0.00  630.00   clock network delay (ideal)
                          0.00  630.00   clock reconvergence pessimism
                                630.00 v _35046_/A (AND2x2_ASAP7_75t_R)
                          0.00  630.00   clock gating hold time
                                630.00   data required time
-----------------------------------------------------------------------------
                                630.00   data required time
                               -647.41   data arrival time
-----------------------------------------------------------------------------
                                 17.41   slack (MET)


Startpoint: cs_registers_i.u_mstack_epc_csr.rdata_q[2]$_DFFE_PN0P_
            (rising edge-triggered flip-flop clocked by core_clock)
Endpoint: cs_registers_i.u_mstack_epc_csr.rdata_q[2]$_DFFE_PN0P_
          (rising edge-triggered flip-flop clocked by core_clock)
Path Group: core_clock
Path Type: min

Fanout     Cap    Slew   Delay    Time   Description
-----------------------------------------------------------------------------
                  0.00    0.00    0.00   clock core_clock (rise edge)
                          0.00    0.00   clock network delay (ideal)
                  0.00    0.00    0.00 ^ cs_registers_i.u_mstack_epc_csr.rdata_q[2]$_DFFE_PN0P_/CLK (DFFASRHQNx1_ASAP7_75t_R)
     2    1.25   16.84   38.01   38.01 ^ cs_registers_i.u_mstack_epc_csr.rdata_q[2]$_DFFE_PN0P_/QN (DFFASRHQNx1_ASAP7_75t_R)
                                         _01865_ (net)
                 16.84    0.01   38.01 ^ _27544_/A1 (AOI21x1_ASAP7_75t_R)
     1    0.71    5.72    8.97   46.98 v _27544_/Y (AOI21x1_ASAP7_75t_R)
                                         _02715_ (net)
                  5.72    0.02   47.00 v cs_registers_i.u_mstack_epc_csr.rdata_q[2]$_DFFE_PN0P_/D (DFFASRHQNx1_ASAP7_75t_R)
                                 47.00   data arrival time

                  0.00    0.00    0.00   clock core_clock (rise edge)
                          0.00    0.00   clock network delay (ideal)
                          0.00    0.00   clock reconvergence pessimism
                                  0.00 ^ cs_registers_i.u_mstack_epc_csr.rdata_q[2]$_DFFE_PN0P_/CLK (DFFASRHQNx1_ASAP7_75t_R)
                          9.33    9.33   library hold time
                                  9.33   data required time
-----------------------------------------------------------------------------
                                  9.33   data required time
                                -47.00   data arrival time
-----------------------------------------------------------------------------
                                 37.67   slack (MET)



==========================================================================
detailed place report_checks -path_delay max
--------------------------------------------------------------------------
Startpoint: rst_ni (input port clocked by core_clock)
Endpoint: gen_regfile_ff.register_file_i.rf_reg_q[866]$_DFFE_PN0P_
          (recovery check against rising-edge clock core_clock)
Path Group: asynchronous
Path Type: max

Fanout     Cap    Slew   Delay    Time   Description
-----------------------------------------------------------------------------
                  0.00    0.00    0.00   clock core_clock (rise edge)
                          0.00    0.00   clock network delay (ideal)
                        252.00  252.00 ^ input external delay
     1    1.23    0.00    0.00  252.00 ^ rst_ni (in)
                                         rst_ni (net)
                  0.13    0.04  252.04 ^ input147/A (BUFx8_ASAP7_75t_R)
    68   93.77   87.33   19.16  271.20 ^ input147/Y (BUFx8_ASAP7_75t_R)
                                         net197 (net)
                152.07   40.75  311.95 ^ load_slew52/A (BUFx24_ASAP7_75t_R)
    78  105.56   54.10   54.00  365.95 ^ load_slew52/Y (BUFx24_ASAP7_75t_R)
                                         net74 (net)
                 67.63   13.83  379.78 ^ load_slew44/A (BUFx24_ASAP7_75t_R)
    72  104.63   50.40   35.39  415.17 ^ load_slew44/Y (BUFx24_ASAP7_75t_R)
                                         net66 (net)
                106.50   30.97  446.14 ^ load_slew43/A (BUFx16f_ASAP7_75t_R)
    65   88.53   50.19   40.60  486.74 ^ load_slew43/Y (BUFx16f_ASAP7_75t_R)
                                         net65 (net)
                 50.19    0.11  486.86 ^ load_slew42/A (BUFx24_ASAP7_75t_R)
    76  104.91   38.05   33.85  520.70 ^ load_slew42/Y (BUFx24_ASAP7_75t_R)
                                         net64 (net)
                162.55   50.74  571.45 ^ load_slew41/A (BUFx16f_ASAP7_75t_R)
    73  100.68   59.83   47.40  618.85 ^ load_slew41/Y (BUFx16f_ASAP7_75t_R)
                                         net63 (net)
                 72.82   14.27  633.12 ^ load_slew39/A (BUFx16f_ASAP7_75t_R)
    68   88.20   52.47   38.03  671.15 ^ load_slew39/Y (BUFx16f_ASAP7_75t_R)
                                         net61 (net)
                 66.30   13.99  685.15 ^ gen_regfile_ff.register_file_i.rf_reg_q[866]$_DFFE_PN0P_/SETN (DFFASRHQNx1_ASAP7_75t_R)
                                685.15   data arrival time

                  0.00 1260.00 1260.00   clock core_clock (rise edge)
                          0.00 1260.00   clock network delay (ideal)
                          0.00 1260.00   clock reconvergence pessimism
                               1260.00 ^ gen_regfile_ff.register_file_i.rf_reg_q[866]$_DFFE_PN0P_/CLK (DFFASRHQNx1_ASAP7_75t_R)
                         -5.71 1254.29   library recovery time
                               1254.29   data required time
-----------------------------------------------------------------------------
                               1254.29   data required time
                               -685.15   data arrival time
-----------------------------------------------------------------------------
                                569.15   slack (MET)


Startpoint: core_clock_gate_i.en_latch$_DLATCH_N_
            (negative level-sensitive latch clocked by core_clock)
Endpoint: _35046_ (rising clock gating-check end-point clocked by core_clock)
Path Group: gated clock
Path Type: max

Fanout     Cap    Slew   Delay    Time   Description
-----------------------------------------------------------------------------
                  0.00  630.00  630.00   clock core_clock (fall edge)
                          0.00  630.00   clock network delay (ideal)
                  0.00    0.00  630.00 v core_clock_gate_i.en_latch$_DLATCH_N_/CLK (DLLx1_ASAP7_75t_R)
     1    0.60    7.53   27.29  657.29 v core_clock_gate_i.en_latch$_DLATCH_N_/Q (DLLx1_ASAP7_75t_R)
                                         core_clock_gate_i.en_latch (net)
                  7.53    0.00  657.30 v _35046_/B (AND2x2_ASAP7_75t_R)
                                657.30   data arrival time

                  0.00 1260.00 1260.00   clock core_clock (rise edge)
                          0.00 1260.00   clock network delay (ideal)
                          0.00 1260.00   clock reconvergence pessimism
                               1260.00 ^ _35046_/A (AND2x2_ASAP7_75t_R)
                          0.00 1260.00   clock gating setup time
                               1260.00   data required time
-----------------------------------------------------------------------------
                               1260.00   data required time
                               -657.30   data arrival time
-----------------------------------------------------------------------------
                                602.70   slack (MET)


Startpoint: if_stage_i.instr_rdata_alu_id_o[21]$_DFFE_PN_
            (rising edge-triggered flip-flop clocked by core_clock)
Endpoint: gen_regfile_ff.register_file_i.rf_reg_q[287]$_DFFE_PN0P_
          (rising edge-triggered flip-flop clocked by core_clock)
Path Group: core_clock
Path Type: max

Fanout     Cap    Slew   Delay    Time   Description
-----------------------------------------------------------------------------
                  0.00    0.00    0.00   clock core_clock (rise edge)
                          0.00    0.00   clock network delay (ideal)
                  0.00    0.00    0.00 ^ if_stage_i.instr_rdata_alu_id_o[21]$_DFFE_PN_/CLK (DFFHQNx2_ASAP7_75t_R)
     5    6.84   31.94   50.70   50.70 v if_stage_i.instr_rdata_alu_id_o[21]$_DFFE_PN_/QN (DFFHQNx2_ASAP7_75t_R)
                                         _01552_ (net)
                 31.94    0.08   50.78 v _19184_/A (BUFx6f_ASAP7_75t_R)
     5    8.07   11.09   21.88   72.66 v _19184_/Y (BUFx6f_ASAP7_75t_R)
                                         _13455_ (net)
                 11.09    0.02   72.68 v _19185_/A (BUFx12f_ASAP7_75t_R)
    11   12.44   10.59   14.80   87.49 v _19185_/Y (BUFx12f_ASAP7_75t_R)
                                         _13456_ (net)
                 16.09    3.96   91.45 v _19186_/A (BUFx12f_ASAP7_75t_R)
     6    9.53    9.39   16.33  107.77 v _19186_/Y (BUFx12f_ASAP7_75t_R)
                                         _13457_ (net)
                 10.48    1.68  109.46 v _19187_/A (BUFx12f_ASAP7_75t_R)
     6   12.44   10.60   14.25  123.71 v _19187_/Y (BUFx12f_ASAP7_75t_R)
                                         _13458_ (net)
                 17.64    4.53  128.24 v _21306_/A (BUFx12f_ASAP7_75t_R)
     6   10.43   10.01   17.01  145.25 v _21306_/Y (BUFx12f_ASAP7_75t_R)
                                         _15503_ (net)
                 10.77    1.46  146.71 v _21375_/A (BUFx10_ASAP7_75t_R)
    10   15.80   14.88   20.56  167.26 v _21375_/Y (BUFx10_ASAP7_75t_R)
                                         _15572_ (net)
                 16.17    2.31  169.57 v _21376_/A (BUFx4f_ASAP7_75t_R)
    10    9.97   17.17   20.74  190.31 v _21376_/Y (BUFx4f_ASAP7_75t_R)
                                         _15573_ (net)
                 17.88    1.89  192.20 v _22152_/A1 (OA211x2_ASAP7_75t_R)
     1    0.76    9.38   23.76  215.96 v _22152_/Y (OA211x2_ASAP7_75t_R)
                                         _16327_ (net)
                  9.38    0.02  215.98 v _22153_/B (OR3x1_ASAP7_75t_R)
     1    0.94   10.89   24.60  240.57 v _22153_/Y (OR3x1_ASAP7_75t_R)
                                         _16328_ (net)
                 10.89    0.05  240.62 v _22161_/C (AND3x1_ASAP7_75t_R)
     1    1.51   11.14   17.21  257.83 v _22161_/Y (AND3x1_ASAP7_75t_R)
                                         _16336_ (net)
                 11.15    0.18  258.01 v _22178_/C (OR3x4_ASAP7_75t_R)
     2    4.30   19.43   43.74  301.75 v _22178_/Y (OR3x4_ASAP7_75t_R)
                                         _16353_ (net)
                 19.82    1.42  303.17 v _22179_/A (AND2x4_ASAP7_75t_R)
     6    5.78   12.46   23.81  326.98 v _22179_/Y (AND2x4_ASAP7_75t_R)
                                         _16354_ (net)
                 12.49    0.35  327.33 v _24175_/A2 (AO21x2_ASAP7_75t_R)
     8    8.45   27.50   27.58  354.91 v _24175_/Y (AO21x2_ASAP7_75t_R)
                                         _05187_ (net)
                 28.13    2.29  357.20 v _24418_/B (NAND2x2_ASAP7_75t_R)
     2    3.09   18.72   17.09  374.29 ^ _24418_/Y (NAND2x2_ASAP7_75t_R)
                                         _17865_ (net)
                 18.72    0.07  374.36 ^ _24419_/A (INVx2_ASAP7_75t_R)
     2    3.82   14.10   10.89  385.25 v _24419_/Y (INVx2_ASAP7_75t_R)
                                         _17820_ (net)
                 14.11    0.12  385.37 v _35401_/A (FAx1_ASAP7_75t_R)
     8   17.24  258.86  119.67  505.04 ^ _35401_/CON (FAx1_ASAP7_75t_R)
                                         _17962_ (net)
     4    7.94  184.65   92.96  598.00 v _35401_/SN (FAx1_ASAP7_75t_R)
                                         _17914_ (net)
                184.66    0.60  598.60 v _35040_/A (INVx2_ASAP7_75t_R)
     2    3.82   42.40   32.84  631.43 ^ _35040_/Y (INVx2_ASAP7_75t_R)
                                         _17913_ (net)
                 42.40    0.07  631.51 ^ _35461_/CI (FAx1_ASAP7_75t_R)
     7   12.24  194.49  208.97  840.48 v _35461_/SN (FAx1_ASAP7_75t_R)
                                         _18080_ (net)
                194.49    0.24  840.72 v _35462_/A (FAx1_ASAP7_75t_R)
     1    2.32   76.46   60.99  901.71 ^ _35462_/CON (FAx1_ASAP7_75t_R)
                                         _18122_ (net)
     1    0.76   57.09   20.58  922.29 v _35462_/SN (FAx1_ASAP7_75t_R)
                                         _18479_ (net)
                 57.09    0.01  922.30 v _34879_/A (INVx1_ASAP7_75t_R)
     1    2.13   26.16   21.00  943.30 ^ _34879_/Y (INVx1_ASAP7_75t_R)
                                         _18081_ (net)
                 26.16    0.05  943.36 ^ _35463_/A (FAx1_ASAP7_75t_R)
     1    0.91   26.04   39.87  983.23 v _35463_/SN (FAx1_ASAP7_75t_R)
                                         _18480_ (net)
                 26.04    0.03  983.26 v _34816_/A (INVx1_ASAP7_75t_R)
     1    1.79   17.34   13.91  997.17 ^ _34816_/Y (INVx1_ASAP7_75t_R)
                                         _18083_ (net)
                 17.34    0.06  997.23 ^ _35467_/CI (FAx1_ASAP7_75t_R)
     1    0.77   26.87   34.85 1032.08 v _35467_/SN (FAx1_ASAP7_75t_R)
                                         _18484_ (net)
                 26.87    0.01 1032.09 v _34856_/A (INVx1_ASAP7_75t_R)
     1    2.27   20.13   15.77 1047.86 ^ _34856_/Y (INVx1_ASAP7_75t_R)
                                         _18092_ (net)
                 20.14    0.04 1047.90 ^ _35468_/B (FAx1_ASAP7_75t_R)
     1    1.40   37.92   45.08 1092.99 v _35468_/SN (FAx1_ASAP7_75t_R)
                                         _18486_ (net)
                 37.92    0.09 1093.08 v _35578_/B (HAxp5_ASAP7_75t_R)
     4    3.81   78.25   72.46 1165.54 v _35578_/SN (HAxp5_ASAP7_75t_R)
                                         _00252_ (net)
                 78.25    0.04 1165.58 v _29453_/B (AO21x1_ASAP7_75t_R)
     1    0.72    8.73   26.03 1191.61 v _29453_/Y (AO21x1_ASAP7_75t_R)
                                         _09481_ (net)
                  8.73    0.01 1191.62 v _29454_/A2 (AO21x1_ASAP7_75t_R)
     2    1.15   10.02   15.82 1207.44 v _29454_/Y (AO21x1_ASAP7_75t_R)
                                         _09482_ (net)
                 10.02    0.01 1207.46 v _29488_/A2 (AO21x1_ASAP7_75t_R)
     1    0.71    8.14   14.86 1222.32 v _29488_/Y (AO21x1_ASAP7_75t_R)
                                         _09514_ (net)
                  8.14    0.01 1222.33 v _29489_/A2 (AO21x1_ASAP7_75t_R)
     2    1.26   10.78   16.01 1238.34 v _29489_/Y (AO21x1_ASAP7_75t_R)
                                         _09515_ (net)
                 10.78    0.03 1238.36 v _29532_/A2 (AO21x1_ASAP7_75t_R)
     1    0.67    7.98   14.94 1253.30 v _29532_/Y (AO21x1_ASAP7_75t_R)
                                         _09557_ (net)
                  7.98    0.02 1253.32 v _29536_/A2 (AO221x1_ASAP7_75t_R)
     2    2.41   17.63   27.15 1280.47 v _29536_/Y (AO221x1_ASAP7_75t_R)
                                         _09561_ (net)
                 17.63    0.04 1280.51 v _29607_/A1 (OA21x2_ASAP7_75t_R)
     4    4.59   16.61   24.50 1305.01 v _29607_/Y (OA21x2_ASAP7_75t_R)
                                         _09630_ (net)
                 16.64    0.42 1305.43 v _29608_/D (OR4x1_ASAP7_75t_R)
     1    0.71   13.09   32.60 1338.03 v _29608_/Y (OR4x1_ASAP7_75t_R)
                                         _09631_ (net)
                 13.09    0.02 1338.05 v _29613_/B (AND4x2_ASAP7_75t_R)
     2    4.04   15.55   20.84 1358.89 v _29613_/Y (AND4x2_ASAP7_75t_R)
                                         _09636_ (net)
                 15.88    1.26 1360.15 v _29616_/B (OR5x1_ASAP7_75t_R)
     1    1.09   15.34   37.37 1397.52 v _29616_/Y (OR5x1_ASAP7_75t_R)
                                         _09639_ (net)
                 15.34    0.01 1397.53 v _29617_/C (AOI211x1_ASAP7_75t_R)
     1    0.73   15.18   11.27 1408.80 ^ _29617_/Y (AOI211x1_ASAP7_75t_R)
                                         _09640_ (net)
                 15.18    0.01 1408.81 ^ _29620_/A2 (OA21x2_ASAP7_75t_R)
     1    3.05   13.71   20.64 1429.45 ^ _29620_/Y (OA21x2_ASAP7_75t_R)
                                         _09643_ (net)
                 13.76    0.42 1429.87 ^ _29624_/B (NOR2x2_ASAP7_75t_R)
     7    8.32   30.87   17.44 1447.30 v _29624_/Y (NOR2x2_ASAP7_75t_R)
                                         _09647_ (net)
                 31.37    2.15 1449.46 v _29773_/A (BUFx3_ASAP7_75t_R)
     5    3.94   10.90   22.07 1471.53 v _29773_/Y (BUFx3_ASAP7_75t_R)
                                         _09761_ (net)
                 10.93    0.31 1471.84 v _30127_/A1 (AO21x1_ASAP7_75t_R)
     1    0.69    6.97   15.91 1487.75 v _30127_/Y (AO21x1_ASAP7_75t_R)
                                         _03065_ (net)
                  6.97    0.01 1487.76 v gen_regfile_ff.register_file_i.rf_reg_q[287]$_DFFE_PN0P_/D (DFFASRHQNx1_ASAP7_75t_R)
                               1487.76   data arrival time

                  0.00 1260.00 1260.00   clock core_clock (rise edge)
                          0.00 1260.00   clock network delay (ideal)
                          0.00 1260.00   clock reconvergence pessimism
                               1260.00 ^ gen_regfile_ff.register_file_i.rf_reg_q[287]$_DFFE_PN0P_/CLK (DFFASRHQNx1_ASAP7_75t_R)
                         -5.40 1254.60   library setup time
                               1254.60   data required time
-----------------------------------------------------------------------------
                               1254.60   data required time
                               -1487.76   data arrival time
-----------------------------------------------------------------------------
                               -233.16   slack (VIOLATED)



==========================================================================
detailed place report_checks -unconstrained
--------------------------------------------------------------------------
Startpoint: rst_ni (input port clocked by core_clock)
Endpoint: gen_regfile_ff.register_file_i.rf_reg_q[866]$_DFFE_PN0P_
          (recovery check against rising-edge clock core_clock)
Path Group: asynchronous
Path Type: max

Fanout     Cap    Slew   Delay    Time   Description
-----------------------------------------------------------------------------
                  0.00    0.00    0.00   clock core_clock (rise edge)
                          0.00    0.00   clock network delay (ideal)
                        252.00  252.00 ^ input external delay
     1    1.23    0.00    0.00  252.00 ^ rst_ni (in)
                                         rst_ni (net)
                  0.13    0.04  252.04 ^ input147/A (BUFx8_ASAP7_75t_R)
    68   93.77   87.33   19.16  271.20 ^ input147/Y (BUFx8_ASAP7_75t_R)
                                         net197 (net)
                152.07   40.75  311.95 ^ load_slew52/A (BUFx24_ASAP7_75t_R)
    78  105.56   54.10   54.00  365.95 ^ load_slew52/Y (BUFx24_ASAP7_75t_R)
                                         net74 (net)
                 67.63   13.83  379.78 ^ load_slew44/A (BUFx24_ASAP7_75t_R)
    72  104.63   50.40   35.39  415.17 ^ load_slew44/Y (BUFx24_ASAP7_75t_R)
                                         net66 (net)
                106.50   30.97  446.14 ^ load_slew43/A (BUFx16f_ASAP7_75t_R)
    65   88.53   50.19   40.60  486.74 ^ load_slew43/Y (BUFx16f_ASAP7_75t_R)
                                         net65 (net)
                 50.19    0.11  486.86 ^ load_slew42/A (BUFx24_ASAP7_75t_R)
    76  104.91   38.05   33.85  520.70 ^ load_slew42/Y (BUFx24_ASAP7_75t_R)
                                         net64 (net)
                162.55   50.74  571.45 ^ load_slew41/A (BUFx16f_ASAP7_75t_R)
    73  100.68   59.83   47.40  618.85 ^ load_slew41/Y (BUFx16f_ASAP7_75t_R)
                                         net63 (net)
                 72.82   14.27  633.12 ^ load_slew39/A (BUFx16f_ASAP7_75t_R)
    68   88.20   52.47   38.03  671.15 ^ load_slew39/Y (BUFx16f_ASAP7_75t_R)
                                         net61 (net)
                 66.30   13.99  685.15 ^ gen_regfile_ff.register_file_i.rf_reg_q[866]$_DFFE_PN0P_/SETN (DFFASRHQNx1_ASAP7_75t_R)
                                685.15   data arrival time

                  0.00 1260.00 1260.00   clock core_clock (rise edge)
                          0.00 1260.00   clock network delay (ideal)
                          0.00 1260.00   clock reconvergence pessimism
                               1260.00 ^ gen_regfile_ff.register_file_i.rf_reg_q[866]$_DFFE_PN0P_/CLK (DFFASRHQNx1_ASAP7_75t_R)
                         -5.71 1254.29   library recovery time
                               1254.29   data required time
-----------------------------------------------------------------------------
                               1254.29   data required time
                               -685.15   data arrival time
-----------------------------------------------------------------------------
                                569.15   slack (MET)


Startpoint: core_clock_gate_i.en_latch$_DLATCH_N_
            (negative level-sensitive latch clocked by core_clock)
Endpoint: _35046_ (rising clock gating-check end-point clocked by core_clock)
Path Group: gated clock
Path Type: max

Fanout     Cap    Slew   Delay    Time   Description
-----------------------------------------------------------------------------
                  0.00  630.00  630.00   clock core_clock (fall edge)
                          0.00  630.00   clock network delay (ideal)
                  0.00    0.00  630.00 v core_clock_gate_i.en_latch$_DLATCH_N_/CLK (DLLx1_ASAP7_75t_R)
     1    0.60    7.53   27.29  657.29 v core_clock_gate_i.en_latch$_DLATCH_N_/Q (DLLx1_ASAP7_75t_R)
                                         core_clock_gate_i.en_latch (net)
                  7.53    0.00  657.30 v _35046_/B (AND2x2_ASAP7_75t_R)
                                657.30   data arrival time

                  0.00 1260.00 1260.00   clock core_clock (rise edge)
                          0.00 1260.00   clock network delay (ideal)
                          0.00 1260.00   clock reconvergence pessimism
                               1260.00 ^ _35046_/A (AND2x2_ASAP7_75t_R)
                          0.00 1260.00   clock gating setup time
                               1260.00   data required time
-----------------------------------------------------------------------------
                               1260.00   data required time
                               -657.30   data arrival time
-----------------------------------------------------------------------------
                                602.70   slack (MET)


Startpoint: if_stage_i.instr_rdata_alu_id_o[21]$_DFFE_PN_
            (rising edge-triggered flip-flop clocked by core_clock)
Endpoint: gen_regfile_ff.register_file_i.rf_reg_q[287]$_DFFE_PN0P_
          (rising edge-triggered flip-flop clocked by core_clock)
Path Group: core_clock
Path Type: max

Fanout     Cap    Slew   Delay    Time   Description
-----------------------------------------------------------------------------
                  0.00    0.00    0.00   clock core_clock (rise edge)
                          0.00    0.00   clock network delay (ideal)
                  0.00    0.00    0.00 ^ if_stage_i.instr_rdata_alu_id_o[21]$_DFFE_PN_/CLK (DFFHQNx2_ASAP7_75t_R)
     5    6.84   31.94   50.70   50.70 v if_stage_i.instr_rdata_alu_id_o[21]$_DFFE_PN_/QN (DFFHQNx2_ASAP7_75t_R)
                                         _01552_ (net)
                 31.94    0.08   50.78 v _19184_/A (BUFx6f_ASAP7_75t_R)
     5    8.07   11.09   21.88   72.66 v _19184_/Y (BUFx6f_ASAP7_75t_R)
                                         _13455_ (net)
                 11.09    0.02   72.68 v _19185_/A (BUFx12f_ASAP7_75t_R)
    11   12.44   10.59   14.80   87.49 v _19185_/Y (BUFx12f_ASAP7_75t_R)
                                         _13456_ (net)
                 16.09    3.96   91.45 v _19186_/A (BUFx12f_ASAP7_75t_R)
     6    9.53    9.39   16.33  107.77 v _19186_/Y (BUFx12f_ASAP7_75t_R)
                                         _13457_ (net)
                 10.48    1.68  109.46 v _19187_/A (BUFx12f_ASAP7_75t_R)
     6   12.44   10.60   14.25  123.71 v _19187_/Y (BUFx12f_ASAP7_75t_R)
                                         _13458_ (net)
                 17.64    4.53  128.24 v _21306_/A (BUFx12f_ASAP7_75t_R)
     6   10.43   10.01   17.01  145.25 v _21306_/Y (BUFx12f_ASAP7_75t_R)
                                         _15503_ (net)
                 10.77    1.46  146.71 v _21375_/A (BUFx10_ASAP7_75t_R)
    10   15.80   14.88   20.56  167.26 v _21375_/Y (BUFx10_ASAP7_75t_R)
                                         _15572_ (net)
                 16.17    2.31  169.57 v _21376_/A (BUFx4f_ASAP7_75t_R)
    10    9.97   17.17   20.74  190.31 v _21376_/Y (BUFx4f_ASAP7_75t_R)
                                         _15573_ (net)
                 17.88    1.89  192.20 v _22152_/A1 (OA211x2_ASAP7_75t_R)
     1    0.76    9.38   23.76  215.96 v _22152_/Y (OA211x2_ASAP7_75t_R)
                                         _16327_ (net)
                  9.38    0.02  215.98 v _22153_/B (OR3x1_ASAP7_75t_R)
     1    0.94   10.89   24.60  240.57 v _22153_/Y (OR3x1_ASAP7_75t_R)
                                         _16328_ (net)
                 10.89    0.05  240.62 v _22161_/C (AND3x1_ASAP7_75t_R)
     1    1.51   11.14   17.21  257.83 v _22161_/Y (AND3x1_ASAP7_75t_R)
                                         _16336_ (net)
                 11.15    0.18  258.01 v _22178_/C (OR3x4_ASAP7_75t_R)
     2    4.30   19.43   43.74  301.75 v _22178_/Y (OR3x4_ASAP7_75t_R)
                                         _16353_ (net)
                 19.82    1.42  303.17 v _22179_/A (AND2x4_ASAP7_75t_R)
     6    5.78   12.46   23.81  326.98 v _22179_/Y (AND2x4_ASAP7_75t_R)
                                         _16354_ (net)
                 12.49    0.35  327.33 v _24175_/A2 (AO21x2_ASAP7_75t_R)
     8    8.45   27.50   27.58  354.91 v _24175_/Y (AO21x2_ASAP7_75t_R)
                                         _05187_ (net)
                 28.13    2.29  357.20 v _24418_/B (NAND2x2_ASAP7_75t_R)
     2    3.09   18.72   17.09  374.29 ^ _24418_/Y (NAND2x2_ASAP7_75t_R)
                                         _17865_ (net)
                 18.72    0.07  374.36 ^ _24419_/A (INVx2_ASAP7_75t_R)
     2    3.82   14.10   10.89  385.25 v _24419_/Y (INVx2_ASAP7_75t_R)
                                         _17820_ (net)
                 14.11    0.12  385.37 v _35401_/A (FAx1_ASAP7_75t_R)
     8   17.24  258.86  119.67  505.04 ^ _35401_/CON (FAx1_ASAP7_75t_R)
                                         _17962_ (net)
     4    7.94  184.65   92.96  598.00 v _35401_/SN (FAx1_ASAP7_75t_R)
                                         _17914_ (net)
                184.66    0.60  598.60 v _35040_/A (INVx2_ASAP7_75t_R)
     2    3.82   42.40   32.84  631.43 ^ _35040_/Y (INVx2_ASAP7_75t_R)
                                         _17913_ (net)
                 42.40    0.07  631.51 ^ _35461_/CI (FAx1_ASAP7_75t_R)
     7   12.24  194.49  208.97  840.48 v _35461_/SN (FAx1_ASAP7_75t_R)
                                         _18080_ (net)
                194.49    0.24  840.72 v _35462_/A (FAx1_ASAP7_75t_R)
     1    2.32   76.46   60.99  901.71 ^ _35462_/CON (FAx1_ASAP7_75t_R)
                                         _18122_ (net)
     1    0.76   57.09   20.58  922.29 v _35462_/SN (FAx1_ASAP7_75t_R)
                                         _18479_ (net)
                 57.09    0.01  922.30 v _34879_/A (INVx1_ASAP7_75t_R)
     1    2.13   26.16   21.00  943.30 ^ _34879_/Y (INVx1_ASAP7_75t_R)
                                         _18081_ (net)
                 26.16    0.05  943.36 ^ _35463_/A (FAx1_ASAP7_75t_R)
     1    0.91   26.04   39.87  983.23 v _35463_/SN (FAx1_ASAP7_75t_R)
                                         _18480_ (net)
                 26.04    0.03  983.26 v _34816_/A (INVx1_ASAP7_75t_R)
     1    1.79   17.34   13.91  997.17 ^ _34816_/Y (INVx1_ASAP7_75t_R)
                                         _18083_ (net)
                 17.34    0.06  997.23 ^ _35467_/CI (FAx1_ASAP7_75t_R)
     1    0.77   26.87   34.85 1032.08 v _35467_/SN (FAx1_ASAP7_75t_R)
                                         _18484_ (net)
                 26.87    0.01 1032.09 v _34856_/A (INVx1_ASAP7_75t_R)
     1    2.27   20.13   15.77 1047.86 ^ _34856_/Y (INVx1_ASAP7_75t_R)
                                         _18092_ (net)
                 20.14    0.04 1047.90 ^ _35468_/B (FAx1_ASAP7_75t_R)
     1    1.40   37.92   45.08 1092.99 v _35468_/SN (FAx1_ASAP7_75t_R)
                                         _18486_ (net)
                 37.92    0.09 1093.08 v _35578_/B (HAxp5_ASAP7_75t_R)
     4    3.81   78.25   72.46 1165.54 v _35578_/SN (HAxp5_ASAP7_75t_R)
                                         _00252_ (net)
                 78.25    0.04 1165.58 v _29453_/B (AO21x1_ASAP7_75t_R)
     1    0.72    8.73   26.03 1191.61 v _29453_/Y (AO21x1_ASAP7_75t_R)
                                         _09481_ (net)
                  8.73    0.01 1191.62 v _29454_/A2 (AO21x1_ASAP7_75t_R)
     2    1.15   10.02   15.82 1207.44 v _29454_/Y (AO21x1_ASAP7_75t_R)
                                         _09482_ (net)
                 10.02    0.01 1207.46 v _29488_/A2 (AO21x1_ASAP7_75t_R)
     1    0.71    8.14   14.86 1222.32 v _29488_/Y (AO21x1_ASAP7_75t_R)
                                         _09514_ (net)
                  8.14    0.01 1222.33 v _29489_/A2 (AO21x1_ASAP7_75t_R)
     2    1.26   10.78   16.01 1238.34 v _29489_/Y (AO21x1_ASAP7_75t_R)
                                         _09515_ (net)
                 10.78    0.03 1238.36 v _29532_/A2 (AO21x1_ASAP7_75t_R)
     1    0.67    7.98   14.94 1253.30 v _29532_/Y (AO21x1_ASAP7_75t_R)
                                         _09557_ (net)
                  7.98    0.02 1253.32 v _29536_/A2 (AO221x1_ASAP7_75t_R)
     2    2.41   17.63   27.15 1280.47 v _29536_/Y (AO221x1_ASAP7_75t_R)
                                         _09561_ (net)
                 17.63    0.04 1280.51 v _29607_/A1 (OA21x2_ASAP7_75t_R)
     4    4.59   16.61   24.50 1305.01 v _29607_/Y (OA21x2_ASAP7_75t_R)
                                         _09630_ (net)
                 16.64    0.42 1305.43 v _29608_/D (OR4x1_ASAP7_75t_R)
     1    0.71   13.09   32.60 1338.03 v _29608_/Y (OR4x1_ASAP7_75t_R)
                                         _09631_ (net)
                 13.09    0.02 1338.05 v _29613_/B (AND4x2_ASAP7_75t_R)
     2    4.04   15.55   20.84 1358.89 v _29613_/Y (AND4x2_ASAP7_75t_R)
                                         _09636_ (net)
                 15.88    1.26 1360.15 v _29616_/B (OR5x1_ASAP7_75t_R)
     1    1.09   15.34   37.37 1397.52 v _29616_/Y (OR5x1_ASAP7_75t_R)
                                         _09639_ (net)
                 15.34    0.01 1397.53 v _29617_/C (AOI211x1_ASAP7_75t_R)
     1    0.73   15.18   11.27 1408.80 ^ _29617_/Y (AOI211x1_ASAP7_75t_R)
                                         _09640_ (net)
                 15.18    0.01 1408.81 ^ _29620_/A2 (OA21x2_ASAP7_75t_R)
     1    3.05   13.71   20.64 1429.45 ^ _29620_/Y (OA21x2_ASAP7_75t_R)
                                         _09643_ (net)
                 13.76    0.42 1429.87 ^ _29624_/B (NOR2x2_ASAP7_75t_R)
     7    8.32   30.87   17.44 1447.30 v _29624_/Y (NOR2x2_ASAP7_75t_R)
                                         _09647_ (net)
                 31.37    2.15 1449.46 v _29773_/A (BUFx3_ASAP7_75t_R)
     5    3.94   10.90   22.07 1471.53 v _29773_/Y (BUFx3_ASAP7_75t_R)
                                         _09761_ (net)
                 10.93    0.31 1471.84 v _30127_/A1 (AO21x1_ASAP7_75t_R)
     1    0.69    6.97   15.91 1487.75 v _30127_/Y (AO21x1_ASAP7_75t_R)
                                         _03065_ (net)
                  6.97    0.01 1487.76 v gen_regfile_ff.register_file_i.rf_reg_q[287]$_DFFE_PN0P_/D (DFFASRHQNx1_ASAP7_75t_R)
                               1487.76   data arrival time

                  0.00 1260.00 1260.00   clock core_clock (rise edge)
                          0.00 1260.00   clock network delay (ideal)
                          0.00 1260.00   clock reconvergence pessimism
                               1260.00 ^ gen_regfile_ff.register_file_i.rf_reg_q[287]$_DFFE_PN0P_/CLK (DFFASRHQNx1_ASAP7_75t_R)
                         -5.40 1254.60   library setup time
                               1254.60   data required time
-----------------------------------------------------------------------------
                               1254.60   data required time
                               -1487.76   data arrival time
-----------------------------------------------------------------------------
                               -233.16   slack (VIOLATED)



==========================================================================
detailed place report_check_types -max_slew -max_cap -max_fanout -violators
--------------------------------------------------------------------------

==========================================================================
detailed place max_slew_check_slack
--------------------------------------------------------------------------
31.197128295898438

==========================================================================
detailed place max_slew_check_limit
--------------------------------------------------------------------------
320.0

==========================================================================
detailed place max_slew_check_slack_limit
--------------------------------------------------------------------------
0.0975

==========================================================================
detailed place max_fanout_check_slack
--------------------------------------------------------------------------
1.0000000150474662e+30

==========================================================================
detailed place max_fanout_check_limit
--------------------------------------------------------------------------
1.0000000150474662e+30

==========================================================================
detailed place max_capacitance_check_slack
--------------------------------------------------------------------------
6.90101957321167

==========================================================================
detailed place max_capacitance_check_limit
--------------------------------------------------------------------------
23.040000915527344

==========================================================================
detailed place max_capacitance_check_slack_limit
--------------------------------------------------------------------------
0.2995

==========================================================================
detailed place max_slew_violation_count
--------------------------------------------------------------------------
max slew violation count 0

==========================================================================
detailed place max_fanout_violation_count
--------------------------------------------------------------------------
max fanout violation count 0

==========================================================================
detailed place max_cap_violation_count
--------------------------------------------------------------------------
max cap violation count 0

==========================================================================
detailed place setup_violation_count
--------------------------------------------------------------------------
setup violation count 288

==========================================================================
detailed place hold_violation_count
--------------------------------------------------------------------------
hold violation count 0

==========================================================================
detailed place report_checks -path_delay max reg to reg
--------------------------------------------------------------------------
Startpoint: if_stage_i.instr_rdata_alu_id_o[21]$_DFFE_PN_
            (rising edge-triggered flip-flop clocked by core_clock)
Endpoint: gen_regfile_ff.register_file_i.rf_reg_q[287]$_DFFE_PN0P_
          (rising edge-triggered flip-flop clocked by core_clock)
Path Group: core_clock
Path Type: max

  Delay    Time   Description
---------------------------------------------------------
   0.00    0.00   clock core_clock (rise edge)
   0.00    0.00   clock network delay (ideal)
   0.00    0.00 ^ if_stage_i.instr_rdata_alu_id_o[21]$_DFFE_PN_/CLK (DFFHQNx2_ASAP7_75t_R)
  50.70   50.70 v if_stage_i.instr_rdata_alu_id_o[21]$_DFFE_PN_/QN (DFFHQNx2_ASAP7_75t_R)
  21.96   72.66 v _19184_/Y (BUFx6f_ASAP7_75t_R)
  14.82   87.49 v _19185_/Y (BUFx12f_ASAP7_75t_R)
  20.29  107.77 v _19186_/Y (BUFx12f_ASAP7_75t_R)
  15.93  123.71 v _19187_/Y (BUFx12f_ASAP7_75t_R)
  21.54  145.25 v _21306_/Y (BUFx12f_ASAP7_75t_R)
  22.01  167.26 v _21375_/Y (BUFx10_ASAP7_75t_R)
  23.05  190.31 v _21376_/Y (BUFx4f_ASAP7_75t_R)
  25.65  215.96 v _22152_/Y (OA211x2_ASAP7_75t_R)
  24.62  240.57 v _22153_/Y (OR3x1_ASAP7_75t_R)
  17.26  257.83 v _22161_/Y (AND3x1_ASAP7_75t_R)
  43.92  301.75 v _22178_/Y (OR3x4_ASAP7_75t_R)
  25.23  326.98 v _22179_/Y (AND2x4_ASAP7_75t_R)
  27.93  354.91 v _24175_/Y (AO21x2_ASAP7_75t_R)
  19.38  374.29 ^ _24418_/Y (NAND2x2_ASAP7_75t_R)
  10.96  385.25 v _24419_/Y (INVx2_ASAP7_75t_R)
 119.79  505.04 ^ _35401_/CON (FAx1_ASAP7_75t_R)
  92.96  598.00 v _35401_/SN (FAx1_ASAP7_75t_R)
  33.43  631.43 ^ _35040_/Y (INVx2_ASAP7_75t_R)
 209.04  840.48 v _35461_/SN (FAx1_ASAP7_75t_R)
  61.24  901.71 ^ _35462_/CON (FAx1_ASAP7_75t_R)
  20.58  922.29 v _35462_/SN (FAx1_ASAP7_75t_R)
  21.01  943.30 ^ _34879_/Y (INVx1_ASAP7_75t_R)
  39.92  983.23 v _35463_/SN (FAx1_ASAP7_75t_R)
  13.94  997.17 ^ _34816_/Y (INVx1_ASAP7_75t_R)
  34.91 1032.08 v _35467_/SN (FAx1_ASAP7_75t_R)
  15.78 1047.86 ^ _34856_/Y (INVx1_ASAP7_75t_R)
  45.13 1092.99 v _35468_/SN (FAx1_ASAP7_75t_R)
  72.55 1165.54 v _35578_/SN (HAxp5_ASAP7_75t_R)
  26.07 1191.61 v _29453_/Y (AO21x1_ASAP7_75t_R)
  15.83 1207.44 v _29454_/Y (AO21x1_ASAP7_75t_R)
  14.88 1222.32 v _29488_/Y (AO21x1_ASAP7_75t_R)
  16.02 1238.34 v _29489_/Y (AO21x1_ASAP7_75t_R)
  14.97 1253.30 v _29532_/Y (AO21x1_ASAP7_75t_R)
  27.17 1280.47 v _29536_/Y (AO221x1_ASAP7_75t_R)
  24.54 1305.01 v _29607_/Y (OA21x2_ASAP7_75t_R)
  33.02 1338.03 v _29608_/Y (OR4x1_ASAP7_75t_R)
  20.86 1358.89 v _29613_/Y (AND4x2_ASAP7_75t_R)
  38.63 1397.52 v _29616_/Y (OR5x1_ASAP7_75t_R)
  11.28 1408.80 ^ _29617_/Y (AOI211x1_ASAP7_75t_R)
  20.65 1429.45 ^ _29620_/Y (OA21x2_ASAP7_75t_R)
  17.85 1447.30 v _29624_/Y (NOR2x2_ASAP7_75t_R)
  24.23 1471.53 v _29773_/Y (BUFx3_ASAP7_75t_R)
  16.22 1487.75 v _30127_/Y (AO21x1_ASAP7_75t_R)
   0.01 1487.76 v gen_regfile_ff.register_file_i.rf_reg_q[287]$_DFFE_PN0P_/D (DFFASRHQNx1_ASAP7_75t_R)
        1487.76   data arrival time

1260.00 1260.00   clock core_clock (rise edge)
   0.00 1260.00   clock network delay (ideal)
   0.00 1260.00   clock reconvergence pessimism
        1260.00 ^ gen_regfile_ff.register_file_i.rf_reg_q[287]$_DFFE_PN0P_/CLK (DFFASRHQNx1_ASAP7_75t_R)
  -5.40 1254.60   library setup time
        1254.60   data required time
---------------------------------------------------------
        1254.60   data required time
        -1487.76   data arrival time
---------------------------------------------------------
        -233.16   slack (VIOLATED)



==========================================================================
detailed place report_checks -path_delay min reg to reg
--------------------------------------------------------------------------
Startpoint: cs_registers_i.u_mstack_epc_csr.rdata_q[2]$_DFFE_PN0P_
            (rising edge-triggered flip-flop clocked by core_clock)
Endpoint: cs_registers_i.u_mstack_epc_csr.rdata_q[2]$_DFFE_PN0P_
          (rising edge-triggered flip-flop clocked by core_clock)
Path Group: core_clock
Path Type: min

  Delay    Time   Description
---------------------------------------------------------
   0.00    0.00   clock core_clock (rise edge)
   0.00    0.00   clock network delay (ideal)
   0.00    0.00 ^ cs_registers_i.u_mstack_epc_csr.rdata_q[2]$_DFFE_PN0P_/CLK (DFFASRHQNx1_ASAP7_75t_R)
  38.01   38.01 ^ cs_registers_i.u_mstack_epc_csr.rdata_q[2]$_DFFE_PN0P_/QN (DFFASRHQNx1_ASAP7_75t_R)
   8.97   46.98 v _27544_/Y (AOI21x1_ASAP7_75t_R)
   0.02   47.00 v cs_registers_i.u_mstack_epc_csr.rdata_q[2]$_DFFE_PN0P_/D (DFFASRHQNx1_ASAP7_75t_R)
          47.00   data arrival time

   0.00    0.00   clock core_clock (rise edge)
   0.00    0.00   clock network delay (ideal)
   0.00    0.00   clock reconvergence pessimism
           0.00 ^ cs_registers_i.u_mstack_epc_csr.rdata_q[2]$_DFFE_PN0P_/CLK (DFFASRHQNx1_ASAP7_75t_R)
   9.33    9.33   library hold time
           9.33   data required time
---------------------------------------------------------
           9.33   data required time
         -47.00   data arrival time
---------------------------------------------------------
          37.67   slack (MET)



==========================================================================
detailed place critical path target clock latency max path
--------------------------------------------------------------------------
0.0000

==========================================================================
detailed place critical path target clock latency min path
--------------------------------------------------------------------------
0.0000

==========================================================================
detailed place critical path source clock latency min path
--------------------------------------------------------------------------
0.0000

==========================================================================
detailed place critical path delay
--------------------------------------------------------------------------
1487.7581

==========================================================================
detailed place critical path slack
--------------------------------------------------------------------------
-233.1555

==========================================================================
detailed place slack div critical path delay
--------------------------------------------------------------------------
-15.671600

==========================================================================
detailed place report_power
--------------------------------------------------------------------------
Group                  Internal  Switching    Leakage      Total
                          Power      Power      Power      Power (Watts)
----------------------------------------------------------------
Sequential             3.12e-03   9.49e-04   2.10e-07   4.07e-03   9.8%
Combinational          1.67e-02   2.07e-02   1.80e-06   3.74e-02  89.9%
Clock                  5.95e-07   1.04e-04   1.16e-10   1.04e-04   0.3%
Macro                  0.00e+00   0.00e+00   0.00e+00   0.00e+00   0.0%
Pad                    0.00e+00   0.00e+00   0.00e+00   0.00e+00   0.0%
----------------------------------------------------------------
Total                  1.98e-02   2.17e-02   2.01e-06   4.15e-02 100.0%
                          47.7%      52.3%       0.0%
