OpenROAD v2.0-19576-gec1bf1a13 
Features included (+) or not (-): +GPU +GUI +Python : None
This program is licensed under the BSD-3 license. See the LICENSE file for details.
Components of this program may be licensed under more restrictive licenses which must be honored.
[INFO ORD-0030] Using 22 thread(s).
[INFO GPL-0002] DBU: 1000
[INFO GPL-0003] SiteSize: (  0.054  0.270 ) um
[INFO GPL-0004] CoreBBox: (  2.052  2.160 ) ( 78.030 78.030 ) um
[INFO GPL-0006] NumInstances:             19685
[INFO GPL-0007] NumPlaceInstances:        18699
[INFO GPL-0008] NumFixedInstances:          986
[INFO GPL-0009] NumDummyInstances:            0
[INFO GPL-0010] NumNets:                  19431
[INFO GPL-0011] NumPins:                  69487
[INFO GPL-0012] DieBBox:  (  0.000  0.000 ) ( 80.080 80.080 ) um
[INFO GPL-0013] CoreBBox: (  2.052  2.160 ) ( 78.030 78.030 ) um
[INFO GPL-0016] CoreArea:              5764.451 um^2
[INFO GPL-0017] NonPlaceInstsArea:       28.752 um^2
[INFO GPL-0018] PlaceInstsArea:        2323.206 um^2
[INFO GPL-0019] Util:                    40.504 %
[INFO GPL-0020] StdInstsArea:          2323.206 um^2
[INFO GPL-0021] MacroInstsArea:           0.000 um^2
[INFO GPL-0031] FillerInit:NumGCells:     48507
[INFO GPL-0032] FillerInit:NumGNets:      19431
[INFO GPL-0033] FillerInit:NumGPins:      69487
[INFO GPL-0023] TargetDensity:            1.000
[INFO GPL-0024] AvrgPlaceInstArea:        0.124 um^2
[INFO GPL-0025] IdealBinArea:             0.124 um^2
[INFO GPL-0026] IdealBinCnt:              46396
[INFO GPL-0027] TotalBinArea:          5764.451 um^2
[INFO GPL-0028] BinCnt:       128    128
[INFO GPL-0029] BinSize: (  0.594  0.593 )
[INFO GPL-0030] NumBins: 16384
Placement density is 0.5340346431732178, computed from PLACE_DENSITY_LB_ADDON 0.20 and lower bound 0.4050433039665222
global_placement -density 0.5340346431732178 -pad_left 0 -pad_right 0 -routability_driven -timing_driven
[INFO GPL-0002] DBU: 1000
[INFO GPL-0003] SiteSize: (  0.054  0.270 ) um
[INFO GPL-0004] CoreBBox: (  2.052  2.160 ) ( 78.030 78.030 ) um
[INFO GPL-0006] NumInstances:             19685
[INFO GPL-0007] NumPlaceInstances:        18699
[INFO GPL-0008] NumFixedInstances:          986
[INFO GPL-0009] NumDummyInstances:            0
[INFO GPL-0010] NumNets:                  19431
[INFO GPL-0011] NumPins:                  69487
[INFO GPL-0012] DieBBox:  (  0.000  0.000 ) ( 80.080 80.080 ) um
[INFO GPL-0013] CoreBBox: (  2.052  2.160 ) ( 78.030 78.030 ) um
[INFO GPL-0016] CoreArea:              5764.451 um^2
[INFO GPL-0017] NonPlaceInstsArea:       28.752 um^2
[INFO GPL-0018] PlaceInstsArea:        2323.206 um^2
[INFO GPL-0019] Util:                    40.504 %
[INFO GPL-0020] StdInstsArea:          2323.206 um^2
[INFO GPL-0021] MacroInstsArea:           0.000 um^2
[InitialPlace]  Iter: 1 CG residual: 0.00035854 HPWL: 106130821
[InitialPlace]  Iter: 2 CG residual: 0.00000219 HPWL: 31446356
[InitialPlace]  Iter: 3 CG residual: 0.00000106 HPWL: 30606463
[InitialPlace]  Iter: 4 CG residual: 0.00000028 HPWL: 30660580
[InitialPlace]  Iter: 5 CG residual: 0.00000011 HPWL: 30583464
[INFO GPL-0031] FillerInit:NumGCells:     25161
[INFO GPL-0032] FillerInit:NumGNets:      19431
[INFO GPL-0033] FillerInit:NumGPins:      69487
[INFO GPL-0023] TargetDensity:            0.534
[INFO GPL-0024] AvrgPlaceInstArea:        0.124 um^2
[INFO GPL-0025] IdealBinArea:             0.233 um^2
[INFO GPL-0026] IdealBinCnt:              24777
[INFO GPL-0027] TotalBinArea:          5764.451 um^2
[INFO GPL-0028] BinCnt:       128    128
[INFO GPL-0029] BinSize: (  0.594  0.593 )
[INFO GPL-0030] NumBins: 16384
[NesterovSolve] Iter:    1 overflow: 0.979 HPWL: 25602005
[NesterovSolve] Iter:   10 overflow: 0.958 HPWL: 23224507
[NesterovSolve] Iter:   20 overflow: 0.946 HPWL: 25803849
[NesterovSolve] Iter:   30 overflow: 0.940 HPWL: 26970095
[NesterovSolve] Iter:   40 overflow: 0.937 HPWL: 27353028
[NesterovSolve] Iter:   50 overflow: 0.934 HPWL: 27806647
[NesterovSolve] Iter:   60 overflow: 0.933 HPWL: 28243156
[NesterovSolve] Iter:   70 overflow: 0.931 HPWL: 28458203
[NesterovSolve] Iter:   80 overflow: 0.931 HPWL: 28529724
[NesterovSolve] Iter:   90 overflow: 0.930 HPWL: 28591106
[NesterovSolve] Iter:  100 overflow: 0.930 HPWL: 28665462
[NesterovSolve] Iter:  110 overflow: 0.930 HPWL: 28788805
[NesterovSolve] Iter:  120 overflow: 0.929 HPWL: 29056709
[NesterovSolve] Iter:  130 overflow: 0.927 HPWL: 29596786
[NesterovSolve] Iter:  140 overflow: 0.924 HPWL: 30481070
[NesterovSolve] Iter:  150 overflow: 0.921 HPWL: 31732971
[NesterovSolve] Iter:  160 overflow: 0.915 HPWL: 33490437
[NesterovSolve] Iter:  170 overflow: 0.907 HPWL: 35872157
[NesterovSolve] Iter:  180 overflow: 0.895 HPWL: 38895797
[NesterovSolve] Iter:  190 overflow: 0.880 HPWL: 42407342
[NesterovSolve] Iter:  200 overflow: 0.863 HPWL: 46223130
[NesterovSolve] Iter:  210 overflow: 0.843 HPWL: 50035917
[NesterovSolve] Iter:  220 overflow: 0.816 HPWL: 54307500
[NesterovSolve] Iter:  230 overflow: 0.787 HPWL: 58566532
[INFO GPL-0100] Timing-driven iteration 1/5, virtual: true.
[INFO GPL-0101]    Iter: 231, overflow: 0.784, keep rsz at: 0.3, HPWL: 58923700
Iteration |   Area    | Resized | Buffers | Nets repaired | Remaining
---------------------------------------------------------------------
        0 |     +0.0% |       0 |       0 |             0 |     19431
    final |     +4.6% |    2941 |      13 |             1 |         0
---------------------------------------------------------------------
[INFO RSZ-0034] Found 1 slew violations.
[INFO RSZ-0039] Resized 2941 instances.
[INFO RSZ-0038] Inserted 13 buffers in 1 nets.
[INFO GPL-0106] Timing-driven: worst slack -2.18e-10
[INFO GPL-0103] Timing-driven: weighted 1942 nets.
[NesterovSolve] Iter:  240 overflow: 0.755 HPWL: 60804843
[NesterovSolve] Iter:  250 overflow: 0.722 HPWL: 64883631
[NesterovSolve] Iter:  260 overflow: 0.681 HPWL: 68784569
[NesterovSolve] Iter:  270 overflow: 0.639 HPWL: 71830443
[INFO GPL-0100] Timing-driven iteration 2/5, virtual: true.
[INFO GPL-0101]    Iter: 271, overflow: 0.635, keep rsz at: 0.3, HPWL: 72203620
Iteration |   Area    | Resized | Buffers | Nets repaired | Remaining
---------------------------------------------------------------------
        0 |     +0.0% |       0 |       0 |             0 |     19431
    final |     +5.2% |    3041 |      16 |             1 |         0
---------------------------------------------------------------------
[INFO RSZ-0034] Found 1 slew violations.
[INFO RSZ-0039] Resized 3041 instances.
[INFO RSZ-0038] Inserted 16 buffers in 1 nets.
[INFO GPL-0106] Timing-driven: worst slack -3.04e-10
[INFO GPL-0103] Timing-driven: weighted 1940 nets.
[INFO GPL-0088] Routability snapshot saved at iter = 278
[NesterovSolve] Iter:  280 overflow: 0.590 HPWL: 74919628
[NesterovSolve] Iter:  290 overflow: 0.538 HPWL: 78255848
[NesterovSolve] Iter:  300 overflow: 0.477 HPWL: 80998274
[NesterovSolve] Iter:  310 overflow: 0.419 HPWL: 82944971
[NesterovSolve] Iter:  320 overflow: 0.372 HPWL: 85124483
[NesterovSolve] Iter:  330 overflow: 0.328 HPWL: 86704645
[INFO GPL-0075] Routability iteration: 1
[INFO GPL-0036] TileBBox: (    0    0 ) (  540  540 ) DBU
[INFO GPL-0038] TileCnt:     148  148
[INFO GPL-0040] NumTiles: 21904
[INFO GPL-0081] TotalRouteOverflow: 31.9970
[INFO GPL-0082] OverflowTileCnt: 586
[INFO GPL-0083] 0.5%RC: 1.1299
[INFO GPL-0084] 1.0%RC: 1.1023
[INFO GPL-0085] 2.0%RC: 1.0697
[INFO GPL-0086] 5.0%RC: 1.0179
[INFO GPL-0087] FinalRC: 1.1161397
[INFO GPL-0078] FinalRC lower than minRC (1000000015047466219876688855040.0000), min RC updated.
[INFO GPL-0045] InflatedAreaDelta:       35.675 um^2 (+1.54%)
[INFO GPL-0046] TargetDensity:            0.534
[INFO GPL-0049] WhiteSpaceArea:        5735.699 um^2
[INFO GPL-0050] NesterovInstsArea:     2323.206 um^2
[INFO GPL-0051] TotalFillerArea:        739.856 um^2
[INFO GPL-0052] TotalGCellsArea:       3063.062 um^2
[INFO GPL-0053] ExpectedGCellsArea:    3098.737 um^2
[INFO GPL-0054] NewTargetDensity:         0.540
[INFO GPL-0055] NewWhiteSpaceArea:     5735.699 um^2
[INFO GPL-0056] MovableArea:           3098.737 um^2
[INFO GPL-0057] NewNesterovInstArea:   2358.881 um^2
[INFO GPL-0058] NewTotalFillerArea:     739.856 um^2
[INFO GPL-0059] NewTotalGCellsArea:    3098.737 um^2
[INFO GPL-0089] Routability: revert back to snapshot
[NesterovSolve] Iter:  340 overflow: 0.588 HPWL: 75311926
[NesterovSolve] Iter:  350 overflow: 0.544 HPWL: 78578430
[NesterovSolve] Iter:  360 overflow: 0.498 HPWL: 80410153
[NesterovSolve] Iter:  370 overflow: 0.451 HPWL: 81545916
[NesterovSolve] Iter:  380 overflow: 0.407 HPWL: 83693760
[NesterovSolve] Iter:  390 overflow: 0.366 HPWL: 85479120
[NesterovSolve] Iter:  400 overflow: 0.331 HPWL: 86662339
[INFO GPL-0075] Routability iteration: 2
[INFO GPL-0036] TileBBox: (    0    0 ) (  540  540 ) DBU
[INFO GPL-0038] TileCnt:     148  148
[INFO GPL-0040] NumTiles: 21904
[INFO GPL-0081] TotalRouteOverflow: 26.7919
[INFO GPL-0082] OverflowTileCnt: 535
[INFO GPL-0083] 0.5%RC: 1.1189
[INFO GPL-0084] 1.0%RC: 1.0909
[INFO GPL-0085] 2.0%RC: 1.0598
[INFO GPL-0086] 5.0%RC: 1.0100
[INFO GPL-0087] FinalRC: 1.104894
[INFO GPL-0078] FinalRC lower than minRC (1.1161), min RC updated.
[INFO GPL-0045] InflatedAreaDelta:       27.016 um^2 (+1.15%)
[INFO GPL-0046] TargetDensity:            0.540
[INFO GPL-0049] WhiteSpaceArea:        5735.699 um^2
[INFO GPL-0050] NesterovInstsArea:     2358.881 um^2
[INFO GPL-0051] TotalFillerArea:        739.856 um^2
[INFO GPL-0052] TotalGCellsArea:       3098.737 um^2
[INFO GPL-0053] ExpectedGCellsArea:    3125.753 um^2
[INFO GPL-0054] NewTargetDensity:         0.545
[INFO GPL-0055] NewWhiteSpaceArea:     5735.699 um^2
[INFO GPL-0056] MovableArea:           3125.753 um^2
[INFO GPL-0057] NewNesterovInstArea:   2385.897 um^2
[INFO GPL-0058] NewTotalFillerArea:     739.856 um^2
[INFO GPL-0059] NewTotalGCellsArea:    3125.753 um^2
[INFO GPL-0089] Routability: revert back to snapshot
[NesterovSolve] Iter:  410 overflow: 0.594 HPWL: 74919628
[NesterovSolve] Iter:  420 overflow: 0.546 HPWL: 78868226
[NesterovSolve] Iter:  430 overflow: 0.502 HPWL: 80701165
[NesterovSolve] Iter:  440 overflow: 0.454 HPWL: 81858833
[NesterovSolve] Iter:  450 overflow: 0.409 HPWL: 83914376
[NesterovSolve] Iter:  460 overflow: 0.368 HPWL: 85834389
[NesterovSolve] Iter:  470 overflow: 0.333 HPWL: 87050754
[NesterovSolve] Iter:  480 overflow: 0.299 HPWL: 88034539
[INFO GPL-0075] Routability iteration: 3
[INFO GPL-0036] TileBBox: (    0    0 ) (  540  540 ) DBU
[INFO GPL-0038] TileCnt:     148  148
[INFO GPL-0040] NumTiles: 21904
[INFO GPL-0081] TotalRouteOverflow: 19.3756
[INFO GPL-0082] OverflowTileCnt: 441
[INFO GPL-0083] 0.5%RC: 1.0961
[INFO GPL-0084] 1.0%RC: 1.0727
[INFO GPL-0085] 2.0%RC: 1.0441
[INFO GPL-0086] 5.0%RC: 1.0007
[INFO GPL-0087] FinalRC: 1.0843999
[INFO GPL-0078] FinalRC lower than minRC (1.1049), min RC updated.
[INFO GPL-0045] InflatedAreaDelta:       18.266 um^2 (+0.77%)
[INFO GPL-0046] TargetDensity:            0.545
[INFO GPL-0049] WhiteSpaceArea:        5735.699 um^2
[INFO GPL-0050] NesterovInstsArea:     2385.897 um^2
[INFO GPL-0051] TotalFillerArea:        739.856 um^2
[INFO GPL-0052] TotalGCellsArea:       3125.753 um^2
[INFO GPL-0053] ExpectedGCellsArea:    3144.019 um^2
[INFO GPL-0054] NewTargetDensity:         0.548
[INFO GPL-0055] NewWhiteSpaceArea:     5735.699 um^2
[INFO GPL-0056] MovableArea:           3144.018 um^2
[INFO GPL-0057] NewNesterovInstArea:   2404.163 um^2
[INFO GPL-0058] NewTotalFillerArea:     739.855 um^2
[INFO GPL-0059] NewTotalGCellsArea:    3144.018 um^2
[INFO GPL-0089] Routability: revert back to snapshot
[NesterovSolve] Iter:  490 overflow: 0.550 HPWL: 78990651
[NesterovSolve] Iter:  500 overflow: 0.507 HPWL: 80841143
[NesterovSolve] Iter:  510 overflow: 0.459 HPWL: 82024473
[NesterovSolve] Iter:  520 overflow: 0.414 HPWL: 84028993
[NesterovSolve] Iter:  530 overflow: 0.373 HPWL: 86063065
[NesterovSolve] Iter:  540 overflow: 0.337 HPWL: 87299799
[NesterovSolve] Iter:  550 overflow: 0.303 HPWL: 88414538
[INFO GPL-0075] Routability iteration: 4
[INFO GPL-0036] TileBBox: (    0    0 ) (  540  540 ) DBU
[INFO GPL-0038] TileCnt:     148  148
[INFO GPL-0040] NumTiles: 21904
[INFO GPL-0081] TotalRouteOverflow: 19.3938
[INFO GPL-0082] OverflowTileCnt: 444
[INFO GPL-0083] 0.5%RC: 1.0975
[INFO GPL-0084] 1.0%RC: 1.0725
[INFO GPL-0085] 2.0%RC: 1.0442
[INFO GPL-0086] 5.0%RC: 1.0009
[INFO GPL-0087] FinalRC: 1.0850085
[INFO GPL-0079] MinRC (1.0843999) violation occurred, total count: 1.
[INFO GPL-0045] InflatedAreaDelta:       18.153 um^2 (+0.76%)
[INFO GPL-0046] TargetDensity:            0.548
[INFO GPL-0049] WhiteSpaceArea:        5735.699 um^2
[INFO GPL-0050] NesterovInstsArea:     2404.163 um^2
[INFO GPL-0051] TotalFillerArea:        739.855 um^2
[INFO GPL-0052] TotalGCellsArea:       3144.018 um^2
[INFO GPL-0053] ExpectedGCellsArea:    3162.171 um^2
[INFO GPL-0054] NewTargetDensity:         0.551
[INFO GPL-0055] NewWhiteSpaceArea:     5735.699 um^2
[INFO GPL-0056] MovableArea:           3162.171 um^2
[INFO GPL-0057] NewNesterovInstArea:   2422.315 um^2
[INFO GPL-0058] NewTotalFillerArea:     739.855 um^2
[INFO GPL-0059] NewTotalGCellsArea:    3162.171 um^2
[INFO GPL-0089] Routability: revert back to snapshot
[NesterovSolve] Iter:  560 overflow: 0.552 HPWL: 79002041
[NesterovSolve] Iter:  570 overflow: 0.511 HPWL: 80937283
[NesterovSolve] Iter:  580 overflow: 0.463 HPWL: 82227011
[NesterovSolve] Iter:  590 overflow: 0.417 HPWL: 84048475
[NesterovSolve] Iter:  600 overflow: 0.378 HPWL: 86237940
[NesterovSolve] Iter:  610 overflow: 0.340 HPWL: 87529512
[NesterovSolve] Iter:  620 overflow: 0.306 HPWL: 88613811
[INFO GPL-0075] Routability iteration: 5
[INFO GPL-0036] TileBBox: (    0    0 ) (  540  540 ) DBU
[INFO GPL-0038] TileCnt:     148  148
[INFO GPL-0040] NumTiles: 21904
[INFO GPL-0081] TotalRouteOverflow: 16.6525
[INFO GPL-0082] OverflowTileCnt: 412
[INFO GPL-0083] 0.5%RC: 1.0882
[INFO GPL-0084] 1.0%RC: 1.0639
[INFO GPL-0085] 2.0%RC: 1.0378
[INFO GPL-0086] 5.0%RC: 0.9971
[INFO GPL-0087] FinalRC: 1.0760223
[INFO GPL-0078] FinalRC lower than minRC (1.0844), min RC updated.
[INFO GPL-0045] InflatedAreaDelta:       15.680 um^2 (+0.65%)
[INFO GPL-0046] TargetDensity:            0.551
[INFO GPL-0049] WhiteSpaceArea:        5735.699 um^2
[INFO GPL-0050] NesterovInstsArea:     2422.315 um^2
[INFO GPL-0051] TotalFillerArea:        739.855 um^2
[INFO GPL-0052] TotalGCellsArea:       3162.171 um^2
[INFO GPL-0053] ExpectedGCellsArea:    3177.851 um^2
[INFO GPL-0054] NewTargetDensity:         0.554
[INFO GPL-0055] NewWhiteSpaceArea:     5735.699 um^2
[INFO GPL-0056] MovableArea:           3177.850 um^2
[INFO GPL-0057] NewNesterovInstArea:   2437.995 um^2
[INFO GPL-0058] NewTotalFillerArea:     739.855 um^2
[INFO GPL-0059] NewTotalGCellsArea:    3177.850 um^2
[INFO GPL-0089] Routability: revert back to snapshot
[NesterovSolve] Iter:  630 overflow: 0.556 HPWL: 78999481
[NesterovSolve] Iter:  640 overflow: 0.515 HPWL: 81089620
[NesterovSolve] Iter:  650 overflow: 0.468 HPWL: 82428251
[NesterovSolve] Iter:  660 overflow: 0.421 HPWL: 84024728
[NesterovSolve] Iter:  670 overflow: 0.382 HPWL: 86354029
[NesterovSolve] Iter:  680 overflow: 0.345 HPWL: 87704265
[NesterovSolve] Iter:  690 overflow: 0.307 HPWL: 88743637
[INFO GPL-0075] Routability iteration: 6
[INFO GPL-0036] TileBBox: (    0    0 ) (  540  540 ) DBU
[INFO GPL-0038] TileCnt:     148  148
[INFO GPL-0040] NumTiles: 21904
[INFO GPL-0081] TotalRouteOverflow: 14.6909
[INFO GPL-0082] OverflowTileCnt: 393
[INFO GPL-0083] 0.5%RC: 1.0781
[INFO GPL-0084] 1.0%RC: 1.0572
[INFO GPL-0085] 2.0%RC: 1.0332
[INFO GPL-0086] 5.0%RC: 0.9933
[INFO GPL-0087] FinalRC: 1.0676694
[INFO GPL-0078] FinalRC lower than minRC (1.0760), min RC updated.
[INFO GPL-0045] InflatedAreaDelta:       14.282 um^2 (+0.59%)
[INFO GPL-0046] TargetDensity:            0.554
[INFO GPL-0049] WhiteSpaceArea:        5735.699 um^2
[INFO GPL-0050] NesterovInstsArea:     2437.995 um^2
[INFO GPL-0051] TotalFillerArea:        739.855 um^2
[INFO GPL-0052] TotalGCellsArea:       3177.850 um^2
[INFO GPL-0053] ExpectedGCellsArea:    3192.133 um^2
[INFO GPL-0054] NewTargetDensity:         0.557
[INFO GPL-0055] NewWhiteSpaceArea:     5735.699 um^2
[INFO GPL-0056] MovableArea:           3192.133 um^2
[INFO GPL-0057] NewNesterovInstArea:   2452.278 um^2
[INFO GPL-0058] NewTotalFillerArea:     739.855 um^2
[INFO GPL-0059] NewTotalGCellsArea:    3192.133 um^2
[INFO GPL-0089] Routability: revert back to snapshot
[NesterovSolve] Iter:  700 overflow: 0.559 HPWL: 78880130
[NesterovSolve] Iter:  710 overflow: 0.518 HPWL: 81192483
[NesterovSolve] Iter:  720 overflow: 0.472 HPWL: 82616238
[NesterovSolve] Iter:  730 overflow: 0.425 HPWL: 84013915
[NesterovSolve] Iter:  740 overflow: 0.384 HPWL: 86465993
[NesterovSolve] Iter:  750 overflow: 0.349 HPWL: 87824986
[NesterovSolve] Iter:  760 overflow: 0.311 HPWL: 88898620
[INFO GPL-0075] Routability iteration: 7
[INFO GPL-0036] TileBBox: (    0    0 ) (  540  540 ) DBU
[INFO GPL-0038] TileCnt:     148  148
[INFO GPL-0040] NumTiles: 21904
[INFO GPL-0081] TotalRouteOverflow: 12.5958
[INFO GPL-0082] OverflowTileCnt: 361
[INFO GPL-0083] 0.5%RC: 1.0750
[INFO GPL-0084] 1.0%RC: 1.0519
[INFO GPL-0085] 2.0%RC: 1.0277
[INFO GPL-0086] 5.0%RC: 0.9901
[INFO GPL-0087] FinalRC: 1.0634656
[INFO GPL-0078] FinalRC lower than minRC (1.0677), min RC updated.
[INFO GPL-0045] InflatedAreaDelta:       12.373 um^2 (+0.50%)
[INFO GPL-0046] TargetDensity:            0.557
[INFO GPL-0049] WhiteSpaceArea:        5735.699 um^2
[INFO GPL-0050] NesterovInstsArea:     2452.278 um^2
[INFO GPL-0051] TotalFillerArea:        739.855 um^2
[INFO GPL-0052] TotalGCellsArea:       3192.133 um^2
[INFO GPL-0053] ExpectedGCellsArea:    3204.506 um^2
[INFO GPL-0054] NewTargetDensity:         0.559
[INFO GPL-0055] NewWhiteSpaceArea:     5735.699 um^2
[INFO GPL-0056] MovableArea:           3204.506 um^2
[INFO GPL-0057] NewNesterovInstArea:   2464.650 um^2
[INFO GPL-0058] NewTotalFillerArea:     739.856 um^2
[INFO GPL-0059] NewTotalGCellsArea:    3204.506 um^2
[INFO GPL-0089] Routability: revert back to snapshot
[NesterovSolve] Iter:  770 overflow: 0.564 HPWL: 78629659
[NesterovSolve] Iter:  780 overflow: 0.521 HPWL: 81315746
[NesterovSolve] Iter:  790 overflow: 0.477 HPWL: 82731358
[NesterovSolve] Iter:  800 overflow: 0.430 HPWL: 83933431
[NesterovSolve] Iter:  810 overflow: 0.390 HPWL: 86408010
[NesterovSolve] Iter:  820 overflow: 0.353 HPWL: 87870655
[NesterovSolve] Iter:  830 overflow: 0.314 HPWL: 88971604
[INFO GPL-0075] Routability iteration: 8
[INFO GPL-0036] TileBBox: (    0    0 ) (  540  540 ) DBU
[INFO GPL-0038] TileCnt:     148  148
[INFO GPL-0040] NumTiles: 21904
[INFO GPL-0081] TotalRouteOverflow: 12.1415
[INFO GPL-0082] OverflowTileCnt: 327
[INFO GPL-0083] 0.5%RC: 1.0765
[INFO GPL-0084] 1.0%RC: 1.0515
[INFO GPL-0085] 2.0%RC: 1.0261
[INFO GPL-0086] 5.0%RC: 0.9884
[INFO GPL-0087] FinalRC: 1.0639962
[INFO GPL-0079] MinRC (1.0634656) violation occurred, total count: 1.
[INFO GPL-0045] InflatedAreaDelta:       10.898 um^2 (+0.44%)
[INFO GPL-0046] TargetDensity:            0.559
[INFO GPL-0049] WhiteSpaceArea:        5735.699 um^2
[INFO GPL-0050] NesterovInstsArea:     2464.650 um^2
[INFO GPL-0051] TotalFillerArea:        739.856 um^2
[INFO GPL-0052] TotalGCellsArea:       3204.506 um^2
[INFO GPL-0053] ExpectedGCellsArea:    3215.404 um^2
[INFO GPL-0054] NewTargetDensity:         0.561
[INFO GPL-0055] NewWhiteSpaceArea:     5735.699 um^2
[INFO GPL-0056] MovableArea:           3215.404 um^2
[INFO GPL-0057] NewNesterovInstArea:   2475.548 um^2
[INFO GPL-0058] NewTotalFillerArea:     739.856 um^2
[INFO GPL-0059] NewTotalGCellsArea:    3215.404 um^2
[INFO GPL-0089] Routability: revert back to snapshot
[NesterovSolve] Iter:  840 overflow: 0.569 HPWL: 78214413
[NesterovSolve] Iter:  850 overflow: 0.524 HPWL: 81383828
[NesterovSolve] Iter:  860 overflow: 0.481 HPWL: 82819065
[NesterovSolve] Iter:  870 overflow: 0.435 HPWL: 83870776
[NesterovSolve] Iter:  880 overflow: 0.392 HPWL: 86402529
[NesterovSolve] Iter:  890 overflow: 0.356 HPWL: 87978773
[NesterovSolve] Iter:  900 overflow: 0.319 HPWL: 89086444
[INFO GPL-0075] Routability iteration: 9
[INFO GPL-0036] TileBBox: (    0    0 ) (  540  540 ) DBU
[INFO GPL-0038] TileCnt:     148  148
[INFO GPL-0040] NumTiles: 21904
[INFO GPL-0081] TotalRouteOverflow: 12.3498
[INFO GPL-0082] OverflowTileCnt: 322
[INFO GPL-0083] 0.5%RC: 1.0772
[INFO GPL-0084] 1.0%RC: 1.0525
[INFO GPL-0085] 2.0%RC: 1.0260
[INFO GPL-0086] 5.0%RC: 0.9876
[INFO GPL-0087] FinalRC: 1.0648266
[INFO GPL-0079] MinRC (1.0634656) violation occurred, total count: 2.
[INFO GPL-0045] InflatedAreaDelta:       11.108 um^2 (+0.45%)
[INFO GPL-0046] TargetDensity:            0.561
[INFO GPL-0049] WhiteSpaceArea:        5735.699 um^2
[INFO GPL-0050] NesterovInstsArea:     2475.548 um^2
[INFO GPL-0051] TotalFillerArea:        739.856 um^2
[INFO GPL-0052] TotalGCellsArea:       3215.404 um^2
[INFO GPL-0053] ExpectedGCellsArea:    3226.512 um^2
[INFO GPL-0054] NewTargetDensity:         0.563
[INFO GPL-0055] NewWhiteSpaceArea:     5735.699 um^2
[INFO GPL-0056] MovableArea:           3226.512 um^2
[INFO GPL-0057] NewNesterovInstArea:   2486.656 um^2
[INFO GPL-0058] NewTotalFillerArea:     739.856 um^2
[INFO GPL-0059] NewTotalGCellsArea:    3226.512 um^2
[INFO GPL-0089] Routability: revert back to snapshot
[NesterovSolve] Iter:  910 overflow: 0.577 HPWL: 77562325
[NesterovSolve] Iter:  920 overflow: 0.528 HPWL: 81499794
[NesterovSolve] Iter:  930 overflow: 0.487 HPWL: 82908866
[NesterovSolve] Iter:  940 overflow: 0.439 HPWL: 83860979
[NesterovSolve] Iter:  950 overflow: 0.396 HPWL: 86351431
[NesterovSolve] Iter:  960 overflow: 0.359 HPWL: 88102559
[NesterovSolve] Iter:  970 overflow: 0.321 HPWL: 89135844
[INFO GPL-0075] Routability iteration: 10
[INFO GPL-0036] TileBBox: (    0    0 ) (  540  540 ) DBU
[INFO GPL-0038] TileCnt:     148  148
[INFO GPL-0040] NumTiles: 21904
[INFO GPL-0081] TotalRouteOverflow: 10.6134
[INFO GPL-0082] OverflowTileCnt: 286
[INFO GPL-0083] 0.5%RC: 1.0694
[INFO GPL-0084] 1.0%RC: 1.0467
[INFO GPL-0085] 2.0%RC: 1.0209
[INFO GPL-0086] 5.0%RC: 0.9846
[INFO GPL-0087] FinalRC: 1.0580379
[INFO GPL-0078] FinalRC lower than minRC (1.0635), min RC updated.
[INFO GPL-0045] InflatedAreaDelta:        9.726 um^2 (+0.39%)
[INFO GPL-0046] TargetDensity:            0.563
[INFO GPL-0049] WhiteSpaceArea:        5735.699 um^2
[INFO GPL-0050] NesterovInstsArea:     2486.656 um^2
[INFO GPL-0051] TotalFillerArea:        739.856 um^2
[INFO GPL-0052] TotalGCellsArea:       3226.512 um^2
[INFO GPL-0053] ExpectedGCellsArea:    3236.238 um^2
[INFO GPL-0054] NewTargetDensity:         0.564
[INFO GPL-0055] NewWhiteSpaceArea:     5735.699 um^2
[INFO GPL-0056] MovableArea:           3236.238 um^2
[INFO GPL-0057] NewNesterovInstArea:   2496.382 um^2
[INFO GPL-0058] NewTotalFillerArea:     739.856 um^2
[INFO GPL-0059] NewTotalGCellsArea:    3236.238 um^2
[INFO GPL-0089] Routability: revert back to snapshot
[NesterovSolve] Iter:  980 overflow: 0.585 HPWL: 76595683
[NesterovSolve] Iter:  990 overflow: 0.531 HPWL: 81514933
[NesterovSolve] Iter: 1000 overflow: 0.491 HPWL: 82893704
[NesterovSolve] Iter: 1010 overflow: 0.442 HPWL: 83805328
[NesterovSolve] Iter: 1020 overflow: 0.397 HPWL: 86269523
[NesterovSolve] Iter: 1030 overflow: 0.361 HPWL: 88101555
[NesterovSolve] Iter: 1040 overflow: 0.325 HPWL: 89198810
[INFO GPL-0075] Routability iteration: 11
[INFO GPL-0036] TileBBox: (    0    0 ) (  540  540 ) DBU
[INFO GPL-0038] TileCnt:     148  148
[INFO GPL-0040] NumTiles: 21904
[INFO GPL-0081] TotalRouteOverflow: 11.3880
[INFO GPL-0082] OverflowTileCnt: 300
[INFO GPL-0083] 0.5%RC: 1.0705
[INFO GPL-0084] 1.0%RC: 1.0493
[INFO GPL-0085] 2.0%RC: 1.0236
[INFO GPL-0086] 5.0%RC: 0.9879
[INFO GPL-0087] FinalRC: 1.0599064
[INFO GPL-0079] MinRC (1.0580379) violation occurred, total count: 1.
[INFO GPL-0045] InflatedAreaDelta:       10.106 um^2 (+0.40%)
[INFO GPL-0046] TargetDensity:            0.564
[INFO GPL-0049] WhiteSpaceArea:        5735.699 um^2
[INFO GPL-0050] NesterovInstsArea:     2496.382 um^2
[INFO GPL-0051] TotalFillerArea:        739.856 um^2
[INFO GPL-0052] TotalGCellsArea:       3236.238 um^2
[INFO GPL-0053] ExpectedGCellsArea:    3246.344 um^2
[INFO GPL-0054] NewTargetDensity:         0.566
[INFO GPL-0055] NewWhiteSpaceArea:     5735.699 um^2
[INFO GPL-0056] MovableArea:           3246.344 um^2
[INFO GPL-0057] NewNesterovInstArea:   2506.488 um^2
[INFO GPL-0058] NewTotalFillerArea:     739.855 um^2
[INFO GPL-0059] NewTotalGCellsArea:    3246.344 um^2
[INFO GPL-0089] Routability: revert back to snapshot
[NesterovSolve] Iter: 1050 overflow: 0.586 HPWL: 76664241
[NesterovSolve] Iter: 1060 overflow: 0.531 HPWL: 81703406
[NesterovSolve] Iter: 1070 overflow: 0.491 HPWL: 83072790
[NesterovSolve] Iter: 1080 overflow: 0.442 HPWL: 83950231
[NesterovSolve] Iter: 1090 overflow: 0.397 HPWL: 86461883
[NesterovSolve] Iter: 1100 overflow: 0.360 HPWL: 88284795
[NesterovSolve] Iter: 1110 overflow: 0.326 HPWL: 89398836
[INFO GPL-0075] Routability iteration: 12
[INFO GPL-0036] TileBBox: (    0    0 ) (  540  540 ) DBU
[INFO GPL-0038] TileCnt:     148  148
[INFO GPL-0040] NumTiles: 21904
[INFO GPL-0081] TotalRouteOverflow: 9.9318
[INFO GPL-0082] OverflowTileCnt: 283
[INFO GPL-0083] 0.5%RC: 1.0650
[INFO GPL-0084] 1.0%RC: 1.0435
[INFO GPL-0085] 2.0%RC: 1.0194
[INFO GPL-0086] 5.0%RC: 0.9850
[INFO GPL-0087] FinalRC: 1.0542384
[INFO GPL-0078] FinalRC lower than minRC (1.0580), min RC updated.
[INFO GPL-0045] InflatedAreaDelta:        9.621 um^2 (+0.38%)
[INFO GPL-0046] TargetDensity:            0.566
[INFO GPL-0049] WhiteSpaceArea:        5735.699 um^2
[INFO GPL-0050] NesterovInstsArea:     2506.488 um^2
[INFO GPL-0051] TotalFillerArea:        739.855 um^2
[INFO GPL-0052] TotalGCellsArea:       3246.344 um^2
[INFO GPL-0053] ExpectedGCellsArea:    3255.965 um^2
[INFO GPL-0054] NewTargetDensity:         0.568
[INFO GPL-0055] NewWhiteSpaceArea:     5735.699 um^2
[INFO GPL-0056] MovableArea:           3255.965 um^2
[INFO GPL-0057] NewNesterovInstArea:   2516.110 um^2
[INFO GPL-0058] NewTotalFillerArea:     739.856 um^2
[INFO GPL-0059] NewTotalGCellsArea:    3255.965 um^2
[INFO GPL-0089] Routability: revert back to snapshot
[NesterovSolve] Iter: 1120 overflow: 0.596 HPWL: 75626301
[NesterovSolve] Iter: 1130 overflow: 0.534 HPWL: 81730272
[NesterovSolve] Iter: 1140 overflow: 0.496 HPWL: 83143242
[NesterovSolve] Iter: 1150 overflow: 0.448 HPWL: 83929994
[NesterovSolve] Iter: 1160 overflow: 0.401 HPWL: 86406086
[NesterovSolve] Iter: 1170 overflow: 0.365 HPWL: 88331591
[NesterovSolve] Iter: 1180 overflow: 0.329 HPWL: 89376763
[INFO GPL-0075] Routability iteration: 13
[INFO GPL-0036] TileBBox: (    0    0 ) (  540  540 ) DBU
[INFO GPL-0038] TileCnt:     148  148
[INFO GPL-0040] NumTiles: 21904
[INFO GPL-0081] TotalRouteOverflow: 8.4522
[INFO GPL-0082] OverflowTileCnt: 259
[INFO GPL-0083] 0.5%RC: 1.0585
[INFO GPL-0084] 1.0%RC: 1.0379
[INFO GPL-0085] 2.0%RC: 1.0148
[INFO GPL-0086] 5.0%RC: 0.9808
[INFO GPL-0087] FinalRC: 1.0481676
[INFO GPL-0078] FinalRC lower than minRC (1.0542), min RC updated.
[INFO GPL-0045] InflatedAreaDelta:        6.996 um^2 (+0.28%)
[INFO GPL-0046] TargetDensity:            0.568
[INFO GPL-0049] WhiteSpaceArea:        5735.699 um^2
[INFO GPL-0050] NesterovInstsArea:     2516.110 um^2
[INFO GPL-0051] TotalFillerArea:        739.856 um^2
[INFO GPL-0052] TotalGCellsArea:       3255.965 um^2
[INFO GPL-0053] ExpectedGCellsArea:    3262.962 um^2
[INFO GPL-0054] NewTargetDensity:         0.569
[INFO GPL-0055] NewWhiteSpaceArea:     5735.699 um^2
[INFO GPL-0056] MovableArea:           3262.962 um^2
[INFO GPL-0057] NewNesterovInstArea:   2523.106 um^2
[INFO GPL-0058] NewTotalFillerArea:     739.856 um^2
[INFO GPL-0059] NewTotalGCellsArea:    3262.962 um^2
[INFO GPL-0089] Routability: revert back to snapshot
[NesterovSolve] Iter: 1190 overflow: 0.602 HPWL: 74919628
[NesterovSolve] Iter: 1200 overflow: 0.538 HPWL: 81637367
[NesterovSolve] Iter: 1210 overflow: 0.499 HPWL: 83083404
[NesterovSolve] Iter: 1220 overflow: 0.451 HPWL: 83957284
[NesterovSolve] Iter: 1230 overflow: 0.405 HPWL: 86270776
[NesterovSolve] Iter: 1240 overflow: 0.368 HPWL: 88318663
[NesterovSolve] Iter: 1250 overflow: 0.333 HPWL: 89354388
[NesterovSolve] Iter: 1260 overflow: 0.297 HPWL: 90465295
[INFO GPL-0075] Routability iteration: 14
[INFO GPL-0036] TileBBox: (    0    0 ) (  540  540 ) DBU
[INFO GPL-0038] TileCnt:     148  148
[INFO GPL-0040] NumTiles: 21904
[INFO GPL-0081] TotalRouteOverflow: 9.2086
[INFO GPL-0082] OverflowTileCnt: 275
[INFO GPL-0083] 0.5%RC: 1.0620
[INFO GPL-0084] 1.0%RC: 1.0409
[INFO GPL-0085] 2.0%RC: 1.0171
[INFO GPL-0086] 5.0%RC: 0.9820
[INFO GPL-0087] FinalRC: 1.0514681
[INFO GPL-0079] MinRC (1.0481676) violation occurred, total count: 1.
[INFO GPL-0045] InflatedAreaDelta:        7.824 um^2 (+0.31%)
[INFO GPL-0046] TargetDensity:            0.569
[INFO GPL-0049] WhiteSpaceArea:        5735.699 um^2
[INFO GPL-0050] NesterovInstsArea:     2523.106 um^2
[INFO GPL-0051] TotalFillerArea:        739.856 um^2
[INFO GPL-0052] TotalGCellsArea:       3262.962 um^2
[INFO GPL-0053] ExpectedGCellsArea:    3270.786 um^2
[INFO GPL-0054] NewTargetDensity:         0.570
[INFO GPL-0055] NewWhiteSpaceArea:     5735.699 um^2
[INFO GPL-0056] MovableArea:           3270.786 um^2
[INFO GPL-0057] NewNesterovInstArea:   2530.930 um^2
[INFO GPL-0058] NewTotalFillerArea:     739.856 um^2
[INFO GPL-0059] NewTotalGCellsArea:    3270.786 um^2
[INFO GPL-0089] Routability: revert back to snapshot
[NesterovSolve] Iter: 1270 overflow: 0.542 HPWL: 81540027
[NesterovSolve] Iter: 1280 overflow: 0.504 HPWL: 83089025
[NesterovSolve] Iter: 1290 overflow: 0.456 HPWL: 83981514
[NesterovSolve] Iter: 1300 overflow: 0.410 HPWL: 86105070
[NesterovSolve] Iter: 1310 overflow: 0.371 HPWL: 88284194
[NesterovSolve] Iter: 1320 overflow: 0.335 HPWL: 89420396
[NesterovSolve] Iter: 1330 overflow: 0.299 HPWL: 90480979
[INFO GPL-0075] Routability iteration: 15
[INFO GPL-0036] TileBBox: (    0    0 ) (  540  540 ) DBU
[INFO GPL-0038] TileCnt:     148  148
[INFO GPL-0040] NumTiles: 21904
[INFO GPL-0081] TotalRouteOverflow: 9.6637
[INFO GPL-0082] OverflowTileCnt: 270
[INFO GPL-0083] 0.5%RC: 1.0657
[INFO GPL-0084] 1.0%RC: 1.0429
[INFO GPL-0085] 2.0%RC: 1.0179
[INFO GPL-0086] 5.0%RC: 0.9822
[INFO GPL-0087] FinalRC: 1.0542821
[INFO GPL-0079] MinRC (1.0481676) violation occurred, total count: 2.
[INFO GPL-0045] InflatedAreaDelta:        8.437 um^2 (+0.33%)
[INFO GPL-0046] TargetDensity:            0.570
[INFO GPL-0049] WhiteSpaceArea:        5735.699 um^2
[INFO GPL-0050] NesterovInstsArea:     2530.930 um^2
[INFO GPL-0051] TotalFillerArea:        739.856 um^2
[INFO GPL-0052] TotalGCellsArea:       3270.786 um^2
[INFO GPL-0053] ExpectedGCellsArea:    3279.223 um^2
[INFO GPL-0054] NewTargetDensity:         0.572
[INFO GPL-0055] NewWhiteSpaceArea:     5735.699 um^2
[INFO GPL-0056] MovableArea:           3279.222 um^2
[INFO GPL-0057] NewNesterovInstArea:   2539.367 um^2
[INFO GPL-0058] NewTotalFillerArea:     739.856 um^2
[INFO GPL-0059] NewTotalGCellsArea:    3279.222 um^2
[INFO GPL-0089] Routability: revert back to snapshot
[NesterovSolve] Iter: 1340 overflow: 0.541 HPWL: 81706171
[NesterovSolve] Iter: 1350 overflow: 0.504 HPWL: 83234551
[NesterovSolve] Iter: 1360 overflow: 0.457 HPWL: 84123705
[NesterovSolve] Iter: 1370 overflow: 0.409 HPWL: 86234656
[NesterovSolve] Iter: 1380 overflow: 0.371 HPWL: 88451875
[NesterovSolve] Iter: 1390 overflow: 0.335 HPWL: 89545338
[NesterovSolve] Iter: 1400 overflow: 0.299 HPWL: 90617638
[INFO GPL-0075] Routability iteration: 16
[INFO GPL-0036] TileBBox: (    0    0 ) (  540  540 ) DBU
[INFO GPL-0038] TileCnt:     148  148
[INFO GPL-0040] NumTiles: 21904
[INFO GPL-0081] TotalRouteOverflow: 9.0915
[INFO GPL-0082] OverflowTileCnt: 278
[INFO GPL-0083] 0.5%RC: 1.0622
[INFO GPL-0084] 1.0%RC: 1.0403
[INFO GPL-0085] 2.0%RC: 1.0169
[INFO GPL-0086] 5.0%RC: 0.9817
[INFO GPL-0087] FinalRC: 1.0512305
[INFO GPL-0079] MinRC (1.0481676) violation occurred, total count: 3.
[INFO GPL-0045] InflatedAreaDelta:        6.949 um^2 (+0.27%)
[INFO GPL-0046] TargetDensity:            0.572
Revert Routability Procedure. Target density higher than max, or minRC max violations.
[INFO GPL-0080] minRcViolatedCnt: 3
[INFO GPL-0047] SavedMinRC: 1.0482
[INFO GPL-0048] SavedTargetDensity: 0.5677
[INFO GPL-0089] Routability: revert back to snapshot
[NesterovSolve] Iter: 1410 overflow: 0.542 HPWL: 80970045
[NesterovSolve] Iter: 1420 overflow: 0.501 HPWL: 82682600
[NesterovSolve] Iter: 1430 overflow: 0.454 HPWL: 83639235
[NesterovSolve] Iter: 1440 overflow: 0.407 HPWL: 85777709
[NesterovSolve] Iter: 1450 overflow: 0.371 HPWL: 87985806
[NesterovSolve] Iter: 1460 overflow: 0.334 HPWL: 89120726
[NesterovSolve] Iter: 1470 overflow: 0.298 HPWL: 90211639
[INFO GPL-0100] Timing-driven iteration 3/5, virtual: false.
[INFO GPL-0101]    Iter: 1475, overflow: 0.282, keep rsz at: 0.3, HPWL: 90587024
Iteration |   Area    | Resized | Buffers | Nets repaired | Remaining
---------------------------------------------------------------------
        0 |     +0.0% |       0 |       0 |             0 |     19431
    final |     +6.2% |    3221 |      23 |             2 |         0
---------------------------------------------------------------------
[INFO RSZ-0034] Found 2 slew violations.
[INFO RSZ-0039] Resized 3221 instances.
[INFO RSZ-0038] Inserted 23 buffers in 2 nets.
[INFO GPL-0106] Timing-driven: worst slack -2.41e-10
[INFO GPL-0103] Timing-driven: weighted 1942 nets.
[INFO GPL-0107] Timing-driven: repair_design delta area: 119.799 um^2 (+4.72%)
[INFO GPL-0108] Timing-driven: repair_design, gpl cells created: 23 (+0.00%)
[INFO GPL-0109] Timing-driven: inserted buffers as reported by repair_design: 23
[INFO GPL-0110] Timing-driven: new target density: 0.592608
[NesterovSolve] Iter: 1480 overflow: 0.263 HPWL: 89506472
[NesterovSolve] Iter: 1490 overflow: 0.232 HPWL: 89335441
[NesterovSolve] Iter: 1500 overflow: 0.206 HPWL: 89535671
[INFO GPL-0100] Timing-driven iteration 4/5, virtual: false.
[INFO GPL-0101]    Iter: 1501, overflow: 0.203, keep rsz at: 0.3, HPWL: 89564415
Iteration |   Area    | Resized | Buffers | Nets repaired | Remaining
---------------------------------------------------------------------
        0 |     +0.0% |       0 |       0 |             0 |     19431
    final |     +0.8% |     501 |       0 |             0 |         0
---------------------------------------------------------------------
[INFO RSZ-0039] Resized 501 instances.
[INFO GPL-0106] Timing-driven: worst slack -2.26e-10
[INFO GPL-0103] Timing-driven: weighted 1942 nets.
[INFO GPL-0107] Timing-driven: repair_design delta area: 19.458 um^2 (+0.74%)
[INFO GPL-0108] Timing-driven: repair_design, gpl cells created: 0 (+0.00%)
[INFO GPL-0109] Timing-driven: inserted buffers as reported by repair_design: 0
[INFO GPL-0110] Timing-driven: new target density: 0.5960005
[NesterovSolve] Iter: 1510 overflow: 0.178 HPWL: 89902422
[NesterovSolve] Iter: 1520 overflow: 0.155 HPWL: 89984107
[INFO GPL-0100] Timing-driven iteration 5/5, virtual: false.
[INFO GPL-0101]    Iter: 1525, overflow: 0.145, keep rsz at: 0.3, HPWL: 90009142
Iteration |   Area    | Resized | Buffers | Nets repaired | Remaining
---------------------------------------------------------------------
        0 |     +0.0% |       0 |       0 |             0 |     19431
    final |     +0.1% |     173 |       0 |             0 |         0
---------------------------------------------------------------------
[INFO RSZ-0039] Resized 173 instances.
[INFO GPL-0106] Timing-driven: worst slack -2.28e-10
[INFO GPL-0103] Timing-driven: weighted 1942 nets.
[INFO GPL-0107] Timing-driven: repair_design delta area: 3.109 um^2 (+0.12%)
[INFO GPL-0108] Timing-driven: repair_design, gpl cells created: 0 (+0.00%)
[INFO GPL-0109] Timing-driven: inserted buffers as reported by repair_design: 0
[INFO GPL-0110] Timing-driven: new target density: 0.59654254
[NesterovSolve] Iter: 1530 overflow: 0.133 HPWL: 90082867
[NesterovSolve] Iter: 1540 overflow: 0.116 HPWL: 90148564
[NesterovSolve] Iter: 1550 overflow: 0.100 HPWL: 90232995
[NesterovSolve] Finished with Overflow: 0.099799
Took 672 seconds: global_placement -density 0.5340346431732178 -pad_left 0 -pad_right 0 -routability_driven -timing_driven
Report metrics stage 3, global place...

==========================================================================
global place report_design_area
--------------------------------------------------------------------------
Design area 2491 u^2 43% utilization.
Elapsed time: 11:41.53[h:]min:sec. CPU time: user 3063.98 sys 33.33 (441%). Peak memory: 760828KB.
