OpenROAD v2.0-19576-gec1bf1a13 
Features included (+) or not (-): +GPU +GUI +Python : None
This program is licensed under the BSD-3 license. See the LICENSE file for details.
Components of this program may be licensed under more restrictive licenses which must be honored.
[INFO ORD-0030] Using 22 thread(s).
Placement Analysis
---------------------------------
total displacement       4822.4 u
average displacement        0.2 u
max displacement            2.6 u
original HPWL           95331.7 u
legalized HPWL          99271.3 u
delta HPWL                    4 %

[INFO DPL-0020] Mirrored 9062 instances
[INFO DPL-0021] HPWL before           99271.3 u
[INFO DPL-0022] HPWL after            97504.9 u
[INFO DPL-0023] HPWL delta               -1.8 %
[INFO FLW-0012] Placement violations .
Report metrics stage 3, detailed place...

==========================================================================
detailed place report_design_area
--------------------------------------------------------------------------
Design area 2584 u^2 45% utilization.
Elapsed time: 0:37.10[h:]min:sec. CPU time: user 36.65 sys 0.44 (99%). Peak memory: 375380KB.
