OpenROAD v2.0-19576-gec1bf1a13 
Features included (+) or not (-): +GPU +GUI +Python : None
This program is licensed under the BSD-3 license. See the LICENSE file for details.
Components of this program may be licensed under more restrictive licenses which must be honored.
[INFO ORD-0030] Using 22 thread(s).
[INFO GPL-0002] DBU: 2000
[INFO GPL-0003] SiteSize: (  0.190  1.400 ) um
[INFO GPL-0004] CoreBBox: (  1.140  1.400 ) ( 240.730 240.800 ) um
[WARNING GPL-0001] alert_major_o toplevel port is not placed!
       Replace will regard alert_major_o is placed in (0, 0)
[WARNING GPL-0001] alert_minor_o toplevel port is not placed!
       Replace will regard alert_minor_o is placed in (0, 0)
[WARNING GPL-0001] boot_addr_i[0] toplevel port is not placed!
       Replace will regard boot_addr_i[0] is placed in (0, 0)
[WARNING GPL-0001] boot_addr_i[10] toplevel port is not placed!
       Replace will regard boot_addr_i[10] is placed in (0, 0)
[WARNING GPL-0001] boot_addr_i[11] toplevel port is not placed!
       Replace will regard boot_addr_i[11] is placed in (0, 0)
[WARNING GPL-0001] boot_addr_i[12] toplevel port is not placed!
       Replace will regard boot_addr_i[12] is placed in (0, 0)
[WARNING GPL-0001] boot_addr_i[13] toplevel port is not placed!
       Replace will regard boot_addr_i[13] is placed in (0, 0)
[WARNING GPL-0001] boot_addr_i[14] toplevel port is not placed!
       Replace will regard boot_addr_i[14] is placed in (0, 0)
[WARNING GPL-0001] boot_addr_i[15] toplevel port is not placed!
       Replace will regard boot_addr_i[15] is placed in (0, 0)
[WARNING GPL-0001] boot_addr_i[16] toplevel port is not placed!
       Replace will regard boot_addr_i[16] is placed in (0, 0)
[WARNING GPL-0001] boot_addr_i[17] toplevel port is not placed!
       Replace will regard boot_addr_i[17] is placed in (0, 0)
[WARNING GPL-0001] boot_addr_i[18] toplevel port is not placed!
       Replace will regard boot_addr_i[18] is placed in (0, 0)
[WARNING GPL-0001] boot_addr_i[19] toplevel port is not placed!
       Replace will regard boot_addr_i[19] is placed in (0, 0)
[WARNING GPL-0001] boot_addr_i[1] toplevel port is not placed!
       Replace will regard boot_addr_i[1] is placed in (0, 0)
[WARNING GPL-0001] boot_addr_i[20] toplevel port is not placed!
       Replace will regard boot_addr_i[20] is placed in (0, 0)
[WARNING GPL-0001] boot_addr_i[21] toplevel port is not placed!
       Replace will regard boot_addr_i[21] is placed in (0, 0)
[WARNING GPL-0001] boot_addr_i[22] toplevel port is not placed!
       Replace will regard boot_addr_i[22] is placed in (0, 0)
[WARNING GPL-0001] boot_addr_i[23] toplevel port is not placed!
       Replace will regard boot_addr_i[23] is placed in (0, 0)
[WARNING GPL-0001] boot_addr_i[24] toplevel port is not placed!
       Replace will regard boot_addr_i[24] is placed in (0, 0)
[WARNING GPL-0001] boot_addr_i[25] toplevel port is not placed!
       Replace will regard boot_addr_i[25] is placed in (0, 0)
[WARNING GPL-0001] boot_addr_i[26] toplevel port is not placed!
       Replace will regard boot_addr_i[26] is placed in (0, 0)
[WARNING GPL-0001] boot_addr_i[27] toplevel port is not placed!
       Replace will regard boot_addr_i[27] is placed in (0, 0)
[WARNING GPL-0001] boot_addr_i[28] toplevel port is not placed!
       Replace will regard boot_addr_i[28] is placed in (0, 0)
[WARNING GPL-0001] boot_addr_i[29] toplevel port is not placed!
       Replace will regard boot_addr_i[29] is placed in (0, 0)
[WARNING GPL-0001] boot_addr_i[2] toplevel port is not placed!
       Replace will regard boot_addr_i[2] is placed in (0, 0)
[WARNING GPL-0001] boot_addr_i[30] toplevel port is not placed!
       Replace will regard boot_addr_i[30] is placed in (0, 0)
[WARNING GPL-0001] boot_addr_i[31] toplevel port is not placed!
       Replace will regard boot_addr_i[31] is placed in (0, 0)
[WARNING GPL-0001] boot_addr_i[3] toplevel port is not placed!
       Replace will regard boot_addr_i[3] is placed in (0, 0)
[WARNING GPL-0001] boot_addr_i[4] toplevel port is not placed!
       Replace will regard boot_addr_i[4] is placed in (0, 0)
[WARNING GPL-0001] boot_addr_i[5] toplevel port is not placed!
       Replace will regard boot_addr_i[5] is placed in (0, 0)
[WARNING GPL-0001] boot_addr_i[6] toplevel port is not placed!
       Replace will regard boot_addr_i[6] is placed in (0, 0)
[WARNING GPL-0001] boot_addr_i[7] toplevel port is not placed!
       Replace will regard boot_addr_i[7] is placed in (0, 0)
[WARNING GPL-0001] boot_addr_i[8] toplevel port is not placed!
       Replace will regard boot_addr_i[8] is placed in (0, 0)
[WARNING GPL-0001] boot_addr_i[9] toplevel port is not placed!
       Replace will regard boot_addr_i[9] is placed in (0, 0)
[WARNING GPL-0001] clk_i toplevel port is not placed!
       Replace will regard clk_i is placed in (0, 0)
[WARNING GPL-0001] core_sleep_o toplevel port is not placed!
       Replace will regard core_sleep_o is placed in (0, 0)
[WARNING GPL-0001] data_addr_o[0] toplevel port is not placed!
       Replace will regard data_addr_o[0] is placed in (0, 0)
[WARNING GPL-0001] data_addr_o[10] toplevel port is not placed!
       Replace will regard data_addr_o[10] is placed in (0, 0)
[WARNING GPL-0001] data_addr_o[11] toplevel port is not placed!
       Replace will regard data_addr_o[11] is placed in (0, 0)
[WARNING GPL-0001] data_addr_o[12] toplevel port is not placed!
       Replace will regard data_addr_o[12] is placed in (0, 0)
[WARNING GPL-0001] data_addr_o[13] toplevel port is not placed!
       Replace will regard data_addr_o[13] is placed in (0, 0)
[WARNING GPL-0001] data_addr_o[14] toplevel port is not placed!
       Replace will regard data_addr_o[14] is placed in (0, 0)
[WARNING GPL-0001] data_addr_o[15] toplevel port is not placed!
       Replace will regard data_addr_o[15] is placed in (0, 0)
[WARNING GPL-0001] data_addr_o[16] toplevel port is not placed!
       Replace will regard data_addr_o[16] is placed in (0, 0)
[WARNING GPL-0001] data_addr_o[17] toplevel port is not placed!
       Replace will regard data_addr_o[17] is placed in (0, 0)
[WARNING GPL-0001] data_addr_o[18] toplevel port is not placed!
       Replace will regard data_addr_o[18] is placed in (0, 0)
[WARNING GPL-0001] data_addr_o[19] toplevel port is not placed!
       Replace will regard data_addr_o[19] is placed in (0, 0)
[WARNING GPL-0001] data_addr_o[1] toplevel port is not placed!
       Replace will regard data_addr_o[1] is placed in (0, 0)
[WARNING GPL-0001] data_addr_o[20] toplevel port is not placed!
       Replace will regard data_addr_o[20] is placed in (0, 0)
[WARNING GPL-0001] data_addr_o[21] toplevel port is not placed!
       Replace will regard data_addr_o[21] is placed in (0, 0)
[WARNING GPL-0001] data_addr_o[22] toplevel port is not placed!
       Replace will regard data_addr_o[22] is placed in (0, 0)
[WARNING GPL-0001] data_addr_o[23] toplevel port is not placed!
       Replace will regard data_addr_o[23] is placed in (0, 0)
[WARNING GPL-0001] data_addr_o[24] toplevel port is not placed!
       Replace will regard data_addr_o[24] is placed in (0, 0)
[WARNING GPL-0001] data_addr_o[25] toplevel port is not placed!
       Replace will regard data_addr_o[25] is placed in (0, 0)
[WARNING GPL-0001] data_addr_o[26] toplevel port is not placed!
       Replace will regard data_addr_o[26] is placed in (0, 0)
[WARNING GPL-0001] data_addr_o[27] toplevel port is not placed!
       Replace will regard data_addr_o[27] is placed in (0, 0)
[WARNING GPL-0001] data_addr_o[28] toplevel port is not placed!
       Replace will regard data_addr_o[28] is placed in (0, 0)
[WARNING GPL-0001] data_addr_o[29] toplevel port is not placed!
       Replace will regard data_addr_o[29] is placed in (0, 0)
[WARNING GPL-0001] data_addr_o[2] toplevel port is not placed!
       Replace will regard data_addr_o[2] is placed in (0, 0)
[WARNING GPL-0001] data_addr_o[30] toplevel port is not placed!
       Replace will regard data_addr_o[30] is placed in (0, 0)
[WARNING GPL-0001] data_addr_o[31] toplevel port is not placed!
       Replace will regard data_addr_o[31] is placed in (0, 0)
[WARNING GPL-0001] data_addr_o[3] toplevel port is not placed!
       Replace will regard data_addr_o[3] is placed in (0, 0)
[WARNING GPL-0001] data_addr_o[4] toplevel port is not placed!
       Replace will regard data_addr_o[4] is placed in (0, 0)
[WARNING GPL-0001] data_addr_o[5] toplevel port is not placed!
       Replace will regard data_addr_o[5] is placed in (0, 0)
[WARNING GPL-0001] data_addr_o[6] toplevel port is not placed!
       Replace will regard data_addr_o[6] is placed in (0, 0)
[WARNING GPL-0001] data_addr_o[7] toplevel port is not placed!
       Replace will regard data_addr_o[7] is placed in (0, 0)
[WARNING GPL-0001] data_addr_o[8] toplevel port is not placed!
       Replace will regard data_addr_o[8] is placed in (0, 0)
[WARNING GPL-0001] data_addr_o[9] toplevel port is not placed!
       Replace will regard data_addr_o[9] is placed in (0, 0)
[WARNING GPL-0001] data_be_o[0] toplevel port is not placed!
       Replace will regard data_be_o[0] is placed in (0, 0)
[WARNING GPL-0001] data_be_o[1] toplevel port is not placed!
       Replace will regard data_be_o[1] is placed in (0, 0)
[WARNING GPL-0001] data_be_o[2] toplevel port is not placed!
       Replace will regard data_be_o[2] is placed in (0, 0)
[WARNING GPL-0001] data_be_o[3] toplevel port is not placed!
       Replace will regard data_be_o[3] is placed in (0, 0)
[WARNING GPL-0001] data_err_i toplevel port is not placed!
       Replace will regard data_err_i is placed in (0, 0)
[WARNING GPL-0001] data_gnt_i toplevel port is not placed!
       Replace will regard data_gnt_i is placed in (0, 0)
[WARNING GPL-0001] data_rdata_i[0] toplevel port is not placed!
       Replace will regard data_rdata_i[0] is placed in (0, 0)
[WARNING GPL-0001] data_rdata_i[10] toplevel port is not placed!
       Replace will regard data_rdata_i[10] is placed in (0, 0)
[WARNING GPL-0001] data_rdata_i[11] toplevel port is not placed!
       Replace will regard data_rdata_i[11] is placed in (0, 0)
[WARNING GPL-0001] data_rdata_i[12] toplevel port is not placed!
       Replace will regard data_rdata_i[12] is placed in (0, 0)
[WARNING GPL-0001] data_rdata_i[13] toplevel port is not placed!
       Replace will regard data_rdata_i[13] is placed in (0, 0)
[WARNING GPL-0001] data_rdata_i[14] toplevel port is not placed!
       Replace will regard data_rdata_i[14] is placed in (0, 0)
[WARNING GPL-0001] data_rdata_i[15] toplevel port is not placed!
       Replace will regard data_rdata_i[15] is placed in (0, 0)
[WARNING GPL-0001] data_rdata_i[16] toplevel port is not placed!
       Replace will regard data_rdata_i[16] is placed in (0, 0)
[WARNING GPL-0001] data_rdata_i[17] toplevel port is not placed!
       Replace will regard data_rdata_i[17] is placed in (0, 0)
[WARNING GPL-0001] data_rdata_i[18] toplevel port is not placed!
       Replace will regard data_rdata_i[18] is placed in (0, 0)
[WARNING GPL-0001] data_rdata_i[19] toplevel port is not placed!
       Replace will regard data_rdata_i[19] is placed in (0, 0)
[WARNING GPL-0001] data_rdata_i[1] toplevel port is not placed!
       Replace will regard data_rdata_i[1] is placed in (0, 0)
[WARNING GPL-0001] data_rdata_i[20] toplevel port is not placed!
       Replace will regard data_rdata_i[20] is placed in (0, 0)
[WARNING GPL-0001] data_rdata_i[21] toplevel port is not placed!
       Replace will regard data_rdata_i[21] is placed in (0, 0)
[WARNING GPL-0001] data_rdata_i[22] toplevel port is not placed!
       Replace will regard data_rdata_i[22] is placed in (0, 0)
[WARNING GPL-0001] data_rdata_i[23] toplevel port is not placed!
       Replace will regard data_rdata_i[23] is placed in (0, 0)
[WARNING GPL-0001] data_rdata_i[24] toplevel port is not placed!
       Replace will regard data_rdata_i[24] is placed in (0, 0)
[WARNING GPL-0001] data_rdata_i[25] toplevel port is not placed!
       Replace will regard data_rdata_i[25] is placed in (0, 0)
[WARNING GPL-0001] data_rdata_i[26] toplevel port is not placed!
       Replace will regard data_rdata_i[26] is placed in (0, 0)
[WARNING GPL-0001] data_rdata_i[27] toplevel port is not placed!
       Replace will regard data_rdata_i[27] is placed in (0, 0)
[WARNING GPL-0001] data_rdata_i[28] toplevel port is not placed!
       Replace will regard data_rdata_i[28] is placed in (0, 0)
[WARNING GPL-0001] data_rdata_i[29] toplevel port is not placed!
       Replace will regard data_rdata_i[29] is placed in (0, 0)
[WARNING GPL-0001] data_rdata_i[2] toplevel port is not placed!
       Replace will regard data_rdata_i[2] is placed in (0, 0)
[WARNING GPL-0001] data_rdata_i[30] toplevel port is not placed!
       Replace will regard data_rdata_i[30] is placed in (0, 0)
[WARNING GPL-0001] data_rdata_i[31] toplevel port is not placed!
       Replace will regard data_rdata_i[31] is placed in (0, 0)
[WARNING GPL-0001] data_rdata_i[3] toplevel port is not placed!
       Replace will regard data_rdata_i[3] is placed in (0, 0)
[WARNING GPL-0001] data_rdata_i[4] toplevel port is not placed!
       Replace will regard data_rdata_i[4] is placed in (0, 0)
[WARNING GPL-0001] data_rdata_i[5] toplevel port is not placed!
       Replace will regard data_rdata_i[5] is placed in (0, 0)
[WARNING GPL-0001] data_rdata_i[6] toplevel port is not placed!
       Replace will regard data_rdata_i[6] is placed in (0, 0)
[WARNING GPL-0001] data_rdata_i[7] toplevel port is not placed!
       Replace will regard data_rdata_i[7] is placed in (0, 0)
[WARNING GPL-0001] data_rdata_i[8] toplevel port is not placed!
       Replace will regard data_rdata_i[8] is placed in (0, 0)
[WARNING GPL-0001] data_rdata_i[9] toplevel port is not placed!
       Replace will regard data_rdata_i[9] is placed in (0, 0)
[WARNING GPL-0001] data_req_o toplevel port is not placed!
       Replace will regard data_req_o is placed in (0, 0)
[WARNING GPL-0001] data_rvalid_i toplevel port is not placed!
       Replace will regard data_rvalid_i is placed in (0, 0)
[WARNING GPL-0001] data_wdata_o[0] toplevel port is not placed!
       Replace will regard data_wdata_o[0] is placed in (0, 0)
[WARNING GPL-0001] data_wdata_o[10] toplevel port is not placed!
       Replace will regard data_wdata_o[10] is placed in (0, 0)
[WARNING GPL-0001] data_wdata_o[11] toplevel port is not placed!
       Replace will regard data_wdata_o[11] is placed in (0, 0)
[WARNING GPL-0001] data_wdata_o[12] toplevel port is not placed!
       Replace will regard data_wdata_o[12] is placed in (0, 0)
[WARNING GPL-0001] data_wdata_o[13] toplevel port is not placed!
       Replace will regard data_wdata_o[13] is placed in (0, 0)
[WARNING GPL-0001] data_wdata_o[14] toplevel port is not placed!
       Replace will regard data_wdata_o[14] is placed in (0, 0)
[WARNING GPL-0001] data_wdata_o[15] toplevel port is not placed!
       Replace will regard data_wdata_o[15] is placed in (0, 0)
[WARNING GPL-0001] data_wdata_o[16] toplevel port is not placed!
       Replace will regard data_wdata_o[16] is placed in (0, 0)
[WARNING GPL-0001] data_wdata_o[17] toplevel port is not placed!
       Replace will regard data_wdata_o[17] is placed in (0, 0)
[WARNING GPL-0001] data_wdata_o[18] toplevel port is not placed!
       Replace will regard data_wdata_o[18] is placed in (0, 0)
[WARNING GPL-0001] data_wdata_o[19] toplevel port is not placed!
       Replace will regard data_wdata_o[19] is placed in (0, 0)
[WARNING GPL-0001] data_wdata_o[1] toplevel port is not placed!
       Replace will regard data_wdata_o[1] is placed in (0, 0)
[WARNING GPL-0001] data_wdata_o[20] toplevel port is not placed!
       Replace will regard data_wdata_o[20] is placed in (0, 0)
[WARNING GPL-0001] data_wdata_o[21] toplevel port is not placed!
       Replace will regard data_wdata_o[21] is placed in (0, 0)
[WARNING GPL-0001] data_wdata_o[22] toplevel port is not placed!
       Replace will regard data_wdata_o[22] is placed in (0, 0)
[WARNING GPL-0001] data_wdata_o[23] toplevel port is not placed!
       Replace will regard data_wdata_o[23] is placed in (0, 0)
[WARNING GPL-0001] data_wdata_o[24] toplevel port is not placed!
       Replace will regard data_wdata_o[24] is placed in (0, 0)
[WARNING GPL-0001] data_wdata_o[25] toplevel port is not placed!
       Replace will regard data_wdata_o[25] is placed in (0, 0)
[WARNING GPL-0001] data_wdata_o[26] toplevel port is not placed!
       Replace will regard data_wdata_o[26] is placed in (0, 0)
[WARNING GPL-0001] data_wdata_o[27] toplevel port is not placed!
       Replace will regard data_wdata_o[27] is placed in (0, 0)
[WARNING GPL-0001] data_wdata_o[28] toplevel port is not placed!
       Replace will regard data_wdata_o[28] is placed in (0, 0)
[WARNING GPL-0001] data_wdata_o[29] toplevel port is not placed!
       Replace will regard data_wdata_o[29] is placed in (0, 0)
[WARNING GPL-0001] data_wdata_o[2] toplevel port is not placed!
       Replace will regard data_wdata_o[2] is placed in (0, 0)
[WARNING GPL-0001] data_wdata_o[30] toplevel port is not placed!
       Replace will regard data_wdata_o[30] is placed in (0, 0)
[WARNING GPL-0001] data_wdata_o[31] toplevel port is not placed!
       Replace will regard data_wdata_o[31] is placed in (0, 0)
[WARNING GPL-0001] data_wdata_o[3] toplevel port is not placed!
       Replace will regard data_wdata_o[3] is placed in (0, 0)
[WARNING GPL-0001] data_wdata_o[4] toplevel port is not placed!
       Replace will regard data_wdata_o[4] is placed in (0, 0)
[WARNING GPL-0001] data_wdata_o[5] toplevel port is not placed!
       Replace will regard data_wdata_o[5] is placed in (0, 0)
[WARNING GPL-0001] data_wdata_o[6] toplevel port is not placed!
       Replace will regard data_wdata_o[6] is placed in (0, 0)
[WARNING GPL-0001] data_wdata_o[7] toplevel port is not placed!
       Replace will regard data_wdata_o[7] is placed in (0, 0)
[WARNING GPL-0001] data_wdata_o[8] toplevel port is not placed!
       Replace will regard data_wdata_o[8] is placed in (0, 0)
[WARNING GPL-0001] data_wdata_o[9] toplevel port is not placed!
       Replace will regard data_wdata_o[9] is placed in (0, 0)
[WARNING GPL-0001] data_we_o toplevel port is not placed!
       Replace will regard data_we_o is placed in (0, 0)
[WARNING GPL-0001] debug_req_i toplevel port is not placed!
       Replace will regard debug_req_i is placed in (0, 0)
[WARNING GPL-0001] fetch_enable_i toplevel port is not placed!
       Replace will regard fetch_enable_i is placed in (0, 0)
[WARNING GPL-0001] hart_id_i[0] toplevel port is not placed!
       Replace will regard hart_id_i[0] is placed in (0, 0)
[WARNING GPL-0001] hart_id_i[10] toplevel port is not placed!
       Replace will regard hart_id_i[10] is placed in (0, 0)
[WARNING GPL-0001] hart_id_i[11] toplevel port is not placed!
       Replace will regard hart_id_i[11] is placed in (0, 0)
[WARNING GPL-0001] hart_id_i[12] toplevel port is not placed!
       Replace will regard hart_id_i[12] is placed in (0, 0)
[WARNING GPL-0001] hart_id_i[13] toplevel port is not placed!
       Replace will regard hart_id_i[13] is placed in (0, 0)
[WARNING GPL-0001] hart_id_i[14] toplevel port is not placed!
       Replace will regard hart_id_i[14] is placed in (0, 0)
[WARNING GPL-0001] hart_id_i[15] toplevel port is not placed!
       Replace will regard hart_id_i[15] is placed in (0, 0)
[WARNING GPL-0001] hart_id_i[16] toplevel port is not placed!
       Replace will regard hart_id_i[16] is placed in (0, 0)
[WARNING GPL-0001] hart_id_i[17] toplevel port is not placed!
       Replace will regard hart_id_i[17] is placed in (0, 0)
[WARNING GPL-0001] hart_id_i[18] toplevel port is not placed!
       Replace will regard hart_id_i[18] is placed in (0, 0)
[WARNING GPL-0001] hart_id_i[19] toplevel port is not placed!
       Replace will regard hart_id_i[19] is placed in (0, 0)
[WARNING GPL-0001] hart_id_i[1] toplevel port is not placed!
       Replace will regard hart_id_i[1] is placed in (0, 0)
[WARNING GPL-0001] hart_id_i[20] toplevel port is not placed!
       Replace will regard hart_id_i[20] is placed in (0, 0)
[WARNING GPL-0001] hart_id_i[21] toplevel port is not placed!
       Replace will regard hart_id_i[21] is placed in (0, 0)
[WARNING GPL-0001] hart_id_i[22] toplevel port is not placed!
       Replace will regard hart_id_i[22] is placed in (0, 0)
[WARNING GPL-0001] hart_id_i[23] toplevel port is not placed!
       Replace will regard hart_id_i[23] is placed in (0, 0)
[WARNING GPL-0001] hart_id_i[24] toplevel port is not placed!
       Replace will regard hart_id_i[24] is placed in (0, 0)
[WARNING GPL-0001] hart_id_i[25] toplevel port is not placed!
       Replace will regard hart_id_i[25] is placed in (0, 0)
[WARNING GPL-0001] hart_id_i[26] toplevel port is not placed!
       Replace will regard hart_id_i[26] is placed in (0, 0)
[WARNING GPL-0001] hart_id_i[27] toplevel port is not placed!
       Replace will regard hart_id_i[27] is placed in (0, 0)
[WARNING GPL-0001] hart_id_i[28] toplevel port is not placed!
       Replace will regard hart_id_i[28] is placed in (0, 0)
[WARNING GPL-0001] hart_id_i[29] toplevel port is not placed!
       Replace will regard hart_id_i[29] is placed in (0, 0)
[WARNING GPL-0001] hart_id_i[2] toplevel port is not placed!
       Replace will regard hart_id_i[2] is placed in (0, 0)
[WARNING GPL-0001] hart_id_i[30] toplevel port is not placed!
       Replace will regard hart_id_i[30] is placed in (0, 0)
[WARNING GPL-0001] hart_id_i[31] toplevel port is not placed!
       Replace will regard hart_id_i[31] is placed in (0, 0)
[WARNING GPL-0001] hart_id_i[3] toplevel port is not placed!
       Replace will regard hart_id_i[3] is placed in (0, 0)
[WARNING GPL-0001] hart_id_i[4] toplevel port is not placed!
       Replace will regard hart_id_i[4] is placed in (0, 0)
[WARNING GPL-0001] hart_id_i[5] toplevel port is not placed!
       Replace will regard hart_id_i[5] is placed in (0, 0)
[WARNING GPL-0001] hart_id_i[6] toplevel port is not placed!
       Replace will regard hart_id_i[6] is placed in (0, 0)
[WARNING GPL-0001] hart_id_i[7] toplevel port is not placed!
       Replace will regard hart_id_i[7] is placed in (0, 0)
[WARNING GPL-0001] hart_id_i[8] toplevel port is not placed!
       Replace will regard hart_id_i[8] is placed in (0, 0)
[WARNING GPL-0001] hart_id_i[9] toplevel port is not placed!
       Replace will regard hart_id_i[9] is placed in (0, 0)
[WARNING GPL-0001] instr_addr_o[0] toplevel port is not placed!
       Replace will regard instr_addr_o[0] is placed in (0, 0)
[WARNING GPL-0001] instr_addr_o[10] toplevel port is not placed!
       Replace will regard instr_addr_o[10] is placed in (0, 0)
[WARNING GPL-0001] instr_addr_o[11] toplevel port is not placed!
       Replace will regard instr_addr_o[11] is placed in (0, 0)
[WARNING GPL-0001] instr_addr_o[12] toplevel port is not placed!
       Replace will regard instr_addr_o[12] is placed in (0, 0)
[WARNING GPL-0001] instr_addr_o[13] toplevel port is not placed!
       Replace will regard instr_addr_o[13] is placed in (0, 0)
[WARNING GPL-0001] instr_addr_o[14] toplevel port is not placed!
       Replace will regard instr_addr_o[14] is placed in (0, 0)
[WARNING GPL-0001] instr_addr_o[15] toplevel port is not placed!
       Replace will regard instr_addr_o[15] is placed in (0, 0)
[WARNING GPL-0001] instr_addr_o[16] toplevel port is not placed!
       Replace will regard instr_addr_o[16] is placed in (0, 0)
[WARNING GPL-0001] instr_addr_o[17] toplevel port is not placed!
       Replace will regard instr_addr_o[17] is placed in (0, 0)
[WARNING GPL-0001] instr_addr_o[18] toplevel port is not placed!
       Replace will regard instr_addr_o[18] is placed in (0, 0)
[WARNING GPL-0001] instr_addr_o[19] toplevel port is not placed!
       Replace will regard instr_addr_o[19] is placed in (0, 0)
[WARNING GPL-0001] instr_addr_o[1] toplevel port is not placed!
       Replace will regard instr_addr_o[1] is placed in (0, 0)
[WARNING GPL-0001] instr_addr_o[20] toplevel port is not placed!
       Replace will regard instr_addr_o[20] is placed in (0, 0)
[WARNING GPL-0001] instr_addr_o[21] toplevel port is not placed!
       Replace will regard instr_addr_o[21] is placed in (0, 0)
[WARNING GPL-0001] instr_addr_o[22] toplevel port is not placed!
       Replace will regard instr_addr_o[22] is placed in (0, 0)
[WARNING GPL-0001] instr_addr_o[23] toplevel port is not placed!
       Replace will regard instr_addr_o[23] is placed in (0, 0)
[WARNING GPL-0001] instr_addr_o[24] toplevel port is not placed!
       Replace will regard instr_addr_o[24] is placed in (0, 0)
[WARNING GPL-0001] instr_addr_o[25] toplevel port is not placed!
       Replace will regard instr_addr_o[25] is placed in (0, 0)
[WARNING GPL-0001] instr_addr_o[26] toplevel port is not placed!
       Replace will regard instr_addr_o[26] is placed in (0, 0)
[WARNING GPL-0001] instr_addr_o[27] toplevel port is not placed!
       Replace will regard instr_addr_o[27] is placed in (0, 0)
[WARNING GPL-0001] instr_addr_o[28] toplevel port is not placed!
       Replace will regard instr_addr_o[28] is placed in (0, 0)
[WARNING GPL-0001] instr_addr_o[29] toplevel port is not placed!
       Replace will regard instr_addr_o[29] is placed in (0, 0)
[WARNING GPL-0001] instr_addr_o[2] toplevel port is not placed!
       Replace will regard instr_addr_o[2] is placed in (0, 0)
[WARNING GPL-0001] instr_addr_o[30] toplevel port is not placed!
       Replace will regard instr_addr_o[30] is placed in (0, 0)
[WARNING GPL-0001] instr_addr_o[31] toplevel port is not placed!
       Replace will regard instr_addr_o[31] is placed in (0, 0)
[WARNING GPL-0001] instr_addr_o[3] toplevel port is not placed!
       Replace will regard instr_addr_o[3] is placed in (0, 0)
[WARNING GPL-0001] instr_addr_o[4] toplevel port is not placed!
       Replace will regard instr_addr_o[4] is placed in (0, 0)
[WARNING GPL-0001] instr_addr_o[5] toplevel port is not placed!
       Replace will regard instr_addr_o[5] is placed in (0, 0)
[WARNING GPL-0001] instr_addr_o[6] toplevel port is not placed!
       Replace will regard instr_addr_o[6] is placed in (0, 0)
[WARNING GPL-0001] instr_addr_o[7] toplevel port is not placed!
       Replace will regard instr_addr_o[7] is placed in (0, 0)
[WARNING GPL-0001] instr_addr_o[8] toplevel port is not placed!
       Replace will regard instr_addr_o[8] is placed in (0, 0)
[WARNING GPL-0001] instr_addr_o[9] toplevel port is not placed!
       Replace will regard instr_addr_o[9] is placed in (0, 0)
[WARNING GPL-0001] instr_err_i toplevel port is not placed!
       Replace will regard instr_err_i is placed in (0, 0)
[WARNING GPL-0001] instr_gnt_i toplevel port is not placed!
       Replace will regard instr_gnt_i is placed in (0, 0)
[WARNING GPL-0001] instr_rdata_i[0] toplevel port is not placed!
       Replace will regard instr_rdata_i[0] is placed in (0, 0)
[WARNING GPL-0001] instr_rdata_i[10] toplevel port is not placed!
       Replace will regard instr_rdata_i[10] is placed in (0, 0)
[WARNING GPL-0001] instr_rdata_i[11] toplevel port is not placed!
       Replace will regard instr_rdata_i[11] is placed in (0, 0)
[WARNING GPL-0001] instr_rdata_i[12] toplevel port is not placed!
       Replace will regard instr_rdata_i[12] is placed in (0, 0)
[WARNING GPL-0001] instr_rdata_i[13] toplevel port is not placed!
       Replace will regard instr_rdata_i[13] is placed in (0, 0)
[WARNING GPL-0001] instr_rdata_i[14] toplevel port is not placed!
       Replace will regard instr_rdata_i[14] is placed in (0, 0)
[WARNING GPL-0001] instr_rdata_i[15] toplevel port is not placed!
       Replace will regard instr_rdata_i[15] is placed in (0, 0)
[WARNING GPL-0001] instr_rdata_i[16] toplevel port is not placed!
       Replace will regard instr_rdata_i[16] is placed in (0, 0)
[WARNING GPL-0001] instr_rdata_i[17] toplevel port is not placed!
       Replace will regard instr_rdata_i[17] is placed in (0, 0)
[WARNING GPL-0001] instr_rdata_i[18] toplevel port is not placed!
       Replace will regard instr_rdata_i[18] is placed in (0, 0)
[WARNING GPL-0001] instr_rdata_i[19] toplevel port is not placed!
       Replace will regard instr_rdata_i[19] is placed in (0, 0)
[WARNING GPL-0001] instr_rdata_i[1] toplevel port is not placed!
       Replace will regard instr_rdata_i[1] is placed in (0, 0)
[WARNING GPL-0001] instr_rdata_i[20] toplevel port is not placed!
       Replace will regard instr_rdata_i[20] is placed in (0, 0)
[WARNING GPL-0001] instr_rdata_i[21] toplevel port is not placed!
       Replace will regard instr_rdata_i[21] is placed in (0, 0)
[WARNING GPL-0001] instr_rdata_i[22] toplevel port is not placed!
       Replace will regard instr_rdata_i[22] is placed in (0, 0)
[WARNING GPL-0001] instr_rdata_i[23] toplevel port is not placed!
       Replace will regard instr_rdata_i[23] is placed in (0, 0)
[WARNING GPL-0001] instr_rdata_i[24] toplevel port is not placed!
       Replace will regard instr_rdata_i[24] is placed in (0, 0)
[WARNING GPL-0001] instr_rdata_i[25] toplevel port is not placed!
       Replace will regard instr_rdata_i[25] is placed in (0, 0)
[WARNING GPL-0001] instr_rdata_i[26] toplevel port is not placed!
       Replace will regard instr_rdata_i[26] is placed in (0, 0)
[WARNING GPL-0001] instr_rdata_i[27] toplevel port is not placed!
       Replace will regard instr_rdata_i[27] is placed in (0, 0)
[WARNING GPL-0001] instr_rdata_i[28] toplevel port is not placed!
       Replace will regard instr_rdata_i[28] is placed in (0, 0)
[WARNING GPL-0001] instr_rdata_i[29] toplevel port is not placed!
       Replace will regard instr_rdata_i[29] is placed in (0, 0)
[WARNING GPL-0001] instr_rdata_i[2] toplevel port is not placed!
       Replace will regard instr_rdata_i[2] is placed in (0, 0)
[WARNING GPL-0001] instr_rdata_i[30] toplevel port is not placed!
       Replace will regard instr_rdata_i[30] is placed in (0, 0)
[WARNING GPL-0001] instr_rdata_i[31] toplevel port is not placed!
       Replace will regard instr_rdata_i[31] is placed in (0, 0)
[WARNING GPL-0001] instr_rdata_i[3] toplevel port is not placed!
       Replace will regard instr_rdata_i[3] is placed in (0, 0)
[WARNING GPL-0001] instr_rdata_i[4] toplevel port is not placed!
       Replace will regard instr_rdata_i[4] is placed in (0, 0)
[WARNING GPL-0001] instr_rdata_i[5] toplevel port is not placed!
       Replace will regard instr_rdata_i[5] is placed in (0, 0)
[WARNING GPL-0001] instr_rdata_i[6] toplevel port is not placed!
       Replace will regard instr_rdata_i[6] is placed in (0, 0)
[WARNING GPL-0001] instr_rdata_i[7] toplevel port is not placed!
       Replace will regard instr_rdata_i[7] is placed in (0, 0)
[WARNING GPL-0001] instr_rdata_i[8] toplevel port is not placed!
       Replace will regard instr_rdata_i[8] is placed in (0, 0)
[WARNING GPL-0001] instr_rdata_i[9] toplevel port is not placed!
       Replace will regard instr_rdata_i[9] is placed in (0, 0)
[WARNING GPL-0001] instr_req_o toplevel port is not placed!
       Replace will regard instr_req_o is placed in (0, 0)
[WARNING GPL-0001] instr_rvalid_i toplevel port is not placed!
       Replace will regard instr_rvalid_i is placed in (0, 0)
[WARNING GPL-0001] irq_external_i toplevel port is not placed!
       Replace will regard irq_external_i is placed in (0, 0)
[WARNING GPL-0001] irq_fast_i[0] toplevel port is not placed!
       Replace will regard irq_fast_i[0] is placed in (0, 0)
[WARNING GPL-0001] irq_fast_i[10] toplevel port is not placed!
       Replace will regard irq_fast_i[10] is placed in (0, 0)
[WARNING GPL-0001] irq_fast_i[11] toplevel port is not placed!
       Replace will regard irq_fast_i[11] is placed in (0, 0)
[WARNING GPL-0001] irq_fast_i[12] toplevel port is not placed!
       Replace will regard irq_fast_i[12] is placed in (0, 0)
[WARNING GPL-0001] irq_fast_i[13] toplevel port is not placed!
       Replace will regard irq_fast_i[13] is placed in (0, 0)
[WARNING GPL-0001] irq_fast_i[14] toplevel port is not placed!
       Replace will regard irq_fast_i[14] is placed in (0, 0)
[WARNING GPL-0001] irq_fast_i[1] toplevel port is not placed!
       Replace will regard irq_fast_i[1] is placed in (0, 0)
[WARNING GPL-0001] irq_fast_i[2] toplevel port is not placed!
       Replace will regard irq_fast_i[2] is placed in (0, 0)
[WARNING GPL-0001] irq_fast_i[3] toplevel port is not placed!
       Replace will regard irq_fast_i[3] is placed in (0, 0)
[WARNING GPL-0001] irq_fast_i[4] toplevel port is not placed!
       Replace will regard irq_fast_i[4] is placed in (0, 0)
[WARNING GPL-0001] irq_fast_i[5] toplevel port is not placed!
       Replace will regard irq_fast_i[5] is placed in (0, 0)
[WARNING GPL-0001] irq_fast_i[6] toplevel port is not placed!
       Replace will regard irq_fast_i[6] is placed in (0, 0)
[WARNING GPL-0001] irq_fast_i[7] toplevel port is not placed!
       Replace will regard irq_fast_i[7] is placed in (0, 0)
[WARNING GPL-0001] irq_fast_i[8] toplevel port is not placed!
       Replace will regard irq_fast_i[8] is placed in (0, 0)
[WARNING GPL-0001] irq_fast_i[9] toplevel port is not placed!
       Replace will regard irq_fast_i[9] is placed in (0, 0)
[WARNING GPL-0001] irq_nm_i toplevel port is not placed!
       Replace will regard irq_nm_i is placed in (0, 0)
[WARNING GPL-0001] irq_software_i toplevel port is not placed!
       Replace will regard irq_software_i is placed in (0, 0)
[WARNING GPL-0001] irq_timer_i toplevel port is not placed!
       Replace will regard irq_timer_i is placed in (0, 0)
[WARNING GPL-0001] rst_ni toplevel port is not placed!
       Replace will regard rst_ni is placed in (0, 0)
[WARNING GPL-0001] test_en_i toplevel port is not placed!
       Replace will regard test_en_i is placed in (0, 0)
[INFO GPL-0006] NumInstances:             16523
[INFO GPL-0007] NumPlaceInstances:        16095
[INFO GPL-0008] NumFixedInstances:          428
[INFO GPL-0009] NumDummyInstances:            0
[INFO GPL-0010] NumNets:                  18758
[INFO GPL-0011] NumPins:                  60707
[INFO GPL-0012] DieBBox:  (  0.000  0.000 ) ( 241.820 241.820 ) um
[INFO GPL-0013] CoreBBox: (  1.140  1.400 ) ( 240.730 240.800 ) um
[INFO GPL-0016] CoreArea:             57357.846 um^2
[INFO GPL-0017] NonPlaceInstsArea:      113.848 um^2
[INFO GPL-0018] PlaceInstsArea:       28787.052 um^2
[INFO GPL-0019] Util:                    50.288 %
[INFO GPL-0020] StdInstsArea:         28787.052 um^2
[INFO GPL-0021] MacroInstsArea:           0.000 um^2
[INFO GPL-0031] FillerInit:NumGCells:     33226
[INFO GPL-0032] FillerInit:NumGNets:      18758
[INFO GPL-0033] FillerInit:NumGPins:      60707
[INFO GPL-0023] TargetDensity:            1.000
[INFO GPL-0024] AvrgPlaceInstArea:        1.789 um^2
[INFO GPL-0025] IdealBinArea:             1.789 um^2
[INFO GPL-0026] IdealBinCnt:              32069
[INFO GPL-0027] TotalBinArea:         57357.846 um^2
[INFO GPL-0028] BinCnt:       128    128
[INFO GPL-0029] BinSize: (  1.872  1.871 )
[INFO GPL-0030] NumBins: 16384
Placement density is 0.6123066997528076, computed from PLACE_DENSITY_LB_ADDON 0.20 and lower bound 0.5028833746910095
global_placement -skip_io -density 0.6123066997528076 -pad_left 0 -pad_right 0
[INFO GPL-0002] DBU: 2000
[INFO GPL-0003] SiteSize: (  0.190  1.400 ) um
[INFO GPL-0004] CoreBBox: (  1.140  1.400 ) ( 240.730 240.800 ) um
[INFO GPL-0006] NumInstances:             16523
[INFO GPL-0007] NumPlaceInstances:        16095
[INFO GPL-0008] NumFixedInstances:          428
[INFO GPL-0009] NumDummyInstances:            0
[INFO GPL-0010] NumNets:                  18758
[INFO GPL-0011] NumPins:                  60443
[INFO GPL-0012] DieBBox:  (  0.000  0.000 ) ( 241.820 241.820 ) um
[INFO GPL-0013] CoreBBox: (  1.140  1.400 ) ( 240.730 240.800 ) um
[INFO GPL-0016] CoreArea:             57357.846 um^2
[INFO GPL-0017] NonPlaceInstsArea:      113.848 um^2
[INFO GPL-0018] PlaceInstsArea:       28787.052 um^2
[INFO GPL-0019] Util:                    50.288 %
[INFO GPL-0020] StdInstsArea:         28787.052 um^2
[INFO GPL-0021] MacroInstsArea:           0.000 um^2
[INFO GPL-0031] FillerInit:NumGCells:     19865
[INFO GPL-0032] FillerInit:NumGNets:      18758
[INFO GPL-0033] FillerInit:NumGPins:      60443
[INFO GPL-0023] TargetDensity:            0.612
[INFO GPL-0024] AvrgPlaceInstArea:        1.789 um^2
[INFO GPL-0025] IdealBinArea:             2.921 um^2
[INFO GPL-0026] IdealBinCnt:              19636
[INFO GPL-0027] TotalBinArea:         57357.846 um^2
[INFO GPL-0028] BinCnt:       128    128
[INFO GPL-0029] BinSize: (  1.872  1.871 )
[INFO GPL-0030] NumBins: 16384
[NesterovSolve] Iter:    1 overflow: 0.999 HPWL: 44273143
[NesterovSolve] Iter:   10 overflow: 0.999 HPWL: 25858656
[NesterovSolve] Iter:   20 overflow: 0.999 HPWL: 25410805
[NesterovSolve] Iter:   30 overflow: 0.999 HPWL: 25364133
[NesterovSolve] Iter:   40 overflow: 0.999 HPWL: 25289074
[NesterovSolve] Iter:   50 overflow: 0.999 HPWL: 25243094
[NesterovSolve] Iter:   60 overflow: 0.999 HPWL: 25196876
[NesterovSolve] Iter:   70 overflow: 0.999 HPWL: 25172258
[NesterovSolve] Iter:   80 overflow: 0.999 HPWL: 25178393
[NesterovSolve] Iter:   90 overflow: 0.999 HPWL: 25238675
[NesterovSolve] Iter:  100 overflow: 0.998 HPWL: 25439130
[NesterovSolve] Iter:  110 overflow: 0.998 HPWL: 25968163
[NesterovSolve] Iter:  120 overflow: 0.998 HPWL: 27219027
[NesterovSolve] Iter:  130 overflow: 0.997 HPWL: 29663568
[NesterovSolve] Iter:  140 overflow: 0.996 HPWL: 33848769
[NesterovSolve] Iter:  150 overflow: 0.994 HPWL: 40168383
[NesterovSolve] Iter:  160 overflow: 0.991 HPWL: 49773795
[NesterovSolve] Iter:  170 overflow: 0.987 HPWL: 63078521
[NesterovSolve] Iter:  180 overflow: 0.980 HPWL: 77113538
[NesterovSolve] Iter:  190 overflow: 0.971 HPWL: 91838848
[NesterovSolve] Iter:  200 overflow: 0.960 HPWL: 109800837
[NesterovSolve] Iter:  210 overflow: 0.944 HPWL: 131807670
[NesterovSolve] Iter:  220 overflow: 0.926 HPWL: 155886684
[NesterovSolve] Iter:  230 overflow: 0.903 HPWL: 182046766
[NesterovSolve] Iter:  240 overflow: 0.876 HPWL: 209363819
[NesterovSolve] Iter:  250 overflow: 0.845 HPWL: 237784421
[NesterovSolve] Iter:  260 overflow: 0.811 HPWL: 265410318
[NesterovSolve] Iter:  270 overflow: 0.773 HPWL: 291335131
[NesterovSolve] Iter:  280 overflow: 0.733 HPWL: 316831979
[NesterovSolve] Iter:  290 overflow: 0.688 HPWL: 340700306
[NesterovSolve] Iter:  300 overflow: 0.640 HPWL: 361869961
[NesterovSolve] Iter:  310 overflow: 0.590 HPWL: 380933104
[NesterovSolve] Iter:  320 overflow: 0.540 HPWL: 400161227
[NesterovSolve] Iter:  330 overflow: 0.492 HPWL: 416432232
[NesterovSolve] Iter:  340 overflow: 0.443 HPWL: 426610601
[NesterovSolve] Iter:  350 overflow: 0.399 HPWL: 436605456
[NesterovSolve] Iter:  360 overflow: 0.353 HPWL: 443496921
[NesterovSolve] Iter:  370 overflow: 0.318 HPWL: 448237637
[NesterovSolve] Iter:  380 overflow: 0.284 HPWL: 451059997
[NesterovSolve] Iter:  390 overflow: 0.253 HPWL: 453317615
[NesterovSolve] Iter:  400 overflow: 0.223 HPWL: 455334333
[NesterovSolve] Iter:  410 overflow: 0.196 HPWL: 457038999
[NesterovSolve] Iter:  420 overflow: 0.170 HPWL: 458186353
[NesterovSolve] Iter:  430 overflow: 0.149 HPWL: 458943704
[NesterovSolve] Iter:  440 overflow: 0.130 HPWL: 459615846
[NesterovSolve] Iter:  450 overflow: 0.115 HPWL: 460148442
[NesterovSolve] Iter:  460 overflow: 0.101 HPWL: 460837729
[NesterovSolve] Finished with Overflow: 0.099773
Took 20 seconds: global_placement -skip_io -density 0.6123066997528076 -pad_left 0 -pad_right 0
Elapsed time: 0:20.90[h:]min:sec. CPU time: user 441.54 sys 3.09 (2126%). Peak memory: 176516KB.
