OpenROAD v2.0-19576-gec1bf1a13 
Features included (+) or not (-): +GPU +GUI +Python : None
This program is licensed under the BSD-3 license. See the LICENSE file for details.
Components of this program may be licensed under more restrictive licenses which must be honored.
[INFO ORD-0030] Using 22 thread(s).
Perform port buffering...
[INFO RSZ-0027] Inserted 137 input buffers.
[INFO RSZ-0028] Inserted 100 output buffers.
Perform buffer insertion and gate resizing...
repair_design -verbose
[INFO RSZ-0058] Using max wire length 640um.
Iteration |   Area    | Resized | Buffers | Nets repaired | Remaining
---------------------------------------------------------------------
        0 |     +0.0% |       0 |       0 |             0 |     19003
     1000 |     -0.0% |       2 |       0 |             0 |     18003
     2000 |     -0.0% |      14 |       0 |             0 |     17003
     3000 |     -0.0% |      17 |       0 |             0 |     16003
     4000 |     +0.0% |      28 |       0 |             0 |     15003
     5000 |     +0.0% |      46 |       0 |             0 |     14003
     6000 |     +0.1% |      58 |       0 |             0 |     13003
     7000 |     +0.1% |      65 |       0 |             0 |     12003
     8000 |     +0.1% |      67 |       0 |             0 |     11003
     9000 |     +0.1% |      78 |       0 |             0 |     10003
    10000 |     +0.1% |      97 |       0 |             0 |      9003
    11000 |     +0.1% |     113 |       0 |             0 |      8003
    12000 |     +0.1% |     126 |       0 |             0 |      7003
    13000 |     +0.1% |     129 |       0 |             0 |      6003
    14000 |     +0.1% |     137 |       0 |             0 |      5003
    15000 |     +0.1% |     142 |       0 |             0 |      4003
    16000 |     +0.1% |     160 |       0 |             0 |      3003
    17000 |     +0.1% |     161 |       0 |             0 |      2003
    18000 |     +0.1% |     161 |       0 |             0 |      1003
    19000 |     +0.3% |     241 |      23 |             1 |         3
    final |     +0.3% |     241 |      23 |             1 |         0
---------------------------------------------------------------------
[INFO RSZ-0034] Found 1 slew violations.
[INFO RSZ-0036] Found 1 capacitance violations.
[INFO RSZ-0039] Resized 241 instances.
[INFO RSZ-0038] Inserted 23 buffers in 1 nets.
Repair tie lo fanout...
[INFO RSZ-0042] Inserted 6 tie LOGIC0_X1 instances.
Repair tie hi fanout...
Floating nets: 
Report metrics stage 3, resizer...

==========================================================================
resizer report_design_area
--------------------------------------------------------------------------
Design area 33112 u^2 58% utilization.
Instance count before 16531, after 16796
Pin count before 60459, after 60984
Elapsed time: 0:15.29[h:]min:sec. CPU time: user 15.11 sys 0.17 (99%). Peak memory: 330224KB.
