OpenROAD v2.0-19576-gec1bf1a13 
Features included (+) or not (-): +GPU +GUI +Python : None
This program is licensed under the BSD-3 license. See the LICENSE file for details.
Components of this program may be licensed under more restrictive licenses which must be honored.
[INFO ORD-0030] Using 22 thread(s).
Placement Analysis
---------------------------------
total displacement      16184.8 u
average displacement        1.0 u
max displacement            6.1 u
original HPWL          256796.5 u
legalized HPWL         271053.8 u
delta HPWL                    6 %

Detailed placement improvement.
Importing netlist into detailed improver.
[INFO DPO-0100] Creating network with 16796 cells, 264 terminals, 19031 edges, 61248 pins, and 0 blockages.
[INFO DPO-0109] Network stats: inst 17060, edges 19031, pins 61248
[INFO DPO-0110] Number of regions is 1
[INFO DPO-0401] Setting random seed to 1.
[INFO DPO-0402] Setting maximum displacement 5 1 to 14000 2800 units.
[INFO DPO-0320] Collected 692 fixed cells.
[INFO DPO-0318] Collected 16368 single height cells.
[INFO DPO-0321] Collected 0 wide cells.
[INFO DPO-0322] Image (2280, 2800) - (481460, 481600)
[INFO DPO-0310] Assigned 16368 cells into segments.  Movement in X-direction is 0.000000, movement in Y-direction is 0.000000.
[INFO DPO-0313] Found 0 cells in wrong regions.
[INFO DPO-0315] Found 0 row alignment problems.
[INFO DPO-0314] Found 0 site alignment problems.
[INFO DPO-0311] Found 0 overlaps between adjacent cells.
[INFO DPO-0312] Found 0 edge spacing violations and 0 padding violations.
[INFO DPO-0303] Running algorithm for independent set matching.
[INFO DPO-0300] Set matching objective is wirelength.
[INFO DPO-0301] Pass   1 of matching; objective is 5.445484e+08.
[INFO DPO-0302] End of matching; objective is 5.441440e+08, improvement is 0.07 percent.
[INFO DPO-0303] Running algorithm for global swaps.
[INFO DPO-0306] Pass   1 of global swaps; hpwl is 5.383538e+08.
[INFO DPO-0306] Pass   2 of global swaps; hpwl is 5.370364e+08.
[INFO DPO-0307] End of global swaps; objective is 5.370364e+08, improvement is 1.31 percent.
[INFO DPO-0303] Running algorithm for vertical swaps.
[INFO DPO-0308] Pass   1 of vertical swaps; hpwl is 5.359738e+08.
[INFO DPO-0309] End of vertical swaps; objective is 5.359738e+08, improvement is 0.20 percent.
[INFO DPO-0303] Running algorithm for reordering.
[INFO DPO-0304] Pass   1 of reordering; objective is 5.346678e+08.
[INFO DPO-0305] End of reordering; objective is 5.346678e+08, improvement is 0.24 percent.
[INFO DPO-0303] Running algorithm for random improvement.
[INFO DPO-0324] Random improver is using displacement generator.
[INFO DPO-0325] Random improver is using hpwl objective.
[INFO DPO-0326] Random improver cost string is (a).
[INFO DPO-0332] End of pass, Generator displacement called 327360 times.
[INFO DPO-0335] Generator displacement, Cumulative attempts 327360, swaps 60135, moves 67926 since last reset.
[INFO DPO-0333] End of pass, Objective hpwl, Initial cost 5.332121e+08, Scratch cost 5.296424e+08, Incremental cost 5.296424e+08, Mismatch? N
[INFO DPO-0338] End of pass, Total cost is 5.296424e+08.
[INFO DPO-0327] Pass   1 of random improver; improvement in cost is 0.67 percent.
[INFO DPO-0328] End of random improver; improvement is 0.669468 percent.
[INFO DPO-0380] Cell flipping.
[INFO DPO-0382] Changed 8117 cell orientations for row compatibility.
[INFO DPO-0383] Performed 4586 cell flips.
[INFO DPO-0384] End of flipping; objective is 5.263991e+08, improvement is 0.88 percent.
[INFO DPO-0313] Found 0 cells in wrong regions.
[INFO DPO-0315] Found 0 row alignment problems.
[INFO DPO-0314] Found 0 site alignment problems.
[INFO DPO-0311] Found 0 overlaps between adjacent cells.
[INFO DPO-0312] Found 0 edge spacing violations and 0 padding violations.
Detailed Improvement Results
------------------------------------------
Original HPWL           271053.8 u
Final HPWL              261428.9 u
Delta HPWL                  -3.6 %

[INFO DPL-0020] Mirrored 1105 instances
[INFO DPL-0021] HPWL before          261428.9 u
[INFO DPL-0022] HPWL after           261294.2 u
[INFO DPL-0023] HPWL delta               -0.1 %
[INFO FLW-0012] Placement violations .
Report metrics stage 3, detailed place...

==========================================================================
detailed place report_design_area
--------------------------------------------------------------------------
Design area 33112 u^2 58% utilization.
Elapsed time: 0:15.87[h:]min:sec. CPU time: user 15.69 sys 0.18 (99%). Peak memory: 239908KB.
