OpenROAD v2.0-19576-gec1bf1a13 
Features included (+) or not (-): +GPU +GUI +Python : None
This program is licensed under the BSD-3 license. See the LICENSE file for details.
Components of this program may be licensed under more restrictive licenses which must be honored.
[INFO ORD-0030] Using 22 thread(s).
clock_tree_synthesis -sink_clustering_enable -balance_levels
[INFO CTS-0050] Root buffer is CLKBUF_X3.
[INFO CTS-0051] Sink buffer is CLKBUF_X3.
[INFO CTS-0052] The following clock buffers will be used for CTS:
                    CLKBUF_X3
[INFO CTS-0049] Characterization buffer is CLKBUF_X3.
[INFO CTS-0007] Net "clk_i" found for clock "core_clock".
[INFO CTS-0011]  Clock net "clk_i" for macros has 1 sinks.
[INFO CTS-0011]  Clock net "clk_i_regs" for registers has 995 sinks.
[INFO CTS-0010]  Clock net "clk" has 937 sinks.
[INFO CTS-0008] TritonCTS found 3 clock nets.
[INFO CTS-0097] Characterization used 1 buffer(s) types.
[INFO CTS-0200] 0 placement blockages have been identified.
[INFO CTS-0201] 0 placed hard macros will be treated like blockages.
[INFO CTS-0027] Generating H-Tree topology for net clk_i.
[INFO CTS-0028]  Total number of sinks: 1.
[INFO CTS-0090]  Sinks will be clustered based on buffer max cap.
[INFO CTS-0030]  Number of static layers: 0.
[INFO CTS-0020]  Wire segment unit: 14000  dbu (7 um).
[INFO CTS-0023]  Original sink region: [(151485, 60025), (151485, 60025)].
[INFO CTS-0024]  Normalized sink region: [(10.8204, 4.2875), (10.8204, 4.2875)].
[INFO CTS-0025]     Width:  0.0000.
[INFO CTS-0026]     Height: 0.0000.
 Level 1
    Direction: Vertical
    Sinks per sub-region: 1
    Sub-region size: 0.0000 X 0.0000
[INFO CTS-0034]     Segment length (rounded): 1.
[INFO CTS-0032]  Stop criterion found. Max number of sinks is 15.
[INFO CTS-0035]  Number of sinks covered: 1.
[INFO CTS-0200] 0 placement blockages have been identified.
[INFO CTS-0201] 0 placed hard macros will be treated like blockages.
[INFO CTS-0027] Generating H-Tree topology for net clk_i_regs.
[INFO CTS-0028]  Total number of sinks: 995.
[INFO CTS-0090]  Sinks will be clustered based on buffer max cap.
[INFO CTS-0030]  Number of static layers: 0.
[INFO CTS-0020]  Wire segment unit: 14000  dbu (7 um).
[INFO CTS-0206] Best clustering solution was found from clustering size of 10 and clustering diameter of 50.
[INFO CTS-0019]  Total number of sinks after clustering: 138.
[INFO CTS-0024]  Normalized sink region: [(0.364464, 7.7615), (18.8887, 33.2957)].
[INFO CTS-0025]     Width:  18.5242.
[INFO CTS-0026]     Height: 25.5342.
 Level 1
    Direction: Vertical
    Sinks per sub-region: 69
    Sub-region size: 18.5242 X 12.7671
[INFO CTS-0034]     Segment length (rounded): 6.
 Level 2
    Direction: Horizontal
    Sinks per sub-region: 35
    Sub-region size: 9.2621 X 12.7671
[INFO CTS-0034]     Segment length (rounded): 4.
 Level 3
    Direction: Vertical
    Sinks per sub-region: 18
    Sub-region size: 9.2621 X 6.3836
[INFO CTS-0034]     Segment length (rounded): 4.
 Level 4
    Direction: Horizontal
    Sinks per sub-region: 9
    Sub-region size: 4.6311 X 6.3836
[INFO CTS-0034]     Segment length (rounded): 2.
[INFO CTS-0032]  Stop criterion found. Max number of sinks is 15.
[INFO CTS-0035]  Number of sinks covered: 138.
[INFO CTS-0200] 0 placement blockages have been identified.
[INFO CTS-0201] 0 placed hard macros will be treated like blockages.
[INFO CTS-0027] Generating H-Tree topology for net clk.
[INFO CTS-0028]  Total number of sinks: 937.
[INFO CTS-0090]  Sinks will be clustered based on buffer max cap.
[INFO CTS-0030]  Number of static layers: 0.
[INFO CTS-0020]  Wire segment unit: 14000  dbu (7 um).
[INFO CTS-0206] Best clustering solution was found from clustering size of 30 and clustering diameter of 50.
[INFO CTS-0019]  Total number of sinks after clustering: 143.
[INFO CTS-0024]  Normalized sink region: [(6.10036, 0.6), (33.7304, 26.2271)].
[INFO CTS-0025]     Width:  27.6301.
[INFO CTS-0026]     Height: 25.6271.
 Level 1
    Direction: Horizontal
    Sinks per sub-region: 72
    Sub-region size: 13.8150 X 25.6271
[INFO CTS-0034]     Segment length (rounded): 6.
 Level 2
    Direction: Vertical
    Sinks per sub-region: 36
    Sub-region size: 13.8150 X 12.8136
[INFO CTS-0034]     Segment length (rounded): 6.
 Level 3
    Direction: Horizontal
    Sinks per sub-region: 18
    Sub-region size: 6.9075 X 12.8136
[INFO CTS-0034]     Segment length (rounded): 4.
 Level 4
    Direction: Vertical
    Sinks per sub-region: 9
    Sub-region size: 6.9075 X 6.4068
[INFO CTS-0034]     Segment length (rounded): 4.
[INFO CTS-0032]  Stop criterion found. Max number of sinks is 15.
[INFO CTS-0035]  Number of sinks covered: 143.
[INFO CTS-0018]     Created 2 clock buffers.
[INFO CTS-0012]     Minimum number of buffers in the clock path: 2.
[INFO CTS-0013]     Maximum number of buffers in the clock path: 2.
[INFO CTS-0015]     Created 2 clock nets.
[INFO CTS-0016]     Fanout distribution for the current clock = 1:1..
[INFO CTS-0017]     Max level of the clock tree: 1.
[INFO CTS-0018]     Created 155 clock buffers.
[INFO CTS-0012]     Minimum number of buffers in the clock path: 3.
[INFO CTS-0013]     Maximum number of buffers in the clock path: 3.
[INFO CTS-0015]     Created 155 clock nets.
[INFO CTS-0016]     Fanout distribution for the current clock = 3:1, 5:5, 6:22, 7:56, 8:57, 9:9, 10:1, 11:2, 12:1..
[INFO CTS-0017]     Max level of the clock tree: 4.
[INFO CTS-0018]     Created 160 clock buffers.
[INFO CTS-0012]     Minimum number of buffers in the clock path: 3.
[INFO CTS-0013]     Maximum number of buffers in the clock path: 3.
[INFO CTS-0015]     Created 160 clock nets.
[INFO CTS-0016]     Fanout distribution for the current clock = 3:3, 4:5, 5:12, 6:45, 7:58, 8:28, 9:2, 11:2, 12:2, 13:1, 14:1..
[INFO CTS-0017]     Max level of the clock tree: 4.
[INFO CTS-0124] Clock net "clk_i"
[INFO CTS-0125]  Sinks 1
[INFO CTS-0098] Clock net "clk_i_regs"
[INFO CTS-0099]  Sinks 1105
[INFO CTS-0100]  Leaf buffers 138
[INFO CTS-0101]  Average sink wire length 106.57 um
[INFO CTS-0102]  Path depth 2 - 3
[INFO CTS-0207]  Leaf load cells 251
[INFO CTS-0098] Clock net "clk"
[INFO CTS-0099]  Sinks 1078
[INFO CTS-0100]  Leaf buffers 143
[INFO CTS-0101]  Average sink wire length 254.77 um
[INFO CTS-0102]  Path depth 2 - 3
[INFO CTS-0207]  Leaf load cells 251
[INFO RSZ-0058] Using max wire length 640um.
Placement Analysis
---------------------------------
total displacement       1100.1 u
average displacement        0.1 u
max displacement            4.2 u
original HPWL          269456.0 u
legalized HPWL         272987.4 u
delta HPWL                    1 %

repair_timing -verbose -setup_margin 0 -hold_margin 0 -repair_tns 100
[INFO RSZ-0094] Found 589 endpoints with setup violations.
[INFO RSZ-0099] Repairing 589 out of 589 (100.00%) violating endpoints...
   Iter   | Removed | Resized | Inserted | Cloned |  Pin  |   Area   |    WNS   |   TNS      |  Viol  | Worst
          | Buffers |  Gates  | Buffers  |  Gates | Swaps |          |          |            | Endpts | Endpt
--------------------------------------------------------------------------------------------------------------
        0 |       0 |       0 |        0 |      0 |     0 |    +0.0% |   -0.317 |      -63.6 |    589 | instr_addr_o[31]
       10 |       0 |       2 |       10 |      0 |     3 |    +0.0% |   -0.244 |      -56.2 |    589 | instr_addr_o[31]
       20 |       0 |       8 |       13 |      0 |     6 |    +0.1% |   -0.230 |      -48.4 |    589 | gen_regfile_ff.register_file_i.rf_reg_q\[319\]$_DFFE_PN0P_/D
       30 |       0 |      12 |       20 |      0 |    10 |    +0.1% |   -0.224 |      -45.0 |    589 | instr_addr_o[31]
       40 |       0 |      20 |       20 |      0 |    12 |    +0.1% |   -0.215 |      -42.5 |    589 | instr_addr_o[31]
       50 |       1 |      24 |       22 |      1 |    15 |    +0.1% |   -0.204 |      -43.0 |    589 | instr_addr_o[31]
       60 |       1 |      30 |       22 |      2 |    18 |    +0.1% |   -0.222 |      -43.3 |    589 | instr_addr_o[31]
       70 |       2 |      32 |       33 |      2 |    22 |    +0.2% |   -0.197 |      -42.7 |    589 | instr_addr_o[31]
       80 |       3 |      38 |       36 |      2 |    24 |    +0.2% |   -0.191 |      -42.8 |    589 | gen_regfile_ff.register_file_i.rf_reg_q\[319\]$_DFFE_PN0P_/D
       90 |       3 |      45 |       41 |      3 |    24 |    +0.2% |   -0.184 |      -39.6 |    589 | instr_addr_o[31]
      100 |       4 |      51 |       43 |      3 |    26 |    +0.2% |   -0.180 |      -36.4 |    589 | instr_addr_o[31]
      110 |       4 |      56 |       45 |      4 |    29 |    +0.3% |   -0.174 |      -36.4 |    589 | instr_addr_o[31]
      120 |       5 |      61 |       45 |      4 |    33 |    +0.3% |   -0.174 |      -36.2 |    589 | instr_addr_o[31]
      130 |       5 |      66 |       53 |      4 |    35 |    +0.3% |   -0.165 |      -35.8 |    589 | instr_addr_o[31]
      140 |       5 |      70 |       55 |      4 |    40 |    +0.3% |   -0.190 |      -36.5 |    589 | instr_addr_o[31]
      141 |       5 |      66 |       54 |      4 |    35 |    +0.3% |   -0.165 |      -35.8 |    589 | instr_addr_o[31]
      150 |       5 |      72 |       54 |      4 |    37 |    +0.4% |   -0.165 |      -29.1 |    589 | instr_addr_o[31]
      160 |       5 |      76 |       54 |      6 |    41 |    +0.4% |   -0.165 |      -27.3 |    589 | instr_addr_o[31]
      170 |       5 |      80 |       58 |      9 |    42 |    +0.4% |   -0.165 |      -26.2 |    589 | instr_addr_o[31]
      180 |       5 |      85 |       58 |     12 |    44 |    +0.5% |   -0.165 |      -24.4 |    589 | instr_addr_o[31]
      190 |       5 |      92 |       60 |     12 |    46 |    +0.5% |   -0.165 |      -23.8 |    589 | instr_addr_o[31]
      200 |       5 |      97 |       65 |     12 |    49 |    +0.5% |   -0.165 |      -24.3 |    589 | instr_addr_o[31]
      210 |       5 |     101 |       65 |     14 |    53 |    +0.6% |   -0.165 |      -26.6 |    589 | instr_addr_o[31]
      220 |       5 |     108 |       65 |     14 |    56 |    +0.6% |   -0.169 |      -26.8 |    589 | instr_addr_o[31]
      230 |       5 |     114 |       67 |     15 |    58 |    +0.7% |   -0.168 |      -26.5 |    589 | instr_addr_o[31]
      240 |       5 |     122 |       69 |     15 |    59 |    +0.7% |   -0.168 |      -25.8 |    589 | instr_addr_o[31]
      249 |       5 |      98 |       67 |     12 |    48 |    +0.5% |   -0.165 |      -24.2 |    589 | instr_addr_o[31]
      250 |       5 |      98 |       67 |     12 |    48 |    +0.5% |   -0.165 |      -24.2 |    589 | instr_addr_o[31]
      260 |       5 |     105 |       67 |     15 |    48 |    +0.6% |   -0.165 |      -25.9 |    589 | instr_addr_o[31]
      270 |       5 |     114 |       69 |     15 |    48 |    +0.7% |   -0.167 |      -27.0 |    589 | instr_addr_o[31]
      280 |       5 |     123 |       69 |     16 |    48 |    +0.8% |   -0.168 |      -27.6 |    589 | instr_addr_o[31]
      290 |       5 |     131 |       69 |     18 |    48 |    +0.9% |   -0.165 |      -25.3 |    589 | instr_addr_o[31]
      300 |       5 |     136 |       69 |     23 |    48 |    +1.0% |   -0.166 |      -16.2 |    589 | instr_addr_o[31]
      303 |       5 |     106 |       68 |     12 |    48 |    +0.5% |   -0.165 |      -23.7 |    589 | instr_addr_o[31]
      310 |       5 |     110 |       68 |     14 |    48 |    +0.6% |   -0.165 |      -25.0 |    589 | instr_addr_o[31]
      320 |       5 |     118 |       70 |     15 |    48 |    +0.7% |   -0.167 |      -26.9 |    589 | instr_addr_o[31]
      330 |       5 |     127 |       70 |     16 |    48 |    +0.8% |   -0.168 |      -27.9 |    589 | instr_addr_o[31]
      340 |       5 |     135 |       70 |     18 |    48 |    +0.9% |   -0.165 |      -25.2 |    589 | instr_addr_o[31]
      350 |       5 |     140 |       70 |     23 |    48 |    +1.0% |   -0.166 |      -15.9 |    589 | instr_addr_o[31]
      354 |       5 |     111 |       69 |     12 |    48 |    +0.5% |   -0.165 |      -23.7 |    589 | instr_addr_o[31]
      360 |       5 |     113 |       69 |     15 |    48 |    +0.6% |   -0.165 |      -26.7 |    589 | instr_addr_o[31]
      370 |       5 |     122 |       69 |     16 |    48 |    +0.7% |   -0.167 |      -26.8 |    589 | instr_addr_o[31]
      380 |       5 |     131 |       71 |     16 |    48 |    +0.7% |   -0.168 |      -28.0 |    589 | instr_addr_o[31]
      390 |       5 |     138 |       71 |     19 |    48 |    +0.9% |   -0.165 |      -26.7 |    589 | instr_addr_o[31]
      400 |       5 |     144 |       71 |     23 |    48 |    +1.0% |   -0.166 |      -22.2 |    589 | instr_addr_o[31]
      406 |       5 |     116 |       70 |     13 |    48 |    +0.5% |   -0.165 |      -23.8 |    589 | instr_addr_o[31]
      410 |       5 |     116 |       72 |     15 |    48 |    +0.5% |   -0.165 |      -23.8 |    589 | instr_addr_o[31]
      420 |       5 |     124 |       72 |     17 |    48 |    +0.7% |   -0.165 |      -25.0 |    589 | instr_addr_o[31]
      430 |       5 |     133 |       74 |     17 |    48 |    +0.7% |   -0.167 |      -26.6 |    589 | instr_addr_o[31]
      440 |       5 |     141 |       74 |     19 |    48 |    +0.8% |   -0.169 |      -28.1 |    589 | instr_addr_o[31]
      450 |       5 |     149 |       74 |     21 |    48 |    +0.9% |   -0.165 |      -22.0 |    589 | instr_addr_o[31]
      460 |       5 |     154 |       76 |     25 |    48 |    +1.0% |   -0.166 |      -15.8 |    589 | instr_addr_o[31]
      470 |       5 |     163 |       76 |     26 |    48 |    +1.1% |   -0.166 |      -15.9 |    589 | instr_addr_o[31]
      475 |       5 |     150 |       75 |     21 |    48 |    +0.9% |   -0.165 |      -22.0 |    589 | instr_addr_o[31]
      480 |       5 |     151 |       75 |     24 |    48 |    +1.0% |   -0.166 |      -21.4 |    589 | instr_addr_o[31]
      490 |       5 |     159 |       77 |     25 |    48 |    +1.0% |   -0.166 |      -15.6 |    589 | instr_addr_o[31]
      500 |       5 |     167 |       77 |     27 |    48 |    +1.1% |   -0.166 |      -16.1 |    589 | instr_addr_o[31]
      501 |       5 |     152 |       76 |     21 |    48 |    +0.9% |   -0.165 |      -22.0 |    589 | instr_addr_o[31]
      510 |       5 |     156 |       76 |     25 |    48 |    +1.0% |   -0.166 |      -15.6 |    589 | instr_addr_o[31]
      520 |       5 |     164 |       78 |     26 |    48 |    +1.1% |   -0.166 |      -16.1 |    589 | instr_addr_o[31]
      528 |       5 |     155 |       77 |     21 |    48 |    +0.9% |   -0.165 |      -22.0 |    589 | instr_addr_o[31]
      530 |       5 |     156 |       77 |     21 |    48 |    +0.9% |   -0.165 |      -22.0 |    589 | instr_addr_o[31]
      540 |       5 |     161 |       79 |     25 |    48 |    +1.0% |   -0.166 |      -19.9 |    589 | instr_addr_o[31]
      550 |       5 |     170 |       79 |     26 |    48 |    +1.1% |   -0.166 |      -16.2 |    589 | instr_addr_o[31]
      557 |       5 |     160 |       78 |     21 |    48 |    +0.9% |   -0.165 |      -22.0 |    589 | instr_addr_o[31]
      560 |       5 |     161 |       78 |     22 |    48 |    +1.0% |   -0.166 |      -21.0 |    589 | instr_addr_o[31]
      570 |       5 |     167 |       80 |     25 |    48 |    +1.0% |   -0.166 |      -15.6 |    589 | instr_addr_o[31]
      580 |       5 |     176 |       80 |     26 |    48 |    +1.1% |   -0.166 |      -15.9 |    589 | instr_addr_o[31]
      584 |       5 |     162 |       79 |     21 |    48 |    +0.9% |   -0.165 |      -22.0 |    589 | instr_addr_o[31]
      590 |       5 |     164 |       79 |     24 |    48 |    +1.0% |   -0.166 |      -21.7 |    589 | instr_addr_o[31]
      600 |       5 |     172 |       81 |     25 |    48 |    +1.1% |   -0.166 |      -15.9 |    589 | instr_addr_o[31]
      610 |       5 |     180 |       81 |     27 |    48 |    +1.2% |   -0.166 |      -16.1 |    589 | instr_addr_o[31]
      611 |       5 |     164 |       80 |     21 |    48 |    +0.9% |   -0.165 |      -22.0 |    589 | instr_addr_o[31]
      620 |       5 |     168 |       80 |     25 |    48 |    +1.0% |   -0.166 |      -15.6 |    589 | instr_addr_o[31]
      630 |       5 |     176 |       82 |     26 |    48 |    +1.1% |   -0.166 |      -16.1 |    589 | instr_addr_o[31]
      638 |       5 |     167 |       81 |     21 |    48 |    +0.9% |   -0.165 |      -22.0 |    589 | instr_addr_o[31]
      640 |       5 |     168 |       81 |     21 |    48 |    +1.0% |   -0.165 |      -22.1 |    589 | instr_addr_o[31]
      650 |       5 |     173 |       83 |     25 |    48 |    +1.0% |   -0.166 |      -15.5 |    589 | instr_addr_o[31]
      660 |       5 |     182 |       83 |     26 |    48 |    +1.1% |   -0.166 |      -15.7 |    589 | instr_addr_o[31]
      665 |       5 |     170 |       82 |     21 |    48 |    +1.0% |   -0.165 |      -22.1 |    589 | instr_addr_o[31]
      670 |       5 |     171 |       82 |     24 |    48 |    +1.0% |   -0.166 |      -21.4 |    589 | instr_addr_o[31]
      680 |       5 |     179 |       84 |     25 |    48 |    +1.1% |   -0.166 |      -15.2 |    589 | instr_addr_o[31]
      690 |       5 |     187 |       84 |     27 |    48 |    +1.2% |   -0.166 |      -16.0 |    589 | instr_addr_o[31]
      691 |       5 |     172 |       83 |     21 |    48 |    +1.0% |   -0.165 |      -22.1 |    589 | instr_addr_o[31]
      700 |       5 |     175 |       85 |     25 |    48 |    +1.0% |   -0.166 |      -18.4 |    589 | instr_addr_o[31]
      710 |       5 |     184 |       85 |     26 |    48 |    +1.1% |   -0.166 |      -16.0 |    589 | instr_addr_o[31]
      717 |       5 |     174 |       84 |     21 |    48 |    +1.0% |   -0.165 |      -22.1 |    589 | instr_addr_o[31]
      720 |       5 |     175 |       84 |     22 |    48 |    +1.0% |   -0.166 |      -21.1 |    589 | instr_addr_o[31]
      730 |       5 |     181 |       86 |     25 |    48 |    +1.1% |   -0.166 |      -15.3 |    589 | instr_addr_o[31]
      740 |       5 |     190 |       86 |     26 |    48 |    +1.2% |   -0.166 |      -15.7 |    589 | instr_addr_o[31]
      743 |       5 |     176 |       85 |     21 |    48 |    +1.0% |   -0.165 |      -22.1 |    589 | instr_addr_o[31]
      750 |       5 |     178 |       85 |     25 |    48 |    +1.0% |   -0.166 |      -16.0 |    589 | instr_addr_o[31]
      760 |       5 |     187 |       87 |     25 |    48 |    +1.1% |   -0.166 |      -15.6 |    589 | instr_addr_o[31]
      770 |       5 |     194 |       87 |     27 |    49 |    +1.2% |   -0.166 |      -16.0 |    589 | instr_addr_o[31]
      770 |       5 |     178 |       86 |     21 |    48 |    +1.0% |   -0.165 |      -22.0 |    589 | instr_addr_o[31]
      780 |       5 |     182 |       88 |     25 |    48 |    +1.1% |   -0.166 |      -18.7 |    589 | instr_addr_o[31]
      790 |       5 |     191 |       88 |     26 |    48 |    +1.1% |   -0.166 |      -16.1 |    589 | instr_addr_o[31]
      797 |       5 |     180 |       87 |     21 |    48 |    +1.0% |   -0.165 |      -22.0 |    589 | instr_addr_o[31]
      800 |       5 |     181 |       87 |     22 |    48 |    +1.0% |   -0.166 |      -21.1 |    589 | instr_addr_o[31]
      810 |       5 |     187 |       89 |     25 |    48 |    +1.1% |   -0.166 |      -15.5 |    589 | instr_addr_o[31]
      820 |       5 |     196 |       89 |     26 |    48 |    +1.2% |   -0.166 |      -15.7 |    589 | instr_addr_o[31]
      824 |       5 |     182 |       88 |     21 |    48 |    +1.0% |   -0.165 |      -22.0 |    589 | instr_addr_o[31]
      830 |       5 |     185 |       88 |     23 |    48 |    +1.0% |   -0.166 |      -21.2 |    589 | instr_addr_o[31]
      840 |       5 |     192 |       90 |     25 |    48 |    +1.1% |   -0.166 |      -15.3 |    589 | instr_addr_o[31]
      850 |       5 |     200 |       90 |     27 |    48 |    +1.2% |   -0.166 |      -16.0 |    589 | instr_addr_o[31]
      852 |       5 |     186 |       89 |     21 |    48 |    +1.0% |   -0.165 |      -22.1 |    589 | instr_addr_o[31]
      860 |       5 |     189 |       89 |     25 |    48 |    +1.1% |   -0.166 |      -15.6 |    589 | instr_addr_o[31]
      870 |       5 |     197 |       91 |     26 |    48 |    +1.1% |   -0.166 |      -16.0 |    589 | instr_addr_o[31]
      879 |       5 |     188 |       90 |     21 |    48 |    +1.0% |   -0.165 |      -22.1 |    589 | instr_addr_o[31]
      880 |       5 |     188 |       90 |     21 |    48 |    +1.0% |   -0.165 |      -22.1 |    589 | instr_addr_o[31]
      890 |       5 |     193 |       92 |     25 |    48 |    +1.1% |   -0.166 |      -15.5 |    589 | instr_addr_o[31]
      900 |       5 |     202 |       92 |     26 |    48 |    +1.2% |   -0.166 |      -15.7 |    589 | instr_addr_o[31]
      905 |       5 |     190 |       91 |     21 |    48 |    +1.0% |   -0.165 |      -22.1 |    589 | instr_addr_o[31]
      910 |       5 |     191 |       91 |     24 |    48 |    +1.0% |   -0.166 |      -21.4 |    589 | instr_addr_o[31]
      920 |       5 |     199 |       93 |     25 |    48 |    +1.1% |   -0.166 |      -15.2 |    589 | instr_addr_o[31]
      930 |       5 |     207 |       93 |     27 |    48 |    +1.2% |   -0.166 |      -16.0 |    589 | instr_addr_o[31]
      932 |       5 |     192 |       92 |     21 |    48 |    +1.0% |   -0.165 |      -22.1 |    589 | instr_addr_o[31]
      940 |       5 |     196 |       92 |     24 |    48 |    +1.1% |   -0.166 |      -21.5 |    589 | instr_addr_o[31]
      950 |       5 |     204 |       94 |     25 |    48 |    +1.1% |   -0.166 |      -15.3 |    589 | instr_addr_o[31]
      960 |       5 |     211 |       94 |     27 |    49 |    +1.2% |   -0.166 |      -16.0 |    589 | instr_addr_o[31]
      960 |       5 |     196 |       93 |     21 |    48 |    +1.0% |   -0.165 |      -22.1 |    589 | instr_addr_o[31]
      970 |       5 |     200 |       95 |     25 |    48 |    +1.1% |   -0.166 |      -18.7 |    589 | instr_addr_o[31]
      980 |       5 |     209 |       95 |     26 |    48 |    +1.2% |   -0.166 |      -16.2 |    589 | instr_addr_o[31]
      986 |       5 |     198 |       94 |     21 |    48 |    +1.0% |   -0.165 |      -22.1 |    589 | instr_addr_o[31]
      990 |       5 |     200 |       94 |     22 |    48 |    +1.0% |   -0.166 |      -21.1 |    589 | instr_addr_o[31]
     1000 |       5 |     206 |       96 |     25 |    48 |    +1.1% |   -0.166 |      -15.4 |    589 | instr_addr_o[31]
     1010 |       5 |     215 |       96 |     26 |    48 |    +1.2% |   -0.166 |      -15.8 |    589 | instr_addr_o[31]
     1013 |       5 |     201 |       95 |     21 |    48 |    +1.0% |   -0.165 |      -22.1 |    589 | instr_addr_o[31]
     1020 |       5 |     203 |       95 |     25 |    48 |    +1.1% |   -0.166 |      -16.0 |    589 | instr_addr_o[31]
     1030 |       5 |     212 |       97 |     25 |    48 |    +1.1% |   -0.166 |      -15.7 |    589 | instr_addr_o[31]
     1040 |       5 |     219 |       97 |     27 |    49 |    +1.2% |   -0.166 |      -16.1 |    589 | instr_addr_o[31]
     1040 |       5 |     203 |       96 |     21 |    48 |    +1.0% |   -0.165 |      -22.1 |    589 | instr_addr_o[31]
     1050 |       5 |     207 |       98 |     25 |    48 |    +1.1% |   -0.166 |      -18.8 |    589 | instr_addr_o[31]
     1060 |       5 |     216 |       98 |     26 |    48 |    +1.2% |   -0.166 |      -16.2 |    589 | instr_addr_o[31]
     1067 |       5 |     205 |       97 |     21 |    48 |    +1.0% |   -0.165 |      -22.1 |    589 | instr_addr_o[31]
     1070 |       5 |     207 |       97 |     21 |    48 |    +1.0% |   -0.165 |      -22.2 |    589 | instr_addr_o[31]
     1080 |       5 |     212 |       99 |     25 |    48 |    +1.1% |   -0.166 |      -15.4 |    589 | instr_addr_o[31]
     1090 |       5 |     221 |       99 |     26 |    48 |    +1.2% |   -0.166 |      -15.9 |    589 | instr_addr_o[31]
     1094 |       5 |     207 |       98 |     21 |    48 |    +1.0% |   -0.165 |      -22.1 |    589 | instr_addr_o[31]
     1100 |       5 |     209 |       98 |     24 |    48 |    +1.1% |   -0.166 |      -21.5 |    589 | instr_addr_o[31]
     1100 |       5 |     208 |       98 |     21 |    48 |    +1.0% |   -0.165 |      -22.1 |    589 | instr_addr_o[31]
     1110 |       5 |     213 |       98 |     25 |    48 |    +1.1% |   -0.166 |      -16.0 |    589 | instr_addr_o[31]
     1120 |       5 |     221 |      100 |     26 |    48 |    +1.2% |   -0.166 |      -16.1 |    589 | instr_addr_o[31]
     1127 |       5 |     211 |       99 |     21 |    48 |    +1.0% |   -0.165 |      -22.2 |    589 | instr_addr_o[31]
     1130 |       5 |     213 |       99 |     21 |    48 |    +1.0% |   -0.165 |      -22.2 |    589 | instr_addr_o[31]
     1140 |       5 |     218 |       99 |     25 |    49 |    +1.1% |   -0.166 |      -15.5 |    589 | instr_addr_o[31]
     1150 |       5 |     227 |       99 |     26 |    49 |    +1.2% |   -0.166 |      -15.9 |    589 | instr_addr_o[31]
     1151 |       5 |     214 |       99 |     21 |    49 |    +1.0% |   -0.165 |      -22.2 |    589 | instr_addr_o[31]
     1160 |       5 |     219 |       99 |     22 |    51 |    +1.0% |   -0.168 |      -22.1 |    589 | instr_addr_o[31]
     1165 |       5 |     215 |       99 |     21 |    50 |    +1.0% |   -0.165 |      -22.2 |    588 | instr_addr_o[31]
     1170 |       5 |     218 |       99 |     21 |    51 |    +1.0% |   -0.165 |      -21.6 |    588 | instr_addr_o[31]
     1180 |       5 |     224 |       99 |     21 |    55 |    +1.1% |   -0.165 |      -20.2 |    588 | instr_addr_o[31]
     1190 |       5 |     228 |       99 |     25 |    57 |    +1.1% |   -0.166 |      -19.8 |    588 | instr_addr_o[31]
     1200 |       5 |     237 |       99 |     26 |    57 |    +1.2% |   -0.166 |      -13.1 |    588 | instr_addr_o[31]
     1210 |       5 |     243 |       99 |     28 |    59 |    +1.3% |   -0.166 |      -13.6 |    588 | instr_addr_o[31]
     1210 |       5 |     227 |       99 |     21 |    56 |    +1.1% |   -0.165 |      -19.9 |    588 | instr_addr_o[31]
     1220 |       5 |     231 |       99 |     26 |    56 |    +1.2% |   -0.166 |      -14.0 |    588 | instr_addr_o[31]
     1230 |       5 |     240 |       99 |     27 |    56 |    +1.2% |   -0.166 |      -13.7 |    588 | instr_addr_o[31]
     1235 |       5 |     228 |       99 |     21 |    56 |    +1.1% |   -0.165 |      -19.9 |    588 | instr_addr_o[31]
     1240 |       5 |     229 |       99 |     24 |    56 |    +1.1% |   -0.166 |      -19.3 |    588 | instr_addr_o[31]
     1250 |       5 |     237 |       99 |     26 |    56 |    +1.2% |   -0.166 |      -13.0 |    588 | instr_addr_o[31]
     1260 |       5 |     245 |       99 |     28 |    56 |    +1.3% |   -0.166 |      -13.7 |    588 | instr_addr_o[31]
     1260 |       5 |     229 |       99 |     21 |    56 |    +1.1% |   -0.165 |      -19.9 |    588 | instr_addr_o[31]
     1270 |       5 |     233 |       99 |     26 |    56 |    +1.2% |   -0.166 |      -13.8 |    588 | instr_addr_o[31]
     1280 |       5 |     243 |       99 |     26 |    56 |    +1.2% |   -0.166 |      -13.2 |    588 | instr_addr_o[31]
     1286 |       5 |     231 |       99 |     21 |    56 |    +1.1% |   -0.165 |      -19.9 |    588 | instr_addr_o[31]
     1290 |       5 |     233 |       99 |     22 |    56 |    +1.1% |   -0.165 |      -20.1 |    588 | instr_addr_o[31]
     1300 |       5 |     239 |       99 |     26 |    56 |    +1.2% |   -0.166 |      -13.1 |    588 | instr_addr_o[31]
     1300 |       5 |     233 |       99 |     21 |    56 |    +1.1% |   -0.165 |      -20.0 |    588 | instr_addr_o[31]
     1310 |       5 |     237 |       99 |     26 |    56 |    +1.2% |   -0.166 |      -13.4 |    588 | instr_addr_o[31]
     1320 |       5 |     246 |       99 |     27 |    56 |    +1.3% |   -0.166 |      -13.6 |    588 | instr_addr_o[31]
     1324 |       5 |     234 |       99 |     22 |    56 |    +1.1% |   -0.165 |      -20.1 |    588 | instr_addr_o[31]
     1330 |       5 |     235 |       99 |     26 |    56 |    +1.2% |   -0.166 |      -14.3 |    588 | instr_addr_o[31]
     1340 |       5 |     245 |       99 |     26 |    56 |    +1.2% |   -0.166 |      -13.3 |    588 | instr_addr_o[31]
     1347 |       5 |     235 |       99 |     22 |    56 |    +1.1% |   -0.165 |      -20.1 |    588 | instr_addr_o[31]
     1350 |       5 |     235 |       99 |     24 |    56 |    +1.1% |   -0.166 |      -19.2 |    588 | instr_addr_o[31]
     1360 |       5 |     243 |       99 |     26 |    56 |    +1.2% |   -0.166 |      -12.9 |    588 | instr_addr_o[31]
     1370 |       5 |     251 |       99 |     28 |    56 |    +1.3% |   -0.166 |      -13.6 |    588 | instr_addr_o[31]
     1370 |       5 |     236 |       99 |     22 |    56 |    +1.1% |   -0.165 |      -20.1 |    588 | instr_addr_o[31]
     1380 |       5 |     240 |       99 |     27 |    56 |    +1.2% |   -0.166 |      -13.5 |    588 | instr_addr_o[31]
     1390 |       5 |     249 |       99 |     28 |    56 |    +1.3% |   -0.166 |      -13.7 |    588 | instr_addr_o[31]
     1394 |       5 |     237 |       99 |     22 |    56 |    +1.1% |   -0.165 |      -20.1 |    588 | instr_addr_o[31]
     1400 |       5 |     238 |       99 |     26 |    56 |    +1.2% |   -0.166 |      -14.3 |    588 | instr_addr_o[31]
     1400 |       5 |     237 |       99 |     22 |    56 |    +1.1% |   -0.165 |      -20.1 |    588 | instr_addr_o[31]
    1400* |       5 |     237 |       99 |     22 |    56 |    +1.1% |   -0.165 |      -20.1 |    360 | instr_addr_o[31]
    1403* |       5 |     239 |       99 |     22 |    56 |    +1.1% |   -0.163 |      -20.0 |    360 | instr_addr_o[31]
    1410* |       5 |     245 |       99 |     22 |    56 |    +1.1% |   -0.163 |      -19.9 |    360 | instr_addr_o[31]
    1413* |       5 |     248 |       99 |     22 |    56 |    +1.1% |   -0.163 |      -19.9 |    360 | instr_addr_o[31]
    1415* |       5 |     249 |       99 |     22 |    56 |    +1.1% |   -0.163 |      -19.9 |    360 | instr_addr_o[31]
    1417* |       5 |     250 |       99 |     22 |    56 |    +1.1% |   -0.163 |      -19.9 |    360 | instr_addr_o[31]
    1419* |       5 |     251 |       99 |     22 |    56 |    +1.1% |   -0.163 |      -19.9 |    360 | instr_addr_o[31]
    1420* |       5 |     251 |       99 |     22 |    56 |    +1.1% |   -0.163 |      -19.9 |    360 | instr_addr_o[31]
    1421* |       5 |     252 |       99 |     22 |    56 |    +1.1% |   -0.163 |      -19.9 |    360 | instr_addr_o[31]
    1426* |       5 |     256 |       99 |     22 |    56 |    +1.1% |   -0.163 |      -16.7 |    360 | instr_addr_o[31]
    1427* |       5 |     256 |       99 |     22 |    56 |    +1.1% |   -0.163 |      -16.7 |    360 | instr_addr_o[31]
    1428* |       5 |     256 |       99 |     22 |    56 |    +1.1% |   -0.163 |      -16.7 |    360 | instr_addr_o[31]
    1430* |       5 |     257 |       99 |     22 |    56 |    +1.1% |   -0.163 |      -16.6 |    360 | instr_addr_o[31]
    1430* |       5 |     257 |       99 |     22 |    56 |    +1.1% |   -0.163 |      -16.6 |    360 | instr_addr_o[31]
    1431* |       5 |     257 |       99 |     22 |    56 |    +1.1% |   -0.163 |      -16.6 |    360 | instr_addr_o[31]
    1432* |       5 |     257 |       99 |     22 |    56 |    +1.1% |   -0.163 |      -16.6 |    360 | instr_addr_o[31]
    1433* |       5 |     257 |       99 |     22 |    56 |    +1.1% |   -0.163 |      -16.6 |    360 | instr_addr_o[31]
    1434* |       5 |     257 |       99 |     22 |    56 |    +1.1% |   -0.163 |      -16.6 |    360 | instr_addr_o[31]
    1436* |       5 |     258 |       99 |     22 |    56 |    +1.1% |   -0.163 |      -16.5 |    360 | instr_addr_o[31]
    1437* |       5 |     258 |       99 |     22 |    56 |    +1.1% |   -0.163 |      -16.5 |    360 | instr_addr_o[31]
    1438* |       5 |     258 |       99 |     22 |    56 |    +1.1% |   -0.163 |      -16.5 |    360 | instr_addr_o[31]
    1439* |       5 |     258 |       99 |     22 |    56 |    +1.1% |   -0.163 |      -16.5 |    360 | instr_addr_o[31]
    1440* |       5 |     258 |       99 |     22 |    56 |    +1.1% |   -0.163 |      -16.5 |    360 | instr_addr_o[31]
    1440* |       5 |     258 |       99 |     22 |    56 |    +1.1% |   -0.163 |      -16.5 |    360 | instr_addr_o[31]
    1441* |       5 |     258 |       99 |     22 |    56 |    +1.1% |   -0.163 |      -16.5 |    360 | instr_addr_o[31]
    1442* |       5 |     258 |       99 |     22 |    56 |    +1.1% |   -0.163 |      -16.5 |    360 | instr_addr_o[31]
    1443* |       5 |     258 |       99 |     22 |    56 |    +1.1% |   -0.163 |      -16.5 |    360 | instr_addr_o[31]
    1444* |       5 |     258 |       99 |     22 |    56 |    +1.1% |   -0.163 |      -16.5 |    360 | instr_addr_o[31]
    1445* |       5 |     258 |       99 |     22 |    56 |    +1.1% |   -0.163 |      -16.5 |    360 | instr_addr_o[31]
    1446* |       5 |     258 |       99 |     22 |    56 |    +1.1% |   -0.163 |      -16.5 |    360 | instr_addr_o[31]
    1447* |       5 |     258 |       99 |     22 |    56 |    +1.1% |   -0.163 |      -16.5 |    360 | instr_addr_o[31]
    1448* |       5 |     258 |       99 |     22 |    56 |    +1.1% |   -0.163 |      -16.5 |    360 | instr_addr_o[31]
    1449* |       5 |     258 |       99 |     22 |    56 |    +1.1% |   -0.163 |      -16.5 |    360 | instr_addr_o[31]
    1450* |       5 |     258 |       99 |     22 |    56 |    +1.1% |   -0.163 |      -16.5 |    360 | instr_addr_o[31]
    1450* |       5 |     258 |       99 |     22 |    56 |    +1.1% |   -0.163 |      -16.5 |    360 | instr_addr_o[31]
    1451* |       5 |     258 |       99 |     22 |    56 |    +1.1% |   -0.163 |      -16.5 |    360 | instr_addr_o[31]
    1452* |       5 |     258 |       99 |     22 |    56 |    +1.1% |   -0.163 |      -16.5 |    360 | instr_addr_o[31]
    1453* |       5 |     258 |       99 |     22 |    56 |    +1.1% |   -0.163 |      -16.5 |    360 | instr_addr_o[31]
    1454* |       5 |     258 |       99 |     22 |    56 |    +1.1% |   -0.163 |      -16.5 |    360 | instr_addr_o[31]
    1455* |       5 |     258 |       99 |     22 |    56 |    +1.1% |   -0.163 |      -16.5 |    360 | instr_addr_o[31]
    1456* |       5 |     258 |       99 |     22 |    56 |    +1.1% |   -0.163 |      -16.5 |    360 | instr_addr_o[31]
    1457* |       5 |     258 |       99 |     22 |    56 |    +1.1% |   -0.163 |      -16.5 |    360 | instr_addr_o[31]
    1458* |       5 |     258 |       99 |     22 |    56 |    +1.1% |   -0.163 |      -16.5 |    360 | instr_addr_o[31]
    1459* |       5 |     258 |       99 |     22 |    56 |    +1.1% |   -0.163 |      -16.5 |    360 | instr_addr_o[31]
    1460* |       5 |     258 |       99 |     22 |    56 |    +1.1% |   -0.163 |      -16.5 |    360 | instr_addr_o[31]
    1460* |       5 |     258 |       99 |     22 |    56 |    +1.1% |   -0.163 |      -16.5 |    360 | instr_addr_o[31]
    1461* |       5 |     258 |       99 |     22 |    56 |    +1.1% |   -0.163 |      -16.5 |    360 | instr_addr_o[31]
    1462* |       5 |     258 |       99 |     22 |    56 |    +1.1% |   -0.163 |      -16.5 |    360 | instr_addr_o[31]
    1463* |       5 |     258 |       99 |     22 |    56 |    +1.1% |   -0.163 |      -16.5 |    360 | instr_addr_o[31]
    1464* |       5 |     258 |       99 |     22 |    56 |    +1.1% |   -0.163 |      -16.5 |    360 | instr_addr_o[31]
    1465* |       5 |     258 |       99 |     22 |    56 |    +1.1% |   -0.163 |      -16.5 |    360 | instr_addr_o[31]
    1466* |       5 |     258 |       99 |     22 |    56 |    +1.1% |   -0.163 |      -16.5 |    360 | instr_addr_o[31]
    1467* |       5 |     258 |       99 |     22 |    56 |    +1.1% |   -0.163 |      -16.5 |    360 | instr_addr_o[31]
    1468* |       5 |     258 |       99 |     22 |    56 |    +1.1% |   -0.163 |      -16.5 |    360 | instr_addr_o[31]
    1469* |       5 |     258 |       99 |     22 |    56 |    +1.1% |   -0.163 |      -16.5 |    360 | instr_addr_o[31]
    1470* |       5 |     258 |       99 |     22 |    56 |    +1.1% |   -0.163 |      -16.5 |    360 | instr_addr_o[31]
    1470* |       5 |     258 |       99 |     22 |    56 |    +1.1% |   -0.163 |      -16.5 |    360 | instr_addr_o[31]
    1471* |       5 |     258 |       99 |     22 |    56 |    +1.1% |   -0.163 |      -16.5 |    360 | instr_addr_o[31]
    1472* |       5 |     258 |       99 |     22 |    56 |    +1.1% |   -0.163 |      -16.5 |    360 | instr_addr_o[31]
    1473* |       5 |     258 |       99 |     22 |    56 |    +1.1% |   -0.163 |      -16.5 |    360 | instr_addr_o[31]
    1474* |       5 |     258 |       99 |     22 |    56 |    +1.1% |   -0.163 |      -16.5 |    360 | instr_addr_o[31]
    1475* |       5 |     258 |       99 |     22 |    56 |    +1.1% |   -0.163 |      -16.5 |    360 | instr_addr_o[31]
    1476* |       5 |     258 |       99 |     22 |    56 |    +1.1% |   -0.163 |      -16.5 |    360 | instr_addr_o[31]
    1477* |       5 |     258 |       99 |     22 |    56 |    +1.1% |   -0.163 |      -16.5 |    360 | instr_addr_o[31]
    1478* |       5 |     258 |       99 |     22 |    56 |    +1.1% |   -0.163 |      -16.5 |    360 | instr_addr_o[31]
    1479* |       5 |     258 |       99 |     22 |    56 |    +1.1% |   -0.163 |      -16.5 |    360 | instr_addr_o[31]
    1480* |       5 |     258 |       99 |     22 |    56 |    +1.1% |   -0.163 |      -16.5 |    360 | instr_addr_o[31]
    1480* |       5 |     258 |       99 |     22 |    56 |    +1.1% |   -0.163 |      -16.5 |    360 | instr_addr_o[31]
    1481* |       5 |     258 |       99 |     22 |    56 |    +1.1% |   -0.163 |      -16.5 |    360 | instr_addr_o[31]
    1482* |       5 |     258 |       99 |     22 |    56 |    +1.1% |   -0.163 |      -16.5 |    360 | instr_addr_o[31]
    1483* |       5 |     258 |       99 |     22 |    56 |    +1.1% |   -0.163 |      -16.5 |    360 | instr_addr_o[31]
    1488* |       5 |     262 |       99 |     22 |    56 |    +1.1% |   -0.163 |      -15.6 |    360 | instr_addr_o[31]
    1489* |       5 |     262 |       99 |     22 |    56 |    +1.1% |   -0.163 |      -15.6 |    360 | instr_addr_o[31]
    1490* |       5 |     262 |       99 |     22 |    56 |    +1.1% |   -0.163 |      -15.6 |    360 | instr_addr_o[31]
    1490* |       5 |     262 |       99 |     22 |    56 |    +1.1% |   -0.163 |      -15.6 |    360 | instr_addr_o[31]
    1491* |       5 |     262 |       99 |     22 |    56 |    +1.1% |   -0.163 |      -15.6 |    360 | instr_addr_o[31]
    1492* |       5 |     262 |       99 |     22 |    56 |    +1.1% |   -0.163 |      -15.6 |    360 | instr_addr_o[31]
    1493* |       5 |     262 |       99 |     22 |    56 |    +1.1% |   -0.163 |      -15.6 |    360 | instr_addr_o[31]
    1494* |       5 |     262 |       99 |     22 |    56 |    +1.1% |   -0.163 |      -15.6 |    360 | instr_addr_o[31]
    1495* |       5 |     262 |       99 |     22 |    56 |    +1.1% |   -0.163 |      -15.6 |    360 | instr_addr_o[31]
    1497* |       5 |     263 |       99 |     22 |    56 |    +1.1% |   -0.163 |      -15.5 |    360 | instr_addr_o[31]
    1499* |       5 |     264 |       99 |     22 |    56 |    +1.1% |   -0.163 |      -15.4 |    360 | instr_addr_o[31]
    1500* |       5 |     264 |       99 |     22 |    56 |    +1.1% |   -0.163 |      -15.4 |    360 | instr_addr_o[31]
    1501* |       5 |     264 |       99 |     22 |    56 |    +1.1% |   -0.163 |      -15.4 |    360 | instr_addr_o[31]
    1502* |       5 |     264 |       99 |     22 |    56 |    +1.1% |   -0.163 |      -15.4 |    360 | instr_addr_o[31]
    1503* |       5 |     264 |       99 |     22 |    56 |    +1.1% |   -0.163 |      -15.4 |    360 | instr_addr_o[31]
    1504* |       5 |     264 |       99 |     22 |    56 |    +1.1% |   -0.163 |      -15.4 |    360 | instr_addr_o[31]
    1505* |       5 |     264 |       99 |     22 |    56 |    +1.1% |   -0.163 |      -15.4 |    360 | instr_addr_o[31]
    1506* |       5 |     264 |       99 |     22 |    56 |    +1.1% |   -0.163 |      -15.4 |    360 | instr_addr_o[31]
    1507* |       5 |     264 |       99 |     22 |    56 |    +1.1% |   -0.163 |      -15.4 |    360 | instr_addr_o[31]
    1510* |       5 |     266 |       99 |     22 |    56 |    +1.1% |   -0.163 |      -15.3 |    360 | instr_addr_o[31]
    1510* |       5 |     266 |       99 |     22 |    56 |    +1.1% |   -0.163 |      -15.3 |    360 | instr_addr_o[31]
    1511* |       5 |     266 |       99 |     22 |    56 |    +1.1% |   -0.163 |      -15.3 |    360 | instr_addr_o[31]
    1512* |       5 |     266 |       99 |     22 |    56 |    +1.1% |   -0.163 |      -15.3 |    360 | instr_addr_o[31]
    1513* |       5 |     266 |       99 |     22 |    56 |    +1.1% |   -0.163 |      -15.3 |    360 | instr_addr_o[31]
    1514* |       5 |     266 |       99 |     22 |    56 |    +1.1% |   -0.163 |      -15.3 |    360 | instr_addr_o[31]
    1515* |       5 |     266 |       99 |     22 |    56 |    +1.1% |   -0.163 |      -15.3 |    360 | instr_addr_o[31]
    1516* |       5 |     266 |       99 |     22 |    56 |    +1.1% |   -0.163 |      -15.3 |    360 | instr_addr_o[31]
    1517* |       5 |     266 |       99 |     22 |    56 |    +1.1% |   -0.163 |      -15.3 |    360 | instr_addr_o[31]
    1518* |       5 |     266 |       99 |     22 |    56 |    +1.1% |   -0.163 |      -15.3 |    360 | instr_addr_o[31]
    1519* |       5 |     266 |       99 |     22 |    56 |    +1.1% |   -0.163 |      -15.3 |    360 | instr_addr_o[31]
    1520* |       5 |     266 |       99 |     22 |    56 |    +1.1% |   -0.163 |      -15.3 |    360 | instr_addr_o[31]
    1520* |       5 |     266 |       99 |     22 |    56 |    +1.1% |   -0.163 |      -15.3 |    360 | instr_addr_o[31]
    1521* |       5 |     266 |       99 |     22 |    56 |    +1.1% |   -0.163 |      -15.3 |    360 | instr_addr_o[31]
    1522* |       5 |     266 |       99 |     22 |    56 |    +1.1% |   -0.163 |      -15.3 |    360 | instr_addr_o[31]
    1523* |       5 |     266 |       99 |     22 |    56 |    +1.1% |   -0.163 |      -15.3 |    360 | instr_addr_o[31]
    1530* |       5 |     272 |       99 |     22 |    56 |    +1.2% |   -0.163 |      -15.3 |    360 | instr_addr_o[31]
    1530* |       5 |     272 |       99 |     22 |    56 |    +1.2% |   -0.163 |      -15.3 |    360 | instr_addr_o[31]
    1532* |       5 |     273 |       99 |     22 |    56 |    +1.2% |   -0.163 |      -15.3 |    360 | instr_addr_o[31]
    1538* |       5 |     278 |       99 |     22 |    56 |    +1.2% |   -0.163 |      -14.7 |    360 | instr_addr_o[31]
    1540* |       5 |     279 |       99 |     22 |    56 |    +1.2% |   -0.163 |      -14.7 |    360 | instr_addr_o[31]
    1540* |       5 |     279 |       99 |     22 |    56 |    +1.2% |   -0.163 |      -14.7 |    360 | instr_addr_o[31]
    1541* |       5 |     279 |       99 |     22 |    56 |    +1.2% |   -0.163 |      -14.7 |    360 | instr_addr_o[31]
    1542* |       5 |     279 |       99 |     22 |    56 |    +1.2% |   -0.163 |      -14.7 |    360 | instr_addr_o[31]
    1543* |       5 |     279 |       99 |     22 |    56 |    +1.2% |   -0.163 |      -14.7 |    360 | instr_addr_o[31]
    1544* |       5 |     279 |       99 |     22 |    56 |    +1.2% |   -0.163 |      -14.7 |    360 | instr_addr_o[31]
    1546* |       5 |     280 |       99 |     22 |    56 |    +1.2% |   -0.163 |      -14.6 |    360 | instr_addr_o[31]
    1547* |       5 |     280 |       99 |     22 |    56 |    +1.2% |   -0.163 |      -14.6 |    360 | instr_addr_o[31]
    1549* |       5 |     281 |       99 |     22 |    56 |    +1.2% |   -0.163 |      -14.6 |    360 | instr_addr_o[31]
    1550* |       5 |     281 |       99 |     22 |    56 |    +1.2% |   -0.163 |      -14.6 |    360 | instr_addr_o[31]
    1553* |       5 |     284 |       99 |     22 |    56 |    +1.2% |   -0.163 |      -14.6 |    360 | instr_addr_o[31]
    1554* |       5 |     284 |       99 |     22 |    56 |    +1.2% |   -0.163 |      -14.6 |    360 | instr_addr_o[31]
    1555* |       5 |     284 |       99 |     22 |    56 |    +1.2% |   -0.163 |      -14.6 |    360 | instr_addr_o[31]
    1556* |       5 |     284 |       99 |     22 |    56 |    +1.2% |   -0.163 |      -14.6 |    360 | instr_addr_o[31]
    1557* |       5 |     284 |       99 |     22 |    56 |    +1.2% |   -0.163 |      -14.6 |    360 | instr_addr_o[31]
    1558* |       5 |     284 |       99 |     22 |    56 |    +1.2% |   -0.163 |      -14.6 |    360 | instr_addr_o[31]
    1559* |       5 |     284 |       99 |     22 |    56 |    +1.2% |   -0.163 |      -14.6 |    360 | instr_addr_o[31]
    1560* |       5 |     284 |       99 |     22 |    56 |    +1.2% |   -0.163 |      -14.6 |    360 | instr_addr_o[31]
    1560* |       5 |     284 |       99 |     22 |    56 |    +1.2% |   -0.163 |      -14.6 |    360 | instr_addr_o[31]
    1561* |       5 |     284 |       99 |     22 |    56 |    +1.2% |   -0.163 |      -14.6 |    360 | instr_addr_o[31]
    1562* |       5 |     284 |       99 |     22 |    56 |    +1.2% |   -0.163 |      -14.6 |    360 | instr_addr_o[31]
    1563* |       5 |     284 |       99 |     22 |    56 |    +1.2% |   -0.163 |      -14.6 |    360 | instr_addr_o[31]
    1564* |       5 |     284 |       99 |     22 |    56 |    +1.2% |   -0.163 |      -14.6 |    360 | instr_addr_o[31]
    1565* |       5 |     284 |       99 |     22 |    56 |    +1.2% |   -0.163 |      -14.6 |    360 | instr_addr_o[31]
    1566* |       5 |     284 |       99 |     22 |    56 |    +1.2% |   -0.163 |      -14.6 |    360 | instr_addr_o[31]
    1567* |       5 |     284 |       99 |     22 |    56 |    +1.2% |   -0.163 |      -14.6 |    360 | instr_addr_o[31]
    1568* |       5 |     284 |       99 |     22 |    56 |    +1.2% |   -0.163 |      -14.6 |    360 | instr_addr_o[31]
    1569* |       5 |     284 |       99 |     22 |    56 |    +1.2% |   -0.163 |      -14.6 |    360 | instr_addr_o[31]
    1570* |       5 |     284 |       99 |     22 |    56 |    +1.2% |   -0.163 |      -14.6 |    360 | instr_addr_o[31]
    1570* |       5 |     284 |       99 |     22 |    56 |    +1.2% |   -0.163 |      -14.6 |    360 | instr_addr_o[31]
    1571* |       5 |     284 |       99 |     22 |    56 |    +1.2% |   -0.163 |      -14.6 |    360 | instr_addr_o[31]
    1572* |       5 |     284 |       99 |     22 |    56 |    +1.2% |   -0.163 |      -14.6 |    360 | instr_addr_o[31]
    1573* |       5 |     284 |       99 |     22 |    56 |    +1.2% |   -0.163 |      -14.6 |    360 | instr_addr_o[31]
    1574* |       5 |     284 |       99 |     22 |    56 |    +1.2% |   -0.163 |      -14.6 |    360 | instr_addr_o[31]
    1575* |       5 |     284 |       99 |     22 |    56 |    +1.2% |   -0.163 |      -14.6 |    360 | instr_addr_o[31]
    1576* |       5 |     284 |       99 |     22 |    56 |    +1.2% |   -0.163 |      -14.6 |    360 | instr_addr_o[31]
    1577* |       5 |     284 |       99 |     22 |    56 |    +1.2% |   -0.163 |      -14.6 |    360 | instr_addr_o[31]
    1578* |       5 |     284 |       99 |     22 |    56 |    +1.2% |   -0.163 |      -14.6 |    360 | instr_addr_o[31]
    1579* |       5 |     284 |       99 |     22 |    56 |    +1.2% |   -0.163 |      -14.6 |    360 | instr_addr_o[31]
    1580* |       5 |     284 |       99 |     22 |    56 |    +1.2% |   -0.163 |      -14.6 |    360 | instr_addr_o[31]
    1580* |       5 |     284 |       99 |     22 |    56 |    +1.2% |   -0.163 |      -14.6 |    360 | instr_addr_o[31]
    1581* |       5 |     284 |       99 |     22 |    56 |    +1.2% |   -0.163 |      -14.6 |    360 | instr_addr_o[31]
    1582* |       5 |     284 |       99 |     22 |    56 |    +1.2% |   -0.163 |      -14.6 |    360 | instr_addr_o[31]
    1583* |       5 |     284 |       99 |     22 |    56 |    +1.2% |   -0.163 |      -14.6 |    360 | instr_addr_o[31]
    1584* |       5 |     284 |       99 |     22 |    56 |    +1.2% |   -0.163 |      -14.6 |    360 | instr_addr_o[31]
    1585* |       5 |     284 |       99 |     22 |    56 |    +1.2% |   -0.163 |      -14.6 |    360 | instr_addr_o[31]
    1586* |       5 |     284 |       99 |     22 |    56 |    +1.2% |   -0.163 |      -14.6 |    360 | instr_addr_o[31]
    1587* |       5 |     284 |       99 |     22 |    56 |    +1.2% |   -0.163 |      -14.6 |    360 | instr_addr_o[31]
    1588* |       5 |     284 |       99 |     22 |    56 |    +1.2% |   -0.163 |      -14.6 |    360 | instr_addr_o[31]
    1589* |       5 |     284 |       99 |     22 |    56 |    +1.2% |   -0.163 |      -14.6 |    360 | instr_addr_o[31]
    1590* |       5 |     284 |       99 |     22 |    56 |    +1.2% |   -0.163 |      -14.6 |    360 | instr_addr_o[31]
    1590* |       5 |     284 |       99 |     22 |    56 |    +1.2% |   -0.163 |      -14.6 |    360 | instr_addr_o[31]
    1591* |       5 |     284 |       99 |     22 |    56 |    +1.2% |   -0.163 |      -14.6 |    360 | instr_addr_o[31]
    1592* |       5 |     284 |       99 |     22 |    56 |    +1.2% |   -0.163 |      -14.6 |    360 | instr_addr_o[31]
    1593* |       5 |     284 |       99 |     22 |    56 |    +1.2% |   -0.163 |      -14.6 |    360 | instr_addr_o[31]
    1594* |       5 |     284 |       99 |     22 |    56 |    +1.2% |   -0.163 |      -14.6 |    360 | instr_addr_o[31]
    1595* |       5 |     284 |       99 |     22 |    56 |    +1.2% |   -0.163 |      -14.6 |    360 | instr_addr_o[31]
    1596* |       5 |     284 |       99 |     22 |    56 |    +1.2% |   -0.163 |      -14.6 |    360 | instr_addr_o[31]
    1597* |       5 |     284 |       99 |     22 |    56 |    +1.2% |   -0.163 |      -14.6 |    360 | instr_addr_o[31]
    1598* |       5 |     284 |       99 |     22 |    56 |    +1.2% |   -0.163 |      -14.6 |    360 | instr_addr_o[31]
    1599* |       5 |     284 |       99 |     22 |    56 |    +1.2% |   -0.163 |      -14.6 |    360 | instr_addr_o[31]
    1600* |       5 |     284 |       99 |     22 |    56 |    +1.2% |   -0.163 |      -14.6 |    360 | instr_addr_o[31]
    final |       5 |     284 |       99 |     22 |    56 |    +1.2% |   -0.163 |      -14.6 |    360 | instr_addr_o[31]
--------------------------------------------------------------------------------------------------------------
[INFO RSZ-0059] Removed 5 buffers.
[INFO RSZ-0040] Inserted 42 buffers.
[INFO RSZ-0041] Resized 284 instances.
[INFO RSZ-0043] Swapped pins on 56 instances.
[INFO RSZ-0049] Cloned 22 instances.
[WARNING RSZ-0062] Unable to repair all setup violations.
[INFO RSZ-0046] Found 42 endpoints with hold violations.
Iteration | Resized | Buffers | Cloned Gates |   Area   |   WNS   |   TNS   | Endpoint
--------------------------------------------------------------------------------------
        0 |       0 |       0 |            0 |    +0.0% |  -0.075 |  -1.855 | if_stage_i.gen_prefetch_buffer.prefetch_buffer_i.fifo_i.valid_q\[0\]$_DFF_PN0_/RN
       10 |       1 |       3 |            0 |    +0.0% |   0.011 |   0.000 | cs_registers_i.mcycle_counter_i.counter_q\[39\]$_DFFE_PN0P_/RN
       20 |       1 |       3 |            0 |    +0.0% |   0.011 |   0.000 | cs_registers_i.mcycle_counter_i.counter_q\[39\]$_DFFE_PN0P_/RN
       30 |       1 |       3 |            0 |    +0.0% |   0.011 |   0.000 | cs_registers_i.mcycle_counter_i.counter_q\[39\]$_DFFE_PN0P_/RN
       40 |       1 |       3 |            0 |    +0.0% |   0.011 |   0.000 | cs_registers_i.mcycle_counter_i.counter_q\[39\]$_DFFE_PN0P_/RN
    final |       1 |       3 |            0 |    +0.0% |   0.011 |   0.000 | cs_registers_i.mcycle_counter_i.counter_q\[39\]$_DFFE_PN0P_/RN
--------------------------------------------------------------------------------------
[INFO RSZ-0032] Inserted 3 hold buffers.
Took 98 seconds: repair_timing -verbose -setup_margin 0 -hold_margin 0 -repair_tns 100
Placement Analysis
---------------------------------
total displacement        688.3 u
average displacement        0.0 u
max displacement            5.5 u
original HPWL          274787.8 u
legalized HPWL         275355.5 u
delta HPWL                    0 %

Report metrics stage 4, cts final...

==========================================================================
cts final report_design_area
--------------------------------------------------------------------------
Design area 34140 u^2 60% utilization.
Elapsed time: 2:07.51[h:]min:sec. CPU time: user 127.13 sys 0.38 (99%). Peak memory: 452252KB.
