OpenROAD v2.0-19576-gec1bf1a13 
Features included (+) or not (-): +GPU +GUI +Python : None
This program is licensed under the BSD-3 license. See the LICENSE file for details.
Components of this program may be licensed under more restrictive licenses which must be honored.
[INFO ORD-0030] Using 22 thread(s).
[INFO DRT-0149] Reading tech and libs.

Units:                2000
Number of layers:     21
Number of macros:     135
Number of vias:       33
Number of viarulegen: 19

[INFO DRT-0150] Reading design.

Design:                   aes_cipher_top
Die area:                 ( 0 0 ) ( 499700 501200 )
Number of track patterns: 40
Number of DEF vias:       0
Number of components:     16468
Number of terminals:      388
Number of snets:          2
Number of nets:           17063

[INFO DRT-0167] List of default vias:
  Layer via2
    default via: via2_5
  Layer via3
    default via: via3_2
  Layer via4
    default via: via4_0
  Layer via5
    default via: via5_0
  Layer via6
    default via: via6_0
  Layer via7
    default via: via7_0
  Layer via8
    default via: via8_0
  Layer via9
    default via: via9_0
[INFO DRT-0162] Library cell analysis.
[INFO DRT-0163] Instance analysis.
[INFO DRT-0164] Number of unique instances = 166.
[INFO DRT-0168] Init region query.
[INFO DRT-0024]   Complete active.
[INFO DRT-0024]   Complete Fr_VIA.
[INFO DRT-0024]   Complete metal1.
[INFO DRT-0024]   Complete via1.
[INFO DRT-0024]   Complete metal2.
[INFO DRT-0024]   Complete via2.
[INFO DRT-0024]   Complete metal3.
[INFO DRT-0024]   Complete via3.
[INFO DRT-0024]   Complete metal4.
[INFO DRT-0024]   Complete via4.
[INFO DRT-0024]   Complete metal5.
[INFO DRT-0024]   Complete via5.
[INFO DRT-0024]   Complete metal6.
[INFO DRT-0024]   Complete via6.
[INFO DRT-0024]   Complete metal7.
[INFO DRT-0024]   Complete via7.
[INFO DRT-0024]   Complete metal8.
[INFO DRT-0024]   Complete via8.
[INFO DRT-0024]   Complete metal9.
[INFO DRT-0024]   Complete via9.
[INFO DRT-0024]   Complete metal10.
[INFO DRT-0033] active shape region query size = 0.
[INFO DRT-0033] FR_VIA shape region query size = 0.
[INFO DRT-0033] metal1 shape region query size = 298630.
[INFO DRT-0033] via1 shape region query size = 2229.
[INFO DRT-0033] metal2 shape region query size = 1655.
[INFO DRT-0033] via2 shape region query size = 2229.
[INFO DRT-0033] metal3 shape region query size = 1705.
[INFO DRT-0033] via3 shape region query size = 2229.
[INFO DRT-0033] metal4 shape region query size = 824.
[INFO DRT-0033] via4 shape region query size = 720.
[INFO DRT-0033] metal5 shape region query size = 144.
[INFO DRT-0033] via5 shape region query size = 720.
[INFO DRT-0033] metal6 shape region query size = 144.
[INFO DRT-0033] via6 shape region query size = 288.
[INFO DRT-0033] metal7 shape region query size = 88.
[INFO DRT-0033] via7 shape region query size = 0.
[INFO DRT-0033] metal8 shape region query size = 0.
[INFO DRT-0033] via8 shape region query size = 0.
[INFO DRT-0033] metal9 shape region query size = 0.
[INFO DRT-0033] via9 shape region query size = 0.
[INFO DRT-0033] metal10 shape region query size = 0.
[INFO DRT-0165] Start pin access.
[INFO DRT-0078]   Complete 968 pins.
[INFO DRT-0079]   Complete 100 unique inst patterns.
[INFO DRT-0081]   Complete 166 unique inst patterns.
[INFO DRT-0084]   Complete 8008 groups.
#scanned instances     = 16468
#unique  instances     = 166
#stdCellGenAp          = 6362
#stdCellValidPlanarAp  = 0
#stdCellValidViaAp     = 4292
#stdCellPinNoAp        = 0
#stdCellPinCnt         = 57662
#instTermValidViaApCnt = 0
#macroGenAp            = 0
#macroValidPlanarAp    = 0
#macroValidViaAp       = 0
#macroNoAp             = 0
[INFO DRT-0166] Complete pin access.
[INFO DRT-0267] cpu time = 00:07:34, elapsed time = 00:00:22, memory = 190.02 (MB), peak = 192.04 (MB)
global_route -congestion_report_file ./reports/nangate45/aes/base/congestion.rpt -congestion_iterations 30 -congestion_report_iter_step 5 -verbose
[INFO GRT-0020] Min routing layer: metal2
[INFO GRT-0021] Max routing layer: metal10
[INFO GRT-0022] Global adjustment: 0%
[INFO GRT-0023] Grid origin: (0, 0)
[INFO GRT-0043] No OR_DEFAULT vias defined.
[INFO GRT-0088] Layer metal1  Track-Pitch = 0.1400  line-2-Via Pitch: 0.1350
[INFO GRT-0088] Layer metal2  Track-Pitch = 0.1900  line-2-Via Pitch: 0.1400
[INFO GRT-0088] Layer metal3  Track-Pitch = 0.1400  line-2-Via Pitch: 0.1400
[INFO GRT-0088] Layer metal4  Track-Pitch = 0.2800  line-2-Via Pitch: 0.2800
[INFO GRT-0088] Layer metal5  Track-Pitch = 0.2800  line-2-Via Pitch: 0.2800
[INFO GRT-0088] Layer metal6  Track-Pitch = 0.2800  line-2-Via Pitch: 0.2800
[INFO GRT-0088] Layer metal7  Track-Pitch = 0.7975  line-2-Via Pitch: 0.8000
[INFO GRT-0088] Layer metal8  Track-Pitch = 0.7975  line-2-Via Pitch: 0.8000
[INFO GRT-0088] Layer metal9  Track-Pitch = 1.5900  line-2-Via Pitch: 1.6000
[INFO GRT-0088] Layer metal10 Track-Pitch = 1.5900  line-2-Via Pitch: 1.6000
[INFO GRT-0003] Macros: 0
[INFO GRT-0043] No OR_DEFAULT vias defined.
[INFO GRT-0004] Blockages: 0
[INFO GRT-0019] Found 108 clock nets.
[INFO GRT-0001] Minimum degree: 2
[INFO GRT-0002] Maximum degree: 19

[INFO GRT-0053] Routing resources analysis:
          Routing      Original      Derated      Resource
Layer     Direction    Resources     Resources    Reduction (%)
---------------------------------------------------------------
metal1     Horizontal          0             0          0.00%
metal2     Vertical       155663         69467          55.37%
metal3     Horizontal     211205         97812          53.69%
metal4     Vertical        99134         67910          31.50%
metal5     Horizontal      98641         69520          29.52%
metal6     Vertical        99134         70028          29.36%
metal7     Horizontal      28200         12717          54.90%
metal8     Vertical        28443         14160          50.22%
metal9     Horizontal      14041         13923          0.84%
metal10    Vertical        14162         13924          1.68%
---------------------------------------------------------------

[INFO GRT-0101] Running extra iterations to remove overflow.
[INFO GRT-0197] Via related to pin nodes: 129670
[INFO GRT-0198] Via related Steiner nodes: 5322
[INFO GRT-0199] Via filling finished.
[INFO GRT-0111] Final number of vias: 180792
[INFO GRT-0112] Final usage 3D: 689449

[INFO GRT-0096] Final congestion report:
Layer         Resource        Demand        Usage (%)    Max H / Max V / Total Overflow
---------------------------------------------------------------------------------------
metal1               0             0            0.00%             0 /  0 /  0
metal2           69467         35125           50.56%             0 /  0 /  0
metal3           97812         46999           48.05%             0 /  0 /  0
metal4           67910         25174           37.07%             0 /  0 /  0
metal5           69520         20666           29.73%             0 /  0 /  0
metal6           70028         13996           19.99%             0 /  0 /  0
metal7           12717          2672           21.01%             0 /  0 /  0
metal8           14160           477            3.37%             0 /  0 /  0
metal9           13923          1889           13.57%             0 /  0 /  0
metal10          13924            75            0.54%             0 /  0 /  0
---------------------------------------------------------------------------------------
Total           429461        147073           34.25%             0 /  0 /  0

[INFO GRT-0018] Total wirelength: 430833 um
[INFO GRT-0014] Routed nets: 16347
Took 7 seconds: global_route -congestion_report_file ./reports/nangate45/aes/base/congestion.rpt -congestion_iterations 30 -congestion_report_iter_step 5 -verbose
Perform buffer insertion and gate resizing...
repair_design -verbose
[INFO RSZ-0058] Using max wire length 640um.
Iteration |   Area    | Resized | Buffers | Nets repaired | Remaining
---------------------------------------------------------------------
        0 |     +0.0% |       0 |       0 |             0 |     17155
     1000 |     +0.0% |       0 |       0 |             0 |     16155
     2000 |     +0.0% |       0 |       0 |             0 |     15155
     3000 |     +0.0% |       0 |       0 |             0 |     14155
     4000 |     +0.0% |       0 |       0 |             0 |     13155
     5000 |     +0.0% |       0 |       0 |             0 |     12155
     6000 |     +0.0% |       0 |       0 |             0 |     11155
     7000 |     +0.0% |       0 |       0 |             0 |     10155
     8000 |     +0.0% |       0 |       0 |             0 |      9155
     9000 |     +0.0% |       0 |       0 |             0 |      8155
    10000 |     +0.0% |       0 |       0 |             0 |      7155
    11000 |     +0.0% |       0 |       0 |             0 |      6155
    12000 |     +0.0% |       0 |       0 |             0 |      5155
    13000 |     +0.0% |       0 |       0 |             0 |      4155
    14000 |     +0.0% |       0 |       0 |             0 |      3155
    15000 |     +0.0% |       0 |       0 |             0 |      2155
    16000 |     +0.0% |       0 |       0 |             0 |      1155
    17000 |     +0.0% |       0 |       0 |             0 |       155
    final |     +0.0% |       0 |       0 |             0 |         0
---------------------------------------------------------------------
global_route -start_incremental
detailed_placement
Placement Analysis
---------------------------------
total displacement          0.0 u
average displacement        0.0 u
max displacement            0.0 u
original HPWL          254449.3 u
legalized HPWL         254449.3 u
delta HPWL                    0 %

global_route -end_incremental -congestion_report_file ./reports/nangate45/aes/base/congestion_post_repair_design.rpt
Repair setup and hold violations...
repair_timing -verbose -setup_margin 0 -hold_margin 0 -repair_tns 100
[INFO RSZ-0094] Found 157 endpoints with setup violations.
[INFO RSZ-0099] Repairing 157 out of 157 (100.00%) violating endpoints...
   Iter   | Removed | Resized | Inserted | Cloned |  Pin  |   Area   |    WNS   |   TNS      |  Viol  | Worst
          | Buffers |  Gates  | Buffers  |  Gates | Swaps |          |          |            | Endpts | Endpt
--------------------------------------------------------------------------------------------------------------
        0 |       0 |       0 |        0 |      0 |     0 |    +0.0% |   -0.111 |       -7.8 |    157 | u0.u0.d\[6\]$_DFF_P_/D
       10 |       0 |       0 |        6 |      0 |     6 |    +0.0% |   -0.110 |       -7.7 |    157 | sa00_sr\[7\]$_DFF_P_/D
       20 |       3 |       0 |        6 |      0 |    13 |    -0.0% |   -0.104 |       -7.6 |    157 | sa30_sr\[7\]$_DFF_P_/D
       28 |       3 |       0 |        6 |      0 |    16 |    -0.0% |   -0.099 |       -7.6 |    157 | sa00_sr\[7\]$_DFF_P_/D
       30 |       3 |       0 |        8 |      0 |    16 |    -0.0% |   -0.103 |       -7.6 |    157 | sa11_sr\[4\]$_DFF_P_/D
       40 |       3 |       3 |        8 |      2 |    21 |    +0.1% |   -0.103 |       -7.6 |    157 | sa11_sr\[4\]$_DFF_P_/D
       40 |       3 |       0 |        7 |      0 |    16 |    -0.0% |   -0.099 |       -7.6 |    157 | sa00_sr\[7\]$_DFF_P_/D
       43 |       3 |       0 |        7 |      0 |    16 |    -0.0% |   -0.099 |       -7.6 |    157 | sa00_sr\[7\]$_DFF_P_/D
       48 |       3 |       1 |        9 |      1 |    16 |    -0.0% |   -0.098 |       -7.6 |    157 | sa00_sr\[7\]$_DFF_P_/D
       50 |       3 |       1 |        9 |      1 |    17 |    -0.0% |   -0.098 |       -7.6 |    157 | sa00_sr\[7\]$_DFF_P_/D
       57 |       3 |       1 |       10 |      1 |    20 |    -0.0% |   -0.098 |       -7.6 |    157 | sa00_sr\[7\]$_DFF_P_/D
       60 |       3 |       1 |       10 |      1 |    22 |    -0.0% |   -0.098 |       -7.6 |    157 | sa00_sr\[7\]$_DFF_P_/D
       61 |       3 |       1 |       10 |      1 |    20 |    -0.0% |   -0.098 |       -7.6 |    157 | sa00_sr\[7\]$_DFF_P_/D
       70 |       4 |       6 |       12 |      1 |    21 |    -0.0% |   -0.105 |       -7.5 |    157 | sa11_sr\[4\]$_DFF_P_/D
       80 |       4 |       9 |       18 |      1 |    25 |    +0.0% |   -0.108 |       -7.6 |    157 | sa11_sr\[4\]$_DFF_P_/D
       83 |       3 |       3 |       14 |      1 |    20 |    -0.0% |   -0.098 |       -7.6 |    157 | sa00_sr\[7\]$_DFF_P_/D
       90 |       3 |       6 |       14 |      1 |    23 |    -0.0% |   -0.098 |       -7.6 |    157 | sa00_sr\[7\]$_DFF_P_/D
       97 |       3 |       6 |       16 |      1 |    26 |    +0.0% |   -0.098 |       -7.6 |    157 | sa00_sr\[7\]$_DFF_P_/D
      100 |       3 |       8 |       16 |      1 |    26 |    +0.0% |   -0.099 |       -7.4 |    157 | sa11_sr\[7\]$_DFF_P_/D
      110 |       3 |      15 |       16 |      1 |    29 |    +0.0% |   -0.099 |       -7.4 |    157 | sa11_sr\[7\]$_DFF_P_/D
      120 |       3 |      18 |       18 |      2 |    34 |    +0.0% |   -0.099 |       -7.4 |    157 | sa11_sr\[7\]$_DFF_P_/D
      127 |       3 |       6 |       17 |      1 |    26 |    +0.0% |   -0.098 |       -7.6 |    157 | sa00_sr\[7\]$_DFF_P_/D
      130 |       3 |       6 |       17 |      1 |    28 |    +0.0% |   -0.098 |       -7.6 |    157 | sa00_sr\[7\]$_DFF_P_/D
      140 |       3 |      11 |       19 |      1 |    32 |    +0.0% |   -0.098 |       -7.6 |    157 | sa00_sr\[7\]$_DFF_P_/D
      142 |       3 |       6 |       19 |      1 |    29 |    +0.0% |   -0.098 |       -7.6 |    157 | sa00_sr\[7\]$_DFF_P_/D
      150 |       3 |      10 |       21 |      1 |    31 |    +0.0% |   -0.110 |       -7.6 |    157 | sa11_sr\[4\]$_DFF_P_/D
      160 |       3 |      15 |       23 |      2 |    34 |    +0.0% |   -0.110 |       -7.6 |    157 | sa11_sr\[4\]$_DFF_P_/D
      167 |       3 |       9 |       22 |      1 |    29 |    +0.0% |   -0.098 |       -7.6 |    157 | sa00_sr\[7\]$_DFF_P_/D
      170 |       3 |      10 |       22 |      1 |    30 |    +0.0% |   -0.099 |       -7.5 |    157 | sa11_sr\[7\]$_DFF_P_/D
      180 |       3 |      16 |       24 |      2 |    32 |    +0.0% |   -0.099 |       -7.4 |    157 | sa11_sr\[7\]$_DFF_P_/D
      190 |       3 |      24 |       24 |      3 |    33 |    +0.1% |   -0.102 |       -7.4 |    157 | sa11_sr\[7\]$_DFF_P_/D
      194 |       3 |      11 |       23 |      1 |    29 |    +0.0% |   -0.098 |       -7.6 |    157 | sa00_sr\[7\]$_DFF_P_/D
      200 |       3 |      11 |       25 |      1 |    33 |    +0.0% |   -0.105 |       -7.6 |    157 | sa11_sr\[4\]$_DFF_P_/D
      207 |       3 |      12 |       24 |      1 |    29 |    +0.0% |   -0.098 |       -7.6 |    157 | sa00_sr\[7\]$_DFF_P_/D
      210 |       3 |      12 |       26 |      1 |    30 |    +0.0% |   -0.098 |       -7.6 |    157 | sa00_sr\[7\]$_DFF_P_/D
      220 |       3 |      13 |       30 |      1 |    37 |    +0.0% |   -0.103 |       -7.5 |    157 | sa33_sr\[3\]$_DFF_P_/D
      230 |       4 |      15 |       35 |      1 |    42 |    -0.0% |   -0.099 |       -7.5 |    157 | sa11_sr\[7\]$_DFF_P_/D
      234 |       3 |      12 |       30 |      1 |    30 |    +0.0% |   -0.098 |       -7.6 |    157 | sa00_sr\[7\]$_DFF_P_/D
      240 |       3 |      12 |       30 |      1 |    35 |    +0.0% |   -0.101 |       -7.7 |    157 | sa01_sr\[0\]$_DFF_P_/D
      250 |       3 |      14 |       35 |      1 |    41 |    +0.0% |   -0.098 |       -7.7 |    157 | sa00_sr\[7\]$_DFF_P_/D
      252 |       3 |      14 |       35 |      1 |    40 |    +0.0% |   -0.098 |       -7.7 |    157 | sa00_sr\[7\]$_DFF_P_/D
      260 |       3 |      15 |       35 |      1 |    46 |    +0.0% |   -0.098 |       -7.7 |    157 | sa00_sr\[7\]$_DFF_P_/D
      268 |       3 |      15 |       35 |      1 |    41 |    +0.0% |   -0.098 |       -7.7 |    157 | sa00_sr\[7\]$_DFF_P_/D
      270 |       3 |      16 |       35 |      1 |    41 |    +0.0% |   -0.098 |       -7.7 |    157 | sa00_sr\[7\]$_DFF_P_/D
      271 |       3 |      16 |       35 |      1 |    41 |    +0.0% |   -0.098 |       -7.7 |    157 | sa00_sr\[7\]$_DFF_P_/D
      280 |       3 |      22 |       35 |      1 |    43 |    +0.1% |   -0.099 |       -7.6 |    157 | sa11_sr\[7\]$_DFF_P_/D
      290 |       3 |      30 |       37 |      1 |    44 |    +0.1% |   -0.099 |       -7.6 |    157 | sa11_sr\[7\]$_DFF_P_/D
      292 |       3 |      20 |       36 |      1 |    41 |    +0.0% |   -0.098 |       -7.7 |    157 | sa00_sr\[7\]$_DFF_P_/D
      300 |       3 |      23 |       36 |      1 |    45 |    +0.0% |   -0.098 |       -7.7 |    157 | sa00_sr\[7\]$_DFF_P_/D
      307 |       3 |      21 |       36 |      1 |    41 |    +0.0% |   -0.098 |       -7.7 |    157 | sa00_sr\[7\]$_DFF_P_/D
      310 |       3 |      21 |       36 |      1 |    43 |    +0.0% |   -0.098 |       -7.7 |    157 | sa00_sr\[7\]$_DFF_P_/D
      320 |       4 |      22 |       38 |      2 |    49 |    +0.0% |   -0.098 |       -7.7 |    157 | sa00_sr\[7\]$_DFF_P_/D
      320 |       4 |      22 |       38 |      2 |    49 |    +0.0% |   -0.098 |       -7.7 |    157 | sa00_sr\[7\]$_DFF_P_/D
      323 |       4 |      23 |       38 |      2 |    49 |    +0.0% |   -0.098 |       -7.7 |    157 | sa00_sr\[7\]$_DFF_P_/D
      330 |       4 |      25 |       40 |      2 |    52 |    +0.0% |   -0.098 |       -7.7 |    157 | sa00_sr\[7\]$_DFF_P_/D
      331 |       4 |      24 |       39 |      2 |    49 |    +0.0% |   -0.098 |       -7.7 |    157 | sa00_sr\[7\]$_DFF_P_/D
      337 |       4 |      24 |       39 |      2 |    49 |    +0.0% |   -0.098 |       -7.7 |    157 | sa00_sr\[7\]$_DFF_P_/D
      340 |       4 |      25 |       39 |      2 |    50 |    +0.0% |   -0.098 |       -7.7 |    157 | sa00_sr\[7\]$_DFF_P_/D
      350 |       4 |      31 |       39 |      3 |    53 |    +0.1% |   -0.098 |       -7.7 |    157 | sa00_sr\[7\]$_DFF_P_/D
      350 |       4 |      26 |       39 |      2 |    50 |    +0.0% |   -0.098 |       -7.7 |    157 | sa00_sr\[7\]$_DFF_P_/D
      360 |       5 |      27 |       43 |      2 |    55 |    +0.0% |   -0.098 |       -7.6 |    157 | sa00_sr\[7\]$_DFF_P_/D
      370 |       5 |      33 |       49 |      3 |    56 |    +0.0% |   -0.098 |       -7.6 |    157 | sa00_sr\[7\]$_DFF_P_/D
      379 |       6 |      37 |       51 |      4 |    57 |    +0.1% |   -0.098 |       -7.6 |    157 | sa00_sr\[7\]$_DFF_P_/D
      380 |       6 |      37 |       51 |      4 |    57 |    +0.1% |   -0.098 |       -7.6 |    157 | sa00_sr\[7\]$_DFF_P_/D
      390 |       6 |      45 |       51 |      4 |    59 |    +0.1% |   -0.099 |       -7.4 |    157 | sa11_sr\[7\]$_DFF_P_/D
      400 |       6 |      52 |       51 |      4 |    62 |    +0.1% |   -0.102 |       -7.4 |    157 | sa11_sr\[7\]$_DFF_P_/D
      410 |       6 |      59 |       51 |      6 |    63 |    +0.2% |   -0.102 |       -7.4 |    157 | sa11_sr\[7\]$_DFF_P_/D
      420 |       6 |      63 |       55 |      8 |    65 |    +0.3% |   -0.102 |       -7.4 |    157 | sa11_sr\[7\]$_DFF_P_/D
      422 |       6 |      40 |       53 |      4 |    58 |    +0.1% |   -0.098 |       -7.6 |    157 | sa00_sr\[7\]$_DFF_P_/D
      430 |       6 |      43 |       53 |      4 |    62 |    +0.1% |   -0.098 |       -7.6 |    157 | sa00_sr\[7\]$_DFF_P_/D
      435 |       6 |      42 |       53 |      4 |    58 |    +0.1% |   -0.098 |       -7.6 |    157 | sa00_sr\[7\]$_DFF_P_/D
      440 |       6 |      42 |       55 |      5 |    60 |    +0.1% |   -0.098 |       -7.5 |    157 | sa00_sr\[7\]$_DFF_P_/D
      442 |       6 |      42 |       55 |      5 |    59 |    +0.1% |   -0.098 |       -7.5 |    157 | sa00_sr\[7\]$_DFF_P_/D
      450 |       6 |      45 |       57 |      5 |    62 |    +0.1% |   -0.098 |       -7.5 |    157 | sa00_sr\[7\]$_DFF_P_/D
      460 |       6 |      46 |       59 |      5 |    70 |    +0.1% |   -0.098 |       -7.5 |    157 | sa00_sr\[7\]$_DFF_P_/D
      460 |       6 |      46 |       58 |      5 |    64 |    +0.1% |   -0.098 |       -7.5 |    157 | sa00_sr\[7\]$_DFF_P_/D
      470 |       7 |      47 |       60 |      5 |    70 |    +0.1% |   -0.098 |       -7.5 |    157 | sa00_sr\[7\]$_DFF_P_/D
      474 |       7 |      47 |       62 |      6 |    70 |    +0.1% |   -0.098 |       -7.6 |    157 | sa00_sr\[7\]$_DFF_P_/D
      480 |       7 |      49 |       64 |      6 |    72 |    +0.1% |   -0.106 |       -7.6 |    157 | sa11_sr\[4\]$_DFF_P_/D
      489 |       7 |      48 |       63 |      6 |    70 |    +0.1% |   -0.098 |       -7.6 |    157 | sa00_sr\[7\]$_DFF_P_/D
      490 |       7 |      48 |       63 |      6 |    70 |    +0.1% |   -0.098 |       -7.6 |    157 | sa00_sr\[7\]$_DFF_P_/D
      500 |       7 |      51 |       67 |      6 |    75 |    +0.1% |   -0.098 |       -7.6 |    157 | sa00_sr\[7\]$_DFF_P_/D
      500 |       7 |      49 |       65 |      6 |    70 |    +0.1% |   -0.098 |       -7.6 |    157 | sa00_sr\[7\]$_DFF_P_/D
      506 |       7 |      50 |       65 |      6 |    70 |    +0.1% |   -0.098 |       -7.6 |    157 | sa00_sr\[7\]$_DFF_P_/D
      510 |       7 |      52 |       65 |      6 |    71 |    +0.1% |   -0.098 |       -7.6 |    157 | sa00_sr\[7\]$_DFF_P_/D
      516 |       7 |      50 |       66 |      6 |    70 |    +0.1% |   -0.098 |       -7.6 |    157 | sa00_sr\[7\]$_DFF_P_/D
      520 |       7 |      53 |       66 |      6 |    70 |    +0.1% |   -0.099 |       -7.5 |    157 | sa11_sr\[7\]$_DFF_P_/D
      530 |       7 |      59 |       72 |      7 |    72 |    +0.2% |   -0.099 |       -7.4 |    157 | sa11_sr\[7\]$_DFF_P_/D
      540 |       7 |      67 |       72 |      8 |    73 |    +0.2% |   -0.099 |       -7.4 |    157 | sa11_sr\[7\]$_DFF_P_/D
      550 |       7 |      74 |       72 |      9 |    75 |    +0.3% |   -0.099 |       -7.4 |    157 | sa11_sr\[7\]$_DFF_P_/D
      554 |       7 |      53 |       67 |      6 |    70 |    +0.1% |   -0.098 |       -7.6 |    157 | sa00_sr\[7\]$_DFF_P_/D
      560 |       8 |      53 |       67 |      6 |    74 |    +0.1% |   -0.098 |       -7.5 |    157 | sa00_sr\[7\]$_DFF_P_/D
      565 |       8 |      53 |       71 |      6 |    75 |    +0.1% |   -0.098 |       -7.5 |    157 | sa00_sr\[7\]$_DFF_P_/D
      570 |       8 |      55 |       71 |      6 |    77 |    +0.1% |   -0.098 |       -7.5 |    157 | sa00_sr\[7\]$_DFF_P_/D
      570 |       8 |      54 |       71 |      6 |    76 |    +0.1% |   -0.098 |       -7.5 |    157 | sa00_sr\[7\]$_DFF_P_/D
      580 |       8 |      57 |       71 |      8 |    80 |    +0.2% |   -0.098 |       -7.4 |    157 | sa11_sr\[7\]$_DFF_P_/D
      580 |       8 |      57 |       71 |      8 |    80 |    +0.2% |   -0.098 |       -7.4 |    157 | sa11_sr\[7\]$_DFF_P_/D
      587 |       8 |      57 |       71 |      8 |    81 |    +0.2% |   -0.098 |       -7.4 |    157 | sa11_sr\[7\]$_DFF_P_/D
      590 |       8 |      58 |       71 |      8 |    82 |    +0.2% |   -0.098 |       -7.4 |    157 | sa11_sr\[7\]$_DFF_P_/D
      596 |       8 |      58 |       72 |      8 |    81 |    +0.2% |   -0.098 |       -7.4 |    157 | sa11_sr\[7\]$_DFF_P_/D
      600 |       8 |      59 |       72 |      8 |    83 |    +0.2% |   -0.098 |       -7.4 |    157 | sa11_sr\[7\]$_DFF_P_/D
      602 |       8 |      59 |       72 |      8 |    82 |    +0.2% |   -0.098 |       -7.4 |    157 | sa11_sr\[7\]$_DFF_P_/D
      610 |       8 |      60 |       74 |      8 |    87 |    +0.2% |   -0.098 |       -7.5 |    157 | sa11_sr\[7\]$_DFF_P_/D
      620 |       8 |      66 |       74 |      8 |    91 |    +0.2% |   -0.098 |       -7.4 |    157 | sa11_sr\[7\]$_DFF_P_/D
      630 |       9 |      70 |       74 |      8 |    96 |    +0.2% |   -0.098 |       -7.5 |    157 | sa11_sr\[7\]$_DFF_P_/D
      639 |      10 |      73 |       76 |     10 |    97 |    +0.2% |   -0.098 |       -7.4 |    157 | sa11_sr\[7\]$_DFF_P_/D
      640 |      10 |      73 |       76 |     10 |    97 |    +0.2% |   -0.098 |       -7.4 |    157 | sa11_sr\[7\]$_DFF_P_/D
      649 |      10 |      74 |       76 |     10 |    99 |    +0.2% |   -0.098 |       -7.4 |    157 | sa11_sr\[7\]$_DFF_P_/D
      650 |      10 |      74 |       76 |     10 |    99 |    +0.2% |   -0.098 |       -7.4 |    157 | sa11_sr\[7\]$_DFF_P_/D
      655 |      10 |      74 |       76 |     10 |    99 |    +0.2% |   -0.098 |       -7.4 |    157 | sa11_sr\[7\]$_DFF_P_/D
      660 |      10 |      75 |       76 |     10 |   102 |    +0.2% |   -0.098 |       -7.4 |    157 | sa11_sr\[7\]$_DFF_P_/D
      667 |      10 |      80 |       76 |     10 |   104 |    +0.3% |   -0.098 |       -7.4 |    157 | sa11_sr\[7\]$_DFF_P_/D
      670 |      10 |      80 |       78 |     10 |   105 |    +0.3% |   -0.098 |       -7.4 |    157 | sa11_sr\[7\]$_DFF_P_/D
      680 |      11 |      84 |       78 |     10 |   110 |    +0.2% |   -0.098 |       -7.3 |    157 | sa11_sr\[7\]$_DFF_P_/D
      682 |      11 |      84 |       80 |     11 |   110 |    +0.2% |   -0.098 |       -7.3 |    157 | sa11_sr\[7\]$_DFF_P_/D
      690 |      11 |      84 |       85 |     11 |   115 |    +0.3% |   -0.098 |       -7.3 |    157 | sa11_sr\[7\]$_DFF_P_/D
      700 |      12 |      90 |       88 |     11 |   117 |    +0.3% |   -0.098 |       -7.3 |    157 | sa11_sr\[7\]$_DFF_P_/D
      705 |      11 |      86 |       85 |     11 |   110 |    +0.2% |   -0.098 |       -7.3 |    157 | sa11_sr\[7\]$_DFF_P_/D
      710 |      11 |      86 |       85 |     11 |   114 |    +0.2% |   -0.098 |       -7.4 |    157 | sa11_sr\[7\]$_DFF_P_/D
      711 |      11 |      86 |       85 |     11 |   110 |    +0.2% |   -0.098 |       -7.3 |    157 | sa11_sr\[7\]$_DFF_P_/D
      720 |      11 |      92 |       85 |     11 |   112 |    +0.3% |   -0.098 |       -7.3 |    157 | sa11_sr\[7\]$_DFF_P_/D
      726 |      11 |      92 |       85 |     11 |   111 |    +0.3% |   -0.098 |       -7.3 |    157 | sa11_sr\[7\]$_DFF_P_/D
      730 |      11 |      95 |       85 |     11 |   111 |    +0.3% |   -0.098 |       -7.3 |    157 | sa11_sr\[7\]$_DFF_P_/D
      740 |      11 |     104 |       91 |     11 |   111 |    +0.3% |   -0.099 |       -7.1 |    157 | sa11_sr\[7\]$_DFF_P_/D
      750 |      11 |     109 |       91 |     13 |   114 |    +0.4% |   -0.099 |       -7.2 |    157 | sa11_sr\[7\]$_DFF_P_/D
      760 |      11 |     118 |       93 |     13 |   114 |    +0.4% |   -0.099 |       -7.2 |    157 | sa11_sr\[7\]$_DFF_P_/D
      770 |      11 |     125 |       95 |     14 |   115 |    +0.5% |   -0.099 |       -7.2 |    157 | sa11_sr\[7\]$_DFF_P_/D
      773 |      11 |     104 |       88 |     11 |   111 |    +0.3% |   -0.098 |       -7.3 |    157 | sa11_sr\[7\]$_DFF_P_/D
      780 |      11 |     108 |       88 |     11 |   113 |    +0.3% |   -0.098 |       -7.3 |    157 | sa11_sr\[7\]$_DFF_P_/D
      785 |      12 |     110 |       88 |     11 |   114 |    +0.3% |   -0.098 |       -7.3 |    157 | sa11_sr\[7\]$_DFF_P_/D
      790 |      12 |     113 |       88 |     11 |   115 |    +0.3% |   -0.101 |       -7.3 |    157 | sa00_sr\[7\]$_DFF_P_/D
      795 |      12 |     110 |       88 |     11 |   114 |    +0.3% |   -0.098 |       -7.3 |    157 | sa11_sr\[7\]$_DFF_P_/D
      800 |      12 |     111 |       92 |     11 |   115 |    +0.3% |   -0.106 |       -7.3 |    157 | sa11_sr\[4\]$_DFF_P_/D
      806 |      12 |     110 |       90 |     11 |   114 |    +0.3% |   -0.098 |       -7.3 |    157 | sa11_sr\[7\]$_DFF_P_/D
      810 |      12 |     113 |       90 |     11 |   114 |    +0.3% |   -0.098 |       -7.3 |    157 | sa11_sr\[7\]$_DFF_P_/D
      820 |      12 |     118 |       92 |     12 |   117 |    +0.3% |   -0.098 |       -7.3 |    157 | sa11_sr\[7\]$_DFF_P_/D
      828 |      13 |     120 |       93 |     12 |   119 |    +0.3% |   -0.098 |       -7.2 |    157 | sa11_sr\[7\]$_DFF_P_/D
      830 |      13 |     120 |       95 |     12 |   119 |    +0.3% |   -0.098 |       -7.2 |    157 | sa11_sr\[7\]$_DFF_P_/D
      834 |      13 |     120 |       95 |     12 |   121 |    +0.3% |   -0.098 |       -7.2 |    157 | sa11_sr\[7\]$_DFF_P_/D
      838 |      13 |     120 |       95 |     12 |   122 |    +0.3% |   -0.098 |       -7.2 |    157 | sa11_sr\[7\]$_DFF_P_/D
      840 |      13 |     121 |       95 |     12 |   122 |    +0.3% |   -0.098 |       -7.2 |    157 | sa11_sr\[7\]$_DFF_P_/D
      849 |      13 |     120 |       96 |     12 |   122 |    +0.3% |   -0.098 |       -7.2 |    157 | sa11_sr\[7\]$_DFF_P_/D
      850 |      13 |     120 |       96 |     12 |   122 |    +0.3% |   -0.098 |       -7.2 |    157 | sa11_sr\[7\]$_DFF_P_/D
      860 |      13 |     128 |      102 |     12 |   123 |    +0.4% |   -0.099 |       -7.0 |    157 | sa11_sr\[7\]$_DFF_P_/D
      870 |      13 |     134 |      104 |     14 |   124 |    +0.4% |   -0.099 |       -7.0 |    157 | sa11_sr\[7\]$_DFF_P_/D
      880 |      13 |     141 |      106 |     14 |   126 |    +0.4% |   -0.099 |       -7.1 |    157 | sa11_sr\[7\]$_DFF_P_/D
      886 |      13 |     121 |       99 |     12 |   122 |    +0.3% |   -0.098 |       -7.2 |    157 | sa11_sr\[7\]$_DFF_P_/D
      890 |      13 |     121 |       99 |     12 |   125 |    +0.3% |   -0.098 |       -7.2 |    157 | sa11_sr\[7\]$_DFF_P_/D
      898 |      13 |     121 |      100 |     12 |   124 |    +0.3% |   -0.098 |       -7.2 |    157 | sa11_sr\[7\]$_DFF_P_/D
      900 |      13 |     121 |      100 |     12 |   125 |    +0.3% |   -0.098 |       -7.2 |    157 | sa11_sr\[7\]$_DFF_P_/D
      910 |      14 |     126 |      102 |     12 |   128 |    +0.3% |   -0.098 |       -7.2 |    157 | sa11_sr\[7\]$_DFF_P_/D
      913 |      14 |     128 |      102 |     12 |   128 |    +0.3% |   -0.098 |       -7.2 |    157 | sa11_sr\[7\]$_DFF_P_/D
      920 |      14 |     130 |      102 |     13 |   131 |    +0.4% |   -0.098 |       -7.2 |    157 | sa11_sr\[7\]$_DFF_P_/D
      922 |      14 |     129 |      102 |     12 |   129 |    +0.3% |   -0.098 |       -7.2 |    157 | sa11_sr\[7\]$_DFF_P_/D
      930 |      14 |     130 |      105 |     12 |   134 |    +0.3% |   -0.098 |       -7.2 |    157 | sa11_sr\[7\]$_DFF_P_/D
      933 |      14 |     131 |      105 |     13 |   134 |    +0.4% |   -0.098 |       -7.2 |    157 | sa11_sr\[7\]$_DFF_P_/D
      940 |      14 |     135 |      105 |     13 |   136 |    +0.4% |   -0.098 |       -7.2 |    157 | sa11_sr\[7\]$_DFF_P_/D
      950 |      15 |     140 |      107 |     13 |   139 |    +0.4% |   -0.098 |       -7.2 |    157 | sa11_sr\[7\]$_DFF_P_/D
      960 |      15 |     146 |      107 |     15 |   141 |    +0.5% |   -0.098 |       -7.2 |    157 | sa11_sr\[7\]$_DFF_P_/D
      961 |      15 |     141 |      107 |     13 |   139 |    +0.4% |   -0.098 |       -7.2 |    157 | sa11_sr\[7\]$_DFF_P_/D
      967 |      15 |     141 |      107 |     13 |   139 |    +0.4% |   -0.098 |       -7.2 |    157 | sa11_sr\[7\]$_DFF_P_/D
      970 |      15 |     141 |      109 |     13 |   140 |    +0.4% |   -0.098 |       -7.2 |    157 | sa11_sr\[7\]$_DFF_P_/D
      976 |      15 |     141 |      109 |     13 |   140 |    +0.4% |   -0.098 |       -7.2 |    157 | sa11_sr\[7\]$_DFF_P_/D
      980 |      15 |     144 |      109 |     13 |   140 |    +0.4% |   -0.098 |       -7.2 |    157 | sa11_sr\[7\]$_DFF_P_/D
      990 |      15 |     150 |      109 |     13 |   144 |    +0.4% |   -0.098 |       -7.2 |    157 | sa11_sr\[7\]$_DFF_P_/D
      990 |      15 |     149 |      109 |     13 |   142 |    +0.4% |   -0.098 |       -7.2 |    157 | sa11_sr\[7\]$_DFF_P_/D
     1000 |      15 |     152 |      112 |     14 |   146 |    +0.5% |   -0.098 |       -7.1 |    157 | sa11_sr\[7\]$_DFF_P_/D
     1004 |      15 |     154 |      112 |     14 |   146 |    +0.5% |   -0.098 |       -7.1 |    157 | sa11_sr\[7\]$_DFF_P_/D
     1010 |      15 |     154 |      119 |     14 |   149 |    +0.5% |   -0.098 |       -7.1 |    157 | sa11_sr\[7\]$_DFF_P_/D
     1020 |      15 |     161 |      121 |     14 |   151 |    +0.5% |   -0.098 |       -7.1 |    157 | sa11_sr\[7\]$_DFF_P_/D
     1030 |      15 |     171 |      121 |     14 |   151 |    +0.6% |   -0.098 |       -7.1 |    157 | sa11_sr\[7\]$_DFF_P_/D
     1040 |      16 |     179 |      121 |     15 |   151 |    +0.7% |   -0.098 |       -6.9 |    157 | sa11_sr\[7\]$_DFF_P_/D
     1050 |      16 |     187 |      123 |     15 |   152 |    +0.7% |   -0.098 |       -7.0 |    157 | sa11_sr\[7\]$_DFF_P_/D
     1060 |      16 |     192 |      123 |     19 |   153 |    +0.9% |   -0.098 |       -7.0 |    157 | sa11_sr\[7\]$_DFF_P_/D
     1061 |      16 |     192 |      123 |     20 |   153 |    +0.9% |   -0.098 |       -7.0 |    155 | sa11_sr\[7\]$_DFF_P_/D
     1070 |      16 |     195 |      123 |     20 |   158 |    +0.9% |   -0.098 |       -7.0 |    155 | sa11_sr\[7\]$_DFF_P_/D
     1071 |      16 |     193 |      123 |     20 |   155 |    +0.9% |   -0.098 |       -7.0 |    155 | sa11_sr\[7\]$_DFF_P_/D
     1080 |      16 |     194 |      125 |     22 |   159 |    +0.9% |   -0.098 |       -7.0 |    155 | sa11_sr\[7\]$_DFF_P_/D
     1086 |      16 |     194 |      124 |     20 |   156 |    +0.9% |   -0.098 |       -7.0 |    155 | sa11_sr\[7\]$_DFF_P_/D
     1090 |      16 |     195 |      127 |     20 |   157 |    +0.9% |   -0.098 |       -7.0 |    155 | sa11_sr\[7\]$_DFF_P_/D
     1095 |      16 |     197 |      127 |     20 |   158 |    +0.9% |   -0.098 |       -7.0 |    155 | sa11_sr\[7\]$_DFF_P_/D
     1100 |      16 |     199 |      127 |     20 |   160 |    +1.0% |   -0.098 |       -7.0 |    155 | sa11_sr\[7\]$_DFF_P_/D
     1105 |      16 |     200 |      128 |     20 |   160 |    +1.0% |   -0.098 |       -7.0 |    155 | sa11_sr\[7\]$_DFF_P_/D
     1110 |      16 |     203 |      128 |     20 |   161 |    +1.0% |   -0.098 |       -7.0 |    155 | sa11_sr\[7\]$_DFF_P_/D
     1117 |      16 |     205 |      128 |     20 |   165 |    +1.0% |   -0.098 |       -7.0 |    155 | sa11_sr\[7\]$_DFF_P_/D
     1120 |      16 |     206 |      128 |     20 |   166 |    +1.0% |   -0.098 |       -7.0 |    155 | sa11_sr\[7\]$_DFF_P_/D
     1121 |      16 |     206 |      128 |     20 |   165 |    +1.0% |   -0.098 |       -7.0 |    155 | sa11_sr\[7\]$_DFF_P_/D
     1130 |      16 |     208 |      130 |     20 |   170 |    +1.0% |   -0.098 |       -7.0 |    155 | sa11_sr\[7\]$_DFF_P_/D
     1130 |      16 |     207 |      129 |     20 |   165 |    +1.0% |   -0.098 |       -7.0 |    155 | sa11_sr\[7\]$_DFF_P_/D
     1140 |      16 |     211 |      131 |     22 |   167 |    +1.0% |   -0.098 |       -7.0 |    155 | sa11_sr\[7\]$_DFF_P_/D
     1142 |      16 |     208 |      130 |     20 |   165 |    +1.0% |   -0.098 |       -7.0 |    155 | sa11_sr\[7\]$_DFF_P_/D
     1150 |      16 |     211 |      130 |     20 |   169 |    +1.0% |   -0.098 |       -7.0 |    155 | sa11_sr\[7\]$_DFF_P_/D
     1150 |      16 |     210 |      130 |     20 |   167 |    +1.0% |   -0.098 |       -7.0 |    155 | sa11_sr\[7\]$_DFF_P_/D
     1154 |      16 |     210 |      130 |     20 |   167 |    +1.0% |   -0.098 |       -7.0 |    155 | sa11_sr\[7\]$_DFF_P_/D
     1160 |      16 |     212 |      130 |     20 |   170 |    +1.0% |   -0.098 |       -7.0 |    155 | sa11_sr\[7\]$_DFF_P_/D
     1169 |      16 |     211 |      131 |     20 |   167 |    +1.0% |   -0.098 |       -7.0 |    155 | sa11_sr\[7\]$_DFF_P_/D
     1170 |      16 |     211 |      131 |     20 |   167 |    +1.0% |   -0.098 |       -7.0 |    155 | sa11_sr\[7\]$_DFF_P_/D
     1180 |      16 |     217 |      133 |     22 |   168 |    +1.1% |   -0.098 |       -7.0 |    155 | sa11_sr\[7\]$_DFF_P_/D
     1184 |      16 |     217 |      133 |     21 |   168 |    +1.0% |   -0.098 |       -7.0 |    155 | sa11_sr\[7\]$_DFF_P_/D
     1190 |      16 |     219 |      133 |     21 |   171 |    +1.0% |   -0.098 |       -7.0 |    155 | sa11_sr\[7\]$_DFF_P_/D
     1194 |      16 |     221 |      135 |     21 |   171 |    +1.1% |   -0.098 |       -7.0 |    155 | sa11_sr\[7\]$_DFF_P_/D
     1200 |      16 |     222 |      135 |     22 |   174 |    +1.1% |   -0.098 |       -7.0 |    155 | sa11_sr\[7\]$_DFF_P_/D
     1200 |      16 |     222 |      135 |     21 |   172 |    +1.1% |   -0.098 |       -7.0 |    155 | sa11_sr\[7\]$_DFF_P_/D
     1205 |      16 |     223 |      135 |     21 |   173 |    +1.1% |   -0.098 |       -7.0 |    155 | sa11_sr\[7\]$_DFF_P_/D
     1210 |      16 |     223 |      135 |     22 |   176 |    +1.1% |   -0.098 |       -7.0 |    155 | sa11_sr\[7\]$_DFF_P_/D
     1220 |      17 |     229 |      137 |     24 |   176 |    +1.1% |   -0.098 |       -7.0 |    155 | sa11_sr\[7\]$_DFF_P_/D
     1220 |      17 |     229 |      137 |     24 |   176 |    +1.1% |   -0.098 |       -7.0 |    155 | sa11_sr\[7\]$_DFF_P_/D
     1222 |      17 |     229 |      137 |     24 |   176 |    +1.1% |   -0.098 |       -7.0 |    155 | sa11_sr\[7\]$_DFF_P_/D
     1230 |      17 |     234 |      143 |     24 |   177 |    +1.2% |   -0.099 |       -6.9 |    155 | sa11_sr\[7\]$_DFF_P_/D
     1238 |      17 |     229 |      138 |     24 |   176 |    +1.1% |   -0.098 |       -7.0 |    155 | sa11_sr\[7\]$_DFF_P_/D
     1240 |      17 |     229 |      138 |     24 |   177 |    +1.1% |   -0.098 |       -7.0 |    155 | sa11_sr\[7\]$_DFF_P_/D
     1250 |      17 |     232 |      143 |     24 |   182 |    +1.1% |   -0.098 |       -7.0 |    155 | sa11_sr\[7\]$_DFF_P_/D
     1253 |      17 |     230 |      140 |     24 |   177 |    +1.1% |   -0.098 |       -7.0 |    155 | sa11_sr\[7\]$_DFF_P_/D
     1260 |      17 |     233 |      140 |     24 |   180 |    +1.1% |   -0.101 |       -7.0 |    155 | sa00_sr\[7\]$_DFF_P_/D
     1270 |      17 |     240 |      140 |     24 |   183 |    +1.2% |   -0.102 |       -7.0 |    155 | sa00_sr\[7\]$_DFF_P_/D
     1272 |      17 |     232 |      140 |     24 |   179 |    +1.1% |   -0.098 |       -6.9 |    155 | sa11_sr\[7\]$_DFF_P_/D
     1276 |      17 |     232 |      140 |     24 |   179 |    +1.1% |   -0.098 |       -6.9 |    155 | sa11_sr\[7\]$_DFF_P_/D
     1280 |      17 |     232 |      142 |     24 |   181 |    +1.1% |   -0.098 |       -7.0 |    155 | sa11_sr\[7\]$_DFF_P_/D
     1289 |      17 |     232 |      142 |     24 |   179 |    +1.1% |   -0.098 |       -6.9 |    155 | sa11_sr\[7\]$_DFF_P_/D
     1290 |      17 |     232 |      142 |     24 |   179 |    +1.1% |   -0.098 |       -6.9 |    155 | sa11_sr\[7\]$_DFF_P_/D
     1300 |      17 |     238 |      142 |     25 |   182 |    +1.2% |   -0.098 |       -7.0 |    155 | sa11_sr\[7\]$_DFF_P_/D
     1304 |      17 |     239 |      142 |     25 |   184 |    +1.2% |   -0.098 |       -7.0 |    155 | sa11_sr\[7\]$_DFF_P_/D
     1310 |      17 |     239 |      144 |     25 |   188 |    +1.2% |   -0.098 |       -7.0 |    155 | sa11_sr\[7\]$_DFF_P_/D
     1320 |      17 |     240 |      144 |     25 |   197 |    +1.2% |   -0.098 |       -7.1 |    155 | sa11_sr\[7\]$_DFF_P_/D
     1322 |      17 |     239 |      143 |     25 |   184 |    +1.2% |   -0.098 |       -7.0 |    155 | sa11_sr\[7\]$_DFF_P_/D
     1328 |      17 |     239 |      143 |     25 |   184 |    +1.2% |   -0.098 |       -7.0 |    155 | sa11_sr\[7\]$_DFF_P_/D
     1330 |      17 |     239 |      143 |     25 |   185 |    +1.2% |   -0.098 |       -6.9 |    155 | sa11_sr\[7\]$_DFF_P_/D
     1340 |      17 |     244 |      148 |     26 |   187 |    +1.2% |   -0.098 |       -6.9 |    155 | sa11_sr\[7\]$_DFF_P_/D
     1350 |      17 |     251 |      148 |     27 |   189 |    +1.3% |   -0.098 |       -7.0 |    155 | sa00_sr\[7\]$_DFF_P_/D
     1360 |      17 |     259 |      148 |     27 |   191 |    +1.3% |   -0.100 |       -7.1 |    155 | sa00_sr\[7\]$_DFF_P_/D
     1370 |      17 |     263 |      148 |     30 |   194 |    +1.5% |   -0.101 |       -7.1 |    155 | sa00_sr\[7\]$_DFF_P_/D
     1376 |      17 |     249 |      148 |     26 |   188 |    +1.2% |   -0.098 |       -6.9 |    155 | sa11_sr\[7\]$_DFF_P_/D
     1380 |      17 |     251 |      148 |     26 |   189 |    +1.3% |   -0.099 |       -7.0 |    155 | sa00_sr\[7\]$_DFF_P_/D
     1390 |      18 |     255 |      150 |     28 |   191 |    +1.4% |   -0.101 |       -7.0 |    155 | sa00_sr\[7\]$_DFF_P_/D
     1400 |      18 |     259 |      150 |     32 |   193 |    +1.5% |   -0.100 |       -7.0 |    155 | sa11_sr\[3\]$_DFF_P_/D
     1400 |      17 |     249 |      149 |     26 |   188 |    +1.2% |   -0.098 |       -6.9 |    155 | sa11_sr\[7\]$_DFF_P_/D
     1409 |      17 |     249 |      149 |     26 |   188 |    +1.2% |   -0.098 |       -6.9 |    155 | sa11_sr\[7\]$_DFF_P_/D
     1410 |      17 |     249 |      149 |     26 |   188 |    +1.2% |   -0.098 |       -6.9 |    155 | sa11_sr\[7\]$_DFF_P_/D
     1420 |      17 |     255 |      149 |     28 |   190 |    +1.3% |   -0.101 |       -7.1 |    155 | sa00_sr\[7\]$_DFF_P_/D
     1430 |      18 |     260 |      149 |     28 |   194 |    +1.4% |   -0.102 |       -7.0 |    155 | sa00_sr\[7\]$_DFF_P_/D
     1438 |      17 |     251 |      149 |     26 |   188 |    +1.2% |   -0.098 |       -6.9 |    155 | sa11_sr\[7\]$_DFF_P_/D
     1440 |      17 |     252 |      149 |     26 |   188 |    +1.2% |   -0.098 |       -6.9 |    155 | sa11_sr\[7\]$_DFF_P_/D
     1449 |      17 |     251 |      150 |     26 |   188 |    +1.2% |   -0.098 |       -6.9 |    155 | sa11_sr\[7\]$_DFF_P_/D
     1450 |      17 |     251 |      150 |     26 |   188 |    +1.2% |   -0.098 |       -6.9 |    155 | sa11_sr\[7\]$_DFF_P_/D
     1460 |      17 |     256 |      150 |     26 |   193 |    +1.3% |   -0.098 |       -6.9 |    155 | sa11_sr\[7\]$_DFF_P_/D
     1461 |      17 |     253 |      150 |     26 |   188 |    +1.2% |   -0.098 |       -6.9 |    155 | sa11_sr\[7\]$_DFF_P_/D
     1470 |      17 |     259 |      150 |     26 |   190 |    +1.3% |   -0.098 |       -6.9 |    155 | sa11_sr\[7\]$_DFF_P_/D
     1480 |      17 |     267 |      150 |     27 |   191 |    +1.3% |   -0.098 |       -6.9 |    155 | sa11_sr\[7\]$_DFF_P_/D
     1490 |      17 |     274 |      150 |     28 |   193 |    +1.5% |   -0.098 |       -7.0 |    155 | sa00_sr\[7\]$_DFF_P_/D
     1499 |      17 |     273 |      150 |     28 |   193 |    +1.4% |   -0.098 |       -6.9 |    155 | sa11_sr\[7\]$_DFF_P_/D
     1500 |      17 |     273 |      150 |     28 |   193 |    +1.4% |   -0.098 |       -6.9 |    155 | sa11_sr\[7\]$_DFF_P_/D
     1502 |      17 |     273 |      150 |     28 |   193 |    +1.4% |   -0.098 |       -6.9 |    155 | sa11_sr\[7\]$_DFF_P_/D
     1509 |      17 |     276 |      150 |     28 |   195 |    +1.5% |   -0.098 |       -6.9 |    155 | sa11_sr\[7\]$_DFF_P_/D
     1510 |      17 |     276 |      150 |     28 |   195 |    +1.5% |   -0.098 |       -6.9 |    155 | sa11_sr\[7\]$_DFF_P_/D
     1516 |      17 |     276 |      150 |     28 |   195 |    +1.5% |   -0.098 |       -6.9 |    155 | sa11_sr\[7\]$_DFF_P_/D
     1520 |      17 |     278 |      150 |     28 |   196 |    +1.5% |   -0.098 |       -6.9 |    155 | sa11_sr\[7\]$_DFF_P_/D
     1530 |      17 |     283 |      150 |     29 |   200 |    +1.5% |   -0.098 |       -7.0 |    155 | sa11_sr\[7\]$_DFF_P_/D
     1536 |      17 |     279 |      150 |     28 |   197 |    +1.5% |   -0.098 |       -6.9 |    155 | sa11_sr\[7\]$_DFF_P_/D
     1540 |      17 |     281 |      150 |     28 |   198 |    +1.5% |   -0.099 |       -6.8 |    155 | sa11_sr\[7\]$_DFF_P_/D
     1550 |      17 |     288 |      152 |     28 |   200 |    +1.5% |   -0.099 |       -6.8 |    155 | sa11_sr\[7\]$_DFF_P_/D
     1558 |      17 |     279 |      151 |     28 |   197 |    +1.5% |   -0.098 |       -6.9 |    155 | sa11_sr\[7\]$_DFF_P_/D
     1560 |      17 |     280 |      151 |     28 |   197 |    +1.5% |   -0.098 |       -6.9 |    155 | sa11_sr\[7\]$_DFF_P_/D
     1570 |      17 |     285 |      151 |     28 |   202 |    +1.5% |   -0.098 |       -6.9 |    155 | sa11_sr\[7\]$_DFF_P_/D
     1580 |      18 |     290 |      151 |     29 |   205 |    +1.5% |   -0.098 |       -6.9 |    155 | sa11_sr\[3\]$_DFF_P_/D
     1582 |      18 |     286 |      151 |     29 |   203 |    +1.5% |   -0.098 |       -6.9 |    155 | sa11_sr\[7\]$_DFF_P_/D
     1590 |      18 |     290 |      151 |     31 |   204 |    +1.5% |   -0.098 |       -6.9 |    155 | sa11_sr\[7\]$_DFF_P_/D
     1592 |      18 |     290 |      151 |     31 |   205 |    +1.5% |   -0.098 |       -6.9 |    155 | sa11_sr\[7\]$_DFF_P_/D
     1600 |      18 |     292 |      154 |     31 |   209 |    +1.6% |   -0.098 |       -6.9 |    155 | sa11_sr\[7\]$_DFF_P_/D
     1603 |      18 |     290 |      152 |     31 |   205 |    +1.5% |   -0.098 |       -6.9 |    155 | sa11_sr\[7\]$_DFF_P_/D
     1610 |      18 |     294 |      152 |     31 |   207 |    +1.6% |   -0.100 |       -7.0 |    155 | sa00_sr\[7\]$_DFF_P_/D
     1620 |      18 |     298 |      152 |     34 |   210 |    +1.7% |   -0.101 |       -7.0 |    155 | sa00_sr\[7\]$_DFF_P_/D
     1625 |      18 |     291 |      152 |     31 |   205 |    +1.5% |   -0.098 |       -6.9 |    155 | sa00_sr\[7\]$_DFF_P_/D
     1630 |      18 |     293 |      152 |     31 |   207 |    +1.6% |   -0.098 |       -6.9 |    155 | sa00_sr\[7\]$_DFF_P_/D
     1636 |      18 |     291 |      152 |     31 |   205 |    +1.5% |   -0.098 |       -6.9 |    155 | sa00_sr\[7\]$_DFF_P_/D
     1640 |      18 |     292 |      152 |     31 |   207 |    +1.6% |   -0.098 |       -6.9 |    155 | sa00_sr\[7\]$_DFF_P_/D
     1650 |      18 |     296 |      152 |     33 |   211 |    +1.6% |   -0.098 |       -6.9 |    155 | sa00_sr\[7\]$_DFF_P_/D
     1651 |      18 |     293 |      152 |     31 |   208 |    +1.6% |   -0.098 |       -6.9 |    155 | sa00_sr\[7\]$_DFF_P_/D
     1652 |      18 |     293 |      152 |     31 |   208 |    +1.6% |   -0.098 |       -6.9 |    155 | sa00_sr\[7\]$_DFF_P_/D
     1660 |      18 |     295 |      152 |     33 |   211 |    +1.6% |   -0.098 |       -6.9 |    155 | sa00_sr\[7\]$_DFF_P_/D
     1665 |      18 |     295 |      152 |     32 |   211 |    +1.6% |   -0.098 |       -6.9 |    155 | sa00_sr\[7\]$_DFF_P_/D
     1670 |      19 |     297 |      155 |     32 |   211 |    +1.6% |   -0.098 |       -6.9 |    155 | sa00_sr\[7\]$_DFF_P_/D
     1678 |      19 |     299 |      155 |     32 |   213 |    +1.6% |   -0.098 |       -6.8 |    154 | sa00_sr\[7\]$_DFF_P_/D
     1680 |      19 |     299 |      155 |     32 |   214 |    +1.6% |   -0.098 |       -6.9 |    154 | sa00_sr\[7\]$_DFF_P_/D
     1690 |      20 |     304 |      155 |     33 |   217 |    +1.6% |   -0.098 |       -6.8 |    154 | sa00_sr\[7\]$_DFF_P_/D
     1697 |      20 |     308 |      155 |     34 |   219 |    +1.6% |   -0.098 |       -6.8 |    154 | sa00_sr\[7\]$_DFF_P_/D
     1700 |      20 |     310 |      155 |     34 |   219 |    +1.6% |   -0.098 |       -6.8 |    154 | sa00_sr\[7\]$_DFF_P_/D
     1708 |      20 |     311 |      155 |     34 |   219 |    +1.6% |   -0.098 |       -6.8 |    154 | sa00_sr\[7\]$_DFF_P_/D
     1710 |      20 |     311 |      155 |     34 |   220 |    +1.6% |   -0.098 |       -6.8 |    154 | sa00_sr\[7\]$_DFF_P_/D
     1715 |      21 |     311 |      155 |     34 |   221 |    +1.6% |   -0.098 |       -6.8 |    154 | sa00_sr\[7\]$_DFF_P_/D
     1720 |      21 |     313 |      155 |     34 |   223 |    +1.6% |   -0.098 |       -6.8 |    154 | sa00_sr\[7\]$_DFF_P_/D
     1730 |      21 |     318 |      159 |     34 |   226 |    +1.7% |   -0.098 |       -6.8 |    154 | sa00_sr\[7\]$_DFF_P_/D
     1736 |      21 |     322 |      162 |     35 |   226 |    +1.7% |   -0.098 |       -6.8 |    152 | sa00_sr\[7\]$_DFF_P_/D
     1740 |      21 |     323 |      162 |     35 |   228 |    +1.7% |   -0.098 |       -6.8 |    152 | sa00_sr\[7\]$_DFF_P_/D
     1750 |      21 |     331 |      162 |     35 |   230 |    +1.7% |   -0.098 |       -6.8 |    152 | sa00_sr\[7\]$_DFF_P_/D
     1753 |      21 |     331 |      162 |     35 |   231 |    +1.7% |   -0.098 |       -6.8 |    152 | sa00_sr\[7\]$_DFF_P_/D
     1760 |      21 |     333 |      162 |     36 |   234 |    +1.7% |   -0.098 |       -6.8 |    152 | sa00_sr\[7\]$_DFF_P_/D
     1760 |      21 |     331 |      162 |     35 |   231 |    +1.7% |   -0.098 |       -6.8 |    152 | sa00_sr\[7\]$_DFF_P_/D
     1770 |      21 |     336 |      162 |     35 |   235 |    +1.7% |   -0.098 |       -6.7 |    152 | sa00_sr\[7\]$_DFF_P_/D
     1780 |      21 |     343 |      162 |     35 |   238 |    +1.8% |   -0.102 |       -6.8 |    152 | sa10_sr\[2\]$_DFF_P_/D
     1783 |      21 |     337 |      162 |     35 |   236 |    +1.7% |   -0.098 |       -6.7 |    152 | sa00_sr\[7\]$_DFF_P_/D
     1790 |      21 |     339 |      162 |     35 |   240 |    +1.8% |   -0.098 |       -6.7 |    152 | sa00_sr\[7\]$_DFF_P_/D
     1800 |      22 |     342 |      164 |     35 |   245 |    +1.7% |   -0.098 |       -6.7 |    152 | sa00_sr\[7\]$_DFF_P_/D
     1810 |      22 |     349 |      164 |     36 |   247 |    +1.8% |   -0.098 |       -6.8 |    152 | sa00_sr\[7\]$_DFF_P_/D
     1819 |      21 |     341 |      163 |     35 |   237 |    +1.7% |   -0.098 |       -6.7 |    152 | sa00_sr\[7\]$_DFF_P_/D
     1820 |      21 |     341 |      163 |     35 |   237 |    +1.7% |   -0.098 |       -6.7 |    152 | sa00_sr\[7\]$_DFF_P_/D
     1830 |      21 |     345 |      163 |     35 |   243 |    +1.8% |   -0.098 |       -6.7 |    152 | sa00_sr\[7\]$_DFF_P_/D
     1836 |      21 |     345 |      163 |     35 |   242 |    +1.8% |   -0.098 |       -6.7 |    152 | sa00_sr\[7\]$_DFF_P_/D
     1840 |      21 |     346 |      163 |     35 |   244 |    +1.8% |   -0.098 |       -6.7 |    152 | sa00_sr\[7\]$_DFF_P_/D
     1845 |      21 |     346 |      163 |     35 |   244 |    +1.8% |   -0.098 |       -6.7 |    152 | sa00_sr\[7\]$_DFF_P_/D
     1846 |      21 |     346 |      163 |     35 |   244 |    +1.8% |   -0.098 |       -6.7 |    151 | sa00_sr\[7\]$_DFF_P_/D
     1850 |      21 |     346 |      163 |     35 |   247 |    +1.8% |   -0.098 |       -6.7 |    151 | sa00_sr\[7\]$_DFF_P_/D
     1857 |      21 |     346 |      164 |     35 |   244 |    +1.8% |   -0.098 |       -6.7 |    151 | sa00_sr\[7\]$_DFF_P_/D
     1860 |      21 |     347 |      164 |     35 |   245 |    +1.8% |   -0.098 |       -6.7 |    151 | sa00_sr\[7\]$_DFF_P_/D
     1869 |      21 |     349 |      164 |     35 |   244 |    +1.8% |   -0.098 |       -6.7 |    151 | sa00_sr\[7\]$_DFF_P_/D
     1870 |      21 |     349 |      164 |     35 |   244 |    +1.8% |   -0.098 |       -6.7 |    151 | sa00_sr\[7\]$_DFF_P_/D
     1870 |      21 |     349 |      164 |     35 |   244 |    +1.8% |   -0.098 |       -6.7 |    150 | sa00_sr\[7\]$_DFF_P_/D
     1877 |      21 |     352 |      164 |     35 |   247 |    +1.8% |   -0.098 |       -6.7 |    148 | sa00_sr\[7\]$_DFF_P_/D
     1880 |      21 |     352 |      164 |     35 |   249 |    +1.8% |   -0.098 |       -6.7 |    148 | sa00_sr\[7\]$_DFF_P_/D
     1884 |      21 |     352 |      164 |     35 |   250 |    +1.8% |   -0.098 |       -6.7 |    148 | sa00_sr\[7\]$_DFF_P_/D
     1890 |      21 |     355 |      164 |     35 |   252 |    +1.8% |   -0.098 |       -6.7 |    148 | sa00_sr\[7\]$_DFF_P_/D
     1900 |      21 |     361 |      164 |     36 |   255 |    +1.9% |   -0.101 |       -6.8 |    148 | sa00_sr\[7\]$_DFF_P_/D
     1900 |      21 |     355 |      164 |     35 |   251 |    +1.8% |   -0.098 |       -6.7 |    148 | sa00_sr\[7\]$_DFF_P_/D
     1910 |      21 |     359 |      164 |     35 |   256 |    +1.8% |   -0.098 |       -6.7 |    148 | sa00_sr\[7\]$_DFF_P_/D
     1915 |      21 |     361 |      164 |     35 |   258 |    +1.8% |   -0.098 |       -6.7 |    148 | sa00_sr\[7\]$_DFF_P_/D
     1920 |      21 |     362 |      166 |     35 |   260 |    +1.8% |   -0.098 |       -6.7 |    148 | sa00_sr\[7\]$_DFF_P_/D
     1923 |      21 |     362 |      166 |     35 |   259 |    +1.8% |   -0.098 |       -6.7 |    148 | sa00_sr\[7\]$_DFF_P_/D
     1930 |      21 |     364 |      174 |     35 |   261 |    +1.8% |   -0.098 |       -6.7 |    148 | sa00_sr\[7\]$_DFF_P_/D
     1935 |      21 |     365 |      176 |     36 |   263 |    +1.9% |   -0.098 |       -6.7 |    148 | sa00_sr\[7\]$_DFF_P_/D
     1937 |      21 |     366 |      176 |     36 |   263 |    +1.9% |   -0.098 |       -6.7 |    146 | sa00_sr\[7\]$_DFF_P_/D
     1940 |      21 |     366 |      176 |     36 |   265 |    +1.9% |   -0.098 |       -6.7 |    146 | sa00_sr\[7\]$_DFF_P_/D
     1940 |      21 |     366 |      176 |     36 |   263 |    +1.9% |   -0.098 |       -6.7 |    146 | sa00_sr\[7\]$_DFF_P_/D
     1950 |      21 |     370 |      178 |     36 |   267 |    +1.9% |   -0.106 |       -6.7 |    146 | sa11_sr\[4\]$_DFF_P_/D
     1955 |      21 |     368 |      177 |     36 |   263 |    +1.9% |   -0.098 |       -6.7 |    146 | sa00_sr\[7\]$_DFF_P_/D
     1960 |      21 |     370 |      179 |     36 |   264 |    +1.9% |   -0.098 |       -6.7 |    146 | sa00_sr\[7\]$_DFF_P_/D
     1968 |      23 |     373 |      179 |     36 |   267 |    +1.9% |   -0.098 |       -6.6 |    144 | sa00_sr\[7\]$_DFF_P_/D
     1969 |      23 |     373 |      179 |     36 |   267 |    +1.9% |   -0.098 |       -6.6 |    143 | sa00_sr\[7\]$_DFF_P_/D
     1970 |      23 |     373 |      179 |     36 |   267 |    +1.9% |   -0.098 |       -6.6 |    143 | sa00_sr\[7\]$_DFF_P_/D
     1980 |      23 |     380 |      179 |     36 |   270 |    +1.9% |   -0.098 |       -6.6 |    143 | sa00_sr\[7\]$_DFF_P_/D
     1981 |      23 |     377 |      179 |     36 |   267 |    +1.9% |   -0.098 |       -6.6 |    143 | sa00_sr\[7\]$_DFF_P_/D
     1990 |      23 |     380 |      179 |     36 |   272 |    +1.9% |   -0.098 |       -6.6 |    143 | sa00_sr\[7\]$_DFF_P_/D
     2000 |      23 |     386 |      181 |     37 |   274 |    +1.9% |   -0.098 |       -6.7 |    143 | sa00_sr\[7\]$_DFF_P_/D
     2000 |      23 |     380 |      180 |     36 |   272 |    +1.9% |   -0.098 |       -6.7 |    143 | sa00_sr\[7\]$_DFF_P_/D
     2010 |      23 |     384 |      180 |     37 |   276 |    +1.9% |   -0.098 |       -6.7 |    143 | sa00_sr\[7\]$_DFF_P_/D
     2013 |      23 |     382 |      180 |     36 |   274 |    +1.9% |   -0.098 |       -6.7 |    143 | sa00_sr\[7\]$_DFF_P_/D
     2020 |      23 |     387 |      180 |     36 |   275 |    +1.9% |   -0.098 |       -6.7 |    143 | sa00_sr\[7\]$_DFF_P_/D
     2030 |      23 |     394 |      180 |     36 |   278 |    +2.0% |   -0.100 |       -6.8 |    143 | sa00_sr\[7\]$_DFF_P_/D
     2040 |      23 |     397 |      182 |     42 |   278 |    +2.2% |   -0.100 |       -6.7 |    143 | sa11_sr\[3\]$_DFF_P_/D
     2042 |      23 |     388 |      181 |     36 |   275 |    +1.9% |   -0.098 |       -6.7 |    143 | sa11_sr\[7\]$_DFF_P_/D
     2047 |      23 |     388 |      181 |     36 |   275 |    +1.9% |   -0.098 |       -6.7 |    143 | sa11_sr\[7\]$_DFF_P_/D
     2050 |      23 |     389 |      181 |     36 |   276 |    +1.9% |   -0.098 |       -6.7 |    143 | sa11_sr\[7\]$_DFF_P_/D
     2056 |      23 |     391 |      181 |     36 |   278 |    +1.9% |   -0.098 |       -6.7 |    143 | sa11_sr\[7\]$_DFF_P_/D
     2060 |      23 |     392 |      181 |     36 |   280 |    +1.9% |   -0.098 |       -6.7 |    143 | sa11_sr\[7\]$_DFF_P_/D
     2070 |      23 |     398 |      181 |     36 |   284 |    +2.0% |   -0.098 |       -6.7 |    143 | sa11_sr\[7\]$_DFF_P_/D
     2072 |      23 |     396 |      181 |     36 |   281 |    +1.9% |   -0.098 |       -6.6 |    143 | sa11_sr\[7\]$_DFF_P_/D
     2080 |      23 |     397 |      186 |     36 |   285 |    +2.0% |   -0.098 |       -6.7 |    143 | sa11_sr\[7\]$_DFF_P_/D
     2082 |      23 |     398 |      188 |     36 |   285 |    +2.0% |   -0.098 |       -6.6 |    141 | sa11_sr\[7\]$_DFF_P_/D
     2090 |      23 |     403 |      188 |     37 |   286 |    +2.0% |   -0.098 |       -6.7 |    141 | sa11_sr\[7\]$_DFF_P_/D
     2096 |      23 |     403 |      189 |     36 |   286 |    +2.0% |   -0.098 |       -6.6 |    141 | sa11_sr\[7\]$_DFF_P_/D
     2099 |      23 |     405 |      189 |     36 |   286 |    +2.0% |   -0.098 |       -6.6 |    139 | sa11_sr\[7\]$_DFF_P_/D
     2100 |      23 |     405 |      189 |     36 |   286 |    +2.0% |   -0.098 |       -6.6 |    139 | sa11_sr\[7\]$_DFF_P_/D
     2110 |      23 |     412 |      192 |     36 |   288 |    +2.0% |   -0.098 |       -6.5 |    139 | sa11_sr\[7\]$_DFF_P_/D
     2112 |      23 |     412 |      192 |     37 |   289 |    +2.1% |   -0.098 |       -6.5 |    137 | sa11_sr\[7\]$_DFF_P_/D
     2117 |      23 |     413 |      194 |     38 |   290 |    +2.1% |   -0.098 |       -6.5 |    135 | sa11_sr\[7\]$_DFF_P_/D
     2120 |      23 |     414 |      194 |     38 |   291 |    +2.1% |   -0.098 |       -6.5 |    135 | sa11_sr\[7\]$_DFF_P_/D
     2130 |      23 |     421 |      194 |     38 |   294 |    +2.1% |   -0.099 |       -6.6 |    135 | sa00_sr\[7\]$_DFF_P_/D
     2140 |      23 |     426 |      194 |     43 |   294 |    +2.3% |   -0.100 |       -6.6 |    135 | sa11_sr\[3\]$_DFF_P_/D
     2144 |      23 |     416 |      194 |     38 |   291 |    +2.1% |   -0.098 |       -6.5 |    135 | sa11_sr\[7\]$_DFF_P_/D
     2150 |      23 |     419 |      194 |     38 |   293 |    +2.1% |   -0.098 |       -6.5 |    135 | sa11_sr\[7\]$_DFF_P_/D
     2156 |      23 |     421 |      195 |     38 |   293 |    +2.1% |   -0.098 |       -6.5 |    135 | sa11_sr\[7\]$_DFF_P_/D
     2157 |      23 |     421 |      195 |     38 |   293 |    +2.1% |   -0.098 |       -6.5 |    134 | sa11_sr\[7\]$_DFF_P_/D
     2160 |      23 |     422 |      195 |     38 |   294 |    +2.1% |   -0.098 |       -6.5 |    134 | sa11_sr\[7\]$_DFF_P_/D
     2160 |      23 |     422 |      195 |     38 |   294 |    +2.1% |   -0.098 |       -6.5 |    134 | sa11_sr\[7\]$_DFF_P_/D
     2170 |      23 |     426 |      197 |     39 |   297 |    +2.1% |   -0.098 |       -6.5 |    134 | sa10_sr\[2\]$_DFF_P_/D
     2180 |      23 |     434 |      197 |     39 |   299 |    +2.2% |   -0.098 |       -6.5 |    134 | sa10_sr\[2\]$_DFF_P_/D
     2181 |      23 |     425 |      196 |     38 |   294 |    +2.1% |   -0.098 |       -6.5 |    134 | sa11_sr\[7\]$_DFF_P_/D
     2190 |      23 |     431 |      196 |     38 |   296 |    +2.1% |   -0.098 |       -6.5 |    134 | sa11_sr\[7\]$_DFF_P_/D
     2195 |      23 |     432 |      196 |     38 |   296 |    +2.1% |   -0.098 |       -6.5 |    134 | sa11_sr\[7\]$_DFF_P_/D
    2196* |      23 |     432 |      196 |     38 |   296 |    +2.1% |   -0.098 |       -6.5 |    148 | sa11_sr\[7\]$_DFF_P_/D
    2197* |      23 |     432 |      196 |     38 |   296 |    +2.1% |   -0.098 |       -6.5 |    148 | sa11_sr\[7\]$_DFF_P_/D
    2198* |      23 |     432 |      196 |     38 |   296 |    +2.1% |   -0.098 |       -6.5 |    148 | sa11_sr\[7\]$_DFF_P_/D
    2199* |      23 |     432 |      196 |     38 |   296 |    +2.1% |   -0.098 |       -6.5 |    148 | sa11_sr\[7\]$_DFF_P_/D
    2200* |      23 |     432 |      196 |     38 |   296 |    +2.1% |   -0.098 |       -6.5 |    148 | sa11_sr\[7\]$_DFF_P_/D
    2201* |      23 |     432 |      196 |     38 |   296 |    +2.1% |   -0.098 |       -6.5 |    148 | sa11_sr\[7\]$_DFF_P_/D
    2202* |      23 |     432 |      196 |     38 |   296 |    +2.1% |   -0.098 |       -6.5 |    148 | sa11_sr\[7\]$_DFF_P_/D
    2203* |      23 |     432 |      196 |     38 |   296 |    +2.1% |   -0.098 |       -6.5 |    148 | sa11_sr\[7\]$_DFF_P_/D
    2204* |      23 |     432 |      196 |     38 |   296 |    +2.1% |   -0.098 |       -6.5 |    148 | sa11_sr\[7\]$_DFF_P_/D
    2205* |      23 |     432 |      196 |     38 |   296 |    +2.1% |   -0.098 |       -6.5 |    148 | sa11_sr\[7\]$_DFF_P_/D
    2207* |      23 |     433 |      196 |     38 |   296 |    +2.1% |   -0.098 |       -6.5 |    148 | sa11_sr\[7\]$_DFF_P_/D
    2208* |      23 |     433 |      196 |     38 |   296 |    +2.1% |   -0.098 |       -6.5 |    148 | sa11_sr\[7\]$_DFF_P_/D
    2210* |      23 |     434 |      196 |     38 |   296 |    +2.1% |   -0.098 |       -6.5 |    148 | sa11_sr\[7\]$_DFF_P_/D
    2212* |      23 |     436 |      196 |     38 |   296 |    +2.1% |   -0.098 |       -6.5 |    148 | sa11_sr\[7\]$_DFF_P_/D
    2213* |      23 |     436 |      196 |     38 |   296 |    +2.1% |   -0.098 |       -6.5 |    148 | sa11_sr\[7\]$_DFF_P_/D
    2214* |      23 |     436 |      196 |     38 |   296 |    +2.1% |   -0.098 |       -6.5 |    148 | sa11_sr\[7\]$_DFF_P_/D
    2215* |      23 |     436 |      196 |     38 |   296 |    +2.1% |   -0.098 |       -6.5 |    148 | sa11_sr\[7\]$_DFF_P_/D
    2216* |      23 |     436 |      196 |     38 |   296 |    +2.1% |   -0.098 |       -6.5 |    148 | sa11_sr\[7\]$_DFF_P_/D
    2217* |      23 |     436 |      196 |     38 |   296 |    +2.1% |   -0.098 |       -6.5 |    148 | sa11_sr\[7\]$_DFF_P_/D
    2218* |      23 |     436 |      196 |     38 |   296 |    +2.1% |   -0.098 |       -6.5 |    148 | sa11_sr\[7\]$_DFF_P_/D
    2219* |      23 |     436 |      196 |     38 |   296 |    +2.1% |   -0.098 |       -6.5 |    148 | sa11_sr\[7\]$_DFF_P_/D
    2220* |      23 |     436 |      196 |     38 |   296 |    +2.1% |   -0.098 |       -6.5 |    148 | sa11_sr\[7\]$_DFF_P_/D
    2220* |      23 |     436 |      196 |     38 |   296 |    +2.1% |   -0.098 |       -6.5 |    148 | sa11_sr\[7\]$_DFF_P_/D
    2221* |      23 |     436 |      196 |     38 |   296 |    +2.1% |   -0.098 |       -6.5 |    148 | sa11_sr\[7\]$_DFF_P_/D
    2222* |      23 |     436 |      196 |     38 |   296 |    +2.1% |   -0.098 |       -6.5 |    148 | sa11_sr\[7\]$_DFF_P_/D
    2223* |      23 |     436 |      196 |     38 |   296 |    +2.1% |   -0.098 |       -6.5 |    148 | sa11_sr\[7\]$_DFF_P_/D
    2224* |      23 |     436 |      196 |     38 |   296 |    +2.1% |   -0.098 |       -6.5 |    148 | sa11_sr\[7\]$_DFF_P_/D
    2225* |      23 |     436 |      196 |     38 |   296 |    +2.1% |   -0.098 |       -6.5 |    148 | sa11_sr\[7\]$_DFF_P_/D
    2226* |      23 |     436 |      196 |     38 |   296 |    +2.1% |   -0.098 |       -6.5 |    148 | sa11_sr\[7\]$_DFF_P_/D
    2228* |      23 |     437 |      196 |     38 |   296 |    +2.1% |   -0.098 |       -6.5 |    148 | sa11_sr\[7\]$_DFF_P_/D
    2229* |      23 |     437 |      196 |     38 |   296 |    +2.1% |   -0.098 |       -6.5 |    148 | sa11_sr\[7\]$_DFF_P_/D
    2230* |      23 |     437 |      196 |     38 |   296 |    +2.1% |   -0.098 |       -6.5 |    148 | sa11_sr\[7\]$_DFF_P_/D
    2232* |      23 |     439 |      196 |     38 |   296 |    +2.2% |   -0.098 |       -6.5 |    148 | sa11_sr\[7\]$_DFF_P_/D
    2233* |      23 |     439 |      196 |     38 |   296 |    +2.2% |   -0.098 |       -6.5 |    148 | sa11_sr\[7\]$_DFF_P_/D
    2234* |      23 |     439 |      196 |     38 |   296 |    +2.2% |   -0.098 |       -6.5 |    148 | sa11_sr\[7\]$_DFF_P_/D
    2235* |      23 |     439 |      196 |     38 |   296 |    +2.2% |   -0.098 |       -6.5 |    148 | sa11_sr\[7\]$_DFF_P_/D
    2237* |      23 |     440 |      196 |     38 |   296 |    +2.2% |   -0.098 |       -6.5 |    148 | sa11_sr\[7\]$_DFF_P_/D
    2238* |      23 |     440 |      196 |     38 |   296 |    +2.2% |   -0.098 |       -6.5 |    148 | sa11_sr\[7\]$_DFF_P_/D
    2239* |      23 |     440 |      196 |     38 |   296 |    +2.2% |   -0.098 |       -6.5 |    148 | sa11_sr\[7\]$_DFF_P_/D
    2240* |      23 |     440 |      196 |     38 |   296 |    +2.2% |   -0.098 |       -6.5 |    148 | sa11_sr\[7\]$_DFF_P_/D
    2240* |      23 |     440 |      196 |     38 |   296 |    +2.2% |   -0.098 |       -6.5 |    148 | sa11_sr\[7\]$_DFF_P_/D
    2241* |      23 |     440 |      196 |     38 |   296 |    +2.2% |   -0.098 |       -6.5 |    148 | sa11_sr\[7\]$_DFF_P_/D
    2243* |      23 |     441 |      196 |     38 |   296 |    +2.2% |   -0.098 |       -6.5 |    148 | sa11_sr\[7\]$_DFF_P_/D
    2246* |      23 |     443 |      196 |     38 |   296 |    +2.2% |   -0.098 |       -6.5 |    148 | sa11_sr\[7\]$_DFF_P_/D
    2247* |      23 |     443 |      196 |     38 |   296 |    +2.2% |   -0.098 |       -6.5 |    148 | sa11_sr\[7\]$_DFF_P_/D
    2248* |      23 |     443 |      196 |     38 |   296 |    +2.2% |   -0.098 |       -6.5 |    148 | sa11_sr\[7\]$_DFF_P_/D
    2250* |      23 |     444 |      196 |     38 |   296 |    +2.2% |   -0.098 |       -6.5 |    148 | sa11_sr\[7\]$_DFF_P_/D
    2250* |      23 |     444 |      196 |     38 |   296 |    +2.2% |   -0.098 |       -6.5 |    148 | sa11_sr\[7\]$_DFF_P_/D
    2251* |      23 |     444 |      196 |     38 |   296 |    +2.2% |   -0.098 |       -6.5 |    148 | sa11_sr\[7\]$_DFF_P_/D
    2252* |      23 |     444 |      196 |     38 |   296 |    +2.2% |   -0.098 |       -6.5 |    148 | sa11_sr\[7\]$_DFF_P_/D
    2253* |      23 |     444 |      196 |     38 |   296 |    +2.2% |   -0.098 |       -6.5 |    148 | sa11_sr\[7\]$_DFF_P_/D
    2254* |      23 |     444 |      196 |     38 |   296 |    +2.2% |   -0.098 |       -6.5 |    148 | sa11_sr\[7\]$_DFF_P_/D
    2255* |      23 |     444 |      196 |     38 |   296 |    +2.2% |   -0.098 |       -6.5 |    148 | sa11_sr\[7\]$_DFF_P_/D
    2257* |      23 |     445 |      196 |     38 |   296 |    +2.2% |   -0.098 |       -6.4 |    148 | sa11_sr\[7\]$_DFF_P_/D
    2258* |      23 |     445 |      196 |     38 |   296 |    +2.2% |   -0.098 |       -6.4 |    148 | sa11_sr\[7\]$_DFF_P_/D
    2259* |      23 |     445 |      196 |     38 |   296 |    +2.2% |   -0.098 |       -6.4 |    148 | sa11_sr\[7\]$_DFF_P_/D
    2260* |      23 |     445 |      196 |     38 |   296 |    +2.2% |   -0.098 |       -6.4 |    148 | sa11_sr\[7\]$_DFF_P_/D
    2261* |      23 |     446 |      196 |     38 |   296 |    +2.2% |   -0.098 |       -6.4 |    148 | sa11_sr\[7\]$_DFF_P_/D
    2267* |      23 |     451 |      196 |     38 |   296 |    +2.2% |   -0.098 |       -6.4 |    148 | sa11_sr\[7\]$_DFF_P_/D
    2268* |      23 |     451 |      196 |     38 |   296 |    +2.2% |   -0.098 |       -6.4 |    148 | sa11_sr\[7\]$_DFF_P_/D
    2269* |      23 |     451 |      196 |     38 |   296 |    +2.2% |   -0.098 |       -6.4 |    148 | sa11_sr\[7\]$_DFF_P_/D
    2270* |      23 |     451 |      196 |     38 |   296 |    +2.2% |   -0.098 |       -6.4 |    148 | sa11_sr\[7\]$_DFF_P_/D
    2270* |      23 |     451 |      196 |     38 |   296 |    +2.2% |   -0.098 |       -6.4 |    148 | sa11_sr\[7\]$_DFF_P_/D
    2271* |      23 |     451 |      196 |     38 |   296 |    +2.2% |   -0.098 |       -6.4 |    148 | sa11_sr\[7\]$_DFF_P_/D
    2273* |      23 |     452 |      196 |     38 |   296 |    +2.2% |   -0.098 |       -6.4 |    148 | sa11_sr\[7\]$_DFF_P_/D
    2274* |      23 |     452 |      196 |     38 |   296 |    +2.2% |   -0.098 |       -6.4 |    148 | sa11_sr\[7\]$_DFF_P_/D
    2275* |      23 |     452 |      196 |     38 |   296 |    +2.2% |   -0.098 |       -6.4 |    148 | sa11_sr\[7\]$_DFF_P_/D
    2276* |      23 |     452 |      196 |     38 |   296 |    +2.2% |   -0.098 |       -6.4 |    148 | sa11_sr\[7\]$_DFF_P_/D
    2278* |      23 |     453 |      196 |     38 |   296 |    +2.2% |   -0.098 |       -6.4 |    148 | sa11_sr\[7\]$_DFF_P_/D
    2279* |      23 |     453 |      196 |     38 |   296 |    +2.2% |   -0.098 |       -6.4 |    148 | sa11_sr\[7\]$_DFF_P_/D
    2280* |      23 |     453 |      196 |     38 |   296 |    +2.2% |   -0.098 |       -6.4 |    148 | sa11_sr\[7\]$_DFF_P_/D
    2281* |      23 |     454 |      196 |     38 |   296 |    +2.2% |   -0.098 |       -6.4 |    148 | sa11_sr\[7\]$_DFF_P_/D
    2282* |      23 |     454 |      196 |     38 |   296 |    +2.2% |   -0.098 |       -6.4 |    148 | sa11_sr\[7\]$_DFF_P_/D
    2284* |      23 |     455 |      196 |     38 |   296 |    +2.2% |   -0.098 |       -6.4 |    148 | sa11_sr\[7\]$_DFF_P_/D
    2285* |      23 |     455 |      196 |     38 |   296 |    +2.2% |   -0.098 |       -6.4 |    148 | sa11_sr\[7\]$_DFF_P_/D
    2290* |      23 |     459 |      196 |     38 |   296 |    +2.2% |   -0.098 |       -6.4 |    148 | sa11_sr\[7\]$_DFF_P_/D
    2290* |      23 |     459 |      196 |     38 |   296 |    +2.2% |   -0.098 |       -6.4 |    148 | sa11_sr\[7\]$_DFF_P_/D
    2291* |      23 |     459 |      196 |     38 |   296 |    +2.2% |   -0.098 |       -6.4 |    148 | sa11_sr\[7\]$_DFF_P_/D
    2292* |      23 |     459 |      196 |     38 |   296 |    +2.2% |   -0.098 |       -6.4 |    148 | sa11_sr\[7\]$_DFF_P_/D
    2293* |      23 |     459 |      196 |     38 |   296 |    +2.2% |   -0.098 |       -6.4 |    148 | sa11_sr\[7\]$_DFF_P_/D
    2295* |      23 |     460 |      196 |     38 |   296 |    +2.2% |   -0.098 |       -6.4 |    148 | sa11_sr\[7\]$_DFF_P_/D
    2297* |      23 |     461 |      196 |     38 |   296 |    +2.2% |   -0.098 |       -6.4 |    148 | sa11_sr\[7\]$_DFF_P_/D
    2298* |      23 |     461 |      196 |     38 |   296 |    +2.2% |   -0.098 |       -6.4 |    148 | sa11_sr\[7\]$_DFF_P_/D
    2300* |      23 |     462 |      196 |     38 |   296 |    +2.2% |   -0.098 |       -6.4 |    148 | sa11_sr\[7\]$_DFF_P_/D
    final |      23 |     462 |      196 |     38 |   296 |    +2.2% |   -0.098 |       -6.4 |    148 | sa11_sr\[7\]$_DFF_P_/D
--------------------------------------------------------------------------------------------------------------
[INFO RSZ-0059] Removed 23 buffers.
[INFO RSZ-0040] Inserted 77 buffers.
[INFO RSZ-0041] Resized 462 instances.
[INFO RSZ-0043] Swapped pins on 296 instances.
[INFO RSZ-0049] Cloned 38 instances.
[WARNING RSZ-0062] Unable to repair all setup violations.
[INFO RSZ-0033] No hold violations found.
Took 47 seconds: repair_timing -verbose -setup_margin 0 -hold_margin 0 -repair_tns 100
global_route -start_incremental
detailed_placement
Placement Analysis
---------------------------------
total displacement       1829.4 u
average displacement        0.1 u
max displacement            7.2 u
original HPWL          256393.0 u
legalized HPWL         257929.5 u
delta HPWL                    1 %

global_route -end_incremental -congestion_report_file ./reports/nangate45/aes/base/congestion_post_repair_timing.rpt
global_route -start_incremental
global_route -end_incremental -congestion_report_file ./reports/nangate45/aes/base/congestion_post_recover_power.rpt
Repair antennas...
[WARNING GRT-0246] No diode with LEF class CORE ANTENNACELL found.
[INFO ANT-0002] Found 0 net violations.
[INFO ANT-0001] Found 0 pin violations.
Estimate parasitics...
Report metrics stage 5, global route...

==========================================================================
global route report_design_area
--------------------------------------------------------------------------
Design area 27936 u^2 53% utilization.
[INFO FLW-0007] clock clk period 0.820000
[INFO FLW-0008] Clock clk period 0.877
[INFO FLW-0009] Clock clk slack -0.103
[INFO FLW-0011] Path endpoint path count 1499
Elapsed time: 1:34.82[h:]min:sec. CPU time: user 563.87 sys 5.73 (600%). Peak memory: 673000KB.
