READY TO RUN!
/ml_placer/OpenROAD-flow-scripts/flow/scripts/flow.sh 3_4_place_resized resize
Running resize.tcl, stage 3_4_place_resized
Perform port buffering...
[INFO RSZ-0027] Inserted 141 input buffers.
[INFO RSZ-0028] Inserted 100 output buffers.
Perform buffer insertion and gate resizing...
repair_design -verbose
[INFO RSZ-0058] Using max wire length 640um.
Iteration |   Area    | Resized | Buffers | Nets repaired | Remaining
---------------------------------------------------------------------
        0 |     +0.0% |       0 |       0 |             0 |     19032
     1000 |     -0.0% |       1 |       0 |             0 |     18032
     2000 |     +0.0% |       4 |       0 |             0 |     17032
     3000 |     +0.0% |      20 |       0 |             0 |     16032
     4000 |     +0.0% |      21 |       0 |             0 |     15032
     5000 |     +0.0% |      24 |       0 |             0 |     14032
     6000 |     +0.0% |      29 |       0 |             0 |     13032
     7000 |     +0.1% |      42 |       0 |             0 |     12032
     8000 |     +0.1% |      60 |       0 |             0 |     11032
     9000 |     +0.1% |      78 |       0 |             0 |     10032
    10000 |     +0.1% |     106 |       0 |             0 |      9032
    11000 |     +0.1% |     118 |       0 |             0 |      8032
    12000 |     +0.2% |     128 |       0 |             0 |      7032
    13000 |     +0.2% |     132 |       0 |             0 |      6032
    14000 |     +0.2% |     141 |       0 |             0 |      5032
    15000 |     +0.2% |     151 |       0 |             0 |      4032
    16000 |     +0.2% |     161 |       0 |             0 |      3032
    17000 |     +0.2% |     162 |       0 |             0 |      2032
    18000 |     +0.2% |     162 |       0 |             0 |      1032
    19000 |     +0.4% |     223 |      24 |             1 |        32
    final |     +0.4% |     223 |      24 |             1 |         0
---------------------------------------------------------------------
[INFO RSZ-0034] Found 1 slew violations.
[INFO RSZ-0036] Found 1 capacitance violations.
[INFO RSZ-0039] Resized 223 instances.
[INFO RSZ-0038] Inserted 24 buffers in 1 nets.
Repair tie lo fanout...
[INFO RSZ-0042] Inserted 6 tie LOGIC0_X1 instances.
Repair tie hi fanout...
Floating nets: 
Report metrics stage 3, resizer...

==========================================================================
resizer report_design_area
--------------------------------------------------------------------------
Design area 33430 u^2 59% utilization.
Instance count before 16580, after 16850
Pin count before 60910, after 61445
Elapsed time: 0:24.11[h:]min:sec. CPU time: user 38.94 sys 19.50 (242%). Peak memory: 334852KB.
/ml_placer/OpenROAD-flow-scripts/flow/scripts/flow.sh 3_5_place_dp detail_place
Running detail_place.tcl, stage 3_5_place_dp
Placement Analysis
---------------------------------
total displacement      18304.3 u
average displacement        1.1 u
max displacement           11.3 u
original HPWL          246484.0 u
legalized HPWL         263647.8 u
delta HPWL                    7 %

Detailed placement improvement.
Importing netlist into detailed improver.
[INFO DPO-0100] Creating network with 16850 cells, 264 terminals, 19061 edges, 61709 pins, and 0 blockages.
[INFO DPO-0109] Network stats: inst 17114, edges 19061, pins 61709
[INFO DPO-0110] Number of regions is 1
[INFO DPO-0401] Setting random seed to 1.
[INFO DPO-0402] Setting maximum displacement 5 1 to 14000 2800 units.
[INFO DPO-0320] Collected 690 fixed cells.
[INFO DPO-0318] Collected 16424 single height cells.
[INFO DPO-0321] Collected 0 wide cells.
[INFO DPO-0322] Image (2280, 2800) - (481460, 478800)
[INFO DPO-0310] Assigned 16424 cells into segments.  Movement in X-direction is 0.000000, movement in Y-direction is 0.000000.
[INFO DPO-0313] Found 0 cells in wrong regions.
[INFO DPO-0315] Found 0 row alignment problems.
[INFO DPO-0314] Found 0 site alignment problems.
[INFO DPO-0311] Found 0 overlaps between adjacent cells.
[INFO DPO-0312] Found 0 edge spacing violations and 0 padding violations.
[INFO DPO-0303] Running algorithm for independent set matching.
[INFO DPO-0300] Set matching objective is wirelength.
[INFO DPO-0301] Pass   1 of matching; objective is 5.291037e+08.
[INFO DPO-0302] End of matching; objective is 5.286081e+08, improvement is 0.09 percent.
[INFO DPO-0303] Running algorithm for global swaps.
[INFO DPO-0306] Pass   1 of global swaps; hpwl is 5.231110e+08.
[INFO DPO-0306] Pass   2 of global swaps; hpwl is 5.221074e+08.
[INFO DPO-0307] End of global swaps; objective is 5.221074e+08, improvement is 1.23 percent.
[INFO DPO-0303] Running algorithm for vertical swaps.
[INFO DPO-0308] Pass   1 of vertical swaps; hpwl is 5.212638e+08.
[INFO DPO-0309] End of vertical swaps; objective is 5.212638e+08, improvement is 0.16 percent.
[INFO DPO-0303] Running algorithm for reordering.
[INFO DPO-0304] Pass   1 of reordering; objective is 5.191203e+08.
[INFO DPO-0305] End of reordering; objective is 5.191203e+08, improvement is 0.41 percent.
[INFO DPO-0303] Running algorithm for random improvement.
[INFO DPO-0324] Random improver is using displacement generator.
[INFO DPO-0325] Random improver is using hpwl objective.
[INFO DPO-0326] Random improver cost string is (a).
[INFO DPO-0332] End of pass, Generator displacement called 328480 times.
[INFO DPO-0335] Generator displacement, Cumulative attempts 328480, swaps 67855, moves 44571 since last reset.
[INFO DPO-0333] End of pass, Objective hpwl, Initial cost 5.176510e+08, Scratch cost 5.143501e+08, Incremental cost 5.143501e+08, Mismatch? N
[INFO DPO-0338] End of pass, Total cost is 5.143501e+08.
[INFO DPO-0327] Pass   1 of random improver; improvement in cost is 0.64 percent.
[INFO DPO-0328] End of random improver; improvement is 0.637684 percent.
[INFO DPO-0380] Cell flipping.
[INFO DPO-0382] Changed 8163 cell orientations for row compatibility.
[INFO DPO-0383] Performed 4680 cell flips.
[INFO DPO-0384] End of flipping; objective is 5.118389e+08, improvement is 0.77 percent.
[INFO DPO-0313] Found 0 cells in wrong regions.
[INFO DPO-0315] Found 0 row alignment problems.
[INFO DPO-0314] Found 0 site alignment problems.
[INFO DPO-0311] Found 0 overlaps between adjacent cells.
[INFO DPO-0312] Found 0 edge spacing violations and 0 padding violations.
Detailed Improvement Results
------------------------------------------
Original HPWL           263647.8 u
Final HPWL              254185.9 u
Delta HPWL                  -3.6 %

[INFO DPL-0020] Mirrored 1008 instances
[INFO DPL-0021] HPWL before          254185.9 u
[INFO DPL-0022] HPWL after           254045.1 u
[INFO DPL-0023] HPWL delta               -0.1 %
[INFO FLW-0012] Placement violations .
Report metrics stage 3, detailed place...

==========================================================================
detailed place report_design_area
--------------------------------------------------------------------------
Design area 33430 u^2 59% utilization.
Elapsed time: 0:24.84[h:]min:sec. CPU time: user 38.38 sys 17.79 (226%). Peak memory: 240716KB.
