READY TO RUN!
OpenROAD v2.0-19576-gec1bf1a13 
Features included (+) or not (-): +GPU +GUI +Python : None
This program is licensed under the BSD-3 license. See the LICENSE file for details.
Components of this program may be licensed under more restrictive licenses which must be honored.
[WARNING ORD-0039] .openroad ignored with -python
[INFO ODB-0227] LEF file: platforms/nangate45/lef/NangateOpenCellLibrary.tech.lef, created 22 layers, 27 vias
[INFO ODB-0227] LEF file: platforms/nangate45/lef/NangateOpenCellLibrary.macro.lef, created 134 library cells
[INFO ODB-0227] LEF file: platforms/nangate45/lef/NangateOpenCellLibrary.macro.mod.lef, created 135 library cells
[INFO ODB-0227] LEF file: platforms/nangate45/lef/NangateOpenCellLibrary.macro.rect.lef, created 134 library cells
[WARNING ODB-0229] Error: library (NangateOpenCellLibrary.tech) already exists
[INFO ODB-0227] LEF file: platforms/nangate45/lef/fakeram45_1024x32.lef, created 1 library cells
[INFO ODB-0227] LEF file: platforms/nangate45/lef/fakeram45_128x116.lef, created 1 library cells
[INFO ODB-0227] LEF file: platforms/nangate45/lef/fakeram45_128x256.lef, created 1 library cells
[INFO ODB-0227] LEF file: platforms/nangate45/lef/fakeram45_128x32.lef, created 1 library cells
[INFO ODB-0227] LEF file: platforms/nangate45/lef/fakeram45_2048x39.lef, created 1 library cells
[INFO ODB-0227] LEF file: platforms/nangate45/lef/fakeram45_256x16.lef, created 1 library cells
[INFO ODB-0227] LEF file: platforms/nangate45/lef/fakeram45_256x32.lef, created 1 library cells
[INFO ODB-0227] LEF file: platforms/nangate45/lef/fakeram45_256x34.lef, created 1 library cells
[INFO ODB-0227] LEF file: platforms/nangate45/lef/fakeram45_256x48.lef, created 1 library cells
[INFO ODB-0227] LEF file: platforms/nangate45/lef/fakeram45_256x95.lef, created 1 library cells
[INFO ODB-0227] LEF file: platforms/nangate45/lef/fakeram45_256x96.lef, created 1 library cells
[INFO ODB-0227] LEF file: platforms/nangate45/lef/fakeram45_32x32.lef, created 1 library cells
[INFO ODB-0227] LEF file: platforms/nangate45/lef/fakeram45_32x64.lef, created 1 library cells
[INFO ODB-0227] LEF file: platforms/nangate45/lef/fakeram45_512x64.lef, created 1 library cells
[INFO ODB-0227] LEF file: platforms/nangate45/lef/fakeram45_64x124.lef, created 1 library cells
[INFO ODB-0227] LEF file: platforms/nangate45/lef/fakeram45_64x15.lef, created 1 library cells
[INFO ODB-0227] LEF file: platforms/nangate45/lef/fakeram45_64x21.lef, created 1 library cells
[INFO ODB-0227] LEF file: platforms/nangate45/lef/fakeram45_64x32.lef, created 1 library cells
[INFO ODB-0227] LEF file: platforms/nangate45/lef/fakeram45_64x62.lef, created 1 library cells
[INFO ODB-0227] LEF file: platforms/nangate45/lef/fakeram45_64x64.lef, created 1 library cells
[INFO ODB-0227] LEF file: platforms/nangate45/lef/fakeram45_64x7.lef, created 1 library cells
[INFO ODB-0227] LEF file: platforms/nangate45/lef/fakeram45_64x96.lef, created 1 library cells
libDir:  platforms/nangate45/lib
lefDir:  platforms/nangate45/lef
rcFile:  ./platforms/nangate45/setRC.tcl
Reading library file: platforms/nangate45/lib/NangateOpenCellLibrary_typical.lib

Reading library file: platforms/nangate45/lib/fakeram45_1024x32.lib

Reading library file: platforms/nangate45/lib/fakeram45_128x116.lib

Reading library file: platforms/nangate45/lib/fakeram45_128x256.lib

Reading library file: platforms/nangate45/lib/fakeram45_128x32.lib

Reading library file: platforms/nangate45/lib/fakeram45_2048x39.lib

Reading library file: platforms/nangate45/lib/fakeram45_256x16.lib

Reading library file: platforms/nangate45/lib/fakeram45_256x32.lib

Reading library file: platforms/nangate45/lib/fakeram45_256x34.lib

Reading library file: platforms/nangate45/lib/fakeram45_256x48.lib

Reading library file: platforms/nangate45/lib/fakeram45_256x95.lib

Reading library file: platforms/nangate45/lib/fakeram45_256x96.lib

Reading library file: platforms/nangate45/lib/fakeram45_32x32.lib

Reading library file: platforms/nangate45/lib/fakeram45_32x64.lib

Reading library file: platforms/nangate45/lib/fakeram45_512x64.lib

Reading library file: platforms/nangate45/lib/fakeram45_64x124.lib

Reading library file: platforms/nangate45/lib/fakeram45_64x15.lib

Reading library file: platforms/nangate45/lib/fakeram45_64x21.lib

Reading library file: platforms/nangate45/lib/fakeram45_64x32.lib

Reading library file: platforms/nangate45/lib/fakeram45_64x62.lib

Reading library file: platforms/nangate45/lib/fakeram45_64x64.lib

Reading library file: platforms/nangate45/lib/fakeram45_64x7.lib

Reading library file: platforms/nangate45/lib/fakeram45_64x96.lib

READY TO RUN!
OpenROAD v2.0-19576-gec1bf1a13 
Features included (+) or not (-): +GPU +GUI +Python : None
This program is licensed under the BSD-3 license. See the LICENSE file for details.
Components of this program may be licensed under more restrictive licenses which must be honored.
[WARNING ORD-0039] .openroad ignored with -python
[INFO ODB-0227] LEF file: platforms/nangate45/lef/NangateOpenCellLibrary.tech.lef, created 22 layers, 27 vias
[INFO ODB-0227] LEF file: platforms/nangate45/lef/NangateOpenCellLibrary.macro.lef, created 134 library cells
[INFO ODB-0227] LEF file: platforms/nangate45/lef/NangateOpenCellLibrary.macro.mod.lef, created 135 library cells
[INFO ODB-0227] LEF file: platforms/nangate45/lef/NangateOpenCellLibrary.macro.rect.lef, created 134 library cells
[WARNING ODB-0229] Error: library (NangateOpenCellLibrary.tech) already exists
[INFO ODB-0227] LEF file: platforms/nangate45/lef/fakeram45_1024x32.lef, created 1 library cells
[INFO ODB-0227] LEF file: platforms/nangate45/lef/fakeram45_128x116.lef, created 1 library cells
[INFO ODB-0227] LEF file: platforms/nangate45/lef/fakeram45_128x256.lef, created 1 library cells
[INFO ODB-0227] LEF file: platforms/nangate45/lef/fakeram45_128x32.lef, created 1 library cells
[INFO ODB-0227] LEF file: platforms/nangate45/lef/fakeram45_2048x39.lef, created 1 library cells
[INFO ODB-0227] LEF file: platforms/nangate45/lef/fakeram45_256x16.lef, created 1 library cells
[INFO ODB-0227] LEF file: platforms/nangate45/lef/fakeram45_256x32.lef, created 1 library cells
[INFO ODB-0227] LEF file: platforms/nangate45/lef/fakeram45_256x34.lef, created 1 library cells
[INFO ODB-0227] LEF file: platforms/nangate45/lef/fakeram45_256x48.lef, created 1 library cells
[INFO ODB-0227] LEF file: platforms/nangate45/lef/fakeram45_256x95.lef, created 1 library cells
[INFO ODB-0227] LEF file: platforms/nangate45/lef/fakeram45_256x96.lef, created 1 library cells
[INFO ODB-0227] LEF file: platforms/nangate45/lef/fakeram45_32x32.lef, created 1 library cells
[INFO ODB-0227] LEF file: platforms/nangate45/lef/fakeram45_32x64.lef, created 1 library cells
[INFO ODB-0227] LEF file: platforms/nangate45/lef/fakeram45_512x64.lef, created 1 library cells
[INFO ODB-0227] LEF file: platforms/nangate45/lef/fakeram45_64x124.lef, created 1 library cells
[INFO ODB-0227] LEF file: platforms/nangate45/lef/fakeram45_64x15.lef, created 1 library cells
[INFO ODB-0227] LEF file: platforms/nangate45/lef/fakeram45_64x21.lef, created 1 library cells
[INFO ODB-0227] LEF file: platforms/nangate45/lef/fakeram45_64x32.lef, created 1 library cells
[INFO ODB-0227] LEF file: platforms/nangate45/lef/fakeram45_64x62.lef, created 1 library cells
[INFO ODB-0227] LEF file: platforms/nangate45/lef/fakeram45_64x64.lef, created 1 library cells
[INFO ODB-0227] LEF file: platforms/nangate45/lef/fakeram45_64x7.lef, created 1 library cells
[INFO ODB-0227] LEF file: platforms/nangate45/lef/fakeram45_64x96.lef, created 1 library cells
libDir:  platforms/nangate45/lib
lefDir:  platforms/nangate45/lef
rcFile:  ./platforms/nangate45/setRC.tcl
Reading library file: platforms/nangate45/lib/NangateOpenCellLibrary_typical.lib

Reading library file: platforms/nangate45/lib/fakeram45_1024x32.lib

Reading library file: platforms/nangate45/lib/fakeram45_128x116.lib

Reading library file: platforms/nangate45/lib/fakeram45_128x256.lib

Reading library file: platforms/nangate45/lib/fakeram45_128x32.lib

Reading library file: platforms/nangate45/lib/fakeram45_2048x39.lib

Reading library file: platforms/nangate45/lib/fakeram45_256x16.lib

Reading library file: platforms/nangate45/lib/fakeram45_256x32.lib

Reading library file: platforms/nangate45/lib/fakeram45_256x34.lib

Reading library file: platforms/nangate45/lib/fakeram45_256x48.lib

Reading library file: platforms/nangate45/lib/fakeram45_256x95.lib

Reading library file: platforms/nangate45/lib/fakeram45_256x96.lib

Reading library file: platforms/nangate45/lib/fakeram45_32x32.lib

Reading library file: platforms/nangate45/lib/fakeram45_32x64.lib

Reading library file: platforms/nangate45/lib/fakeram45_512x64.lib

Reading library file: platforms/nangate45/lib/fakeram45_64x124.lib

Reading library file: platforms/nangate45/lib/fakeram45_64x15.lib

Reading library file: platforms/nangate45/lib/fakeram45_64x21.lib

Reading library file: platforms/nangate45/lib/fakeram45_64x32.lib

Reading library file: platforms/nangate45/lib/fakeram45_64x62.lib

Reading library file: platforms/nangate45/lib/fakeram45_64x64.lib

Reading library file: platforms/nangate45/lib/fakeram45_64x7.lib

Reading library file: platforms/nangate45/lib/fakeram45_64x96.lib

READY TO RUN!
OpenROAD v2.0-19576-gec1bf1a13 
Features included (+) or not (-): +GPU +GUI +Python : None
This program is licensed under the BSD-3 license. See the LICENSE file for details.
Components of this program may be licensed under more restrictive licenses which must be honored.
[WARNING ORD-0039] .openroad ignored with -python
[INFO ODB-0227] LEF file: platforms/nangate45/lef/NangateOpenCellLibrary.tech.lef, created 22 layers, 27 vias
[INFO ODB-0227] LEF file: platforms/nangate45/lef/NangateOpenCellLibrary.macro.lef, created 134 library cells
[INFO ODB-0227] LEF file: platforms/nangate45/lef/NangateOpenCellLibrary.macro.mod.lef, created 135 library cells
[INFO ODB-0227] LEF file: platforms/nangate45/lef/NangateOpenCellLibrary.macro.rect.lef, created 134 library cells
[WARNING ODB-0229] Error: library (NangateOpenCellLibrary.tech) already exists
[INFO ODB-0227] LEF file: platforms/nangate45/lef/fakeram45_1024x32.lef, created 1 library cells
[INFO ODB-0227] LEF file: platforms/nangate45/lef/fakeram45_128x116.lef, created 1 library cells
[INFO ODB-0227] LEF file: platforms/nangate45/lef/fakeram45_128x256.lef, created 1 library cells
[INFO ODB-0227] LEF file: platforms/nangate45/lef/fakeram45_128x32.lef, created 1 library cells
[INFO ODB-0227] LEF file: platforms/nangate45/lef/fakeram45_2048x39.lef, created 1 library cells
[INFO ODB-0227] LEF file: platforms/nangate45/lef/fakeram45_256x16.lef, created 1 library cells
[INFO ODB-0227] LEF file: platforms/nangate45/lef/fakeram45_256x32.lef, created 1 library cells
[INFO ODB-0227] LEF file: platforms/nangate45/lef/fakeram45_256x34.lef, created 1 library cells
[INFO ODB-0227] LEF file: platforms/nangate45/lef/fakeram45_256x48.lef, created 1 library cells
[INFO ODB-0227] LEF file: platforms/nangate45/lef/fakeram45_256x95.lef, created 1 library cells
[INFO ODB-0227] LEF file: platforms/nangate45/lef/fakeram45_256x96.lef, created 1 library cells
[INFO ODB-0227] LEF file: platforms/nangate45/lef/fakeram45_32x32.lef, created 1 library cells
[INFO ODB-0227] LEF file: platforms/nangate45/lef/fakeram45_32x64.lef, created 1 library cells
[INFO ODB-0227] LEF file: platforms/nangate45/lef/fakeram45_512x64.lef, created 1 library cells
[INFO ODB-0227] LEF file: platforms/nangate45/lef/fakeram45_64x124.lef, created 1 library cells
[INFO ODB-0227] LEF file: platforms/nangate45/lef/fakeram45_64x15.lef, created 1 library cells
[INFO ODB-0227] LEF file: platforms/nangate45/lef/fakeram45_64x21.lef, created 1 library cells
[INFO ODB-0227] LEF file: platforms/nangate45/lef/fakeram45_64x32.lef, created 1 library cells
[INFO ODB-0227] LEF file: platforms/nangate45/lef/fakeram45_64x62.lef, created 1 library cells
[INFO ODB-0227] LEF file: platforms/nangate45/lef/fakeram45_64x64.lef, created 1 library cells
[INFO ODB-0227] LEF file: platforms/nangate45/lef/fakeram45_64x7.lef, created 1 library cells
[INFO ODB-0227] LEF file: platforms/nangate45/lef/fakeram45_64x96.lef, created 1 library cells
[INFO GPL-0002] DBU: 2000
[INFO GPL-0003] SiteSize: (  0.190  1.400 ) um
[INFO GPL-0004] CoreBBox: (  1.140  1.400 ) ( 240.730 239.400 ) um
[INFO GPL-0006] NumInstances:             16572
[INFO GPL-0007] NumPlaceInstances:        16146
[INFO GPL-0008] NumFixedInstances:          426
[INFO GPL-0009] NumDummyInstances:            0
[INFO GPL-0010] NumNets:                  18783
[INFO GPL-0011] NumPins:                  61158
[INFO GPL-0012] DieBBox:  (  0.000  0.000 ) ( 241.790 241.790 ) um
[INFO GPL-0013] CoreBBox: (  1.140  1.400 ) ( 240.730 239.400 ) um
[INFO GPL-0016] CoreArea:             57022.420 um^2
[INFO GPL-0017] NonPlaceInstsArea:      113.316 um^2
[INFO GPL-0018] PlaceInstsArea:       29017.142 um^2
[INFO GPL-0019] Util:                    50.989 %
[INFO GPL-0020] StdInstsArea:         29017.142 um^2
[INFO GPL-0021] MacroInstsArea:           0.000 um^2
[INFO GPL-0031] FillerInit:NumGCells:     22634
[INFO GPL-0032] FillerInit:NumGNets:      18783
[INFO GPL-0033] FillerInit:NumGPins:      61158
[INFO GPL-0023] TargetDensity:            0.700
[INFO GPL-0024] AvrgPlaceInstArea:        1.797 um^2
[INFO GPL-0025] IdealBinArea:             2.567 um^2
[INFO GPL-0026] IdealBinCnt:              22210
[INFO GPL-0027] TotalBinArea:         57022.420 um^2
[INFO GPL-0028] BinCnt:       128    128
[INFO GPL-0029] BinSize: (  1.872  1.859 )
[INFO GPL-0030] NumBins: 16384
[NesterovSolve] Iter:    1 overflow: 0.638 HPWL: 2662027326
[INFO GPL-0100] Timing-driven iteration 1/5, virtual: true.
[INFO GPL-0101]    Iter: 1, overflow: 0.638, keep rsz at: 0.3, HPWL: 2662027326
Iteration |   Area    | Resized | Buffers | Nets repaired | Remaining
---------------------------------------------------------------------
        0 |     +0.0% |       0 |       0 |             0 |     18783
    final |    +34.0% |    9035 |      43 |            35 |         0
---------------------------------------------------------------------
[INFO RSZ-0034] Found 5 slew violations.
[INFO RSZ-0036] Found 35 capacitance violations.
[INFO RSZ-0039] Resized 9035 instances.
[INFO RSZ-0038] Inserted 43 buffers in 35 nets.
[INFO GPL-0106] Timing-driven: worst slack -8.77e-10
[INFO GPL-0103] Timing-driven: weighted 1877 nets.
[NesterovSolve] Iter:   10 overflow: 0.931 HPWL: 233601749
[NesterovSolve] Iter:   20 overflow: 0.922 HPWL: 186476234
[NesterovSolve] Iter:   30 overflow: 0.916 HPWL: 186073547
[NesterovSolve] Iter:   40 overflow: 0.909 HPWL: 192496559
[NesterovSolve] Iter:   50 overflow: 0.901 HPWL: 202249979
[NesterovSolve] Iter:   60 overflow: 0.893 HPWL: 213642517
[NesterovSolve] Iter:   70 overflow: 0.885 HPWL: 225768602
[NesterovSolve] Iter:   80 overflow: 0.873 HPWL: 240681555
[NesterovSolve] Iter:   90 overflow: 0.855 HPWL: 258472748
[NesterovSolve] Iter:  100 overflow: 0.833 HPWL: 278892448
[NesterovSolve] Iter:  110 overflow: 0.806 HPWL: 301241587
[NesterovSolve] Iter:  120 overflow: 0.774 HPWL: 323505609
[NesterovSolve] Iter:  130 overflow: 0.742 HPWL: 344983791
[NesterovSolve] Iter:  140 overflow: 0.704 HPWL: 364381192
[NesterovSolve] Iter:  150 overflow: 0.662 HPWL: 383160223
[INFO GPL-0100] Timing-driven iteration 2/5, virtual: true.
[INFO GPL-0101]    Iter: 156, overflow: 0.634, keep rsz at: 0.3, HPWL: 392304138
Iteration |   Area    | Resized | Buffers | Nets repaired | Remaining
---------------------------------------------------------------------
        0 |     +0.0% |       0 |       0 |             0 |     18783
    final |    +10.9% |    3362 |       5 |             5 |         0
---------------------------------------------------------------------
[INFO RSZ-0036] Found 5 capacitance violations.
[INFO RSZ-0039] Resized 3362 instances.
[INFO RSZ-0038] Inserted 5 buffers in 5 nets.
[INFO GPL-0106] Timing-driven: worst slack -2.9e-10
[INFO GPL-0103] Timing-driven: weighted 1877 nets.
[NesterovSolve] Iter:  160 overflow: 0.615 HPWL: 395965616
[INFO GPL-0088] Routability snapshot saved at iter = 162
[NesterovSolve] Iter:  170 overflow: 0.565 HPWL: 409091840
[NesterovSolve] Iter:  180 overflow: 0.513 HPWL: 423554096
[NesterovSolve] Iter:  190 overflow: 0.464 HPWL: 433876626
[NesterovSolve] Iter:  200 overflow: 0.417 HPWL: 440817545
[NesterovSolve] Iter:  210 overflow: 0.371 HPWL: 447788583
[NesterovSolve] Iter:  220 overflow: 0.327 HPWL: 451464200
[INFO GPL-0075] Routability iteration: 1
[INFO GPL-0036] TileBBox: (    0    0 ) ( 4200 4200 ) DBU
[INFO GPL-0038] TileCnt:     115  115
[INFO GPL-0040] NumTiles: 13225
[INFO GPL-0081] TotalRouteOverflow: 0.2782
[INFO GPL-0082] OverflowTileCnt: 5
[INFO GPL-0083] 0.5%RC: 0.8728
[INFO GPL-0084] 1.0%RC: 0.8278
[INFO GPL-0085] 2.0%RC: 0.7763
[INFO GPL-0086] 5.0%RC: 0.7002
[INFO GPL-0087] FinalRC: 0.8502653
[INFO GPL-0077] FinalRC lower than targetRC(1.0100), routability not needed.
[NesterovSolve] Iter:  230 overflow: 0.292 HPWL: 453262883
[INFO GPL-0100] Timing-driven iteration 3/5, virtual: false.
[INFO GPL-0101]    Iter: 232, overflow: 0.285, keep rsz at: 0.3, HPWL: 453888836
Iteration |   Area    | Resized | Buffers | Nets repaired | Remaining
---------------------------------------------------------------------
        0 |     +0.0% |       0 |       0 |             0 |     18783
    final |    +12.2% |    3597 |       7 |             6 |         0
---------------------------------------------------------------------
[INFO RSZ-0034] Found 1 slew violations.
[INFO RSZ-0036] Found 6 capacitance violations.
[INFO RSZ-0039] Resized 3597 instances.
[INFO RSZ-0038] Inserted 7 buffers in 6 nets.
[INFO GPL-0106] Timing-driven: worst slack -2.87e-10
[INFO GPL-0103] Timing-driven: weighted 1876 nets.
[INFO GPL-0107] Timing-driven: repair_design delta area: 3554.026 um^2 (+12.25%)
[INFO GPL-0108] Timing-driven: repair_design, gpl cells created: 7 (+0.00%)
[INFO GPL-0109] Timing-driven: inserted buffers as reported by repair_design: 7
[INFO GPL-0110] Timing-driven: new target density: 0.76245093
[NesterovSolve] Iter:  240 overflow: 0.257 HPWL: 473845020
[NesterovSolve] Iter:  250 overflow: 0.228 HPWL: 453094896
[INFO GPL-0100] Timing-driven iteration 4/5, virtual: false.
[INFO GPL-0101]    Iter: 257, overflow: 0.205, keep rsz at: 0.3, HPWL: 451240743
Iteration |   Area    | Resized | Buffers | Nets repaired | Remaining
---------------------------------------------------------------------
        0 |     +0.0% |       0 |       0 |             0 |     18783
    final |     +1.4% |     850 |       1 |             1 |         0
---------------------------------------------------------------------
[INFO RSZ-0036] Found 1 capacitance violations.
[INFO RSZ-0039] Resized 850 instances.
[INFO RSZ-0038] Inserted 1 buffers in 1 nets.
[INFO GPL-0106] Timing-driven: worst slack -2.5e-10
[INFO GPL-0103] Timing-driven: weighted 1877 nets.
[INFO GPL-0107] Timing-driven: repair_design delta area: 468.160 um^2 (+1.44%)
[INFO GPL-0108] Timing-driven: repair_design, gpl cells created: 1 (+0.00%)
[INFO GPL-0109] Timing-driven: inserted buffers as reported by repair_design: 1
[INFO GPL-0110] Timing-driven: new target density: 0.7706774
[NesterovSolve] Iter:  260 overflow: 0.197 HPWL: 451529279
[NesterovSolve] Iter:  270 overflow: 0.171 HPWL: 449995593
[NesterovSolve] Iter:  280 overflow: 0.146 HPWL: 449656867
[INFO GPL-0100] Timing-driven iteration 5/5, virtual: false.
[INFO GPL-0101]    Iter: 281, overflow: 0.144, keep rsz at: 0.3, HPWL: 449621572
Iteration |   Area    | Resized | Buffers | Nets repaired | Remaining
---------------------------------------------------------------------
        0 |     +0.0% |       0 |       0 |             0 |     18783
    final |     +0.2% |     222 |       0 |             0 |         0
---------------------------------------------------------------------
[INFO RSZ-0039] Resized 222 instances.
[INFO GPL-0106] Timing-driven: worst slack -2.32e-10
[INFO GPL-0103] Timing-driven: weighted 1875 nets.
[INFO GPL-0107] Timing-driven: repair_design delta area: 67.032 um^2 (+0.20%)
[INFO GPL-0108] Timing-driven: repair_design, gpl cells created: 0 (+0.00%)
[INFO GPL-0109] Timing-driven: inserted buffers as reported by repair_design: 0
[INFO GPL-0110] Timing-driven: new target density: 0.77185524
[NesterovSolve] Iter:  290 overflow: 0.126 HPWL: 450039156
[NesterovSolve] Iter:  300 overflow: 0.109 HPWL: 450351190
[NesterovSolve] Finished with Overflow: 0.099050
