
==========================================================================
global route report_tns
--------------------------------------------------------------------------
tns -2467.35

==========================================================================
global route report_wns
--------------------------------------------------------------------------
wns -40.38

==========================================================================
global route report_worst_slack
--------------------------------------------------------------------------
worst slack -40.38

==========================================================================
global route report_clock_skew
--------------------------------------------------------------------------
Clock clk
  81.60 source latency sa23_sr[7]$_DFF_P_/CLK ^
 -68.66 target latency sa30_sr[2]$_DFF_P_/CLK ^
  -0.85 CRPR
--------------
  12.09 setup skew


==========================================================================
global route report_checks -path_delay min
--------------------------------------------------------------------------
Startpoint: ld (input port clocked by clk)
Endpoint: ld_r$_DFF_P_ (rising edge-triggered flip-flop clocked by clk)
Path Group: clk
Path Type: min

Fanout     Cap    Slew   Delay    Time   Description
-----------------------------------------------------------------------------
                          0.00    0.00   clock clk (rise edge)
                          0.00    0.00   clock network delay (propagated)
                         80.00   80.00 v input external delay
     1    1.29    0.00    0.00   80.00 v ld (in)
                                         ld (net)
                  0.26    0.08   80.08 v input129/A (BUFx4f_ASAP7_75t_R)
     5    7.71   14.74   13.34   93.42 v input129/Y (BUFx4f_ASAP7_75t_R)
                                         net195 (net)
                 16.85    2.90   96.32 v ld_r$_DFF_P_/D (DFFHQNx1_ASAP7_75t_R)
                                 96.32   data arrival time

                          0.00    0.00   clock clk (rise edge)
                          0.00    0.00   clock source latency
     1    8.20    0.00    0.00    0.00 ^ clk (in)
                                         clk (net)
                  7.47    2.36    2.36 ^ clkbuf_0_clk/A (BUFx16f_ASAP7_75t_R)
     4   19.20   15.19   15.87   18.23 ^ clkbuf_0_clk/Y (BUFx16f_ASAP7_75t_R)
                                         clknet_0_clk (net)
                 18.95    3.88   22.11 ^ clkbuf_2_0_0_clk/A (BUFx24_ASAP7_75t_R)
    10   34.31   21.70   23.32   45.43 ^ clkbuf_2_0_0_clk/Y (BUFx24_ASAP7_75t_R)
                                         clknet_2_0_0_clk (net)
                 33.81    8.57   53.99 ^ clkbuf_leaf_3_clk/A (BUFx24_ASAP7_75t_R)
    22   15.10   12.70   26.03   80.02 ^ clkbuf_leaf_3_clk/Y (BUFx24_ASAP7_75t_R)
                                         clknet_leaf_3_clk (net)
                 12.91    0.83   80.85 ^ ld_r$_DFF_P_/CLK (DFFHQNx1_ASAP7_75t_R)
                          0.00   80.85   clock reconvergence pessimism
                         10.86   91.71   library hold time
                                 91.71   data required time
-----------------------------------------------------------------------------
                                 91.71   data required time
                                -96.32   data arrival time
-----------------------------------------------------------------------------
                                  4.61   slack (MET)



==========================================================================
global route report_checks -path_delay max
--------------------------------------------------------------------------
Startpoint: sa01_sr[7]$_DFF_P_ (rising edge-triggered flip-flop clocked by clk)
Endpoint: sa32_sr[1]$_DFF_P_ (rising edge-triggered flip-flop clocked by clk)
Path Group: clk
Path Type: max

Fanout     Cap    Slew   Delay    Time   Description
-----------------------------------------------------------------------------
                          0.00    0.00   clock clk (rise edge)
                          0.00    0.00   clock source latency
     1    8.20    0.00    0.00    0.00 ^ clk (in)
                                         clk (net)
                  7.47    2.36    2.36 ^ clkbuf_0_clk/A (BUFx16f_ASAP7_75t_R)
     4   19.20   15.19   15.87   18.23 ^ clkbuf_0_clk/Y (BUFx16f_ASAP7_75t_R)
                                         clknet_0_clk (net)
                 19.10    3.97   22.20 ^ clkbuf_2_2_0_clk/A (BUFx24_ASAP7_75t_R)
    10   34.76   21.91   24.51   46.71 ^ clkbuf_2_2_0_clk/Y (BUFx24_ASAP7_75t_R)
                                         clknet_2_2_0_clk (net)
                 24.96    4.23   50.94 ^ clkbuf_leaf_20_clk/A (BUFx24_ASAP7_75t_R)
    20   15.87   12.84   23.85   74.79 ^ clkbuf_leaf_20_clk/Y (BUFx24_ASAP7_75t_R)
                                         clknet_leaf_20_clk (net)
                 13.13    0.96   75.75 ^ sa01_sr[7]$_DFF_P_/CLK (DFFHQNx2_ASAP7_75t_R)
     1    1.59   16.48   42.70  118.45 v sa01_sr[7]$_DFF_P_/QN (DFFHQNx2_ASAP7_75t_R)
                                         _00747_ (net)
                 16.48    0.12  118.57 v _19698_/A (BUFx6f_ASAP7_75t_R)
     8   13.28   16.66   19.06  137.63 v _19698_/Y (BUFx6f_ASAP7_75t_R)
                                         _11363_ (net)
                 18.54    2.94  140.58 v _19699_/A (XOR2x2_ASAP7_75t_R)
     4    6.00   26.12   39.57  180.15 ^ _19699_/Y (XOR2x2_ASAP7_75t_R)
                                         _11364_ (net)
                 26.16    0.67  180.82 ^ _28507_/B (XOR2x1_ASAP7_75t_R)
     2    2.38   23.75   25.58  206.40 ^ _28507_/Y (XOR2x1_ASAP7_75t_R)
                                         _05702_ (net)
                 23.76    0.15  206.55 ^ _28516_/B (NAND2x1_ASAP7_75t_R)
     1    1.24   13.21   11.14  217.70 v _28516_/Y (NAND2x1_ASAP7_75t_R)
                                         _05711_ (net)
                 13.21    0.11  217.81 v _28518_/A2 (AOI21x1_ASAP7_75t_R)
     2    4.90   35.76   19.53  237.34 ^ _28518_/Y (AOI21x1_ASAP7_75t_R)
                                         _05713_ (net)
                 36.13    2.00  239.34 ^ _28632_/A1 (OAI21x1_ASAP7_75t_R)
     1    2.16   17.23   12.94  252.28 v _28632_/Y (OAI21x1_ASAP7_75t_R)
                                         _05822_ (net)
                 17.23    0.13  252.41 v _28633_/A (NAND2x2_ASAP7_75t_R)
     4    5.84   27.64   19.44  271.85 ^ _28633_/Y (NAND2x2_ASAP7_75t_R)
                                         _05823_ (net)
                 28.03    1.78  273.62 ^ _28634_/A (BUFx6f_ASAP7_75t_R)
     8    9.11   13.95   19.57  293.19 ^ _28634_/Y (BUFx6f_ASAP7_75t_R)
                                         _16031_ (net)
                 14.61    1.62  294.81 ^ _31421_/A (HAxp5_ASAP7_75t_R)
     4    3.69   46.56   25.87  320.68 v _31421_/CON (HAxp5_ASAP7_75t_R)
                                         _00631_ (net)
     3    2.36   41.55   24.43  345.11 ^ _31421_/SN (HAxp5_ASAP7_75t_R)
                                         _00632_ (net)
                 41.55    0.23  345.34 ^ _28594_/A (INVx1_ASAP7_75t_R)
     2    2.74   23.27   18.21  363.55 v _28594_/Y (INVx1_ASAP7_75t_R)
                                         _05784_ (net)
                 23.28    0.24  363.80 v _28595_/B (AOI21x1_ASAP7_75t_R)
     2    3.89   33.19   21.18  384.98 ^ _28595_/Y (AOI21x1_ASAP7_75t_R)
                                         _05785_ (net)
                 33.22    0.56  385.54 ^ _28596_/A (NOR2x2_ASAP7_75t_R)
     8   10.44   39.79   28.03  413.56 v _28596_/Y (NOR2x2_ASAP7_75t_R)
                                         _05786_ (net)
                 40.25    2.39  415.95 v _28755_/A (INVx3_ASAP7_75t_R)
     5    6.66   23.56   18.39  434.35 ^ _28755_/Y (INVx3_ASAP7_75t_R)
                                         _05944_ (net)
                 23.61    0.60  434.95 ^ _28852_/B (NOR2x1p5_ASAP7_75t_R)
     1    0.81   15.81    9.66  444.61 v _28852_/Y (NOR2x1p5_ASAP7_75t_R)
                                         _06040_ (net)
                 15.81    0.07  444.69 v _28853_/A1 (OA21x2_ASAP7_75t_R)
     1    1.16    7.35   18.84  463.52 v _28853_/Y (OA21x2_ASAP7_75t_R)
                                         _06041_ (net)
                  7.35    0.05  463.58 v _28854_/B (NOR2x1_ASAP7_75t_R)
     1    1.38   13.95    9.65  473.23 ^ _28854_/Y (NOR2x1_ASAP7_75t_R)
                                         _06042_ (net)
                 13.95    0.15  473.38 ^ _28855_/B (NOR2x1_ASAP7_75t_R)
     1    1.62   14.77   11.49  484.87 v _28855_/Y (NOR2x1_ASAP7_75t_R)
                                         _06043_ (net)
                 14.78    0.22  485.08 v _28856_/B1 (OAI22x1_ASAP7_75t_R)
     1    2.14   22.78   14.92  500.01 ^ _28856_/Y (OAI22x1_ASAP7_75t_R)
                                         _00137_ (net)
                 22.82    0.53  500.54 ^ sa32_sr[1]$_DFF_P_/D (DFFHQNx2_ASAP7_75t_R)
                                500.54   data arrival time

                        400.00  400.00   clock clk (rise edge)
                          0.00  400.00   clock source latency
     1    7.55    0.00    0.00  400.00 ^ clk (in)
                                         clk (net)
                  6.51    2.05  402.05 ^ clkbuf_0_clk/A (BUFx16f_ASAP7_75t_R)
     4   16.79   13.72   15.33  417.38 ^ clkbuf_0_clk/Y (BUFx16f_ASAP7_75t_R)
                                         clknet_0_clk (net)
                 15.92    2.84  420.22 ^ clkbuf_2_3_0_clk/A (BUFx24_ASAP7_75t_R)
     8   26.82   17.98   22.77  443.00 ^ clkbuf_2_3_0_clk/Y (BUFx24_ASAP7_75t_R)
                                         clknet_2_3_0_clk (net)
                 20.54    3.54  446.54 ^ clkbuf_leaf_13_clk/A (BUFx24_ASAP7_75t_R)
    17   12.02   10.96   22.11  468.65 ^ clkbuf_leaf_13_clk/Y (BUFx24_ASAP7_75t_R)
                                         clknet_leaf_13_clk (net)
                 11.59    1.28  469.93 ^ sa32_sr[1]$_DFF_P_/CLK (DFFHQNx2_ASAP7_75t_R)
                          0.85  470.78   clock reconvergence pessimism
                        -10.62  460.16   library setup time
                                460.16   data required time
-----------------------------------------------------------------------------
                                460.16   data required time
                               -500.54   data arrival time
-----------------------------------------------------------------------------
                                -40.38   slack (VIOLATED)



==========================================================================
global route report_checks -unconstrained
--------------------------------------------------------------------------
Startpoint: sa01_sr[7]$_DFF_P_ (rising edge-triggered flip-flop clocked by clk)
Endpoint: sa32_sr[1]$_DFF_P_ (rising edge-triggered flip-flop clocked by clk)
Path Group: clk
Path Type: max

Fanout     Cap    Slew   Delay    Time   Description
-----------------------------------------------------------------------------
                          0.00    0.00   clock clk (rise edge)
                          0.00    0.00   clock source latency
     1    8.20    0.00    0.00    0.00 ^ clk (in)
                                         clk (net)
                  7.47    2.36    2.36 ^ clkbuf_0_clk/A (BUFx16f_ASAP7_75t_R)
     4   19.20   15.19   15.87   18.23 ^ clkbuf_0_clk/Y (BUFx16f_ASAP7_75t_R)
                                         clknet_0_clk (net)
                 19.10    3.97   22.20 ^ clkbuf_2_2_0_clk/A (BUFx24_ASAP7_75t_R)
    10   34.76   21.91   24.51   46.71 ^ clkbuf_2_2_0_clk/Y (BUFx24_ASAP7_75t_R)
                                         clknet_2_2_0_clk (net)
                 24.96    4.23   50.94 ^ clkbuf_leaf_20_clk/A (BUFx24_ASAP7_75t_R)
    20   15.87   12.84   23.85   74.79 ^ clkbuf_leaf_20_clk/Y (BUFx24_ASAP7_75t_R)
                                         clknet_leaf_20_clk (net)
                 13.13    0.96   75.75 ^ sa01_sr[7]$_DFF_P_/CLK (DFFHQNx2_ASAP7_75t_R)
     1    1.59   16.48   42.70  118.45 v sa01_sr[7]$_DFF_P_/QN (DFFHQNx2_ASAP7_75t_R)
                                         _00747_ (net)
                 16.48    0.12  118.57 v _19698_/A (BUFx6f_ASAP7_75t_R)
     8   13.28   16.66   19.06  137.63 v _19698_/Y (BUFx6f_ASAP7_75t_R)
                                         _11363_ (net)
                 18.54    2.94  140.58 v _19699_/A (XOR2x2_ASAP7_75t_R)
     4    6.00   26.12   39.57  180.15 ^ _19699_/Y (XOR2x2_ASAP7_75t_R)
                                         _11364_ (net)
                 26.16    0.67  180.82 ^ _28507_/B (XOR2x1_ASAP7_75t_R)
     2    2.38   23.75   25.58  206.40 ^ _28507_/Y (XOR2x1_ASAP7_75t_R)
                                         _05702_ (net)
                 23.76    0.15  206.55 ^ _28516_/B (NAND2x1_ASAP7_75t_R)
     1    1.24   13.21   11.14  217.70 v _28516_/Y (NAND2x1_ASAP7_75t_R)
                                         _05711_ (net)
                 13.21    0.11  217.81 v _28518_/A2 (AOI21x1_ASAP7_75t_R)
     2    4.90   35.76   19.53  237.34 ^ _28518_/Y (AOI21x1_ASAP7_75t_R)
                                         _05713_ (net)
                 36.13    2.00  239.34 ^ _28632_/A1 (OAI21x1_ASAP7_75t_R)
     1    2.16   17.23   12.94  252.28 v _28632_/Y (OAI21x1_ASAP7_75t_R)
                                         _05822_ (net)
                 17.23    0.13  252.41 v _28633_/A (NAND2x2_ASAP7_75t_R)
     4    5.84   27.64   19.44  271.85 ^ _28633_/Y (NAND2x2_ASAP7_75t_R)
                                         _05823_ (net)
                 28.03    1.78  273.62 ^ _28634_/A (BUFx6f_ASAP7_75t_R)
     8    9.11   13.95   19.57  293.19 ^ _28634_/Y (BUFx6f_ASAP7_75t_R)
                                         _16031_ (net)
                 14.61    1.62  294.81 ^ _31421_/A (HAxp5_ASAP7_75t_R)
     4    3.69   46.56   25.87  320.68 v _31421_/CON (HAxp5_ASAP7_75t_R)
                                         _00631_ (net)
     3    2.36   41.55   24.43  345.11 ^ _31421_/SN (HAxp5_ASAP7_75t_R)
                                         _00632_ (net)
                 41.55    0.23  345.34 ^ _28594_/A (INVx1_ASAP7_75t_R)
     2    2.74   23.27   18.21  363.55 v _28594_/Y (INVx1_ASAP7_75t_R)
                                         _05784_ (net)
                 23.28    0.24  363.80 v _28595_/B (AOI21x1_ASAP7_75t_R)
     2    3.89   33.19   21.18  384.98 ^ _28595_/Y (AOI21x1_ASAP7_75t_R)
                                         _05785_ (net)
                 33.22    0.56  385.54 ^ _28596_/A (NOR2x2_ASAP7_75t_R)
     8   10.44   39.79   28.03  413.56 v _28596_/Y (NOR2x2_ASAP7_75t_R)
                                         _05786_ (net)
                 40.25    2.39  415.95 v _28755_/A (INVx3_ASAP7_75t_R)
     5    6.66   23.56   18.39  434.35 ^ _28755_/Y (INVx3_ASAP7_75t_R)
                                         _05944_ (net)
                 23.61    0.60  434.95 ^ _28852_/B (NOR2x1p5_ASAP7_75t_R)
     1    0.81   15.81    9.66  444.61 v _28852_/Y (NOR2x1p5_ASAP7_75t_R)
                                         _06040_ (net)
                 15.81    0.07  444.69 v _28853_/A1 (OA21x2_ASAP7_75t_R)
     1    1.16    7.35   18.84  463.52 v _28853_/Y (OA21x2_ASAP7_75t_R)
                                         _06041_ (net)
                  7.35    0.05  463.58 v _28854_/B (NOR2x1_ASAP7_75t_R)
     1    1.38   13.95    9.65  473.23 ^ _28854_/Y (NOR2x1_ASAP7_75t_R)
                                         _06042_ (net)
                 13.95    0.15  473.38 ^ _28855_/B (NOR2x1_ASAP7_75t_R)
     1    1.62   14.77   11.49  484.87 v _28855_/Y (NOR2x1_ASAP7_75t_R)
                                         _06043_ (net)
                 14.78    0.22  485.08 v _28856_/B1 (OAI22x1_ASAP7_75t_R)
     1    2.14   22.78   14.92  500.01 ^ _28856_/Y (OAI22x1_ASAP7_75t_R)
                                         _00137_ (net)
                 22.82    0.53  500.54 ^ sa32_sr[1]$_DFF_P_/D (DFFHQNx2_ASAP7_75t_R)
                                500.54   data arrival time

                        400.00  400.00   clock clk (rise edge)
                          0.00  400.00   clock source latency
     1    7.55    0.00    0.00  400.00 ^ clk (in)
                                         clk (net)
                  6.51    2.05  402.05 ^ clkbuf_0_clk/A (BUFx16f_ASAP7_75t_R)
     4   16.79   13.72   15.33  417.38 ^ clkbuf_0_clk/Y (BUFx16f_ASAP7_75t_R)
                                         clknet_0_clk (net)
                 15.92    2.84  420.22 ^ clkbuf_2_3_0_clk/A (BUFx24_ASAP7_75t_R)
     8   26.82   17.98   22.77  443.00 ^ clkbuf_2_3_0_clk/Y (BUFx24_ASAP7_75t_R)
                                         clknet_2_3_0_clk (net)
                 20.54    3.54  446.54 ^ clkbuf_leaf_13_clk/A (BUFx24_ASAP7_75t_R)
    17   12.02   10.96   22.11  468.65 ^ clkbuf_leaf_13_clk/Y (BUFx24_ASAP7_75t_R)
                                         clknet_leaf_13_clk (net)
                 11.59    1.28  469.93 ^ sa32_sr[1]$_DFF_P_/CLK (DFFHQNx2_ASAP7_75t_R)
                          0.85  470.78   clock reconvergence pessimism
                        -10.62  460.16   library setup time
                                460.16   data required time
-----------------------------------------------------------------------------
                                460.16   data required time
                               -500.54   data arrival time
-----------------------------------------------------------------------------
                                -40.38   slack (VIOLATED)



==========================================================================
global route report_check_types -max_slew -max_cap -max_fanout -violators
--------------------------------------------------------------------------

==========================================================================
global route max_slew_check_slack
--------------------------------------------------------------------------
170.04428100585938

==========================================================================
global route max_slew_check_limit
--------------------------------------------------------------------------
320.0

==========================================================================
global route max_slew_check_slack_limit
--------------------------------------------------------------------------
0.5314

==========================================================================
global route max_fanout_check_slack
--------------------------------------------------------------------------
1.0000000150474662e+30

==========================================================================
global route max_fanout_check_limit
--------------------------------------------------------------------------
1.0000000150474662e+30

==========================================================================
global route max_capacitance_check_slack
--------------------------------------------------------------------------
0.034567415714263916

==========================================================================
global route max_capacitance_check_limit
--------------------------------------------------------------------------
23.040000915527344

==========================================================================
global route max_capacitance_check_slack_limit
--------------------------------------------------------------------------
0.0015

==========================================================================
global route max_slew_violation_count
--------------------------------------------------------------------------
max slew violation count 0

==========================================================================
global route max_fanout_violation_count
--------------------------------------------------------------------------
max fanout violation count 0

==========================================================================
global route max_cap_violation_count
--------------------------------------------------------------------------
max cap violation count 0

==========================================================================
global route setup_violation_count
--------------------------------------------------------------------------
setup violation count 137

==========================================================================
global route hold_violation_count
--------------------------------------------------------------------------
hold violation count 0

==========================================================================
global route report_checks -path_delay max reg to reg
--------------------------------------------------------------------------
Startpoint: sa01_sr[7]$_DFF_P_ (rising edge-triggered flip-flop clocked by clk)
Endpoint: sa32_sr[1]$_DFF_P_ (rising edge-triggered flip-flop clocked by clk)
Path Group: clk
Path Type: max

  Delay    Time   Description
---------------------------------------------------------
   0.00    0.00   clock clk (rise edge)
   0.00    0.00   clock source latency
   0.00    0.00 ^ clk (in)
  18.23   18.23 ^ clkbuf_0_clk/Y (BUFx16f_ASAP7_75t_R)
  28.48   46.71 ^ clkbuf_2_2_0_clk/Y (BUFx24_ASAP7_75t_R)
  28.09   74.79 ^ clkbuf_leaf_20_clk/Y (BUFx24_ASAP7_75t_R)
   0.96   75.75 ^ sa01_sr[7]$_DFF_P_/CLK (DFFHQNx2_ASAP7_75t_R)
  42.70  118.45 v sa01_sr[7]$_DFF_P_/QN (DFFHQNx2_ASAP7_75t_R)
  19.18  137.63 v _19698_/Y (BUFx6f_ASAP7_75t_R)
  42.51  180.15 ^ _19699_/Y (XOR2x2_ASAP7_75t_R)
  26.25  206.40 ^ _28507_/Y (XOR2x1_ASAP7_75t_R)
  11.30  217.70 v _28516_/Y (NAND2x1_ASAP7_75t_R)
  19.64  237.34 ^ _28518_/Y (AOI21x1_ASAP7_75t_R)
  14.94  252.28 v _28632_/Y (OAI21x1_ASAP7_75t_R)
  19.57  271.85 ^ _28633_/Y (NAND2x2_ASAP7_75t_R)
  21.34  293.19 ^ _28634_/Y (BUFx6f_ASAP7_75t_R)
  27.48  320.68 v _31421_/CON (HAxp5_ASAP7_75t_R)
  24.43  345.11 ^ _31421_/SN (HAxp5_ASAP7_75t_R)
  18.45  363.55 v _28594_/Y (INVx1_ASAP7_75t_R)
  21.43  384.98 ^ _28595_/Y (AOI21x1_ASAP7_75t_R)
  28.58  413.56 v _28596_/Y (NOR2x2_ASAP7_75t_R)
  20.78  434.35 ^ _28755_/Y (INVx3_ASAP7_75t_R)
  10.27  444.61 v _28852_/Y (NOR2x1p5_ASAP7_75t_R)
  18.91  463.52 v _28853_/Y (OA21x2_ASAP7_75t_R)
   9.71  473.23 ^ _28854_/Y (NOR2x1_ASAP7_75t_R)
  11.64  484.87 v _28855_/Y (NOR2x1_ASAP7_75t_R)
  15.14  500.01 ^ _28856_/Y (OAI22x1_ASAP7_75t_R)
   0.53  500.54 ^ sa32_sr[1]$_DFF_P_/D (DFFHQNx2_ASAP7_75t_R)
         500.54   data arrival time

 400.00  400.00   clock clk (rise edge)
   0.00  400.00   clock source latency
   0.00  400.00 ^ clk (in)
  17.38  417.38 ^ clkbuf_0_clk/Y (BUFx16f_ASAP7_75t_R)
  25.62  443.00 ^ clkbuf_2_3_0_clk/Y (BUFx24_ASAP7_75t_R)
  25.65  468.65 ^ clkbuf_leaf_13_clk/Y (BUFx24_ASAP7_75t_R)
   1.28  469.93 ^ sa32_sr[1]$_DFF_P_/CLK (DFFHQNx2_ASAP7_75t_R)
   0.85  470.78   clock reconvergence pessimism
 -10.62  460.16   library setup time
         460.16   data required time
---------------------------------------------------------
         460.16   data required time
        -500.54   data arrival time
---------------------------------------------------------
         -40.38   slack (VIOLATED)



==========================================================================
global route report_checks -path_delay min reg to reg
--------------------------------------------------------------------------
Startpoint: u0.w[1][5]$_DFF_P_ (rising edge-triggered flip-flop clocked by clk)
Endpoint: text_out[69]$_DFF_P_ (rising edge-triggered flip-flop clocked by clk)
Path Group: clk
Path Type: min

  Delay    Time   Description
---------------------------------------------------------
   0.00    0.00   clock clk (rise edge)
   0.00    0.00   clock source latency
   0.00    0.00 ^ clk (in)
  17.38   17.38 ^ clkbuf_0_clk/Y (BUFx16f_ASAP7_75t_R)
  25.62   43.00 ^ clkbuf_2_3_0_clk/Y (BUFx24_ASAP7_75t_R)
  24.98   67.97 ^ clkbuf_leaf_12_clk/Y (BUFx24_ASAP7_75t_R)
   1.18   69.15 ^ u0.w[1][5]$_DFF_P_/CLK (DFFHQNx2_ASAP7_75t_R)
  46.15  115.30 ^ u0.w[1][5]$_DFF_P_/QN (DFFHQNx2_ASAP7_75t_R)
  11.26  126.57 v _30717_/Y (XOR2x1_ASAP7_75t_R)
   0.06  126.63 v text_out[69]$_DFF_P_/D (DFFHQNx2_ASAP7_75t_R)
         126.63   data arrival time

   0.00    0.00   clock clk (rise edge)
   0.00    0.00   clock source latency
   0.00    0.00 ^ clk (in)
  18.23   18.23 ^ clkbuf_0_clk/Y (BUFx16f_ASAP7_75t_R)
  27.45   45.68 ^ clkbuf_2_3_0_clk/Y (BUFx24_ASAP7_75t_R)
  25.74   71.41 ^ clkbuf_leaf_17_clk/Y (BUFx24_ASAP7_75t_R)
   3.27   74.68 ^ text_out[69]$_DFF_P_/CLK (DFFHQNx2_ASAP7_75t_R)
  -2.68   72.00   clock reconvergence pessimism
  10.32   82.32   library hold time
          82.32   data required time
---------------------------------------------------------
          82.32   data required time
        -126.63   data arrival time
---------------------------------------------------------
          44.30   slack (MET)



==========================================================================
global route critical path target clock latency max path
--------------------------------------------------------------------------
75.1185

==========================================================================
global route critical path target clock latency min path
--------------------------------------------------------------------------
80.8511

==========================================================================
global route critical path source clock latency min path
--------------------------------------------------------------------------
0.0000

==========================================================================
global route critical path delay
--------------------------------------------------------------------------
500.5351

==========================================================================
global route critical path slack
--------------------------------------------------------------------------
-40.3791

==========================================================================
global route slack div critical path delay
--------------------------------------------------------------------------
-8.067186

==========================================================================
global route report_power
--------------------------------------------------------------------------
Group                  Internal  Switching    Leakage      Total
                          Power      Power      Power      Power (Watts)
----------------------------------------------------------------
Sequential             4.76e-03   1.21e-03   1.06e-07   5.97e-03   4.0%
Combinational          5.37e-02   8.71e-02   1.28e-06   1.41e-01  94.3%
Clock                  1.43e-03   1.03e-03   2.15e-08   2.46e-03   1.7%
Macro                  0.00e+00   0.00e+00   0.00e+00   0.00e+00   0.0%
Pad                    0.00e+00   0.00e+00   0.00e+00   0.00e+00   0.0%
----------------------------------------------------------------
Total                  5.99e-02   8.93e-02   1.41e-06   1.49e-01 100.0%
                          40.1%      59.9%       0.0%
