OpenROAD v2.0-19576-gec1bf1a13 
Features included (+) or not (-): +GPU +GUI +Python : None
This program is licensed under the BSD-3 license. See the LICENSE file for details.
Components of this program may be licensed under more restrictive licenses which must be honored.
[INFO ORD-0030] Using 22 thread(s).
[INFO DRT-0149] Reading tech and libs.

Units:                1000
Number of layers:     21
Number of macros:     212
Number of vias:       14
Number of viarulegen: 11

[INFO DRT-0150] Reading design.

Design:                   aes_cipher_top
Die area:                 ( 0 0 ) ( 69479 69479 )
Number of track patterns: 32
Number of DEF vias:       0
Number of components:     17615
Number of terminals:      388
Number of snets:          2
Number of nets:           17393

[INFO DRT-0167] List of default vias:
  Layer V2
    default via: VIA23
  Layer V3
    default via: VIA34
  Layer V4
    default via: VIA45
  Layer V5
    default via: VIA56
  Layer V6
    default via: VIA67
  Layer V7
    default via: VIA78
  Layer V8
    default via: VIA89
  Layer V9
    default via: VIA9Pad
[INFO DRT-0162] Library cell analysis.
[INFO DRT-0163] Instance analysis.
[INFO DRT-0164] Number of unique instances = 254.
[INFO DRT-0168] Init region query.
[INFO DRT-0024]   Complete Active.
[INFO DRT-0024]   Complete V0.
[INFO DRT-0024]   Complete M1.
[INFO DRT-0024]   Complete V1.
[INFO DRT-0024]   Complete M2.
[INFO DRT-0024]   Complete V2.
[INFO DRT-0024]   Complete M3.
[INFO DRT-0024]   Complete V3.
[INFO DRT-0024]   Complete M4.
[INFO DRT-0024]   Complete V4.
[INFO DRT-0024]   Complete M5.
[INFO DRT-0024]   Complete V5.
[INFO DRT-0024]   Complete M6.
[INFO DRT-0024]   Complete V6.
[INFO DRT-0024]   Complete M7.
[INFO DRT-0024]   Complete V7.
[INFO DRT-0024]   Complete M8.
[INFO DRT-0024]   Complete V8.
[INFO DRT-0024]   Complete M9.
[INFO DRT-0024]   Complete V9.
[INFO DRT-0024]   Complete Pad.
[INFO DRT-0033] Active shape region query size = 0.
[INFO DRT-0033] V0 shape region query size = 0.
[INFO DRT-0033] M1 shape region query size = 265485.
[INFO DRT-0033] V1 shape region query size = 446808.
[INFO DRT-0033] M2 shape region query size = 6455.
[INFO DRT-0033] V2 shape region query size = 9438.
[INFO DRT-0033] M3 shape region query size = 9438.
[INFO DRT-0033] V3 shape region query size = 6292.
[INFO DRT-0033] M4 shape region query size = 6462.
[INFO DRT-0033] V4 shape region query size = 6292.
[INFO DRT-0033] M5 shape region query size = 3702.
[INFO DRT-0033] V5 shape region query size = 624.
[INFO DRT-0033] M6 shape region query size = 336.
[INFO DRT-0033] V6 shape region query size = 0.
[INFO DRT-0033] M7 shape region query size = 0.
[INFO DRT-0033] V7 shape region query size = 0.
[INFO DRT-0033] M8 shape region query size = 0.
[INFO DRT-0033] V8 shape region query size = 0.
[INFO DRT-0033] M9 shape region query size = 0.
[INFO DRT-0033] V9 shape region query size = 0.
[INFO DRT-0033] Pad shape region query size = 0.
[INFO DRT-0165] Start pin access.
[INFO DRT-0076]   Complete 1000 pins.
[INFO DRT-0078]   Complete 1295 pins.
[INFO DRT-0079]   Complete 100 unique inst patterns.
[INFO DRT-0079]   Complete 200 unique inst patterns.
[INFO DRT-0081]   Complete 254 unique inst patterns.
[INFO DRT-0084]   Complete 9541 groups.
#scanned instances     = 17615
#unique  instances     = 254
#stdCellGenAp          = 8661
#stdCellValidPlanarAp  = 72
#stdCellValidViaAp     = 6940
#stdCellPinNoAp        = 0
#stdCellPinCnt         = 55788
#instTermValidViaApCnt = 0
#macroGenAp            = 0
#macroValidPlanarAp    = 0
#macroValidViaAp       = 0
#macroNoAp             = 0
[INFO DRT-0166] Complete pin access.
[INFO DRT-0267] cpu time = 00:14:59, elapsed time = 00:00:43, memory = 303.16 (MB), peak = 303.16 (MB)
global_route -congestion_report_file ./reports/asap7/aes/base/congestion.rpt -congestion_iterations 30 -congestion_report_iter_step 5 -verbose
[INFO GRT-0020] Min routing layer: M2
[INFO GRT-0021] Max routing layer: M7
[INFO GRT-0022] Global adjustment: 0%
[INFO GRT-0023] Grid origin: (0, 0)
[INFO GRT-0043] No OR_DEFAULT vias defined.
[INFO GRT-0088] Layer M1      Track-Pitch = 0.0360  line-2-Via Pitch: 0.0360
[INFO GRT-0088] Layer M2      Track-Pitch = 0.0390  line-2-Via Pitch: 0.0360
[INFO GRT-0088] Layer M3      Track-Pitch = 0.0360  line-2-Via Pitch: 0.0360
[INFO GRT-0088] Layer M4      Track-Pitch = 0.0480  line-2-Via Pitch: 0.0480
[INFO GRT-0088] Layer M5      Track-Pitch = 0.0480  line-2-Via Pitch: 0.0480
[INFO GRT-0088] Layer M6      Track-Pitch = 0.0640  line-2-Via Pitch: 0.0640
[INFO GRT-0088] Layer M7      Track-Pitch = 0.0640  line-2-Via Pitch: 0.0640
[INFO GRT-0003] Macros: 0
[INFO GRT-0043] No OR_DEFAULT vias defined.
[INFO GRT-0004] Blockages: 1686
[INFO GRT-0019] Found 40 clock nets.
[INFO GRT-0001] Minimum degree: 2
[INFO GRT-0002] Maximum degree: 25

[INFO GRT-0053] Routing resources analysis:
          Routing      Original      Derated      Resource
Layer     Direction    Resources     Resources    Reduction (%)
---------------------------------------------------------------
M1         Vertical            0             0          0.00%
M2         Horizontal     214272         81434          62.00%
M3         Vertical       246912        109721          55.56%
M4         Horizontal     181120         80215          55.71%
M5         Vertical       181120         77082          57.44%
M6         Horizontal     131840         58145          55.90%
M7         Vertical       131840         65405          50.39%
---------------------------------------------------------------

[INFO GRT-0101] Running extra iterations to remove overflow.
[INFO GRT-0197] Via related to pin nodes: 117593
[INFO GRT-0198] Via related Steiner nodes: 4743
[INFO GRT-0199] Via filling finished.
[INFO GRT-0111] Final number of vias: 162118
[INFO GRT-0112] Final usage 3D: 627644

[INFO GRT-0096] Final congestion report:
Layer         Resource        Demand        Usage (%)    Max H / Max V / Total Overflow
---------------------------------------------------------------------------------------
M1                   0             0            0.00%             0 /  0 /  0
M2               81434         34534           42.41%             0 /  0 /  0
M3              109721         45635           41.59%             0 /  0 /  0
M4               80215         25904           32.29%             0 /  0 /  0
M5               77082         19441           25.22%             0 /  0 /  0
M6               58145         10388           17.87%             0 /  0 /  0
M7               65405          5388            8.24%             0 /  0 /  0
---------------------------------------------------------------------------------------
Total           472002        141290           29.93%             0 /  0 /  0

[INFO GRT-0018] Total wirelength: 105087 um
[INFO GRT-0014] Routed nets: 17157
Perform buffer insertion and gate resizing...
repair_design -verbose
[INFO RSZ-0058] Using max wire length 162um.
Iteration |   Area    | Resized | Buffers | Nets repaired | Remaining
---------------------------------------------------------------------
        0 |     +0.0% |       0 |       0 |             0 |     17426
     1000 |     +0.0% |       0 |       0 |             0 |     16426
     2000 |     +0.0% |       0 |       0 |             0 |     15426
     3000 |     +0.0% |       0 |       0 |             0 |     14426
     4000 |     +0.0% |       0 |       0 |             0 |     13426
     5000 |     +0.0% |       0 |       0 |             0 |     12426
     6000 |     +0.0% |       0 |       0 |             0 |     11426
     7000 |     +0.0% |       0 |       0 |             0 |     10426
     8000 |     +0.0% |       0 |       0 |             0 |      9426
     9000 |     +0.0% |       0 |       0 |             0 |      8426
    10000 |     +0.0% |       0 |       0 |             0 |      7426
    11000 |     +0.0% |       0 |       0 |             0 |      6426
    12000 |     +0.0% |       0 |       0 |             0 |      5426
    13000 |     +0.0% |       0 |       0 |             0 |      4426
    14000 |     +0.0% |       0 |       0 |             0 |      3426
    15000 |     +0.0% |       0 |       0 |             0 |      2426
    16000 |     +0.0% |       0 |       0 |             0 |      1426
    17000 |     +0.0% |       0 |       0 |             0 |       426
    final |     +0.0% |       0 |       0 |             0 |         0
---------------------------------------------------------------------
global_route -start_incremental
detailed_placement
Placement Analysis
---------------------------------
total displacement          0.0 u
average displacement        0.0 u
max displacement            0.0 u
original HPWL           64450.8 u
legalized HPWL          64450.8 u
delta HPWL                    0 %

global_route -end_incremental -congestion_report_file ./reports/asap7/aes/base/congestion_post_repair_design.rpt
Repair setup and hold violations...
repair_timing -verbose -setup_margin 0 -hold_margin 0 -repair_tns 100
[INFO RSZ-0094] Found 155 endpoints with setup violations.
[INFO RSZ-0099] Repairing 155 out of 155 (100.00%) violating endpoints...
   Iter   | Removed | Resized | Inserted | Cloned |  Pin  |   Area   |    WNS   |   TNS      |  Viol  | Worst
          | Buffers |  Gates  | Buffers  |  Gates | Swaps |          |          |            | Endpts | Endpt
--------------------------------------------------------------------------------------------------------------
        0 |       0 |       0 |        0 |      0 |     0 |    +0.0% |  -42.148 |    -3084.5 |    155 | sa32_sr\[1\]$_DFF_P_/D
       10 |       0 |       0 |        0 |      0 |     9 |    +0.0% |  -40.427 |    -3082.1 |    155 | sa32_sr\[1\]$_DFF_P_/D
       14 |       0 |       0 |        0 |      0 |     8 |    +0.0% |  -40.202 |    -3081.2 |    155 | sa32_sr\[1\]$_DFF_P_/D
       19 |       0 |       0 |        0 |      0 |     8 |    +0.0% |  -40.202 |    -3081.2 |    155 | sa32_sr\[1\]$_DFF_P_/D
       20 |       0 |       0 |        0 |      0 |     8 |    +0.0% |  -40.202 |    -3081.2 |    155 | sa32_sr\[1\]$_DFF_P_/D
       30 |       0 |       1 |        0 |      0 |    17 |    +0.0% |  -40.202 |    -3075.1 |    155 | sa32_sr\[1\]$_DFF_P_/D
       38 |       0 |       1 |        5 |      0 |    20 |    +0.0% |  -40.202 |    -3097.3 |    155 | sa32_sr\[1\]$_DFF_P_/D
       40 |       0 |       2 |        5 |      0 |    20 |    +0.0% |  -40.202 |    -3098.4 |    155 | sa32_sr\[1\]$_DFF_P_/D
       44 |       0 |       2 |        5 |      0 |    20 |    +0.0% |  -40.202 |    -3098.4 |    155 | sa32_sr\[1\]$_DFF_P_/D
       49 |       0 |       2 |        5 |      0 |    20 |    +0.0% |  -40.202 |    -3098.4 |    155 | sa32_sr\[1\]$_DFF_P_/D
       50 |       0 |       2 |        5 |      0 |    20 |    +0.0% |  -40.202 |    -3098.4 |    155 | sa32_sr\[1\]$_DFF_P_/D
       60 |       0 |       2 |        9 |      0 |    29 |    +0.0% |  -40.202 |    -3100.0 |    155 | sa32_sr\[1\]$_DFF_P_/D
       63 |       0 |       2 |       11 |      0 |    31 |    +0.0% |  -40.202 |    -3103.2 |    155 | sa32_sr\[1\]$_DFF_P_/D
       69 |       0 |       2 |       13 |      0 |    32 |    +0.0% |  -40.202 |    -3085.7 |    155 | sa32_sr\[1\]$_DFF_P_/D
       70 |       0 |       2 |       13 |      0 |    32 |    +0.0% |  -40.202 |    -3085.7 |    155 | sa32_sr\[1\]$_DFF_P_/D
       79 |       0 |       2 |       13 |      0 |    35 |    +0.0% |  -40.202 |    -3083.1 |    155 | sa32_sr\[1\]$_DFF_P_/D
       80 |       0 |       2 |       13 |      0 |    35 |    +0.0% |  -40.202 |    -3083.1 |    155 | sa32_sr\[1\]$_DFF_P_/D
       87 |       0 |       3 |       13 |      0 |    39 |    +0.0% |  -40.202 |    -3089.3 |    155 | sa32_sr\[1\]$_DFF_P_/D
       90 |       0 |       3 |       15 |      0 |    40 |    +0.0% |  -42.438 |    -3170.6 |    155 | sa01_sr\[7\]$_DFF_P_/D
       98 |       0 |       3 |       14 |      0 |    39 |    +0.0% |  -40.202 |    -3089.3 |    155 | sa32_sr\[1\]$_DFF_P_/D
      100 |       0 |       3 |       14 |      0 |    40 |    +0.0% |  -40.202 |    -3088.9 |    155 | sa32_sr\[1\]$_DFF_P_/D
      110 |       0 |       4 |       14 |      0 |    49 |    +0.0% |  -40.202 |    -3091.5 |    155 | sa32_sr\[1\]$_DFF_P_/D
      110 |       0 |       3 |       14 |      0 |    39 |    +0.0% |  -40.202 |    -3088.1 |    155 | sa32_sr\[1\]$_DFF_P_/D
      120 |       1 |       3 |       16 |      1 |    45 |    +0.0% |  -40.202 |    -3003.2 |    155 | sa32_sr\[1\]$_DFF_P_/D
      126 |       1 |       3 |       16 |      1 |    48 |    +0.0% |  -40.202 |    -3000.2 |    155 | sa32_sr\[1\]$_DFF_P_/D
      130 |       1 |       3 |       16 |      1 |    51 |    +0.0% |  -40.202 |    -3003.0 |    155 | sa32_sr\[1\]$_DFF_P_/D
      140 |       2 |       3 |       18 |      1 |    59 |    +0.0% |  -40.202 |    -3001.9 |    155 | sa32_sr\[1\]$_DFF_P_/D
      149 |       2 |       3 |       19 |      1 |    61 |    +0.0% |  -40.202 |    -2998.0 |    155 | sa32_sr\[1\]$_DFF_P_/D
      150 |       2 |       3 |       19 |      1 |    61 |    +0.0% |  -40.202 |    -2998.0 |    155 | sa32_sr\[1\]$_DFF_P_/D
      157 |       2 |       3 |       19 |      1 |    62 |    +0.0% |  -40.202 |    -2992.7 |    155 | sa32_sr\[1\]$_DFF_P_/D
      160 |       2 |       3 |       19 |      1 |    64 |    +0.0% |  -40.202 |    -2991.8 |    155 | sa32_sr\[1\]$_DFF_P_/D
      163 |       2 |       3 |       19 |      1 |    67 |    +0.0% |  -40.202 |    -2991.2 |    155 | sa32_sr\[1\]$_DFF_P_/D
      170 |       2 |       3 |       19 |      1 |    73 |    +0.0% |  -40.202 |    -2990.3 |    155 | sa32_sr\[1\]$_DFF_P_/D
      170 |       2 |       3 |       19 |      1 |    69 |    +0.0% |  -40.202 |    -2988.2 |    155 | sa32_sr\[1\]$_DFF_P_/D
      180 |       2 |       3 |       26 |      1 |    75 |    +0.1% |  -40.097 |    -3029.0 |    155 | sa32_sr\[1\]$_DFF_P_/D
      186 |       2 |       5 |       26 |      1 |    78 |    +0.1% |  -40.097 |    -3025.6 |    155 | sa32_sr\[1\]$_DFF_P_/D
      190 |       2 |       5 |       26 |      1 |    81 |    +0.1% |  -40.097 |    -3029.6 |    155 | sa32_sr\[1\]$_DFF_P_/D
      195 |       2 |       5 |       26 |      1 |    83 |    +0.1% |  -40.097 |    -3021.3 |    155 | sa32_sr\[1\]$_DFF_P_/D
      200 |       2 |       5 |       26 |      1 |    87 |    +0.1% |  -40.097 |    -3022.3 |    155 | sa32_sr\[1\]$_DFF_P_/D
      201 |       2 |       5 |       26 |      1 |    85 |    +0.1% |  -40.097 |    -3020.5 |    155 | sa32_sr\[1\]$_DFF_P_/D
      210 |       2 |       5 |       26 |      2 |    92 |    +0.1% |  -40.097 |    -3020.5 |    155 | sa32_sr\[1\]$_DFF_P_/D
      212 |       2 |       5 |       26 |      3 |    92 |    +0.1% |  -40.097 |    -3015.6 |    155 | sa32_sr\[1\]$_DFF_P_/D
      220 |       2 |       5 |       26 |      3 |    99 |    +0.1% |  -40.097 |    -3010.6 |    155 | sa32_sr\[1\]$_DFF_P_/D
      230 |       3 |       6 |       26 |      3 |   107 |    +0.1% |  -40.097 |    -2985.7 |    155 | sa32_sr\[1\]$_DFF_P_/D
      231 |       3 |       6 |       28 |      3 |   107 |    +0.1% |  -40.097 |    -2969.8 |    155 | sa32_sr\[1\]$_DFF_P_/D
      236 |       3 |       6 |       28 |      3 |   107 |    +0.1% |  -40.097 |    -2969.8 |    155 | sa32_sr\[1\]$_DFF_P_/D
      240 |       3 |       6 |       28 |      3 |   110 |    +0.1% |  -40.135 |    -2975.0 |    155 | sa32_sr\[1\]$_DFF_P_/D
      243 |       3 |       6 |       28 |      3 |   107 |    +0.1% |  -40.097 |    -2969.8 |    155 | sa32_sr\[1\]$_DFF_P_/D
      246 |       3 |       6 |       28 |      3 |   107 |    +0.1% |  -40.097 |    -2969.8 |    155 | sa32_sr\[1\]$_DFF_P_/D
      250 |       3 |       6 |       28 |      3 |   110 |    +0.1% |  -40.097 |    -2960.7 |    155 | sa32_sr\[1\]$_DFF_P_/D
      260 |       3 |       6 |       28 |      3 |   120 |    +0.1% |  -40.097 |    -2973.2 |    155 | sa32_sr\[1\]$_DFF_P_/D
      260 |       3 |       6 |       28 |      3 |   110 |    +0.1% |  -40.097 |    -2960.7 |    155 | sa32_sr\[1\]$_DFF_P_/D
      267 |       3 |       6 |       28 |      3 |   110 |    +0.1% |  -40.097 |    -2960.7 |    155 | sa32_sr\[1\]$_DFF_P_/D
      270 |       3 |       6 |       28 |      3 |   112 |    +0.1% |  -40.097 |    -2962.2 |    155 | sa32_sr\[1\]$_DFF_P_/D
      272 |       3 |       6 |       28 |      3 |   110 |    +0.1% |  -40.097 |    -2960.7 |    155 | sa32_sr\[1\]$_DFF_P_/D
      276 |       3 |       6 |       28 |      3 |   110 |    +0.1% |  -40.097 |    -2960.7 |    155 | sa32_sr\[1\]$_DFF_P_/D
      280 |       3 |       6 |       30 |      3 |   112 |    +0.1% |  -40.097 |    -2949.6 |    155 | sa32_sr\[1\]$_DFF_P_/D
      283 |       3 |       6 |       30 |      3 |   111 |    +0.1% |  -40.097 |    -2947.7 |    155 | sa32_sr\[1\]$_DFF_P_/D
      290 |       3 |       6 |       32 |      3 |   116 |    +0.1% |  -40.097 |    -2948.9 |    155 | sa32_sr\[1\]$_DFF_P_/D
      300 |       3 |       6 |       32 |      3 |   126 |    +0.1% |  -40.097 |    -2950.9 |    155 | sa32_sr\[1\]$_DFF_P_/D
      307 |       3 |       7 |       32 |      3 |   120 |    +0.1% |  -40.097 |    -2942.7 |    155 | sa32_sr\[1\]$_DFF_P_/D
      310 |       3 |       7 |       32 |      3 |   122 |    +0.1% |  -40.097 |    -2940.4 |    155 | sa32_sr\[1\]$_DFF_P_/D
      320 |       4 |       7 |       37 |      3 |   129 |    +0.1% |  -40.097 |    -2902.9 |    155 | sa32_sr\[1\]$_DFF_P_/D
      326 |       5 |       7 |       37 |      3 |   134 |    +0.1% |  -40.097 |    -2870.2 |    155 | sa32_sr\[1\]$_DFF_P_/D
      330 |       5 |       7 |       37 |      3 |   137 |    +0.1% |  -40.097 |    -2872.0 |    155 | sa32_sr\[1\]$_DFF_P_/D
      331 |       5 |       7 |       37 |      3 |   134 |    +0.1% |  -40.097 |    -2870.2 |    155 | sa32_sr\[1\]$_DFF_P_/D
      336 |       5 |       7 |       37 |      3 |   134 |    +0.1% |  -40.097 |    -2870.2 |    155 | sa32_sr\[1\]$_DFF_P_/D
      340 |       5 |       7 |       37 |      3 |   137 |    +0.1% |  -40.097 |    -2869.9 |    155 | sa32_sr\[1\]$_DFF_P_/D
      350 |       5 |       7 |       39 |      4 |   145 |    +0.1% |  -40.097 |    -2846.7 |    155 | sa32_sr\[1\]$_DFF_P_/D
      353 |       5 |       7 |       39 |      4 |   143 |    +0.1% |  -40.097 |    -2845.3 |    155 | sa32_sr\[1\]$_DFF_P_/D
      360 |       5 |       7 |       39 |      4 |   149 |    +0.1% |  -40.097 |    -2855.0 |    155 | sa32_sr\[1\]$_DFF_P_/D
      364 |       5 |       7 |       39 |      4 |   143 |    +0.1% |  -40.097 |    -2843.9 |    155 | sa32_sr\[1\]$_DFF_P_/D
      370 |       5 |       8 |       39 |      4 |   147 |    +0.1% |  -40.097 |    -2843.0 |    155 | sa32_sr\[1\]$_DFF_P_/D
      371 |       5 |       8 |       39 |      4 |   147 |    +0.1% |  -40.097 |    -2843.0 |    155 | sa32_sr\[1\]$_DFF_P_/D
      376 |       5 |       8 |       39 |      4 |   147 |    +0.1% |  -40.097 |    -2843.0 |    155 | sa32_sr\[1\]$_DFF_P_/D
      380 |       5 |       8 |       39 |      4 |   150 |    +0.1% |  -40.097 |    -2844.2 |    155 | sa32_sr\[1\]$_DFF_P_/D
      381 |       5 |       8 |       39 |      4 |   147 |    +0.1% |  -40.097 |    -2843.0 |    155 | sa32_sr\[1\]$_DFF_P_/D
      387 |       5 |       8 |       39 |      4 |   147 |    +0.1% |  -40.097 |    -2843.0 |    155 | sa32_sr\[1\]$_DFF_P_/D
      390 |       5 |       8 |       39 |      4 |   149 |    +0.1% |  -40.097 |    -2842.7 |    155 | sa32_sr\[1\]$_DFF_P_/D
      392 |       5 |       8 |       39 |      4 |   148 |    +0.1% |  -40.097 |    -2841.1 |    155 | sa32_sr\[1\]$_DFF_P_/D
      395 |       5 |       8 |       39 |      4 |   148 |    +0.1% |  -40.097 |    -2841.1 |    155 | sa32_sr\[1\]$_DFF_P_/D
      400 |       5 |       9 |       39 |      4 |   151 |    +0.1% |  -40.097 |    -2838.1 |    155 | sa32_sr\[1\]$_DFF_P_/D
      403 |       5 |       9 |       39 |      4 |   152 |    +0.1% |  -40.097 |    -2838.0 |    155 | sa32_sr\[1\]$_DFF_P_/D
      410 |       5 |       9 |       41 |      4 |   157 |    +0.1% |  -40.097 |    -2834.3 |    155 | sa32_sr\[1\]$_DFF_P_/D
      411 |       5 |       9 |       41 |      4 |   153 |    +0.1% |  -40.097 |    -2828.6 |    155 | sa32_sr\[1\]$_DFF_P_/D
      416 |       5 |       9 |       41 |      4 |   153 |    +0.1% |  -40.097 |    -2828.6 |    155 | sa32_sr\[1\]$_DFF_P_/D
      420 |       5 |       9 |       41 |      4 |   156 |    +0.1% |  -40.097 |    -2829.8 |    155 | sa32_sr\[1\]$_DFF_P_/D
      423 |       5 |       9 |       41 |      4 |   154 |    +0.1% |  -40.097 |    -2826.7 |    155 | sa32_sr\[1\]$_DFF_P_/D
      428 |       5 |       9 |       43 |      4 |   155 |    +0.1% |  -40.097 |    -2824.2 |    155 | sa32_sr\[1\]$_DFF_P_/D
      430 |       5 |      10 |       43 |      4 |   155 |    +0.1% |  -40.097 |    -2824.8 |    155 | sa32_sr\[1\]$_DFF_P_/D
      438 |       5 |      10 |       43 |      4 |   155 |    +0.1% |  -40.097 |    -2824.8 |    155 | sa32_sr\[1\]$_DFF_P_/D
      440 |       5 |      10 |       43 |      4 |   156 |    +0.1% |  -40.097 |    -2828.7 |    155 | sa32_sr\[1\]$_DFF_P_/D
      450 |       6 |      10 |       45 |      4 |   164 |    +0.1% |  -40.097 |    -2782.5 |    155 | sa32_sr\[1\]$_DFF_P_/D
      456 |       6 |      10 |       50 |      4 |   166 |    +0.1% |  -40.097 |    -2743.6 |    155 | sa32_sr\[1\]$_DFF_P_/D
      460 |       6 |      10 |       52 |      4 |   168 |    +0.1% |  -40.097 |    -2737.8 |    155 | sa32_sr\[1\]$_DFF_P_/D
      465 |       6 |      10 |       55 |      4 |   172 |    +0.1% |  -40.097 |    -2735.6 |    155 | sa32_sr\[1\]$_DFF_P_/D
      470 |       6 |      10 |       55 |      4 |   176 |    +0.1% |  -40.097 |    -2743.8 |    155 | sa32_sr\[1\]$_DFF_P_/D
      473 |       6 |      10 |       55 |      4 |   172 |    +0.1% |  -40.097 |    -2735.6 |    155 | sa32_sr\[1\]$_DFF_P_/D
      480 |       6 |      12 |       55 |      4 |   176 |    +0.1% |  -40.097 |    -2745.4 |    155 | sa32_sr\[1\]$_DFF_P_/D
      482 |       6 |      12 |       55 |      4 |   174 |    +0.1% |  -40.097 |    -2742.5 |    155 | sa32_sr\[1\]$_DFF_P_/D
      486 |       6 |      12 |       55 |      4 |   174 |    +0.1% |  -40.097 |    -2742.5 |    155 | sa32_sr\[1\]$_DFF_P_/D
      490 |       6 |      12 |       55 |      4 |   177 |    +0.1% |  -40.097 |    -2745.2 |    155 | sa32_sr\[1\]$_DFF_P_/D
      491 |       6 |      12 |       55 |      4 |   174 |    +0.1% |  -40.097 |    -2742.5 |    155 | sa32_sr\[1\]$_DFF_P_/D
      497 |       6 |      12 |       55 |      4 |   175 |    +0.1% |  -40.097 |    -2741.6 |    155 | sa32_sr\[1\]$_DFF_P_/D
      500 |       6 |      12 |       55 |      4 |   177 |    +0.1% |  -40.097 |    -2745.2 |    155 | sa32_sr\[1\]$_DFF_P_/D
      502 |       6 |      12 |       55 |      4 |   179 |    +0.1% |  -40.097 |    -2742.5 |    155 | sa32_sr\[1\]$_DFF_P_/D
      509 |       6 |      12 |       55 |      4 |   179 |    +0.1% |  -40.097 |    -2742.5 |    155 | sa32_sr\[1\]$_DFF_P_/D
      510 |       6 |      12 |       55 |      4 |   179 |    +0.1% |  -40.097 |    -2742.5 |    155 | sa32_sr\[1\]$_DFF_P_/D
      519 |       6 |      12 |       59 |      4 |   181 |    +0.1% |  -40.097 |    -2725.2 |    155 | sa32_sr\[1\]$_DFF_P_/D
      520 |       6 |      12 |       59 |      4 |   181 |    +0.1% |  -40.097 |    -2725.2 |    155 | sa32_sr\[1\]$_DFF_P_/D
      524 |       6 |      12 |       59 |      4 |   181 |    +0.1% |  -40.097 |    -2725.2 |    155 | sa32_sr\[1\]$_DFF_P_/D
      530 |       6 |      12 |       59 |      4 |   186 |    +0.1% |  -40.097 |    -2729.2 |    155 | sa32_sr\[1\]$_DFF_P_/D
      531 |       6 |      12 |       59 |      4 |   181 |    +0.1% |  -40.097 |    -2725.2 |    155 | sa32_sr\[1\]$_DFF_P_/D
      538 |       6 |      15 |       59 |      4 |   184 |    +0.1% |  -40.097 |    -2723.2 |    155 | sa32_sr\[1\]$_DFF_P_/D
      540 |       6 |      15 |       59 |      4 |   185 |    +0.1% |  -40.097 |    -2724.7 |    155 | sa32_sr\[1\]$_DFF_P_/D
      545 |       6 |      15 |       59 |      4 |   184 |    +0.1% |  -40.097 |    -2723.2 |    155 | sa32_sr\[1\]$_DFF_P_/D
      550 |       6 |      15 |       59 |      4 |   188 |    +0.1% |  -40.097 |    -2726.7 |    155 | sa32_sr\[1\]$_DFF_P_/D
      551 |       6 |      15 |       59 |      4 |   184 |    +0.1% |  -40.097 |    -2723.2 |    155 | sa32_sr\[1\]$_DFF_P_/D
      555 |       6 |      15 |       61 |      4 |   184 |    +0.1% |  -40.097 |    -2721.0 |    155 | sa32_sr\[1\]$_DFF_P_/D
      560 |       6 |      15 |       61 |      4 |   188 |    +0.1% |  -40.097 |    -2725.1 |    155 | sa32_sr\[1\]$_DFF_P_/D
      560 |       6 |      15 |       61 |      4 |   184 |    +0.1% |  -40.097 |    -2720.9 |    155 | sa32_sr\[1\]$_DFF_P_/D
      567 |       6 |      15 |       61 |      4 |   184 |    +0.1% |  -40.097 |    -2720.9 |    155 | sa32_sr\[1\]$_DFF_P_/D
      570 |       6 |      15 |       61 |      4 |   186 |    +0.1% |  -40.097 |    -2721.6 |    155 | sa32_sr\[1\]$_DFF_P_/D
      573 |       6 |      15 |       61 |      4 |   184 |    +0.1% |  -40.097 |    -2720.9 |    155 | sa32_sr\[1\]$_DFF_P_/D
      580 |       6 |      15 |       61 |      4 |   190 |    +0.1% |  -40.097 |    -2733.5 |    155 | sa32_sr\[1\]$_DFF_P_/D
      581 |       6 |      15 |       61 |      4 |   184 |    +0.1% |  -40.097 |    -2720.9 |    155 | sa32_sr\[1\]$_DFF_P_/D
      590 |       6 |      16 |       61 |      4 |   191 |    +0.1% |  -40.097 |    -2730.3 |    155 | sa32_sr\[1\]$_DFF_P_/D
      594 |       6 |      15 |       61 |      4 |   184 |    +0.1% |  -40.097 |    -2720.9 |    155 | sa32_sr\[1\]$_DFF_P_/D
      600 |       6 |      15 |       63 |      4 |   188 |    +0.2% |  -40.096 |    -2716.4 |    155 | sa32_sr\[1\]$_DFF_P_/D
      608 |       6 |      15 |       63 |      4 |   195 |    +0.2% |  -40.096 |    -2717.7 |    155 | sa32_sr\[1\]$_DFF_P_/D
      610 |       6 |      15 |       63 |      4 |   196 |    +0.2% |  -40.096 |    -2719.3 |    155 | sa32_sr\[1\]$_DFF_P_/D
      612 |       6 |      15 |       63 |      4 |   195 |    +0.2% |  -40.096 |    -2718.1 |    155 | sa32_sr\[1\]$_DFF_P_/D
      620 |       6 |      16 |       70 |      4 |   198 |    +0.2% |  -40.096 |    -2694.5 |    155 | sa32_sr\[1\]$_DFF_P_/D
      628 |       6 |      16 |       72 |      5 |   202 |    +0.2% |  -40.096 |    -2698.3 |    155 | sa32_sr\[1\]$_DFF_P_/D
      630 |       6 |      16 |       74 |      5 |   202 |    +0.2% |  -40.096 |    -2677.9 |    155 | sa32_sr\[1\]$_DFF_P_/D
      636 |       6 |      17 |       74 |      5 |   203 |    +0.2% |  -40.096 |    -2676.4 |    155 | sa32_sr\[1\]$_DFF_P_/D
      640 |       6 |      18 |       74 |      5 |   205 |    +0.2% |  -40.096 |    -2676.3 |    155 | sa32_sr\[1\]$_DFF_P_/D
      646 |       6 |      19 |       74 |      5 |   208 |    +0.2% |  -40.096 |    -2675.8 |    155 | sa32_sr\[1\]$_DFF_P_/D
      650 |       6 |      20 |       74 |      5 |   210 |    +0.2% |  -40.096 |    -2669.2 |    155 | sa32_sr\[1\]$_DFF_P_/D
      660 |       6 |      20 |       76 |      5 |   219 |    +0.2% |  -40.096 |    -2677.5 |    155 | sa32_sr\[1\]$_DFF_P_/D
      663 |       6 |      20 |       75 |      5 |   215 |    +0.2% |  -40.096 |    -2667.5 |    155 | sa32_sr\[1\]$_DFF_P_/D
      668 |       6 |      20 |       75 |      5 |   215 |    +0.2% |  -40.096 |    -2667.5 |    155 | sa32_sr\[1\]$_DFF_P_/D
      670 |       6 |      20 |       75 |      5 |   216 |    +0.2% |  -40.096 |    -2667.7 |    155 | sa32_sr\[1\]$_DFF_P_/D
      674 |       6 |      20 |       75 |      5 |   215 |    +0.2% |  -40.096 |    -2667.5 |    155 | sa32_sr\[1\]$_DFF_P_/D
      676 |       6 |      20 |       75 |      5 |   215 |    +0.2% |  -40.096 |    -2667.5 |    155 | sa32_sr\[1\]$_DFF_P_/D
      680 |       6 |      20 |       75 |      5 |   218 |    +0.2% |  -40.096 |    -2666.9 |    155 | sa32_sr\[1\]$_DFF_P_/D
      686 |       6 |      21 |       79 |      5 |   219 |    +0.2% |  -40.096 |    -2656.9 |    155 | sa32_sr\[1\]$_DFF_P_/D
      690 |       6 |      21 |       82 |      5 |   221 |    +0.2% |  -40.096 |    -2653.0 |    155 | sa32_sr\[1\]$_DFF_P_/D
      695 |       6 |      21 |       86 |      5 |   221 |    +0.2% |  -40.096 |    -2647.6 |    155 | sa32_sr\[1\]$_DFF_P_/D
      700 |       6 |      21 |       86 |      5 |   225 |    +0.2% |  -40.096 |    -2651.5 |    155 | sa32_sr\[1\]$_DFF_P_/D
      700 |       6 |      21 |       86 |      5 |   221 |    +0.2% |  -40.096 |    -2647.6 |    155 | sa32_sr\[1\]$_DFF_P_/D
      707 |       6 |      22 |       86 |      5 |   225 |    +0.2% |  -40.096 |    -2647.7 |    155 | sa32_sr\[1\]$_DFF_P_/D
      710 |       6 |      22 |       86 |      5 |   227 |    +0.2% |  -40.096 |    -2650.4 |    155 | sa32_sr\[1\]$_DFF_P_/D
      713 |       6 |      22 |       86 |      5 |   225 |    +0.2% |  -40.096 |    -2647.7 |    155 | sa32_sr\[1\]$_DFF_P_/D
      717 |       6 |      22 |       86 |      5 |   225 |    +0.2% |  -40.096 |    -2647.7 |    155 | sa32_sr\[1\]$_DFF_P_/D
      720 |       6 |      22 |       86 |      5 |   227 |    +0.2% |  -40.096 |    -2649.9 |    155 | sa32_sr\[1\]$_DFF_P_/D
      723 |       6 |      22 |       86 |      5 |   225 |    +0.2% |  -40.096 |    -2647.7 |    155 | sa32_sr\[1\]$_DFF_P_/D
      728 |       6 |      22 |       86 |      5 |   226 |    +0.2% |  -40.096 |    -2647.4 |    155 | sa32_sr\[1\]$_DFF_P_/D
      730 |       6 |      22 |       86 |      5 |   227 |    +0.2% |  -40.096 |    -2648.3 |    155 | sa32_sr\[1\]$_DFF_P_/D
      731 |       6 |      22 |       86 |      5 |   226 |    +0.2% |  -40.096 |    -2647.4 |    155 | sa32_sr\[1\]$_DFF_P_/D
      740 |       6 |      22 |       88 |      5 |   233 |    +0.2% |  -40.096 |    -2641.7 |    155 | sa32_sr\[1\]$_DFF_P_/D
      743 |       6 |      22 |       88 |      5 |   234 |    +0.2% |  -40.096 |    -2644.2 |    155 | sa32_sr\[1\]$_DFF_P_/D
      747 |       6 |      22 |       88 |      5 |   234 |    +0.2% |  -40.096 |    -2644.2 |    155 | sa32_sr\[1\]$_DFF_P_/D
      750 |       6 |      22 |       88 |      5 |   236 |    +0.2% |  -40.096 |    -2648.3 |    155 | sa32_sr\[1\]$_DFF_P_/D
      753 |       6 |      22 |       88 |      5 |   234 |    +0.2% |  -40.096 |    -2644.2 |    155 | sa32_sr\[1\]$_DFF_P_/D
      759 |       6 |      22 |       88 |      5 |   234 |    +0.2% |  -40.096 |    -2644.2 |    155 | sa32_sr\[1\]$_DFF_P_/D
      760 |       6 |      22 |       88 |      5 |   234 |    +0.2% |  -40.096 |    -2644.2 |    155 | sa32_sr\[1\]$_DFF_P_/D
      764 |       6 |      22 |       88 |      5 |   234 |    +0.2% |  -40.096 |    -2644.2 |    155 | sa32_sr\[1\]$_DFF_P_/D
      770 |       6 |      22 |       93 |      5 |   238 |    +0.2% |  -40.096 |    -2643.5 |    155 | sa32_sr\[1\]$_DFF_P_/D
      777 |       6 |      23 |       93 |      5 |   242 |    +0.2% |  -40.096 |    -2641.7 |    155 | sa32_sr\[1\]$_DFF_P_/D
      780 |       6 |      23 |       93 |      5 |   244 |    +0.2% |  -40.096 |    -2644.9 |    155 | sa32_sr\[1\]$_DFF_P_/D
      788 |       6 |      23 |       93 |      5 |   243 |    +0.2% |  -40.096 |    -2640.1 |    155 | sa32_sr\[1\]$_DFF_P_/D
      790 |       6 |      23 |       93 |      5 |   244 |    +0.2% |  -40.096 |    -2631.5 |    155 | sa32_sr\[1\]$_DFF_P_/D
      797 |       6 |      23 |       93 |      5 |   244 |    +0.2% |  -40.096 |    -2631.5 |    155 | sa32_sr\[1\]$_DFF_P_/D
      800 |       6 |      23 |       93 |      5 |   246 |    +0.2% |  -40.096 |    -2631.9 |    155 | sa32_sr\[1\]$_DFF_P_/D
      800 |       6 |      23 |       93 |      5 |   245 |    +0.2% |  -40.096 |    -2630.4 |    155 | sa32_sr\[1\]$_DFF_P_/D
      808 |       6 |      23 |       93 |      5 |   248 |    +0.2% |  -40.096 |    -2626.4 |    155 | sa32_sr\[1\]$_DFF_P_/D
      810 |       6 |      23 |       95 |      5 |   248 |    +0.2% |  -40.096 |    -2614.6 |    155 | sa32_sr\[1\]$_DFF_P_/D
      818 |       6 |      26 |       95 |      5 |   252 |    +0.2% |  -40.096 |    -2613.0 |    155 | sa32_sr\[1\]$_DFF_P_/D
      820 |       6 |      26 |       95 |      5 |   253 |    +0.2% |  -40.096 |    -2614.8 |    155 | sa32_sr\[1\]$_DFF_P_/D
      822 |       6 |      26 |       95 |      5 |   252 |    +0.2% |  -40.096 |    -2613.0 |    155 | sa32_sr\[1\]$_DFF_P_/D
      830 |       6 |      28 |       95 |      5 |   257 |    +0.3% |  -40.096 |    -2606.8 |    155 | sa32_sr\[1\]$_DFF_P_/D
      836 |       6 |      30 |       95 |      5 |   260 |    +0.3% |  -40.096 |    -2606.6 |    155 | sa32_sr\[1\]$_DFF_P_/D
      840 |       6 |      30 |       95 |      6 |   262 |    +0.3% |  -40.096 |    -2605.9 |    155 | sa32_sr\[1\]$_DFF_P_/D
      846 |       6 |      30 |       95 |      6 |   266 |    +0.3% |  -40.096 |    -2603.1 |    155 | sa32_sr\[1\]$_DFF_P_/D
      850 |       6 |      30 |       95 |      6 |   269 |    +0.3% |  -40.096 |    -2603.4 |    155 | sa32_sr\[1\]$_DFF_P_/D
      857 |       6 |      31 |       97 |      6 |   274 |    +0.3% |  -40.096 |    -2595.1 |    155 | sa32_sr\[1\]$_DFF_P_/D
      860 |       6 |      32 |       97 |      6 |   275 |    +0.3% |  -40.096 |    -2598.3 |    155 | sa32_sr\[1\]$_DFF_P_/D
      865 |       7 |      32 |       99 |      6 |   278 |    +0.3% |  -40.096 |    -2595.9 |    155 | sa32_sr\[1\]$_DFF_P_/D
      869 |       7 |      32 |       99 |      6 |   281 |    +0.3% |  -40.096 |    -2594.4 |    155 | sa32_sr\[1\]$_DFF_P_/D
      870 |       7 |      32 |       99 |      6 |   281 |    +0.3% |  -40.096 |    -2594.4 |    155 | sa32_sr\[1\]$_DFF_P_/D
      880 |       7 |      34 |      102 |      8 |   286 |    +0.3% |  -40.096 |    -2557.2 |    155 | sa32_sr\[1\]$_DFF_P_/D
      886 |       7 |      35 |      104 |      9 |   288 |    +0.3% |  -40.096 |    -2545.7 |    155 | sa32_sr\[1\]$_DFF_P_/D
      890 |       7 |      36 |      106 |      9 |   289 |    +0.3% |  -40.096 |    -2545.4 |    155 | sa32_sr\[1\]$_DFF_P_/D
      893 |       7 |      35 |      106 |      9 |   288 |    +0.3% |  -40.096 |    -2543.9 |    155 | sa32_sr\[1\]$_DFF_P_/D
      896 |       7 |      35 |      108 |      9 |   289 |    +0.3% |  -40.096 |    -2536.9 |    153 | sa32_sr\[1\]$_DFF_P_/D
      900 |       7 |      36 |      108 |      9 |   291 |    +0.3% |  -40.096 |    -2536.4 |    153 | sa32_sr\[1\]$_DFF_P_/D
      905 |       7 |      36 |      108 |      9 |   290 |    +0.3% |  -40.096 |    -2533.8 |    153 | sa32_sr\[1\]$_DFF_P_/D
      910 |       7 |      36 |      108 |      9 |   294 |    +0.3% |  -40.096 |    -2533.9 |    153 | sa32_sr\[1\]$_DFF_P_/D
      911 |       7 |      37 |      108 |      9 |   294 |    +0.3% |  -40.096 |    -2529.8 |    153 | sa32_sr\[1\]$_DFF_P_/D
      914 |       7 |      37 |      108 |      9 |   295 |    +0.3% |  -40.096 |    -2528.6 |    153 | sa32_sr\[1\]$_DFF_P_/D
      919 |       7 |      37 |      108 |      9 |   296 |    +0.3% |  -40.096 |    -2528.5 |    153 | sa32_sr\[1\]$_DFF_P_/D
      920 |       7 |      37 |      108 |      9 |   296 |    +0.3% |  -40.096 |    -2528.5 |    153 | sa32_sr\[1\]$_DFF_P_/D
      922 |       7 |      37 |      108 |      9 |   296 |    +0.3% |  -40.096 |    -2528.5 |    153 | sa32_sr\[1\]$_DFF_P_/D
      927 |       7 |      37 |      108 |      9 |   296 |    +0.3% |  -40.096 |    -2528.5 |    153 | sa32_sr\[1\]$_DFF_P_/D
      930 |       7 |      37 |      108 |      9 |   298 |    +0.3% |  -40.096 |    -2525.5 |    153 | sa32_sr\[1\]$_DFF_P_/D
      935 |       7 |      37 |      110 |      9 |   299 |    +0.3% |  -40.096 |    -2523.4 |    153 | sa32_sr\[1\]$_DFF_P_/D
      940 |       7 |      37 |      110 |      9 |   303 |    +0.3% |  -40.096 |    -2524.2 |    153 | sa32_sr\[1\]$_DFF_P_/D
      940 |       7 |      37 |      110 |      9 |   299 |    +0.3% |  -40.096 |    -2523.4 |    153 | sa32_sr\[1\]$_DFF_P_/D
      945 |       7 |      37 |      110 |      9 |   299 |    +0.3% |  -40.096 |    -2523.3 |    153 | sa32_sr\[1\]$_DFF_P_/D
      950 |       7 |      38 |      110 |      9 |   302 |    +0.3% |  -40.096 |    -2516.4 |    153 | sa32_sr\[1\]$_DFF_P_/D
      954 |       7 |      38 |      113 |      9 |   303 |    +0.3% |  -40.096 |    -2503.5 |    153 | sa32_sr\[1\]$_DFF_P_/D
      960 |       7 |      40 |      113 |      9 |   306 |    +0.3% |  -40.096 |    -2499.0 |    153 | sa32_sr\[1\]$_DFF_P_/D
      960 |       7 |      40 |      113 |      9 |   306 |    +0.3% |  -40.096 |    -2499.0 |    153 | sa32_sr\[1\]$_DFF_P_/D
      966 |       7 |      40 |      113 |      9 |   306 |    +0.3% |  -40.096 |    -2499.0 |    153 | sa32_sr\[1\]$_DFF_P_/D
      970 |       7 |      42 |      113 |      9 |   307 |    +0.3% |  -40.096 |    -2500.1 |    153 | sa32_sr\[1\]$_DFF_P_/D
      972 |       7 |      40 |      113 |      9 |   306 |    +0.3% |  -40.096 |    -2499.0 |    153 | sa32_sr\[1\]$_DFF_P_/D
      978 |       7 |      41 |      113 |      9 |   307 |    +0.3% |  -40.096 |    -2499.0 |    153 | sa32_sr\[1\]$_DFF_P_/D
      980 |       7 |      42 |      113 |      9 |   307 |    +0.3% |  -40.096 |    -2494.9 |    153 | sa32_sr\[1\]$_DFF_P_/D
      986 |       7 |      42 |      113 |      9 |   309 |    +0.3% |  -40.096 |    -2493.6 |    153 | sa32_sr\[1\]$_DFF_P_/D
      990 |       7 |      42 |      119 |      9 |   310 |    +0.3% |  -40.096 |    -2482.1 |    153 | sa32_sr\[1\]$_DFF_P_/D
      995 |       7 |      42 |      120 |      9 |   310 |    +0.3% |  -40.096 |    -2481.3 |    153 | sa32_sr\[1\]$_DFF_P_/D
     1000 |       7 |      42 |      120 |      9 |   314 |    +0.3% |  -40.096 |    -2479.2 |    153 | sa32_sr\[1\]$_DFF_P_/D
     1003 |       7 |      42 |      120 |      9 |   313 |    +0.3% |  -40.096 |    -2479.1 |    153 | sa32_sr\[1\]$_DFF_P_/D
     1007 |       7 |      43 |      120 |      9 |   313 |    +0.3% |  -40.096 |    -2473.6 |    153 | sa32_sr\[1\]$_DFF_P_/D
     1010 |       7 |      44 |      120 |      9 |   314 |    +0.3% |  -40.096 |    -2472.5 |    153 | sa32_sr\[1\]$_DFF_P_/D
     1013 |       7 |      44 |      120 |      9 |   316 |    +0.3% |  -40.096 |    -2472.4 |    153 | sa32_sr\[1\]$_DFF_P_/D
     1017 |       7 |      44 |      120 |      9 |   316 |    +0.3% |  -40.096 |    -2472.4 |    153 | sa32_sr\[1\]$_DFF_P_/D
     1020 |       7 |      44 |      120 |      9 |   318 |    +0.3% |  -40.096 |    -2474.7 |    153 | sa32_sr\[1\]$_DFF_P_/D
     1020 |       7 |      44 |      120 |      9 |   316 |    +0.3% |  -40.096 |    -2472.4 |    153 | sa32_sr\[1\]$_DFF_P_/D
     1029 |       7 |      44 |      122 |      9 |   318 |    +0.3% |  -40.096 |    -2466.6 |    153 | sa32_sr\[1\]$_DFF_P_/D
     1030 |       7 |      44 |      122 |      9 |   318 |    +0.3% |  -40.096 |    -2466.6 |    153 | sa32_sr\[1\]$_DFF_P_/D
     1037 |       7 |      44 |      122 |     10 |   320 |    +0.3% |  -40.096 |    -2466.2 |    153 | sa32_sr\[1\]$_DFF_P_/D
     1040 |       7 |      44 |      122 |     10 |   322 |    +0.3% |  -40.096 |    -2465.6 |    153 | sa32_sr\[1\]$_DFF_P_/D
     1042 |       7 |      44 |      122 |     10 |   321 |    +0.3% |  -40.096 |    -2464.9 |    153 | sa32_sr\[1\]$_DFF_P_/D
     1046 |       7 |      44 |      122 |     10 |   321 |    +0.3% |  -40.096 |    -2464.7 |    153 | sa32_sr\[1\]$_DFF_P_/D
     1050 |       7 |      44 |      128 |     10 |   322 |    +0.4% |  -40.096 |    -2455.8 |    153 | sa32_sr\[1\]$_DFF_P_/D
     1060 |       7 |      46 |      132 |     10 |   328 |    +0.4% |  -40.096 |    -2454.8 |    152 | sa32_sr\[1\]$_DFF_P_/D
     1060 |       7 |      46 |      132 |     10 |   328 |    +0.4% |  -40.096 |    -2454.8 |    151 | sa32_sr\[1\]$_DFF_P_/D
     1063 |       7 |      46 |      132 |     10 |   330 |    +0.4% |  -40.096 |    -2454.6 |    149 | sa32_sr\[1\]$_DFF_P_/D
     1066 |       7 |      48 |      132 |     10 |   330 |    +0.4% |  -40.096 |    -2454.7 |    147 | sa32_sr\[1\]$_DFF_P_/D
     1070 |       7 |      49 |      132 |     10 |   332 |    +0.4% |  -40.096 |    -2455.1 |    147 | sa32_sr\[1\]$_DFF_P_/D
     1073 |       7 |      49 |      132 |     10 |   333 |    +0.4% |  -40.096 |    -2454.9 |    147 | sa32_sr\[1\]$_DFF_P_/D
     1080 |       7 |      50 |      132 |     10 |   338 |    +0.4% |  -40.096 |    -2459.1 |    147 | sa32_sr\[1\]$_DFF_P_/D
     1080 |       7 |      50 |      132 |     10 |   333 |    +0.4% |  -40.096 |    -2453.1 |    147 | sa32_sr\[1\]$_DFF_P_/D
     1086 |       7 |      50 |      140 |     10 |   335 |    +0.4% |  -40.096 |    -2438.4 |    145 | sa32_sr\[1\]$_DFF_P_/D
     1090 |       7 |      50 |      140 |     10 |   338 |    +0.4% |  -40.096 |    -2435.5 |    145 | sa32_sr\[1\]$_DFF_P_/D
     1100 |       7 |      53 |      142 |     10 |   344 |    +0.4% |  -40.096 |    -2421.3 |    145 | sa32_sr\[1\]$_DFF_P_/D
     1101 |       7 |      51 |      142 |     10 |   338 |    +0.4% |  -40.096 |    -2413.3 |    145 | sa32_sr\[1\]$_DFF_P_/D
     1102 |       7 |      51 |      142 |     10 |   338 |    +0.4% |  -40.096 |    -2413.3 |    144 | sa32_sr\[1\]$_DFF_P_/D
     1104 |       7 |      52 |      142 |     10 |   338 |    +0.4% |  -40.096 |    -2410.0 |    142 | sa32_sr\[1\]$_DFF_P_/D
     1110 |       7 |      54 |      142 |     10 |   341 |    +0.4% |  -40.096 |    -2413.0 |    142 | sa32_sr\[1\]$_DFF_P_/D
     1110 |       7 |      54 |      142 |     10 |   340 |    +0.4% |  -40.096 |    -2413.0 |    142 | sa32_sr\[1\]$_DFF_P_/D
     1116 |       7 |      54 |      142 |     10 |   340 |    +0.4% |  -40.096 |    -2413.0 |    142 | sa32_sr\[1\]$_DFF_P_/D
     1117 |       7 |      54 |      142 |     10 |   340 |    +0.4% |  -40.096 |    -2413.0 |    141 | sa32_sr\[1\]$_DFF_P_/D
     1119 |       7 |      54 |      144 |     10 |   340 |    +0.4% |  -40.096 |    -2411.7 |    139 | sa32_sr\[1\]$_DFF_P_/D
     1120 |       7 |      54 |      144 |     10 |   340 |    +0.4% |  -40.096 |    -2411.7 |    139 | sa32_sr\[1\]$_DFF_P_/D
     1122 |       7 |      56 |      144 |     10 |   340 |    +0.4% |  -40.096 |    -2414.3 |    137 | sa32_sr\[1\]$_DFF_P_/D
     1125 |       7 |      57 |      144 |     11 |   340 |    +0.4% |  -40.096 |    -2414.1 |    135 | sa32_sr\[1\]$_DFF_P_/D
     1126 |       7 |      57 |      144 |     11 |   340 |    +0.4% |  -40.096 |    -2414.1 |    134 | sa32_sr\[1\]$_DFF_P_/D
     1128 |       7 |      57 |      144 |     11 |   341 |    +0.4% |  -40.096 |    -2412.5 |    132 | sa32_sr\[1\]$_DFF_P_/D
     1130 |       7 |      57 |      147 |     11 |   341 |    +0.4% |  -40.096 |    -2411.9 |    131 | sa32_sr\[1\]$_DFF_P_/D
     1130 |       7 |      57 |      147 |     11 |   341 |    +0.4% |  -40.096 |    -2411.9 |    130 | sa32_sr\[1\]$_DFF_P_/D
     1133 |       8 |      57 |      147 |     11 |   342 |    +0.4% |  -40.096 |    -2410.4 |    128 | sa32_sr\[1\]$_DFF_P_/D
     1137 |       8 |      57 |      147 |     11 |   343 |    +0.4% |  -40.096 |    -2408.3 |    128 | sa32_sr\[1\]$_DFF_P_/D
     1138 |       8 |      57 |      147 |     11 |   343 |    +0.4% |  -40.096 |    -2408.3 |    127 | sa32_sr\[1\]$_DFF_P_/D
     1139 |       8 |      57 |      147 |     11 |   343 |    +0.4% |  -40.096 |    -2408.3 |    126 | sa32_sr\[1\]$_DFF_P_/D
     1140 |       8 |      57 |      147 |     11 |   343 |    +0.4% |  -40.096 |    -2408.3 |    126 | sa32_sr\[1\]$_DFF_P_/D
     1140 |       8 |      57 |      147 |     11 |   343 |    +0.4% |  -40.096 |    -2408.3 |    125 | sa32_sr\[1\]$_DFF_P_/D
     1141 |       8 |      57 |      147 |     11 |   343 |    +0.4% |  -40.096 |    -2408.3 |    124 | sa32_sr\[1\]$_DFF_P_/D
    1142* |       8 |      57 |      147 |     11 |   343 |    +0.4% |  -40.096 |    -2408.3 |    137 | sa32_sr\[1\]$_DFF_P_/D
    1144* |       8 |      58 |      147 |     11 |   343 |    +0.4% |  -40.096 |    -2406.9 |    137 | sa32_sr\[1\]$_DFF_P_/D
    1145* |       8 |      58 |      147 |     11 |   343 |    +0.4% |  -40.096 |    -2406.9 |    137 | sa32_sr\[1\]$_DFF_P_/D
    1146* |       8 |      58 |      147 |     11 |   343 |    +0.4% |  -40.096 |    -2406.9 |    137 | sa32_sr\[1\]$_DFF_P_/D
    1147* |       8 |      58 |      147 |     11 |   343 |    +0.4% |  -40.096 |    -2406.9 |    137 | sa32_sr\[1\]$_DFF_P_/D
    1148* |       8 |      58 |      147 |     11 |   343 |    +0.4% |  -40.096 |    -2406.9 |    137 | sa32_sr\[1\]$_DFF_P_/D
    1149* |       8 |      58 |      147 |     11 |   343 |    +0.4% |  -40.096 |    -2406.9 |    137 | sa32_sr\[1\]$_DFF_P_/D
    1150* |       8 |      58 |      147 |     11 |   343 |    +0.4% |  -40.096 |    -2406.9 |    137 | sa32_sr\[1\]$_DFF_P_/D
    1150* |       8 |      58 |      147 |     11 |   343 |    +0.4% |  -40.096 |    -2406.9 |    137 | sa32_sr\[1\]$_DFF_P_/D
    1151* |       8 |      58 |      147 |     11 |   343 |    +0.4% |  -40.096 |    -2406.9 |    137 | sa32_sr\[1\]$_DFF_P_/D
    1152* |       8 |      58 |      147 |     11 |   343 |    +0.4% |  -40.096 |    -2406.9 |    137 | sa32_sr\[1\]$_DFF_P_/D
    1153* |       8 |      58 |      147 |     11 |   343 |    +0.4% |  -40.096 |    -2406.9 |    137 | sa32_sr\[1\]$_DFF_P_/D
    1154* |       8 |      58 |      147 |     11 |   343 |    +0.4% |  -40.096 |    -2406.9 |    137 | sa32_sr\[1\]$_DFF_P_/D
    1155* |       8 |      58 |      147 |     11 |   343 |    +0.4% |  -40.096 |    -2406.9 |    137 | sa32_sr\[1\]$_DFF_P_/D
    1156* |       8 |      58 |      147 |     11 |   343 |    +0.4% |  -40.096 |    -2406.9 |    137 | sa32_sr\[1\]$_DFF_P_/D
    1157* |       8 |      58 |      147 |     11 |   343 |    +0.4% |  -40.096 |    -2406.9 |    137 | sa32_sr\[1\]$_DFF_P_/D
    1158* |       8 |      58 |      147 |     11 |   343 |    +0.4% |  -40.096 |    -2406.9 |    137 | sa32_sr\[1\]$_DFF_P_/D
    1159* |       8 |      58 |      147 |     11 |   343 |    +0.4% |  -40.096 |    -2406.9 |    137 | sa32_sr\[1\]$_DFF_P_/D
    1160* |       8 |      58 |      147 |     11 |   343 |    +0.4% |  -40.096 |    -2406.9 |    137 | sa32_sr\[1\]$_DFF_P_/D
    1160* |       8 |      58 |      147 |     11 |   343 |    +0.4% |  -40.096 |    -2406.9 |    137 | sa32_sr\[1\]$_DFF_P_/D
    1161* |       8 |      58 |      147 |     11 |   343 |    +0.4% |  -40.096 |    -2406.9 |    137 | sa32_sr\[1\]$_DFF_P_/D
    1162* |       8 |      58 |      147 |     11 |   343 |    +0.4% |  -40.096 |    -2406.9 |    137 | sa32_sr\[1\]$_DFF_P_/D
    1163* |       8 |      58 |      147 |     11 |   343 |    +0.4% |  -40.096 |    -2406.9 |    137 | sa32_sr\[1\]$_DFF_P_/D
    1164* |       8 |      58 |      147 |     11 |   343 |    +0.4% |  -40.096 |    -2406.9 |    137 | sa32_sr\[1\]$_DFF_P_/D
    1165* |       8 |      58 |      147 |     11 |   343 |    +0.4% |  -40.096 |    -2406.9 |    137 | sa32_sr\[1\]$_DFF_P_/D
    1166* |       8 |      58 |      147 |     11 |   343 |    +0.4% |  -40.096 |    -2406.9 |    137 | sa32_sr\[1\]$_DFF_P_/D
    1167* |       8 |      58 |      147 |     11 |   343 |    +0.4% |  -40.096 |    -2406.9 |    137 | sa32_sr\[1\]$_DFF_P_/D
    1168* |       8 |      58 |      147 |     11 |   343 |    +0.4% |  -40.096 |    -2406.9 |    137 | sa32_sr\[1\]$_DFF_P_/D
    1169* |       8 |      58 |      147 |     11 |   343 |    +0.4% |  -40.096 |    -2406.9 |    137 | sa32_sr\[1\]$_DFF_P_/D
    1170* |       8 |      58 |      147 |     11 |   343 |    +0.4% |  -40.096 |    -2406.9 |    137 | sa32_sr\[1\]$_DFF_P_/D
    1170* |       8 |      58 |      147 |     11 |   343 |    +0.4% |  -40.096 |    -2406.9 |    137 | sa32_sr\[1\]$_DFF_P_/D
    1171* |       8 |      58 |      147 |     11 |   343 |    +0.4% |  -40.096 |    -2406.9 |    137 | sa32_sr\[1\]$_DFF_P_/D
    1172* |       8 |      58 |      147 |     11 |   343 |    +0.4% |  -40.096 |    -2406.9 |    137 | sa32_sr\[1\]$_DFF_P_/D
    1173* |       8 |      58 |      147 |     11 |   343 |    +0.4% |  -40.096 |    -2406.9 |    137 | sa32_sr\[1\]$_DFF_P_/D
    1174* |       8 |      58 |      147 |     11 |   343 |    +0.4% |  -40.096 |    -2406.9 |    137 | sa32_sr\[1\]$_DFF_P_/D
    1175* |       8 |      58 |      147 |     11 |   343 |    +0.4% |  -40.096 |    -2406.9 |    137 | sa32_sr\[1\]$_DFF_P_/D
    1176* |       8 |      58 |      147 |     11 |   343 |    +0.4% |  -40.096 |    -2406.9 |    137 | sa32_sr\[1\]$_DFF_P_/D
    1177* |       8 |      58 |      147 |     11 |   343 |    +0.4% |  -40.096 |    -2406.9 |    137 | sa32_sr\[1\]$_DFF_P_/D
    1178* |       8 |      58 |      147 |     11 |   343 |    +0.4% |  -40.096 |    -2406.9 |    137 | sa32_sr\[1\]$_DFF_P_/D
    1179* |       8 |      58 |      147 |     11 |   343 |    +0.4% |  -40.096 |    -2406.9 |    137 | sa32_sr\[1\]$_DFF_P_/D
    1180* |       8 |      58 |      147 |     11 |   343 |    +0.4% |  -40.096 |    -2406.9 |    137 | sa32_sr\[1\]$_DFF_P_/D
    1180* |       8 |      58 |      147 |     11 |   343 |    +0.4% |  -40.096 |    -2406.9 |    137 | sa32_sr\[1\]$_DFF_P_/D
    1181* |       8 |      58 |      147 |     11 |   343 |    +0.4% |  -40.096 |    -2406.9 |    137 | sa32_sr\[1\]$_DFF_P_/D
    1182* |       8 |      58 |      147 |     11 |   343 |    +0.4% |  -40.096 |    -2406.9 |    137 | sa32_sr\[1\]$_DFF_P_/D
    1183* |       8 |      58 |      147 |     11 |   343 |    +0.4% |  -40.096 |    -2406.9 |    137 | sa32_sr\[1\]$_DFF_P_/D
    1184* |       8 |      58 |      147 |     11 |   343 |    +0.4% |  -40.096 |    -2406.9 |    137 | sa32_sr\[1\]$_DFF_P_/D
    1185* |       8 |      58 |      147 |     11 |   343 |    +0.4% |  -40.096 |    -2406.9 |    137 | sa32_sr\[1\]$_DFF_P_/D
    1186* |       8 |      58 |      147 |     11 |   343 |    +0.4% |  -40.096 |    -2406.9 |    137 | sa32_sr\[1\]$_DFF_P_/D
    1187* |       8 |      58 |      147 |     11 |   343 |    +0.4% |  -40.096 |    -2406.9 |    137 | sa32_sr\[1\]$_DFF_P_/D
    1188* |       8 |      58 |      147 |     11 |   343 |    +0.4% |  -40.096 |    -2406.9 |    137 | sa32_sr\[1\]$_DFF_P_/D
    1189* |       8 |      58 |      147 |     11 |   343 |    +0.4% |  -40.096 |    -2406.9 |    137 | sa32_sr\[1\]$_DFF_P_/D
    1190* |       8 |      58 |      147 |     11 |   343 |    +0.4% |  -40.096 |    -2406.9 |    137 | sa32_sr\[1\]$_DFF_P_/D
    1190* |       8 |      58 |      147 |     11 |   343 |    +0.4% |  -40.096 |    -2406.9 |    137 | sa32_sr\[1\]$_DFF_P_/D
    1191* |       8 |      58 |      147 |     11 |   343 |    +0.4% |  -40.096 |    -2406.9 |    137 | sa32_sr\[1\]$_DFF_P_/D
    1192* |       8 |      58 |      147 |     11 |   343 |    +0.4% |  -40.096 |    -2406.9 |    137 | sa32_sr\[1\]$_DFF_P_/D
    1193* |       8 |      58 |      147 |     11 |   343 |    +0.4% |  -40.096 |    -2406.9 |    137 | sa32_sr\[1\]$_DFF_P_/D
    1194* |       8 |      58 |      147 |     11 |   343 |    +0.4% |  -40.096 |    -2406.9 |    137 | sa32_sr\[1\]$_DFF_P_/D
    1195* |       8 |      58 |      147 |     11 |   343 |    +0.4% |  -40.096 |    -2406.9 |    137 | sa32_sr\[1\]$_DFF_P_/D
    1196* |       8 |      58 |      147 |     11 |   343 |    +0.4% |  -40.096 |    -2406.9 |    137 | sa32_sr\[1\]$_DFF_P_/D
    1197* |       8 |      58 |      147 |     11 |   343 |    +0.4% |  -40.096 |    -2406.9 |    137 | sa32_sr\[1\]$_DFF_P_/D
    1198* |       8 |      58 |      147 |     11 |   343 |    +0.4% |  -40.096 |    -2406.9 |    137 | sa32_sr\[1\]$_DFF_P_/D
    1199* |       8 |      58 |      147 |     11 |   343 |    +0.4% |  -40.096 |    -2406.9 |    137 | sa32_sr\[1\]$_DFF_P_/D
    1200* |       8 |      58 |      147 |     11 |   343 |    +0.4% |  -40.096 |    -2406.9 |    137 | sa32_sr\[1\]$_DFF_P_/D
    1201* |       8 |      58 |      147 |     11 |   343 |    +0.4% |  -40.096 |    -2406.9 |    137 | sa32_sr\[1\]$_DFF_P_/D
    1202* |       8 |      58 |      147 |     11 |   343 |    +0.4% |  -40.096 |    -2406.9 |    137 | sa32_sr\[1\]$_DFF_P_/D
    1203* |       8 |      58 |      147 |     11 |   343 |    +0.4% |  -40.096 |    -2406.9 |    137 | sa32_sr\[1\]$_DFF_P_/D
    1204* |       8 |      58 |      147 |     11 |   343 |    +0.4% |  -40.096 |    -2406.9 |    137 | sa32_sr\[1\]$_DFF_P_/D
    1205* |       8 |      58 |      147 |     11 |   343 |    +0.4% |  -40.096 |    -2406.9 |    137 | sa32_sr\[1\]$_DFF_P_/D
    1206* |       8 |      58 |      147 |     11 |   343 |    +0.4% |  -40.096 |    -2406.9 |    137 | sa32_sr\[1\]$_DFF_P_/D
    1207* |       8 |      58 |      147 |     11 |   343 |    +0.4% |  -40.096 |    -2406.9 |    137 | sa32_sr\[1\]$_DFF_P_/D
    1208* |       8 |      58 |      147 |     11 |   343 |    +0.4% |  -40.096 |    -2406.9 |    137 | sa32_sr\[1\]$_DFF_P_/D
    1209* |       8 |      58 |      147 |     11 |   343 |    +0.4% |  -40.096 |    -2406.9 |    137 | sa32_sr\[1\]$_DFF_P_/D
    1210* |       8 |      58 |      147 |     11 |   343 |    +0.4% |  -40.096 |    -2406.9 |    137 | sa32_sr\[1\]$_DFF_P_/D
    1210* |       8 |      58 |      147 |     11 |   343 |    +0.4% |  -40.096 |    -2406.9 |    137 | sa32_sr\[1\]$_DFF_P_/D
    1211* |       8 |      58 |      147 |     11 |   343 |    +0.4% |  -40.096 |    -2406.9 |    137 | sa32_sr\[1\]$_DFF_P_/D
    1212* |       8 |      58 |      147 |     11 |   343 |    +0.4% |  -40.096 |    -2406.9 |    137 | sa32_sr\[1\]$_DFF_P_/D
    1213* |       8 |      58 |      147 |     11 |   343 |    +0.4% |  -40.096 |    -2406.9 |    137 | sa32_sr\[1\]$_DFF_P_/D
    1214* |       8 |      58 |      147 |     11 |   343 |    +0.4% |  -40.096 |    -2406.9 |    137 | sa32_sr\[1\]$_DFF_P_/D
    1215* |       8 |      58 |      147 |     11 |   343 |    +0.4% |  -40.096 |    -2406.9 |    137 | sa32_sr\[1\]$_DFF_P_/D
    1216* |       8 |      58 |      147 |     11 |   343 |    +0.4% |  -40.096 |    -2406.9 |    137 | sa32_sr\[1\]$_DFF_P_/D
    1217* |       8 |      58 |      147 |     11 |   343 |    +0.4% |  -40.096 |    -2406.9 |    137 | sa32_sr\[1\]$_DFF_P_/D
    1218* |       8 |      58 |      147 |     11 |   343 |    +0.4% |  -40.096 |    -2406.9 |    137 | sa32_sr\[1\]$_DFF_P_/D
    1219* |       8 |      58 |      147 |     11 |   343 |    +0.4% |  -40.096 |    -2406.9 |    137 | sa32_sr\[1\]$_DFF_P_/D
    1220* |       8 |      58 |      147 |     11 |   343 |    +0.4% |  -40.096 |    -2406.9 |    137 | sa32_sr\[1\]$_DFF_P_/D
    1220* |       8 |      58 |      147 |     11 |   343 |    +0.4% |  -40.096 |    -2406.9 |    137 | sa32_sr\[1\]$_DFF_P_/D
    1221* |       8 |      58 |      147 |     11 |   343 |    +0.4% |  -40.096 |    -2406.9 |    137 | sa32_sr\[1\]$_DFF_P_/D
    1222* |       8 |      58 |      147 |     11 |   343 |    +0.4% |  -40.096 |    -2406.9 |    137 | sa32_sr\[1\]$_DFF_P_/D
    1223* |       8 |      58 |      147 |     11 |   343 |    +0.4% |  -40.096 |    -2406.9 |    137 | sa32_sr\[1\]$_DFF_P_/D
    1224* |       8 |      58 |      147 |     11 |   343 |    +0.4% |  -40.096 |    -2406.9 |    137 | sa32_sr\[1\]$_DFF_P_/D
    1225* |       8 |      58 |      147 |     11 |   343 |    +0.4% |  -40.096 |    -2406.9 |    137 | sa32_sr\[1\]$_DFF_P_/D
    1226* |       8 |      58 |      147 |     11 |   343 |    +0.4% |  -40.096 |    -2406.9 |    137 | sa32_sr\[1\]$_DFF_P_/D
    1227* |       8 |      58 |      147 |     11 |   343 |    +0.4% |  -40.096 |    -2406.9 |    137 | sa32_sr\[1\]$_DFF_P_/D
    1228* |       8 |      58 |      147 |     11 |   343 |    +0.4% |  -40.096 |    -2406.9 |    137 | sa32_sr\[1\]$_DFF_P_/D
    1229* |       8 |      58 |      147 |     11 |   343 |    +0.4% |  -40.096 |    -2406.9 |    137 | sa32_sr\[1\]$_DFF_P_/D
    1230* |       8 |      58 |      147 |     11 |   343 |    +0.4% |  -40.096 |    -2406.9 |    137 | sa32_sr\[1\]$_DFF_P_/D
    1230* |       8 |      58 |      147 |     11 |   343 |    +0.4% |  -40.096 |    -2406.9 |    137 | sa32_sr\[1\]$_DFF_P_/D
    1231* |       8 |      58 |      147 |     11 |   343 |    +0.4% |  -40.096 |    -2406.9 |    137 | sa32_sr\[1\]$_DFF_P_/D
    1232* |       8 |      58 |      147 |     11 |   343 |    +0.4% |  -40.096 |    -2406.9 |    137 | sa32_sr\[1\]$_DFF_P_/D
    1233* |       8 |      58 |      147 |     11 |   343 |    +0.4% |  -40.096 |    -2406.9 |    137 | sa32_sr\[1\]$_DFF_P_/D
    1234* |       8 |      58 |      147 |     11 |   343 |    +0.4% |  -40.096 |    -2406.9 |    137 | sa32_sr\[1\]$_DFF_P_/D
    1235* |       8 |      58 |      147 |     11 |   343 |    +0.4% |  -40.096 |    -2406.9 |    137 | sa32_sr\[1\]$_DFF_P_/D
    1236* |       8 |      58 |      147 |     11 |   343 |    +0.4% |  -40.096 |    -2406.9 |    137 | sa32_sr\[1\]$_DFF_P_/D
    1237* |       8 |      58 |      147 |     11 |   343 |    +0.4% |  -40.096 |    -2406.9 |    137 | sa32_sr\[1\]$_DFF_P_/D
    1238* |       8 |      58 |      147 |     11 |   343 |    +0.4% |  -40.096 |    -2406.9 |    137 | sa32_sr\[1\]$_DFF_P_/D
    1240* |       8 |      59 |      147 |     11 |   343 |    +0.4% |  -40.096 |    -2405.5 |    137 | sa32_sr\[1\]$_DFF_P_/D
    1240* |       8 |      59 |      147 |     11 |   343 |    +0.4% |  -40.096 |    -2405.5 |    137 | sa32_sr\[1\]$_DFF_P_/D
    1241* |       8 |      59 |      147 |     11 |   343 |    +0.4% |  -40.096 |    -2405.5 |    137 | sa32_sr\[1\]$_DFF_P_/D
    1242* |       8 |      59 |      147 |     11 |   343 |    +0.4% |  -40.096 |    -2405.5 |    137 | sa32_sr\[1\]$_DFF_P_/D
    1243* |       8 |      59 |      147 |     11 |   343 |    +0.4% |  -40.096 |    -2405.5 |    137 | sa32_sr\[1\]$_DFF_P_/D
    1244* |       8 |      59 |      147 |     11 |   343 |    +0.4% |  -40.096 |    -2405.5 |    137 | sa32_sr\[1\]$_DFF_P_/D
    1245* |       8 |      59 |      147 |     11 |   343 |    +0.4% |  -40.096 |    -2405.5 |    137 | sa32_sr\[1\]$_DFF_P_/D
    1246* |       8 |      59 |      147 |     11 |   343 |    +0.4% |  -40.096 |    -2405.5 |    137 | sa32_sr\[1\]$_DFF_P_/D
    1247* |       8 |      59 |      147 |     11 |   343 |    +0.4% |  -40.096 |    -2405.5 |    137 | sa32_sr\[1\]$_DFF_P_/D
    1248* |       8 |      59 |      147 |     11 |   343 |    +0.4% |  -40.096 |    -2405.5 |    137 | sa32_sr\[1\]$_DFF_P_/D
    1249* |       8 |      59 |      147 |     11 |   343 |    +0.4% |  -40.096 |    -2405.5 |    137 | sa32_sr\[1\]$_DFF_P_/D
    1250* |       8 |      59 |      147 |     11 |   343 |    +0.4% |  -40.096 |    -2405.5 |    137 | sa32_sr\[1\]$_DFF_P_/D
    1250* |       8 |      59 |      147 |     11 |   343 |    +0.4% |  -40.096 |    -2405.5 |    137 | sa32_sr\[1\]$_DFF_P_/D
    1251* |       8 |      59 |      147 |     11 |   343 |    +0.4% |  -40.096 |    -2405.5 |    137 | sa32_sr\[1\]$_DFF_P_/D
    1252* |       8 |      59 |      147 |     11 |   343 |    +0.4% |  -40.096 |    -2405.5 |    137 | sa32_sr\[1\]$_DFF_P_/D
    1253* |       8 |      59 |      147 |     11 |   343 |    +0.4% |  -40.096 |    -2405.5 |    137 | sa32_sr\[1\]$_DFF_P_/D
    1254* |       8 |      59 |      147 |     11 |   343 |    +0.4% |  -40.096 |    -2405.5 |    137 | sa32_sr\[1\]$_DFF_P_/D
    1255* |       8 |      59 |      147 |     11 |   343 |    +0.4% |  -40.096 |    -2405.5 |    137 | sa32_sr\[1\]$_DFF_P_/D
    1256* |       8 |      59 |      147 |     11 |   343 |    +0.4% |  -40.096 |    -2405.5 |    137 | sa32_sr\[1\]$_DFF_P_/D
    1257* |       8 |      59 |      147 |     11 |   343 |    +0.4% |  -40.096 |    -2405.5 |    137 | sa32_sr\[1\]$_DFF_P_/D
    1258* |       8 |      59 |      147 |     11 |   343 |    +0.4% |  -40.096 |    -2405.5 |    137 | sa32_sr\[1\]$_DFF_P_/D
    1259* |       8 |      59 |      147 |     11 |   343 |    +0.4% |  -40.096 |    -2405.5 |    137 | sa32_sr\[1\]$_DFF_P_/D
    1260* |       8 |      59 |      147 |     11 |   343 |    +0.4% |  -40.096 |    -2405.5 |    137 | sa32_sr\[1\]$_DFF_P_/D
    1260* |       8 |      59 |      147 |     11 |   343 |    +0.4% |  -40.096 |    -2405.5 |    137 | sa32_sr\[1\]$_DFF_P_/D
    1261* |       8 |      59 |      147 |     11 |   343 |    +0.4% |  -40.096 |    -2405.5 |    137 | sa32_sr\[1\]$_DFF_P_/D
    1262* |       8 |      59 |      147 |     11 |   343 |    +0.4% |  -40.096 |    -2405.5 |    137 | sa32_sr\[1\]$_DFF_P_/D
    1263* |       8 |      59 |      147 |     11 |   343 |    +0.4% |  -40.096 |    -2405.5 |    137 | sa32_sr\[1\]$_DFF_P_/D
    1264* |       8 |      59 |      147 |     11 |   343 |    +0.4% |  -40.096 |    -2405.5 |    137 | sa32_sr\[1\]$_DFF_P_/D
    1265* |       8 |      59 |      147 |     11 |   343 |    +0.4% |  -40.096 |    -2405.5 |    137 | sa32_sr\[1\]$_DFF_P_/D
    1266* |       8 |      59 |      147 |     11 |   343 |    +0.4% |  -40.096 |    -2405.5 |    137 | sa32_sr\[1\]$_DFF_P_/D
    1267* |       8 |      59 |      147 |     11 |   343 |    +0.4% |  -40.096 |    -2405.5 |    137 | sa32_sr\[1\]$_DFF_P_/D
    1268* |       8 |      59 |      147 |     11 |   343 |    +0.4% |  -40.096 |    -2405.5 |    137 | sa32_sr\[1\]$_DFF_P_/D
    1269* |       8 |      59 |      147 |     11 |   343 |    +0.4% |  -40.096 |    -2405.5 |    137 | sa32_sr\[1\]$_DFF_P_/D
    1270* |       8 |      59 |      147 |     11 |   343 |    +0.4% |  -40.096 |    -2405.5 |    137 | sa32_sr\[1\]$_DFF_P_/D
    1270* |       8 |      59 |      147 |     11 |   343 |    +0.4% |  -40.096 |    -2405.5 |    137 | sa32_sr\[1\]$_DFF_P_/D
    1271* |       8 |      59 |      147 |     11 |   343 |    +0.4% |  -40.096 |    -2405.5 |    137 | sa32_sr\[1\]$_DFF_P_/D
    1272* |       8 |      59 |      147 |     11 |   343 |    +0.4% |  -40.096 |    -2405.5 |    137 | sa32_sr\[1\]$_DFF_P_/D
    1273* |       8 |      59 |      147 |     11 |   343 |    +0.4% |  -40.096 |    -2405.5 |    137 | sa32_sr\[1\]$_DFF_P_/D
    1275* |       8 |      60 |      147 |     11 |   343 |    +0.4% |  -40.096 |    -2404.3 |    137 | sa32_sr\[1\]$_DFF_P_/D
    1276* |       8 |      60 |      147 |     11 |   343 |    +0.4% |  -40.096 |    -2404.3 |    137 | sa32_sr\[1\]$_DFF_P_/D
    1277* |       8 |      60 |      147 |     11 |   343 |    +0.4% |  -40.096 |    -2404.3 |    137 | sa32_sr\[1\]$_DFF_P_/D
    1278* |       8 |      60 |      147 |     11 |   343 |    +0.4% |  -40.096 |    -2404.3 |    137 | sa32_sr\[1\]$_DFF_P_/D
    1279* |       8 |      60 |      147 |     11 |   343 |    +0.4% |  -40.096 |    -2404.3 |    137 | sa32_sr\[1\]$_DFF_P_/D
    1280* |       8 |      60 |      147 |     11 |   343 |    +0.4% |  -40.096 |    -2404.3 |    137 | sa32_sr\[1\]$_DFF_P_/D
    1280* |       8 |      60 |      147 |     11 |   343 |    +0.4% |  -40.096 |    -2404.3 |    137 | sa32_sr\[1\]$_DFF_P_/D
    1281* |       8 |      60 |      147 |     11 |   343 |    +0.4% |  -40.096 |    -2404.3 |    137 | sa32_sr\[1\]$_DFF_P_/D
    final |       8 |      60 |      147 |     11 |   343 |    +0.4% |  -40.096 |    -2404.3 |    137 | sa32_sr\[1\]$_DFF_P_/D
--------------------------------------------------------------------------------------------------------------
[INFO RSZ-0059] Removed 8 buffers.
[INFO RSZ-0040] Inserted 83 buffers.
[INFO RSZ-0041] Resized 60 instances.
[INFO RSZ-0043] Swapped pins on 343 instances.
[INFO RSZ-0049] Cloned 11 instances.
[WARNING RSZ-0062] Unable to repair all setup violations.
[INFO RSZ-0033] No hold violations found.
Took 18 seconds: repair_timing -verbose -setup_margin 0 -hold_margin 0 -repair_tns 100
global_route -start_incremental
detailed_placement
Placement Analysis
---------------------------------
total displacement        105.9 u
average displacement        0.0 u
max displacement            2.1 u
original HPWL           64694.8 u
legalized HPWL          64770.2 u
delta HPWL                    0 %

global_route -end_incremental -congestion_report_file ./reports/asap7/aes/base/congestion_post_repair_timing.rpt
global_route -start_incremental
global_route -end_incremental -congestion_report_file ./reports/asap7/aes/base/congestion_post_recover_power.rpt
Repair antennas...
[WARNING GRT-0246] No diode with LEF class CORE ANTENNACELL found.
[INFO ANT-0002] Found 0 net violations.
[INFO ANT-0001] Found 0 pin violations.
Estimate parasitics...
Report metrics stage 5, global route...

==========================================================================
global route report_design_area
--------------------------------------------------------------------------
Design area 2029 u^2 48% utilization.
[INFO FLW-0007] clock clk period 400.000000
[INFO FLW-0008] Clock clk period 418.360
[INFO FLW-0009] Clock clk slack -40.379
[INFO FLW-0011] Path endpoint path count 960
Elapsed time: 1:21.76[h:]min:sec. CPU time: user 969.36 sys 7.25 (1194%). Peak memory: 879352KB.
