
==========================================================================
global place report_tns
--------------------------------------------------------------------------
tns -43784.76

==========================================================================
global place report_wns
--------------------------------------------------------------------------
wns -228.39

==========================================================================
global place report_worst_slack
--------------------------------------------------------------------------
worst slack -228.39

==========================================================================
global place report_checks -path_delay min
--------------------------------------------------------------------------
Startpoint: rst_ni (input port clocked by core_clock)
Endpoint: ex_block_i.genblk3.gen_multdiv_fast.multdiv_i.op_quotient_q[27]$_DFFE_PN0P_
          (removal check against rising-edge clock core_clock)
Path Group: asynchronous
Path Type: min

Fanout     Cap    Slew   Delay    Time   Description
-----------------------------------------------------------------------------
                  0.00    0.00    0.00   clock core_clock (rise edge)
                          0.00    0.00   clock network delay (ideal)
                        252.00  252.00 ^ input external delay
    68   75.67    0.00    0.00  252.00 ^ rst_ni (in)
                                         rst_ni (net)
                 93.88   29.62  281.62 ^ ex_block_i.genblk3.gen_multdiv_fast.multdiv_i.op_quotient_q[27]$_DFFE_PN0P_/SETN (DFFASRHQNx1_ASAP7_75t_R)
                                281.62   data arrival time

                  0.00    0.00    0.00   clock core_clock (rise edge)
                          0.00    0.00   clock network delay (ideal)
                          0.00    0.00   clock reconvergence pessimism
                                  0.00 ^ ex_block_i.genblk3.gen_multdiv_fast.multdiv_i.op_quotient_q[27]$_DFFE_PN0P_/CLK (DFFASRHQNx1_ASAP7_75t_R)
                         11.63   11.63   library removal time
                                 11.63   data required time
-----------------------------------------------------------------------------
                                 11.63   data required time
                               -281.62   data arrival time
-----------------------------------------------------------------------------
                                269.99   slack (MET)


Startpoint: core_clock_gate_i.en_latch$_DLATCH_N_
            (negative level-sensitive latch clocked by core_clock)
Endpoint: _35046_ (rising clock gating-check end-point clocked by core_clock)
Path Group: gated clock
Path Type: min

Fanout     Cap    Slew   Delay    Time   Description
-----------------------------------------------------------------------------
                  0.00  630.00  630.00   clock core_clock (fall edge)
                          0.00  630.00   clock network delay (ideal)
                  0.00    0.00  630.00 v core_clock_gate_i.en_latch$_DLATCH_N_/CLK (DLLx1_ASAP7_75t_R)
     1    0.33    6.26   17.31  647.31 ^ core_clock_gate_i.en_latch$_DLATCH_N_/Q (DLLx1_ASAP7_75t_R)
                                         core_clock_gate_i.en_latch (net)
                  6.26    0.00  647.31 ^ _35046_/B (AND2x2_ASAP7_75t_R)
                                647.31   data arrival time

                  0.00  630.00  630.00   clock core_clock (fall edge)
                          0.00  630.00   clock network delay (ideal)
                          0.00  630.00   clock reconvergence pessimism
                                630.00 v _35046_/A (AND2x2_ASAP7_75t_R)
                          0.00  630.00   clock gating hold time
                                630.00   data required time
-----------------------------------------------------------------------------
                                630.00   data required time
                               -647.31   data arrival time
-----------------------------------------------------------------------------
                                 17.31   slack (MET)


Startpoint: cs_registers_i.u_mstack_epc_csr.rdata_q[4]$_DFFE_PN0P_
            (rising edge-triggered flip-flop clocked by core_clock)
Endpoint: cs_registers_i.u_mstack_epc_csr.rdata_q[4]$_DFFE_PN0P_
          (rising edge-triggered flip-flop clocked by core_clock)
Path Group: core_clock
Path Type: min

Fanout     Cap    Slew   Delay    Time   Description
-----------------------------------------------------------------------------
                  0.00    0.00    0.00   clock core_clock (rise edge)
                          0.00    0.00   clock network delay (ideal)
                  0.00    0.00    0.00 ^ cs_registers_i.u_mstack_epc_csr.rdata_q[4]$_DFFE_PN0P_/CLK (DFFASRHQNx1_ASAP7_75t_R)
     2    1.18   16.63   37.68   37.68 ^ cs_registers_i.u_mstack_epc_csr.rdata_q[4]$_DFFE_PN0P_/QN (DFFASRHQNx1_ASAP7_75t_R)
                                         _01861_ (net)
                 16.63    0.00   37.68 ^ _27552_/A1 (AOI21x1_ASAP7_75t_R)
     1    0.69    5.64    8.87   46.55 v _27552_/Y (AOI21x1_ASAP7_75t_R)
                                         _02719_ (net)
                  5.64    0.02   46.56 v cs_registers_i.u_mstack_epc_csr.rdata_q[4]$_DFFE_PN0P_/D (DFFASRHQNx1_ASAP7_75t_R)
                                 46.56   data arrival time

                  0.00    0.00    0.00   clock core_clock (rise edge)
                          0.00    0.00   clock network delay (ideal)
                          0.00    0.00   clock reconvergence pessimism
                                  0.00 ^ cs_registers_i.u_mstack_epc_csr.rdata_q[4]$_DFFE_PN0P_/CLK (DFFASRHQNx1_ASAP7_75t_R)
                          9.34    9.34   library hold time
                                  9.34   data required time
-----------------------------------------------------------------------------
                                  9.34   data required time
                                -46.56   data arrival time
-----------------------------------------------------------------------------
                                 37.23   slack (MET)



==========================================================================
global place report_checks -path_delay max
--------------------------------------------------------------------------
Startpoint: rst_ni (input port clocked by core_clock)
Endpoint: gen_regfile_ff.register_file_i.rf_reg_q[166]$_DFFE_PN0P_
          (recovery check against rising-edge clock core_clock)
Path Group: asynchronous
Path Type: max

Fanout     Cap    Slew   Delay    Time   Description
-----------------------------------------------------------------------------
                  0.00    0.00    0.00   clock core_clock (rise edge)
                          0.00    0.00   clock network delay (ideal)
                        252.00  252.00 ^ input external delay
    68   93.71    0.00    0.00  252.00 ^ rst_ni (in)
                                         rst_ni (net)
                117.51   37.07  289.07 ^ load_slew52/A (BUFx16f_ASAP7_75t_R)
    78  105.34   60.89   45.36  334.43 ^ load_slew52/Y (BUFx16f_ASAP7_75t_R)
                                         net74 (net)
                 77.72   16.47  350.90 ^ load_slew44/A (BUFx16f_ASAP7_75t_R)
    72  104.78   58.84   33.01  383.91 ^ load_slew44/Y (BUFx16f_ASAP7_75t_R)
                                         net66 (net)
                121.65   36.00  419.91 ^ load_slew43/A (BUFx16f_ASAP7_75t_R)
    65   88.81   50.76   41.27  461.18 ^ load_slew43/Y (BUFx16f_ASAP7_75t_R)
                                         net65 (net)
                 50.97    2.09  463.27 ^ load_slew42/A (BUFx16f_ASAP7_75t_R)
    76  104.69   50.11   30.22  493.49 ^ load_slew42/Y (BUFx16f_ASAP7_75t_R)
                                         net64 (net)
                170.05   53.14  546.63 ^ load_slew41/A (BUFx16f_ASAP7_75t_R)
    73  100.40   59.70   47.99  594.62 ^ load_slew41/Y (BUFx16f_ASAP7_75t_R)
                                         net63 (net)
                 75.36   15.73  610.35 ^ load_slew39/A (BUFx16f_ASAP7_75t_R)
    68   88.30   52.67   38.55  648.90 ^ load_slew39/Y (BUFx16f_ASAP7_75t_R)
                                         net61 (net)
                 62.84   11.95  660.84 ^ gen_regfile_ff.register_file_i.rf_reg_q[166]$_DFFE_PN0P_/SETN (DFFASRHQNx1_ASAP7_75t_R)
                                660.84   data arrival time

                  0.00 1260.00 1260.00   clock core_clock (rise edge)
                          0.00 1260.00   clock network delay (ideal)
                          0.00 1260.00   clock reconvergence pessimism
                               1260.00 ^ gen_regfile_ff.register_file_i.rf_reg_q[166]$_DFFE_PN0P_/CLK (DFFASRHQNx1_ASAP7_75t_R)
                         -5.44 1254.56   library recovery time
                               1254.56   data required time
-----------------------------------------------------------------------------
                               1254.56   data required time
                               -660.84   data arrival time
-----------------------------------------------------------------------------
                                593.72   slack (MET)


Startpoint: core_clock_gate_i.en_latch$_DLATCH_N_
            (negative level-sensitive latch clocked by core_clock)
Endpoint: _35046_ (rising clock gating-check end-point clocked by core_clock)
Path Group: gated clock
Path Type: max

Fanout     Cap    Slew   Delay    Time   Description
-----------------------------------------------------------------------------
                  0.00  630.00  630.00   clock core_clock (fall edge)
                          0.00  630.00   clock network delay (ideal)
                  0.00    0.00  630.00 v core_clock_gate_i.en_latch$_DLATCH_N_/CLK (DLLx1_ASAP7_75t_R)
     1    0.58    7.59   27.20  657.20 v core_clock_gate_i.en_latch$_DLATCH_N_/Q (DLLx1_ASAP7_75t_R)
                                         core_clock_gate_i.en_latch (net)
                  7.59    0.00  657.20 v _35046_/B (AND2x2_ASAP7_75t_R)
                                657.20   data arrival time

                  0.00 1260.00 1260.00   clock core_clock (rise edge)
                          0.00 1260.00   clock network delay (ideal)
                          0.00 1260.00   clock reconvergence pessimism
                               1260.00 ^ _35046_/A (AND2x2_ASAP7_75t_R)
                          0.00 1260.00   clock gating setup time
                               1260.00   data required time
-----------------------------------------------------------------------------
                               1260.00   data required time
                               -657.20   data arrival time
-----------------------------------------------------------------------------
                                602.80   slack (MET)


Startpoint: if_stage_i.instr_rdata_alu_id_o[21]$_DFFE_PN_
            (rising edge-triggered flip-flop clocked by core_clock)
Endpoint: gen_regfile_ff.register_file_i.rf_reg_q[255]$_DFFE_PN0P_
          (rising edge-triggered flip-flop clocked by core_clock)
Path Group: core_clock
Path Type: max

Fanout     Cap    Slew   Delay    Time   Description
-----------------------------------------------------------------------------
                  0.00    0.00    0.00   clock core_clock (rise edge)
                          0.00    0.00   clock network delay (ideal)
                  0.00    0.00    0.00 ^ if_stage_i.instr_rdata_alu_id_o[21]$_DFFE_PN_/CLK (DFFHQNx2_ASAP7_75t_R)
     5    6.75   31.65   50.57   50.57 v if_stage_i.instr_rdata_alu_id_o[21]$_DFFE_PN_/QN (DFFHQNx2_ASAP7_75t_R)
                                         _01552_ (net)
                 31.65    0.02   50.59 v _19184_/A (BUFx6f_ASAP7_75t_R)
     5    7.98   11.02   21.76   72.36 v _19184_/Y (BUFx6f_ASAP7_75t_R)
                                         _13455_ (net)
                 11.02    0.06   72.41 v _19185_/A (BUFx12f_ASAP7_75t_R)
    11   12.49   10.62   14.76   87.17 v _19185_/Y (BUFx12f_ASAP7_75t_R)
                                         _13456_ (net)
                 16.39    4.08   91.24 v _19186_/A (BUFx12f_ASAP7_75t_R)
     6    9.46    9.46   16.31  107.55 v _19186_/Y (BUFx12f_ASAP7_75t_R)
                                         _13457_ (net)
                 10.94    1.96  109.51 v _19187_/A (BUFx12f_ASAP7_75t_R)
     6   12.46   10.61   14.37  123.88 v _19187_/Y (BUFx12f_ASAP7_75t_R)
                                         _13458_ (net)
                 17.97    4.67  128.54 v _21306_/A (BUFx12f_ASAP7_75t_R)
     6   10.44   10.03   17.10  145.65 v _21306_/Y (BUFx12f_ASAP7_75t_R)
                                         _15503_ (net)
                 10.80    1.47  147.11 v _21375_/A (BUFx10_ASAP7_75t_R)
    10   15.78   14.87   20.57  167.68 v _21375_/Y (BUFx10_ASAP7_75t_R)
                                         _15572_ (net)
                 16.15    2.31  169.99 v _21376_/A (BUFx4f_ASAP7_75t_R)
    10    9.98   17.17   20.74  190.72 v _21376_/Y (BUFx4f_ASAP7_75t_R)
                                         _15573_ (net)
                 17.87    1.87  192.60 v _22152_/A1 (OA211x2_ASAP7_75t_R)
     1    0.76    9.38   23.76  216.36 v _22152_/Y (OA211x2_ASAP7_75t_R)
                                         _16327_ (net)
                  9.38    0.02  216.38 v _22153_/B (OR3x1_ASAP7_75t_R)
     1    0.93   10.85   24.57  240.95 v _22153_/Y (OR3x1_ASAP7_75t_R)
                                         _16328_ (net)
                 10.86    0.05  241.00 v _22161_/C (AND3x1_ASAP7_75t_R)
     1    1.53   11.24   17.24  258.24 v _22161_/Y (AND3x1_ASAP7_75t_R)
                                         _16336_ (net)
                 11.25    0.18  258.43 v _22178_/C (OR3x4_ASAP7_75t_R)
     2    4.23   19.25   43.68  302.10 v _22178_/Y (OR3x4_ASAP7_75t_R)
                                         _16353_ (net)
                 19.63    1.38  303.49 v _22179_/A (AND2x4_ASAP7_75t_R)
     6    5.87   12.62   23.79  327.28 v _22179_/Y (AND2x4_ASAP7_75t_R)
                                         _16354_ (net)
                 12.65    0.38  327.65 v _24175_/A2 (AO21x2_ASAP7_75t_R)
     8    8.41   27.38   27.60  355.25 v _24175_/Y (AO21x2_ASAP7_75t_R)
                                         _05187_ (net)
                 27.99    2.26  357.51 v _24418_/B (NAND2x2_ASAP7_75t_R)
     2    3.05   18.56   17.00  374.51 ^ _24418_/Y (NAND2x2_ASAP7_75t_R)
                                         _17865_ (net)
                 18.56    0.06  374.57 ^ _24419_/A (INVx2_ASAP7_75t_R)
     2    3.75   13.83   10.77  385.34 v _24419_/Y (INVx2_ASAP7_75t_R)
                                         _17820_ (net)
                 13.83    0.07  385.41 v _35401_/A (FAx1_ASAP7_75t_R)
     8   16.99  255.18  118.05  503.46 ^ _35401_/CON (FAx1_ASAP7_75t_R)
                                         _17962_ (net)
     4    7.95  184.99   92.47  595.93 v _35401_/SN (FAx1_ASAP7_75t_R)
                                         _17914_ (net)
                185.00    0.58  596.51 v _35040_/A (INVx2_ASAP7_75t_R)
     2    3.80   42.32   32.79  629.31 ^ _35040_/Y (INVx2_ASAP7_75t_R)
                                         _17913_ (net)
                 42.32    0.06  629.37 ^ _35461_/CI (FAx1_ASAP7_75t_R)
     7   12.21  193.84  208.81  838.17 v _35461_/SN (FAx1_ASAP7_75t_R)
                                         _18080_ (net)
                193.84    0.09  838.27 v _35462_/A (FAx1_ASAP7_75t_R)
     1    2.37   77.03   61.41  899.67 ^ _35462_/CON (FAx1_ASAP7_75t_R)
                                         _18122_ (net)
     1    0.83   58.07   21.18  920.85 v _35462_/SN (FAx1_ASAP7_75t_R)
                                         _18479_ (net)
                 58.07    0.02  920.88 v _34879_/A (INVx1_ASAP7_75t_R)
     1    2.17   26.57   21.32  942.19 ^ _34879_/Y (INVx1_ASAP7_75t_R)
                                         _18081_ (net)
                 26.57    0.07  942.26 ^ _35463_/A (FAx1_ASAP7_75t_R)
     1    0.84   25.23   38.96  981.22 v _35463_/SN (FAx1_ASAP7_75t_R)
                                         _18480_ (net)
                 25.23    0.02  981.24 v _34816_/A (INVx1_ASAP7_75t_R)
     1    1.74   16.83   13.57  994.81 ^ _34816_/Y (INVx1_ASAP7_75t_R)
                                         _18083_ (net)
                 16.83    0.04  994.85 ^ _35467_/CI (FAx1_ASAP7_75t_R)
     1    0.79   27.09   34.99 1029.85 v _35467_/SN (FAx1_ASAP7_75t_R)
                                         _18484_ (net)
                 27.09    0.02 1029.86 v _34856_/A (INVx1_ASAP7_75t_R)
     1    2.31   20.37   15.93 1045.79 ^ _34856_/Y (INVx1_ASAP7_75t_R)
                                         _18092_ (net)
                 20.37    0.06 1045.85 ^ _35468_/B (FAx1_ASAP7_75t_R)
     1    1.34   36.46   44.20 1090.04 v _35468_/SN (FAx1_ASAP7_75t_R)
                                         _18486_ (net)
                 36.46    0.08 1090.12 v _35578_/B (HAxp5_ASAP7_75t_R)
     4    3.72   76.56   70.85 1160.97 v _35578_/SN (HAxp5_ASAP7_75t_R)
                                         _00252_ (net)
                 76.56    0.04 1161.01 v _29453_/B (AO21x1_ASAP7_75t_R)
     1    0.71    8.64   25.77 1186.78 v _29453_/Y (AO21x1_ASAP7_75t_R)
                                         _09481_ (net)
                  8.64    0.01 1186.79 v _29454_/A2 (AO21x1_ASAP7_75t_R)
     2    1.15   10.07   15.82 1202.61 v _29454_/Y (AO21x1_ASAP7_75t_R)
                                         _09482_ (net)
                 10.07    0.02 1202.62 v _29488_/A2 (AO21x1_ASAP7_75t_R)
     1    0.77    8.43   15.07 1217.69 v _29488_/Y (AO21x1_ASAP7_75t_R)
                                         _09514_ (net)
                  8.44    0.02 1217.71 v _29489_/A2 (AO21x1_ASAP7_75t_R)
     2    1.16   10.28   15.79 1233.50 v _29489_/Y (AO21x1_ASAP7_75t_R)
                                         _09515_ (net)
                 10.28    0.01 1233.51 v _29532_/A2 (AO21x1_ASAP7_75t_R)
     1    0.60    7.65   14.61 1248.12 v _29532_/Y (AO21x1_ASAP7_75t_R)
                                         _09557_ (net)
                  7.65    0.01 1248.13 v _29536_/A2 (AO221x1_ASAP7_75t_R)
     2    2.38   17.48   26.98 1275.11 v _29536_/Y (AO221x1_ASAP7_75t_R)
                                         _09561_ (net)
                 17.48    0.03 1275.14 v _29607_/A1 (OA21x2_ASAP7_75t_R)
     4    4.61   16.71   24.47 1299.61 v _29607_/Y (OA21x2_ASAP7_75t_R)
                                         _09630_ (net)
                 16.75    0.47 1300.09 v _29608_/D (OR4x1_ASAP7_75t_R)
     1    0.70   13.03   32.57 1332.66 v _29608_/Y (OR4x1_ASAP7_75t_R)
                                         _09631_ (net)
                 13.03    0.01 1332.67 v _29613_/B (AND4x2_ASAP7_75t_R)
     2    4.11   15.78   20.90 1353.57 v _29613_/Y (AND4x2_ASAP7_75t_R)
                                         _09636_ (net)
                 16.14    1.31 1354.88 v _29616_/B (OR5x1_ASAP7_75t_R)
     1    1.12   15.53   37.57 1392.45 v _29616_/Y (OR5x1_ASAP7_75t_R)
                                         _09639_ (net)
                 15.53    0.01 1392.46 v _29617_/C (AOI211x1_ASAP7_75t_R)
     1    0.73   15.23   11.32 1403.78 ^ _29617_/Y (AOI211x1_ASAP7_75t_R)
                                         _09640_ (net)
                 15.23    0.01 1403.79 ^ _29620_/A2 (OA21x2_ASAP7_75t_R)
     1    3.08   13.84   20.70 1424.49 ^ _29620_/Y (OA21x2_ASAP7_75t_R)
                                         _09643_ (net)
                 13.88    0.44 1424.93 ^ _29624_/B (NOR2x2_ASAP7_75t_R)
     7    8.37   30.93   17.57 1442.50 v _29624_/Y (NOR2x2_ASAP7_75t_R)
                                         _09647_ (net)
                 31.43    2.16 1444.65 v _29773_/A (BUFx3_ASAP7_75t_R)
     5    3.97   10.96   22.11 1466.77 v _29773_/Y (BUFx3_ASAP7_75t_R)
                                         _09761_ (net)
                 11.00    0.37 1467.14 v _30047_/A1 (AO21x1_ASAP7_75t_R)
     1    0.66    6.93   15.87 1483.00 v _30047_/Y (AO21x1_ASAP7_75t_R)
                                         _03030_ (net)
                  6.93    0.01 1483.01 v gen_regfile_ff.register_file_i.rf_reg_q[255]$_DFFE_PN0P_/D (DFFASRHQNx1_ASAP7_75t_R)
                               1483.01   data arrival time

                  0.00 1260.00 1260.00   clock core_clock (rise edge)
                          0.00 1260.00   clock network delay (ideal)
                          0.00 1260.00   clock reconvergence pessimism
                               1260.00 ^ gen_regfile_ff.register_file_i.rf_reg_q[255]$_DFFE_PN0P_/CLK (DFFASRHQNx1_ASAP7_75t_R)
                         -5.39 1254.61   library setup time
                               1254.61   data required time
-----------------------------------------------------------------------------
                               1254.61   data required time
                               -1483.01   data arrival time
-----------------------------------------------------------------------------
                               -228.39   slack (VIOLATED)



==========================================================================
global place report_checks -unconstrained
--------------------------------------------------------------------------
Startpoint: rst_ni (input port clocked by core_clock)
Endpoint: gen_regfile_ff.register_file_i.rf_reg_q[166]$_DFFE_PN0P_
          (recovery check against rising-edge clock core_clock)
Path Group: asynchronous
Path Type: max

Fanout     Cap    Slew   Delay    Time   Description
-----------------------------------------------------------------------------
                  0.00    0.00    0.00   clock core_clock (rise edge)
                          0.00    0.00   clock network delay (ideal)
                        252.00  252.00 ^ input external delay
    68   93.71    0.00    0.00  252.00 ^ rst_ni (in)
                                         rst_ni (net)
                117.51   37.07  289.07 ^ load_slew52/A (BUFx16f_ASAP7_75t_R)
    78  105.34   60.89   45.36  334.43 ^ load_slew52/Y (BUFx16f_ASAP7_75t_R)
                                         net74 (net)
                 77.72   16.47  350.90 ^ load_slew44/A (BUFx16f_ASAP7_75t_R)
    72  104.78   58.84   33.01  383.91 ^ load_slew44/Y (BUFx16f_ASAP7_75t_R)
                                         net66 (net)
                121.65   36.00  419.91 ^ load_slew43/A (BUFx16f_ASAP7_75t_R)
    65   88.81   50.76   41.27  461.18 ^ load_slew43/Y (BUFx16f_ASAP7_75t_R)
                                         net65 (net)
                 50.97    2.09  463.27 ^ load_slew42/A (BUFx16f_ASAP7_75t_R)
    76  104.69   50.11   30.22  493.49 ^ load_slew42/Y (BUFx16f_ASAP7_75t_R)
                                         net64 (net)
                170.05   53.14  546.63 ^ load_slew41/A (BUFx16f_ASAP7_75t_R)
    73  100.40   59.70   47.99  594.62 ^ load_slew41/Y (BUFx16f_ASAP7_75t_R)
                                         net63 (net)
                 75.36   15.73  610.35 ^ load_slew39/A (BUFx16f_ASAP7_75t_R)
    68   88.30   52.67   38.55  648.90 ^ load_slew39/Y (BUFx16f_ASAP7_75t_R)
                                         net61 (net)
                 62.84   11.95  660.84 ^ gen_regfile_ff.register_file_i.rf_reg_q[166]$_DFFE_PN0P_/SETN (DFFASRHQNx1_ASAP7_75t_R)
                                660.84   data arrival time

                  0.00 1260.00 1260.00   clock core_clock (rise edge)
                          0.00 1260.00   clock network delay (ideal)
                          0.00 1260.00   clock reconvergence pessimism
                               1260.00 ^ gen_regfile_ff.register_file_i.rf_reg_q[166]$_DFFE_PN0P_/CLK (DFFASRHQNx1_ASAP7_75t_R)
                         -5.44 1254.56   library recovery time
                               1254.56   data required time
-----------------------------------------------------------------------------
                               1254.56   data required time
                               -660.84   data arrival time
-----------------------------------------------------------------------------
                                593.72   slack (MET)


Startpoint: core_clock_gate_i.en_latch$_DLATCH_N_
            (negative level-sensitive latch clocked by core_clock)
Endpoint: _35046_ (rising clock gating-check end-point clocked by core_clock)
Path Group: gated clock
Path Type: max

Fanout     Cap    Slew   Delay    Time   Description
-----------------------------------------------------------------------------
                  0.00  630.00  630.00   clock core_clock (fall edge)
                          0.00  630.00   clock network delay (ideal)
                  0.00    0.00  630.00 v core_clock_gate_i.en_latch$_DLATCH_N_/CLK (DLLx1_ASAP7_75t_R)
     1    0.58    7.59   27.20  657.20 v core_clock_gate_i.en_latch$_DLATCH_N_/Q (DLLx1_ASAP7_75t_R)
                                         core_clock_gate_i.en_latch (net)
                  7.59    0.00  657.20 v _35046_/B (AND2x2_ASAP7_75t_R)
                                657.20   data arrival time

                  0.00 1260.00 1260.00   clock core_clock (rise edge)
                          0.00 1260.00   clock network delay (ideal)
                          0.00 1260.00   clock reconvergence pessimism
                               1260.00 ^ _35046_/A (AND2x2_ASAP7_75t_R)
                          0.00 1260.00   clock gating setup time
                               1260.00   data required time
-----------------------------------------------------------------------------
                               1260.00   data required time
                               -657.20   data arrival time
-----------------------------------------------------------------------------
                                602.80   slack (MET)


Startpoint: if_stage_i.instr_rdata_alu_id_o[21]$_DFFE_PN_
            (rising edge-triggered flip-flop clocked by core_clock)
Endpoint: gen_regfile_ff.register_file_i.rf_reg_q[255]$_DFFE_PN0P_
          (rising edge-triggered flip-flop clocked by core_clock)
Path Group: core_clock
Path Type: max

Fanout     Cap    Slew   Delay    Time   Description
-----------------------------------------------------------------------------
                  0.00    0.00    0.00   clock core_clock (rise edge)
                          0.00    0.00   clock network delay (ideal)
                  0.00    0.00    0.00 ^ if_stage_i.instr_rdata_alu_id_o[21]$_DFFE_PN_/CLK (DFFHQNx2_ASAP7_75t_R)
     5    6.75   31.65   50.57   50.57 v if_stage_i.instr_rdata_alu_id_o[21]$_DFFE_PN_/QN (DFFHQNx2_ASAP7_75t_R)
                                         _01552_ (net)
                 31.65    0.02   50.59 v _19184_/A (BUFx6f_ASAP7_75t_R)
     5    7.98   11.02   21.76   72.36 v _19184_/Y (BUFx6f_ASAP7_75t_R)
                                         _13455_ (net)
                 11.02    0.06   72.41 v _19185_/A (BUFx12f_ASAP7_75t_R)
    11   12.49   10.62   14.76   87.17 v _19185_/Y (BUFx12f_ASAP7_75t_R)
                                         _13456_ (net)
                 16.39    4.08   91.24 v _19186_/A (BUFx12f_ASAP7_75t_R)
     6    9.46    9.46   16.31  107.55 v _19186_/Y (BUFx12f_ASAP7_75t_R)
                                         _13457_ (net)
                 10.94    1.96  109.51 v _19187_/A (BUFx12f_ASAP7_75t_R)
     6   12.46   10.61   14.37  123.88 v _19187_/Y (BUFx12f_ASAP7_75t_R)
                                         _13458_ (net)
                 17.97    4.67  128.54 v _21306_/A (BUFx12f_ASAP7_75t_R)
     6   10.44   10.03   17.10  145.65 v _21306_/Y (BUFx12f_ASAP7_75t_R)
                                         _15503_ (net)
                 10.80    1.47  147.11 v _21375_/A (BUFx10_ASAP7_75t_R)
    10   15.78   14.87   20.57  167.68 v _21375_/Y (BUFx10_ASAP7_75t_R)
                                         _15572_ (net)
                 16.15    2.31  169.99 v _21376_/A (BUFx4f_ASAP7_75t_R)
    10    9.98   17.17   20.74  190.72 v _21376_/Y (BUFx4f_ASAP7_75t_R)
                                         _15573_ (net)
                 17.87    1.87  192.60 v _22152_/A1 (OA211x2_ASAP7_75t_R)
     1    0.76    9.38   23.76  216.36 v _22152_/Y (OA211x2_ASAP7_75t_R)
                                         _16327_ (net)
                  9.38    0.02  216.38 v _22153_/B (OR3x1_ASAP7_75t_R)
     1    0.93   10.85   24.57  240.95 v _22153_/Y (OR3x1_ASAP7_75t_R)
                                         _16328_ (net)
                 10.86    0.05  241.00 v _22161_/C (AND3x1_ASAP7_75t_R)
     1    1.53   11.24   17.24  258.24 v _22161_/Y (AND3x1_ASAP7_75t_R)
                                         _16336_ (net)
                 11.25    0.18  258.43 v _22178_/C (OR3x4_ASAP7_75t_R)
     2    4.23   19.25   43.68  302.10 v _22178_/Y (OR3x4_ASAP7_75t_R)
                                         _16353_ (net)
                 19.63    1.38  303.49 v _22179_/A (AND2x4_ASAP7_75t_R)
     6    5.87   12.62   23.79  327.28 v _22179_/Y (AND2x4_ASAP7_75t_R)
                                         _16354_ (net)
                 12.65    0.38  327.65 v _24175_/A2 (AO21x2_ASAP7_75t_R)
     8    8.41   27.38   27.60  355.25 v _24175_/Y (AO21x2_ASAP7_75t_R)
                                         _05187_ (net)
                 27.99    2.26  357.51 v _24418_/B (NAND2x2_ASAP7_75t_R)
     2    3.05   18.56   17.00  374.51 ^ _24418_/Y (NAND2x2_ASAP7_75t_R)
                                         _17865_ (net)
                 18.56    0.06  374.57 ^ _24419_/A (INVx2_ASAP7_75t_R)
     2    3.75   13.83   10.77  385.34 v _24419_/Y (INVx2_ASAP7_75t_R)
                                         _17820_ (net)
                 13.83    0.07  385.41 v _35401_/A (FAx1_ASAP7_75t_R)
     8   16.99  255.18  118.05  503.46 ^ _35401_/CON (FAx1_ASAP7_75t_R)
                                         _17962_ (net)
     4    7.95  184.99   92.47  595.93 v _35401_/SN (FAx1_ASAP7_75t_R)
                                         _17914_ (net)
                185.00    0.58  596.51 v _35040_/A (INVx2_ASAP7_75t_R)
     2    3.80   42.32   32.79  629.31 ^ _35040_/Y (INVx2_ASAP7_75t_R)
                                         _17913_ (net)
                 42.32    0.06  629.37 ^ _35461_/CI (FAx1_ASAP7_75t_R)
     7   12.21  193.84  208.81  838.17 v _35461_/SN (FAx1_ASAP7_75t_R)
                                         _18080_ (net)
                193.84    0.09  838.27 v _35462_/A (FAx1_ASAP7_75t_R)
     1    2.37   77.03   61.41  899.67 ^ _35462_/CON (FAx1_ASAP7_75t_R)
                                         _18122_ (net)
     1    0.83   58.07   21.18  920.85 v _35462_/SN (FAx1_ASAP7_75t_R)
                                         _18479_ (net)
                 58.07    0.02  920.88 v _34879_/A (INVx1_ASAP7_75t_R)
     1    2.17   26.57   21.32  942.19 ^ _34879_/Y (INVx1_ASAP7_75t_R)
                                         _18081_ (net)
                 26.57    0.07  942.26 ^ _35463_/A (FAx1_ASAP7_75t_R)
     1    0.84   25.23   38.96  981.22 v _35463_/SN (FAx1_ASAP7_75t_R)
                                         _18480_ (net)
                 25.23    0.02  981.24 v _34816_/A (INVx1_ASAP7_75t_R)
     1    1.74   16.83   13.57  994.81 ^ _34816_/Y (INVx1_ASAP7_75t_R)
                                         _18083_ (net)
                 16.83    0.04  994.85 ^ _35467_/CI (FAx1_ASAP7_75t_R)
     1    0.79   27.09   34.99 1029.85 v _35467_/SN (FAx1_ASAP7_75t_R)
                                         _18484_ (net)
                 27.09    0.02 1029.86 v _34856_/A (INVx1_ASAP7_75t_R)
     1    2.31   20.37   15.93 1045.79 ^ _34856_/Y (INVx1_ASAP7_75t_R)
                                         _18092_ (net)
                 20.37    0.06 1045.85 ^ _35468_/B (FAx1_ASAP7_75t_R)
     1    1.34   36.46   44.20 1090.04 v _35468_/SN (FAx1_ASAP7_75t_R)
                                         _18486_ (net)
                 36.46    0.08 1090.12 v _35578_/B (HAxp5_ASAP7_75t_R)
     4    3.72   76.56   70.85 1160.97 v _35578_/SN (HAxp5_ASAP7_75t_R)
                                         _00252_ (net)
                 76.56    0.04 1161.01 v _29453_/B (AO21x1_ASAP7_75t_R)
     1    0.71    8.64   25.77 1186.78 v _29453_/Y (AO21x1_ASAP7_75t_R)
                                         _09481_ (net)
                  8.64    0.01 1186.79 v _29454_/A2 (AO21x1_ASAP7_75t_R)
     2    1.15   10.07   15.82 1202.61 v _29454_/Y (AO21x1_ASAP7_75t_R)
                                         _09482_ (net)
                 10.07    0.02 1202.62 v _29488_/A2 (AO21x1_ASAP7_75t_R)
     1    0.77    8.43   15.07 1217.69 v _29488_/Y (AO21x1_ASAP7_75t_R)
                                         _09514_ (net)
                  8.44    0.02 1217.71 v _29489_/A2 (AO21x1_ASAP7_75t_R)
     2    1.16   10.28   15.79 1233.50 v _29489_/Y (AO21x1_ASAP7_75t_R)
                                         _09515_ (net)
                 10.28    0.01 1233.51 v _29532_/A2 (AO21x1_ASAP7_75t_R)
     1    0.60    7.65   14.61 1248.12 v _29532_/Y (AO21x1_ASAP7_75t_R)
                                         _09557_ (net)
                  7.65    0.01 1248.13 v _29536_/A2 (AO221x1_ASAP7_75t_R)
     2    2.38   17.48   26.98 1275.11 v _29536_/Y (AO221x1_ASAP7_75t_R)
                                         _09561_ (net)
                 17.48    0.03 1275.14 v _29607_/A1 (OA21x2_ASAP7_75t_R)
     4    4.61   16.71   24.47 1299.61 v _29607_/Y (OA21x2_ASAP7_75t_R)
                                         _09630_ (net)
                 16.75    0.47 1300.09 v _29608_/D (OR4x1_ASAP7_75t_R)
     1    0.70   13.03   32.57 1332.66 v _29608_/Y (OR4x1_ASAP7_75t_R)
                                         _09631_ (net)
                 13.03    0.01 1332.67 v _29613_/B (AND4x2_ASAP7_75t_R)
     2    4.11   15.78   20.90 1353.57 v _29613_/Y (AND4x2_ASAP7_75t_R)
                                         _09636_ (net)
                 16.14    1.31 1354.88 v _29616_/B (OR5x1_ASAP7_75t_R)
     1    1.12   15.53   37.57 1392.45 v _29616_/Y (OR5x1_ASAP7_75t_R)
                                         _09639_ (net)
                 15.53    0.01 1392.46 v _29617_/C (AOI211x1_ASAP7_75t_R)
     1    0.73   15.23   11.32 1403.78 ^ _29617_/Y (AOI211x1_ASAP7_75t_R)
                                         _09640_ (net)
                 15.23    0.01 1403.79 ^ _29620_/A2 (OA21x2_ASAP7_75t_R)
     1    3.08   13.84   20.70 1424.49 ^ _29620_/Y (OA21x2_ASAP7_75t_R)
                                         _09643_ (net)
                 13.88    0.44 1424.93 ^ _29624_/B (NOR2x2_ASAP7_75t_R)
     7    8.37   30.93   17.57 1442.50 v _29624_/Y (NOR2x2_ASAP7_75t_R)
                                         _09647_ (net)
                 31.43    2.16 1444.65 v _29773_/A (BUFx3_ASAP7_75t_R)
     5    3.97   10.96   22.11 1466.77 v _29773_/Y (BUFx3_ASAP7_75t_R)
                                         _09761_ (net)
                 11.00    0.37 1467.14 v _30047_/A1 (AO21x1_ASAP7_75t_R)
     1    0.66    6.93   15.87 1483.00 v _30047_/Y (AO21x1_ASAP7_75t_R)
                                         _03030_ (net)
                  6.93    0.01 1483.01 v gen_regfile_ff.register_file_i.rf_reg_q[255]$_DFFE_PN0P_/D (DFFASRHQNx1_ASAP7_75t_R)
                               1483.01   data arrival time

                  0.00 1260.00 1260.00   clock core_clock (rise edge)
                          0.00 1260.00   clock network delay (ideal)
                          0.00 1260.00   clock reconvergence pessimism
                               1260.00 ^ gen_regfile_ff.register_file_i.rf_reg_q[255]$_DFFE_PN0P_/CLK (DFFASRHQNx1_ASAP7_75t_R)
                         -5.39 1254.61   library setup time
                               1254.61   data required time
-----------------------------------------------------------------------------
                               1254.61   data required time
                               -1483.01   data arrival time
-----------------------------------------------------------------------------
                               -228.39   slack (VIOLATED)



==========================================================================
global place report_power
--------------------------------------------------------------------------
Group                  Internal  Switching    Leakage      Total
                          Power      Power      Power      Power (Watts)
----------------------------------------------------------------
Sequential             3.12e-03   9.53e-04   2.10e-07   4.08e-03   9.9%
Combinational          1.64e-02   2.05e-02   1.78e-06   3.68e-02  89.8%
Clock                  5.95e-07   1.04e-04   1.16e-10   1.04e-04   0.3%
Macro                  0.00e+00   0.00e+00   0.00e+00   0.00e+00   0.0%
Pad                    0.00e+00   0.00e+00   0.00e+00   0.00e+00   0.0%
----------------------------------------------------------------
Total                  1.95e-02   2.15e-02   2.00e-06   4.10e-02 100.0%
                          47.5%      52.5%       0.0%
