
==========================================================================
resizer report_tns
--------------------------------------------------------------------------
tns -44367.13

==========================================================================
resizer report_wns
--------------------------------------------------------------------------
wns -230.41

==========================================================================
resizer report_worst_slack
--------------------------------------------------------------------------
worst slack -230.41

==========================================================================
resizer report_checks -path_delay min
--------------------------------------------------------------------------
Startpoint: rst_ni (input port clocked by core_clock)
Endpoint: ex_block_i.genblk3.gen_multdiv_fast.multdiv_i.op_quotient_q[27]$_DFFE_PN0P_
          (removal check against rising-edge clock core_clock)
Path Group: asynchronous
Path Type: min

Fanout     Cap    Slew   Delay    Time   Description
-----------------------------------------------------------------------------
                  0.00    0.00    0.00   clock core_clock (rise edge)
                          0.00    0.00   clock network delay (ideal)
                        252.00  252.00 ^ input external delay
     1    1.04    0.00    0.00  252.00 ^ rst_ni (in)
                                         rst_ni (net)
                  0.11    0.04  252.04 ^ input147/A (BUFx8_ASAP7_75t_R)
    68   75.49   71.94   18.86  270.89 ^ input147/Y (BUFx8_ASAP7_75t_R)
                                         net197 (net)
                128.46   35.08  305.98 ^ ex_block_i.genblk3.gen_multdiv_fast.multdiv_i.op_quotient_q[27]$_DFFE_PN0P_/SETN (DFFASRHQNx1_ASAP7_75t_R)
                                305.98   data arrival time

                  0.00    0.00    0.00   clock core_clock (rise edge)
                          0.00    0.00   clock network delay (ideal)
                          0.00    0.00   clock reconvergence pessimism
                                  0.00 ^ ex_block_i.genblk3.gen_multdiv_fast.multdiv_i.op_quotient_q[27]$_DFFE_PN0P_/CLK (DFFASRHQNx1_ASAP7_75t_R)
                         10.68   10.68   library removal time
                                 10.68   data required time
-----------------------------------------------------------------------------
                                 10.68   data required time
                               -305.98   data arrival time
-----------------------------------------------------------------------------
                                295.29   slack (MET)


Startpoint: core_clock_gate_i.en_latch$_DLATCH_N_
            (negative level-sensitive latch clocked by core_clock)
Endpoint: _35046_ (rising clock gating-check end-point clocked by core_clock)
Path Group: gated clock
Path Type: min

Fanout     Cap    Slew   Delay    Time   Description
-----------------------------------------------------------------------------
                  0.00  630.00  630.00   clock core_clock (fall edge)
                          0.00  630.00   clock network delay (ideal)
                  0.00    0.00  630.00 v core_clock_gate_i.en_latch$_DLATCH_N_/CLK (DLLx1_ASAP7_75t_R)
     1    0.33    6.26   17.31  647.31 ^ core_clock_gate_i.en_latch$_DLATCH_N_/Q (DLLx1_ASAP7_75t_R)
                                         core_clock_gate_i.en_latch (net)
                  6.26    0.00  647.31 ^ _35046_/B (AND2x2_ASAP7_75t_R)
                                647.31   data arrival time

                  0.00  630.00  630.00   clock core_clock (fall edge)
                          0.00  630.00   clock network delay (ideal)
                          0.00  630.00   clock reconvergence pessimism
                                630.00 v _35046_/A (AND2x2_ASAP7_75t_R)
                          0.00  630.00   clock gating hold time
                                630.00   data required time
-----------------------------------------------------------------------------
                                630.00   data required time
                               -647.31   data arrival time
-----------------------------------------------------------------------------
                                 17.31   slack (MET)


Startpoint: cs_registers_i.u_mstack_epc_csr.rdata_q[4]$_DFFE_PN0P_
            (rising edge-triggered flip-flop clocked by core_clock)
Endpoint: cs_registers_i.u_mstack_epc_csr.rdata_q[4]$_DFFE_PN0P_
          (rising edge-triggered flip-flop clocked by core_clock)
Path Group: core_clock
Path Type: min

Fanout     Cap    Slew   Delay    Time   Description
-----------------------------------------------------------------------------
                  0.00    0.00    0.00   clock core_clock (rise edge)
                          0.00    0.00   clock network delay (ideal)
                  0.00    0.00    0.00 ^ cs_registers_i.u_mstack_epc_csr.rdata_q[4]$_DFFE_PN0P_/CLK (DFFASRHQNx1_ASAP7_75t_R)
     2    1.18   16.63   37.68   37.68 ^ cs_registers_i.u_mstack_epc_csr.rdata_q[4]$_DFFE_PN0P_/QN (DFFASRHQNx1_ASAP7_75t_R)
                                         _01861_ (net)
                 16.63    0.00   37.68 ^ _27552_/A1 (AOI21x1_ASAP7_75t_R)
     1    0.69    5.64    8.87   46.55 v _27552_/Y (AOI21x1_ASAP7_75t_R)
                                         _02719_ (net)
                  5.64    0.02   46.56 v cs_registers_i.u_mstack_epc_csr.rdata_q[4]$_DFFE_PN0P_/D (DFFASRHQNx1_ASAP7_75t_R)
                                 46.56   data arrival time

                  0.00    0.00    0.00   clock core_clock (rise edge)
                          0.00    0.00   clock network delay (ideal)
                          0.00    0.00   clock reconvergence pessimism
                                  0.00 ^ cs_registers_i.u_mstack_epc_csr.rdata_q[4]$_DFFE_PN0P_/CLK (DFFASRHQNx1_ASAP7_75t_R)
                          9.34    9.34   library hold time
                                  9.34   data required time
-----------------------------------------------------------------------------
                                  9.34   data required time
                                -46.56   data arrival time
-----------------------------------------------------------------------------
                                 37.23   slack (MET)



==========================================================================
resizer report_checks -path_delay max
--------------------------------------------------------------------------
Startpoint: rst_ni (input port clocked by core_clock)
Endpoint: gen_regfile_ff.register_file_i.rf_reg_q[166]$_DFFE_PN0P_
          (recovery check against rising-edge clock core_clock)
Path Group: asynchronous
Path Type: max

Fanout     Cap    Slew   Delay    Time   Description
-----------------------------------------------------------------------------
                  0.00    0.00    0.00   clock core_clock (rise edge)
                          0.00    0.00   clock network delay (ideal)
                        252.00  252.00 ^ input external delay
     1    1.24    0.00    0.00  252.00 ^ rst_ni (in)
                                         rst_ni (net)
                  0.14    0.04  252.04 ^ input147/A (BUFx8_ASAP7_75t_R)
    68   93.47   87.25   19.19  271.23 ^ input147/Y (BUFx8_ASAP7_75t_R)
                                         net197 (net)
                159.59   44.19  315.42 ^ load_slew52/A (BUFx24_ASAP7_75t_R)
    78  105.38   54.77   53.54  368.96 ^ load_slew52/Y (BUFx24_ASAP7_75t_R)
                                         net74 (net)
                 74.39   16.87  385.84 ^ load_slew44/A (BUFx24_ASAP7_75t_R)
    72  104.76   49.92   36.63  422.46 ^ load_slew44/Y (BUFx24_ASAP7_75t_R)
                                         net66 (net)
                115.64   34.44  456.90 ^ load_slew43/A (BUFx16f_ASAP7_75t_R)
    65   88.83   50.70   40.71  497.61 ^ load_slew43/Y (BUFx16f_ASAP7_75t_R)
                                         net65 (net)
                 50.90    2.09  499.70 ^ load_slew42/A (BUFx24_ASAP7_75t_R)
    76  104.73   38.41   33.25  532.95 ^ load_slew42/Y (BUFx24_ASAP7_75t_R)
                                         net64 (net)
                167.31   52.46  585.41 ^ load_slew41/A (BUFx16f_ASAP7_75t_R)
    73  100.40   59.66   47.83  633.24 ^ load_slew41/Y (BUFx16f_ASAP7_75t_R)
                                         net63 (net)
                 75.33   15.73  648.96 ^ load_slew39/A (BUFx16f_ASAP7_75t_R)
    68   88.30   52.67   38.54  687.51 ^ load_slew39/Y (BUFx16f_ASAP7_75t_R)
                                         net61 (net)
                 62.84   11.95  699.45 ^ gen_regfile_ff.register_file_i.rf_reg_q[166]$_DFFE_PN0P_/SETN (DFFASRHQNx1_ASAP7_75t_R)
                                699.45   data arrival time

                  0.00 1260.00 1260.00   clock core_clock (rise edge)
                          0.00 1260.00   clock network delay (ideal)
                          0.00 1260.00   clock reconvergence pessimism
                               1260.00 ^ gen_regfile_ff.register_file_i.rf_reg_q[166]$_DFFE_PN0P_/CLK (DFFASRHQNx1_ASAP7_75t_R)
                         -5.44 1254.56   library recovery time
                               1254.56   data required time
-----------------------------------------------------------------------------
                               1254.56   data required time
                               -699.45   data arrival time
-----------------------------------------------------------------------------
                                555.11   slack (MET)


Startpoint: core_clock_gate_i.en_latch$_DLATCH_N_
            (negative level-sensitive latch clocked by core_clock)
Endpoint: _35046_ (rising clock gating-check end-point clocked by core_clock)
Path Group: gated clock
Path Type: max

Fanout     Cap    Slew   Delay    Time   Description
-----------------------------------------------------------------------------
                  0.00  630.00  630.00   clock core_clock (fall edge)
                          0.00  630.00   clock network delay (ideal)
                  0.00    0.00  630.00 v core_clock_gate_i.en_latch$_DLATCH_N_/CLK (DLLx1_ASAP7_75t_R)
     1    0.58    7.59   27.20  657.20 v core_clock_gate_i.en_latch$_DLATCH_N_/Q (DLLx1_ASAP7_75t_R)
                                         core_clock_gate_i.en_latch (net)
                  7.59    0.00  657.20 v _35046_/B (AND2x2_ASAP7_75t_R)
                                657.20   data arrival time

                  0.00 1260.00 1260.00   clock core_clock (rise edge)
                          0.00 1260.00   clock network delay (ideal)
                          0.00 1260.00   clock reconvergence pessimism
                               1260.00 ^ _35046_/A (AND2x2_ASAP7_75t_R)
                          0.00 1260.00   clock gating setup time
                               1260.00   data required time
-----------------------------------------------------------------------------
                               1260.00   data required time
                               -657.20   data arrival time
-----------------------------------------------------------------------------
                                602.80   slack (MET)


Startpoint: if_stage_i.instr_rdata_alu_id_o[21]$_DFFE_PN_
            (rising edge-triggered flip-flop clocked by core_clock)
Endpoint: gen_regfile_ff.register_file_i.rf_reg_q[255]$_DFFE_PN0P_
          (rising edge-triggered flip-flop clocked by core_clock)
Path Group: core_clock
Path Type: max

Fanout     Cap    Slew   Delay    Time   Description
-----------------------------------------------------------------------------
                  0.00    0.00    0.00   clock core_clock (rise edge)
                          0.00    0.00   clock network delay (ideal)
                  0.00    0.00    0.00 ^ if_stage_i.instr_rdata_alu_id_o[21]$_DFFE_PN_/CLK (DFFHQNx2_ASAP7_75t_R)
     5    6.75   31.65   50.57   50.57 v if_stage_i.instr_rdata_alu_id_o[21]$_DFFE_PN_/QN (DFFHQNx2_ASAP7_75t_R)
                                         _01552_ (net)
                 31.65    0.02   50.59 v _19184_/A (BUFx6f_ASAP7_75t_R)
     5    7.98   11.02   21.76   72.36 v _19184_/Y (BUFx6f_ASAP7_75t_R)
                                         _13455_ (net)
                 11.02    0.06   72.41 v _19185_/A (BUFx12f_ASAP7_75t_R)
    11   12.49   10.62   14.76   87.17 v _19185_/Y (BUFx12f_ASAP7_75t_R)
                                         _13456_ (net)
                 16.39    4.08   91.24 v _19186_/A (BUFx12f_ASAP7_75t_R)
     6    9.46    9.46   16.31  107.55 v _19186_/Y (BUFx12f_ASAP7_75t_R)
                                         _13457_ (net)
                 10.94    1.96  109.51 v _19187_/A (BUFx12f_ASAP7_75t_R)
     6   12.46   10.61   14.37  123.88 v _19187_/Y (BUFx12f_ASAP7_75t_R)
                                         _13458_ (net)
                 17.97    4.67  128.54 v _21306_/A (BUFx12f_ASAP7_75t_R)
     6   10.44   10.04   17.10  145.65 v _21306_/Y (BUFx12f_ASAP7_75t_R)
                                         _15503_ (net)
                 10.80    1.47  147.11 v _21375_/A (BUFx10_ASAP7_75t_R)
    10   15.78   14.87   20.57  167.68 v _21375_/Y (BUFx10_ASAP7_75t_R)
                                         _15572_ (net)
                 16.15    2.31  169.99 v _21376_/A (BUFx4f_ASAP7_75t_R)
    10    9.98   17.17   20.74  190.73 v _21376_/Y (BUFx4f_ASAP7_75t_R)
                                         _15573_ (net)
                 17.87    1.87  192.60 v _22152_/A1 (OA211x2_ASAP7_75t_R)
     1    0.76    9.38   23.76  216.36 v _22152_/Y (OA211x2_ASAP7_75t_R)
                                         _16327_ (net)
                  9.38    0.02  216.38 v _22153_/B (OR3x1_ASAP7_75t_R)
     1    0.93   10.85   24.57  240.95 v _22153_/Y (OR3x1_ASAP7_75t_R)
                                         _16328_ (net)
                 10.86    0.05  241.00 v _22161_/C (AND3x1_ASAP7_75t_R)
     1    1.53   11.24   17.24  258.25 v _22161_/Y (AND3x1_ASAP7_75t_R)
                                         _16336_ (net)
                 11.25    0.18  258.43 v _22178_/C (OR3x4_ASAP7_75t_R)
     2    4.23   19.25   43.68  302.11 v _22178_/Y (OR3x4_ASAP7_75t_R)
                                         _16353_ (net)
                 19.63    1.38  303.49 v _22179_/A (AND2x4_ASAP7_75t_R)
     6    5.87   12.62   23.79  327.28 v _22179_/Y (AND2x4_ASAP7_75t_R)
                                         _16354_ (net)
                 12.65    0.38  327.66 v _24175_/A2 (AO21x2_ASAP7_75t_R)
     8    8.41   27.38   27.60  355.26 v _24175_/Y (AO21x2_ASAP7_75t_R)
                                         _05187_ (net)
                 27.99    2.26  357.52 v _24418_/B (NAND2x2_ASAP7_75t_R)
     2    3.05   18.56   17.00  374.51 ^ _24418_/Y (NAND2x2_ASAP7_75t_R)
                                         _17865_ (net)
                 18.56    0.06  374.57 ^ _24419_/A (INVx2_ASAP7_75t_R)
     2    3.75   13.83   10.77  385.34 v _24419_/Y (INVx2_ASAP7_75t_R)
                                         _17820_ (net)
                 13.83    0.07  385.42 v _35401_/A (FAx1_ASAP7_75t_R)
     8   17.23  258.67  119.52  504.93 ^ _35401_/CON (FAx1_ASAP7_75t_R)
                                         _17962_ (net)
     4    7.95  184.99   93.02  597.95 v _35401_/SN (FAx1_ASAP7_75t_R)
                                         _17914_ (net)
                185.00    0.58  598.54 v _35040_/A (INVx2_ASAP7_75t_R)
     2    3.80   42.32   32.79  631.33 ^ _35040_/Y (INVx2_ASAP7_75t_R)
                                         _17913_ (net)
                 42.32    0.06  631.39 ^ _35461_/CI (FAx1_ASAP7_75t_R)
     7   12.21  193.84  208.81  840.20 v _35461_/SN (FAx1_ASAP7_75t_R)
                                         _18080_ (net)
                193.84    0.09  840.29 v _35462_/A (FAx1_ASAP7_75t_R)
     1    2.37   77.03   61.41  901.69 ^ _35462_/CON (FAx1_ASAP7_75t_R)
                                         _18122_ (net)
     1    0.83   58.07   21.18  922.88 v _35462_/SN (FAx1_ASAP7_75t_R)
                                         _18479_ (net)
                 58.07    0.02  922.90 v _34879_/A (INVx1_ASAP7_75t_R)
     1    2.17   26.57   21.32  944.21 ^ _34879_/Y (INVx1_ASAP7_75t_R)
                                         _18081_ (net)
                 26.57    0.07  944.28 ^ _35463_/A (FAx1_ASAP7_75t_R)
     1    0.84   25.23   38.96  983.24 v _35463_/SN (FAx1_ASAP7_75t_R)
                                         _18480_ (net)
                 25.23    0.02  983.26 v _34816_/A (INVx1_ASAP7_75t_R)
     1    1.74   16.83   13.57  996.83 ^ _34816_/Y (INVx1_ASAP7_75t_R)
                                         _18083_ (net)
                 16.83    0.04  996.88 ^ _35467_/CI (FAx1_ASAP7_75t_R)
     1    0.79   27.09   34.99 1031.87 v _35467_/SN (FAx1_ASAP7_75t_R)
                                         _18484_ (net)
                 27.09    0.02 1031.88 v _34856_/A (INVx1_ASAP7_75t_R)
     1    2.31   20.37   15.93 1047.81 ^ _34856_/Y (INVx1_ASAP7_75t_R)
                                         _18092_ (net)
                 20.37    0.06 1047.87 ^ _35468_/B (FAx1_ASAP7_75t_R)
     1    1.34   36.46   44.20 1092.07 v _35468_/SN (FAx1_ASAP7_75t_R)
                                         _18486_ (net)
                 36.46    0.08 1092.14 v _35578_/B (HAxp5_ASAP7_75t_R)
     4    3.72   76.56   70.85 1163.00 v _35578_/SN (HAxp5_ASAP7_75t_R)
                                         _00252_ (net)
                 76.56    0.04 1163.04 v _29453_/B (AO21x1_ASAP7_75t_R)
     1    0.71    8.64   25.77 1188.80 v _29453_/Y (AO21x1_ASAP7_75t_R)
                                         _09481_ (net)
                  8.64    0.01 1188.81 v _29454_/A2 (AO21x1_ASAP7_75t_R)
     2    1.15   10.07   15.82 1204.63 v _29454_/Y (AO21x1_ASAP7_75t_R)
                                         _09482_ (net)
                 10.07    0.02 1204.65 v _29488_/A2 (AO21x1_ASAP7_75t_R)
     1    0.77    8.43   15.07 1219.71 v _29488_/Y (AO21x1_ASAP7_75t_R)
                                         _09514_ (net)
                  8.44    0.02 1219.73 v _29489_/A2 (AO21x1_ASAP7_75t_R)
     2    1.16   10.28   15.79 1235.52 v _29489_/Y (AO21x1_ASAP7_75t_R)
                                         _09515_ (net)
                 10.28    0.01 1235.53 v _29532_/A2 (AO21x1_ASAP7_75t_R)
     1    0.60    7.65   14.61 1250.14 v _29532_/Y (AO21x1_ASAP7_75t_R)
                                         _09557_ (net)
                  7.65    0.01 1250.15 v _29536_/A2 (AO221x1_ASAP7_75t_R)
     2    2.38   17.48   26.98 1277.13 v _29536_/Y (AO221x1_ASAP7_75t_R)
                                         _09561_ (net)
                 17.48    0.03 1277.17 v _29607_/A1 (OA21x2_ASAP7_75t_R)
     4    4.61   16.71   24.47 1301.64 v _29607_/Y (OA21x2_ASAP7_75t_R)
                                         _09630_ (net)
                 16.75    0.47 1302.11 v _29608_/D (OR4x1_ASAP7_75t_R)
     1    0.70   13.03   32.57 1334.68 v _29608_/Y (OR4x1_ASAP7_75t_R)
                                         _09631_ (net)
                 13.03    0.01 1334.69 v _29613_/B (AND4x2_ASAP7_75t_R)
     2    4.11   15.78   20.90 1355.59 v _29613_/Y (AND4x2_ASAP7_75t_R)
                                         _09636_ (net)
                 16.14    1.31 1356.91 v _29616_/B (OR5x1_ASAP7_75t_R)
     1    1.12   15.53   37.57 1394.47 v _29616_/Y (OR5x1_ASAP7_75t_R)
                                         _09639_ (net)
                 15.53    0.01 1394.48 v _29617_/C (AOI211x1_ASAP7_75t_R)
     1    0.73   15.23   11.32 1405.80 ^ _29617_/Y (AOI211x1_ASAP7_75t_R)
                                         _09640_ (net)
                 15.23    0.01 1405.81 ^ _29620_/A2 (OA21x2_ASAP7_75t_R)
     1    3.08   13.84   20.70 1426.51 ^ _29620_/Y (OA21x2_ASAP7_75t_R)
                                         _09643_ (net)
                 13.88    0.44 1426.95 ^ _29624_/B (NOR2x2_ASAP7_75t_R)
     7    8.37   30.93   17.57 1444.52 v _29624_/Y (NOR2x2_ASAP7_75t_R)
                                         _09647_ (net)
                 31.43    2.16 1446.68 v _29773_/A (BUFx3_ASAP7_75t_R)
     5    3.97   10.96   22.11 1468.79 v _29773_/Y (BUFx3_ASAP7_75t_R)
                                         _09761_ (net)
                 11.00    0.37 1469.16 v _30047_/A1 (AO21x1_ASAP7_75t_R)
     1    0.66    6.93   15.87 1485.02 v _30047_/Y (AO21x1_ASAP7_75t_R)
                                         _03030_ (net)
                  6.93    0.01 1485.03 v gen_regfile_ff.register_file_i.rf_reg_q[255]$_DFFE_PN0P_/D (DFFASRHQNx1_ASAP7_75t_R)
                               1485.03   data arrival time

                  0.00 1260.00 1260.00   clock core_clock (rise edge)
                          0.00 1260.00   clock network delay (ideal)
                          0.00 1260.00   clock reconvergence pessimism
                               1260.00 ^ gen_regfile_ff.register_file_i.rf_reg_q[255]$_DFFE_PN0P_/CLK (DFFASRHQNx1_ASAP7_75t_R)
                         -5.39 1254.61   library setup time
                               1254.61   data required time
-----------------------------------------------------------------------------
                               1254.61   data required time
                               -1485.03   data arrival time
-----------------------------------------------------------------------------
                               -230.41   slack (VIOLATED)



==========================================================================
resizer report_checks -unconstrained
--------------------------------------------------------------------------
Startpoint: rst_ni (input port clocked by core_clock)
Endpoint: gen_regfile_ff.register_file_i.rf_reg_q[166]$_DFFE_PN0P_
          (recovery check against rising-edge clock core_clock)
Path Group: asynchronous
Path Type: max

Fanout     Cap    Slew   Delay    Time   Description
-----------------------------------------------------------------------------
                  0.00    0.00    0.00   clock core_clock (rise edge)
                          0.00    0.00   clock network delay (ideal)
                        252.00  252.00 ^ input external delay
     1    1.24    0.00    0.00  252.00 ^ rst_ni (in)
                                         rst_ni (net)
                  0.14    0.04  252.04 ^ input147/A (BUFx8_ASAP7_75t_R)
    68   93.47   87.25   19.19  271.23 ^ input147/Y (BUFx8_ASAP7_75t_R)
                                         net197 (net)
                159.59   44.19  315.42 ^ load_slew52/A (BUFx24_ASAP7_75t_R)
    78  105.38   54.77   53.54  368.96 ^ load_slew52/Y (BUFx24_ASAP7_75t_R)
                                         net74 (net)
                 74.39   16.87  385.84 ^ load_slew44/A (BUFx24_ASAP7_75t_R)
    72  104.76   49.92   36.63  422.46 ^ load_slew44/Y (BUFx24_ASAP7_75t_R)
                                         net66 (net)
                115.64   34.44  456.90 ^ load_slew43/A (BUFx16f_ASAP7_75t_R)
    65   88.83   50.70   40.71  497.61 ^ load_slew43/Y (BUFx16f_ASAP7_75t_R)
                                         net65 (net)
                 50.90    2.09  499.70 ^ load_slew42/A (BUFx24_ASAP7_75t_R)
    76  104.73   38.41   33.25  532.95 ^ load_slew42/Y (BUFx24_ASAP7_75t_R)
                                         net64 (net)
                167.31   52.46  585.41 ^ load_slew41/A (BUFx16f_ASAP7_75t_R)
    73  100.40   59.66   47.83  633.24 ^ load_slew41/Y (BUFx16f_ASAP7_75t_R)
                                         net63 (net)
                 75.33   15.73  648.96 ^ load_slew39/A (BUFx16f_ASAP7_75t_R)
    68   88.30   52.67   38.54  687.51 ^ load_slew39/Y (BUFx16f_ASAP7_75t_R)
                                         net61 (net)
                 62.84   11.95  699.45 ^ gen_regfile_ff.register_file_i.rf_reg_q[166]$_DFFE_PN0P_/SETN (DFFASRHQNx1_ASAP7_75t_R)
                                699.45   data arrival time

                  0.00 1260.00 1260.00   clock core_clock (rise edge)
                          0.00 1260.00   clock network delay (ideal)
                          0.00 1260.00   clock reconvergence pessimism
                               1260.00 ^ gen_regfile_ff.register_file_i.rf_reg_q[166]$_DFFE_PN0P_/CLK (DFFASRHQNx1_ASAP7_75t_R)
                         -5.44 1254.56   library recovery time
                               1254.56   data required time
-----------------------------------------------------------------------------
                               1254.56   data required time
                               -699.45   data arrival time
-----------------------------------------------------------------------------
                                555.11   slack (MET)


Startpoint: core_clock_gate_i.en_latch$_DLATCH_N_
            (negative level-sensitive latch clocked by core_clock)
Endpoint: _35046_ (rising clock gating-check end-point clocked by core_clock)
Path Group: gated clock
Path Type: max

Fanout     Cap    Slew   Delay    Time   Description
-----------------------------------------------------------------------------
                  0.00  630.00  630.00   clock core_clock (fall edge)
                          0.00  630.00   clock network delay (ideal)
                  0.00    0.00  630.00 v core_clock_gate_i.en_latch$_DLATCH_N_/CLK (DLLx1_ASAP7_75t_R)
     1    0.58    7.59   27.20  657.20 v core_clock_gate_i.en_latch$_DLATCH_N_/Q (DLLx1_ASAP7_75t_R)
                                         core_clock_gate_i.en_latch (net)
                  7.59    0.00  657.20 v _35046_/B (AND2x2_ASAP7_75t_R)
                                657.20   data arrival time

                  0.00 1260.00 1260.00   clock core_clock (rise edge)
                          0.00 1260.00   clock network delay (ideal)
                          0.00 1260.00   clock reconvergence pessimism
                               1260.00 ^ _35046_/A (AND2x2_ASAP7_75t_R)
                          0.00 1260.00   clock gating setup time
                               1260.00   data required time
-----------------------------------------------------------------------------
                               1260.00   data required time
                               -657.20   data arrival time
-----------------------------------------------------------------------------
                                602.80   slack (MET)


Startpoint: if_stage_i.instr_rdata_alu_id_o[21]$_DFFE_PN_
            (rising edge-triggered flip-flop clocked by core_clock)
Endpoint: gen_regfile_ff.register_file_i.rf_reg_q[255]$_DFFE_PN0P_
          (rising edge-triggered flip-flop clocked by core_clock)
Path Group: core_clock
Path Type: max

Fanout     Cap    Slew   Delay    Time   Description
-----------------------------------------------------------------------------
                  0.00    0.00    0.00   clock core_clock (rise edge)
                          0.00    0.00   clock network delay (ideal)
                  0.00    0.00    0.00 ^ if_stage_i.instr_rdata_alu_id_o[21]$_DFFE_PN_/CLK (DFFHQNx2_ASAP7_75t_R)
     5    6.75   31.65   50.57   50.57 v if_stage_i.instr_rdata_alu_id_o[21]$_DFFE_PN_/QN (DFFHQNx2_ASAP7_75t_R)
                                         _01552_ (net)
                 31.65    0.02   50.59 v _19184_/A (BUFx6f_ASAP7_75t_R)
     5    7.98   11.02   21.76   72.36 v _19184_/Y (BUFx6f_ASAP7_75t_R)
                                         _13455_ (net)
                 11.02    0.06   72.41 v _19185_/A (BUFx12f_ASAP7_75t_R)
    11   12.49   10.62   14.76   87.17 v _19185_/Y (BUFx12f_ASAP7_75t_R)
                                         _13456_ (net)
                 16.39    4.08   91.24 v _19186_/A (BUFx12f_ASAP7_75t_R)
     6    9.46    9.46   16.31  107.55 v _19186_/Y (BUFx12f_ASAP7_75t_R)
                                         _13457_ (net)
                 10.94    1.96  109.51 v _19187_/A (BUFx12f_ASAP7_75t_R)
     6   12.46   10.61   14.37  123.88 v _19187_/Y (BUFx12f_ASAP7_75t_R)
                                         _13458_ (net)
                 17.97    4.67  128.54 v _21306_/A (BUFx12f_ASAP7_75t_R)
     6   10.44   10.04   17.10  145.65 v _21306_/Y (BUFx12f_ASAP7_75t_R)
                                         _15503_ (net)
                 10.80    1.47  147.11 v _21375_/A (BUFx10_ASAP7_75t_R)
    10   15.78   14.87   20.57  167.68 v _21375_/Y (BUFx10_ASAP7_75t_R)
                                         _15572_ (net)
                 16.15    2.31  169.99 v _21376_/A (BUFx4f_ASAP7_75t_R)
    10    9.98   17.17   20.74  190.73 v _21376_/Y (BUFx4f_ASAP7_75t_R)
                                         _15573_ (net)
                 17.87    1.87  192.60 v _22152_/A1 (OA211x2_ASAP7_75t_R)
     1    0.76    9.38   23.76  216.36 v _22152_/Y (OA211x2_ASAP7_75t_R)
                                         _16327_ (net)
                  9.38    0.02  216.38 v _22153_/B (OR3x1_ASAP7_75t_R)
     1    0.93   10.85   24.57  240.95 v _22153_/Y (OR3x1_ASAP7_75t_R)
                                         _16328_ (net)
                 10.86    0.05  241.00 v _22161_/C (AND3x1_ASAP7_75t_R)
     1    1.53   11.24   17.24  258.25 v _22161_/Y (AND3x1_ASAP7_75t_R)
                                         _16336_ (net)
                 11.25    0.18  258.43 v _22178_/C (OR3x4_ASAP7_75t_R)
     2    4.23   19.25   43.68  302.11 v _22178_/Y (OR3x4_ASAP7_75t_R)
                                         _16353_ (net)
                 19.63    1.38  303.49 v _22179_/A (AND2x4_ASAP7_75t_R)
     6    5.87   12.62   23.79  327.28 v _22179_/Y (AND2x4_ASAP7_75t_R)
                                         _16354_ (net)
                 12.65    0.38  327.66 v _24175_/A2 (AO21x2_ASAP7_75t_R)
     8    8.41   27.38   27.60  355.26 v _24175_/Y (AO21x2_ASAP7_75t_R)
                                         _05187_ (net)
                 27.99    2.26  357.52 v _24418_/B (NAND2x2_ASAP7_75t_R)
     2    3.05   18.56   17.00  374.51 ^ _24418_/Y (NAND2x2_ASAP7_75t_R)
                                         _17865_ (net)
                 18.56    0.06  374.57 ^ _24419_/A (INVx2_ASAP7_75t_R)
     2    3.75   13.83   10.77  385.34 v _24419_/Y (INVx2_ASAP7_75t_R)
                                         _17820_ (net)
                 13.83    0.07  385.42 v _35401_/A (FAx1_ASAP7_75t_R)
     8   17.23  258.67  119.52  504.93 ^ _35401_/CON (FAx1_ASAP7_75t_R)
                                         _17962_ (net)
     4    7.95  184.99   93.02  597.95 v _35401_/SN (FAx1_ASAP7_75t_R)
                                         _17914_ (net)
                185.00    0.58  598.54 v _35040_/A (INVx2_ASAP7_75t_R)
     2    3.80   42.32   32.79  631.33 ^ _35040_/Y (INVx2_ASAP7_75t_R)
                                         _17913_ (net)
                 42.32    0.06  631.39 ^ _35461_/CI (FAx1_ASAP7_75t_R)
     7   12.21  193.84  208.81  840.20 v _35461_/SN (FAx1_ASAP7_75t_R)
                                         _18080_ (net)
                193.84    0.09  840.29 v _35462_/A (FAx1_ASAP7_75t_R)
     1    2.37   77.03   61.41  901.69 ^ _35462_/CON (FAx1_ASAP7_75t_R)
                                         _18122_ (net)
     1    0.83   58.07   21.18  922.88 v _35462_/SN (FAx1_ASAP7_75t_R)
                                         _18479_ (net)
                 58.07    0.02  922.90 v _34879_/A (INVx1_ASAP7_75t_R)
     1    2.17   26.57   21.32  944.21 ^ _34879_/Y (INVx1_ASAP7_75t_R)
                                         _18081_ (net)
                 26.57    0.07  944.28 ^ _35463_/A (FAx1_ASAP7_75t_R)
     1    0.84   25.23   38.96  983.24 v _35463_/SN (FAx1_ASAP7_75t_R)
                                         _18480_ (net)
                 25.23    0.02  983.26 v _34816_/A (INVx1_ASAP7_75t_R)
     1    1.74   16.83   13.57  996.83 ^ _34816_/Y (INVx1_ASAP7_75t_R)
                                         _18083_ (net)
                 16.83    0.04  996.88 ^ _35467_/CI (FAx1_ASAP7_75t_R)
     1    0.79   27.09   34.99 1031.87 v _35467_/SN (FAx1_ASAP7_75t_R)
                                         _18484_ (net)
                 27.09    0.02 1031.88 v _34856_/A (INVx1_ASAP7_75t_R)
     1    2.31   20.37   15.93 1047.81 ^ _34856_/Y (INVx1_ASAP7_75t_R)
                                         _18092_ (net)
                 20.37    0.06 1047.87 ^ _35468_/B (FAx1_ASAP7_75t_R)
     1    1.34   36.46   44.20 1092.07 v _35468_/SN (FAx1_ASAP7_75t_R)
                                         _18486_ (net)
                 36.46    0.08 1092.14 v _35578_/B (HAxp5_ASAP7_75t_R)
     4    3.72   76.56   70.85 1163.00 v _35578_/SN (HAxp5_ASAP7_75t_R)
                                         _00252_ (net)
                 76.56    0.04 1163.04 v _29453_/B (AO21x1_ASAP7_75t_R)
     1    0.71    8.64   25.77 1188.80 v _29453_/Y (AO21x1_ASAP7_75t_R)
                                         _09481_ (net)
                  8.64    0.01 1188.81 v _29454_/A2 (AO21x1_ASAP7_75t_R)
     2    1.15   10.07   15.82 1204.63 v _29454_/Y (AO21x1_ASAP7_75t_R)
                                         _09482_ (net)
                 10.07    0.02 1204.65 v _29488_/A2 (AO21x1_ASAP7_75t_R)
     1    0.77    8.43   15.07 1219.71 v _29488_/Y (AO21x1_ASAP7_75t_R)
                                         _09514_ (net)
                  8.44    0.02 1219.73 v _29489_/A2 (AO21x1_ASAP7_75t_R)
     2    1.16   10.28   15.79 1235.52 v _29489_/Y (AO21x1_ASAP7_75t_R)
                                         _09515_ (net)
                 10.28    0.01 1235.53 v _29532_/A2 (AO21x1_ASAP7_75t_R)
     1    0.60    7.65   14.61 1250.14 v _29532_/Y (AO21x1_ASAP7_75t_R)
                                         _09557_ (net)
                  7.65    0.01 1250.15 v _29536_/A2 (AO221x1_ASAP7_75t_R)
     2    2.38   17.48   26.98 1277.13 v _29536_/Y (AO221x1_ASAP7_75t_R)
                                         _09561_ (net)
                 17.48    0.03 1277.17 v _29607_/A1 (OA21x2_ASAP7_75t_R)
     4    4.61   16.71   24.47 1301.64 v _29607_/Y (OA21x2_ASAP7_75t_R)
                                         _09630_ (net)
                 16.75    0.47 1302.11 v _29608_/D (OR4x1_ASAP7_75t_R)
     1    0.70   13.03   32.57 1334.68 v _29608_/Y (OR4x1_ASAP7_75t_R)
                                         _09631_ (net)
                 13.03    0.01 1334.69 v _29613_/B (AND4x2_ASAP7_75t_R)
     2    4.11   15.78   20.90 1355.59 v _29613_/Y (AND4x2_ASAP7_75t_R)
                                         _09636_ (net)
                 16.14    1.31 1356.91 v _29616_/B (OR5x1_ASAP7_75t_R)
     1    1.12   15.53   37.57 1394.47 v _29616_/Y (OR5x1_ASAP7_75t_R)
                                         _09639_ (net)
                 15.53    0.01 1394.48 v _29617_/C (AOI211x1_ASAP7_75t_R)
     1    0.73   15.23   11.32 1405.80 ^ _29617_/Y (AOI211x1_ASAP7_75t_R)
                                         _09640_ (net)
                 15.23    0.01 1405.81 ^ _29620_/A2 (OA21x2_ASAP7_75t_R)
     1    3.08   13.84   20.70 1426.51 ^ _29620_/Y (OA21x2_ASAP7_75t_R)
                                         _09643_ (net)
                 13.88    0.44 1426.95 ^ _29624_/B (NOR2x2_ASAP7_75t_R)
     7    8.37   30.93   17.57 1444.52 v _29624_/Y (NOR2x2_ASAP7_75t_R)
                                         _09647_ (net)
                 31.43    2.16 1446.68 v _29773_/A (BUFx3_ASAP7_75t_R)
     5    3.97   10.96   22.11 1468.79 v _29773_/Y (BUFx3_ASAP7_75t_R)
                                         _09761_ (net)
                 11.00    0.37 1469.16 v _30047_/A1 (AO21x1_ASAP7_75t_R)
     1    0.66    6.93   15.87 1485.02 v _30047_/Y (AO21x1_ASAP7_75t_R)
                                         _03030_ (net)
                  6.93    0.01 1485.03 v gen_regfile_ff.register_file_i.rf_reg_q[255]$_DFFE_PN0P_/D (DFFASRHQNx1_ASAP7_75t_R)
                               1485.03   data arrival time

                  0.00 1260.00 1260.00   clock core_clock (rise edge)
                          0.00 1260.00   clock network delay (ideal)
                          0.00 1260.00   clock reconvergence pessimism
                               1260.00 ^ gen_regfile_ff.register_file_i.rf_reg_q[255]$_DFFE_PN0P_/CLK (DFFASRHQNx1_ASAP7_75t_R)
                         -5.39 1254.61   library setup time
                               1254.61   data required time
-----------------------------------------------------------------------------
                               1254.61   data required time
                               -1485.03   data arrival time
-----------------------------------------------------------------------------
                               -230.41   slack (VIOLATED)



==========================================================================
resizer report_check_types -max_slew -max_cap -max_fanout -violators
--------------------------------------------------------------------------

==========================================================================
resizer max_slew_check_slack
--------------------------------------------------------------------------
32.18247985839844

==========================================================================
resizer max_slew_check_limit
--------------------------------------------------------------------------
320.0

==========================================================================
resizer max_slew_check_slack_limit
--------------------------------------------------------------------------
0.1006

==========================================================================
resizer max_fanout_check_slack
--------------------------------------------------------------------------
1.0000000150474662e+30

==========================================================================
resizer max_fanout_check_limit
--------------------------------------------------------------------------
1.0000000150474662e+30

==========================================================================
resizer max_capacitance_check_slack
--------------------------------------------------------------------------
6.862911701202393

==========================================================================
resizer max_capacitance_check_limit
--------------------------------------------------------------------------
23.040000915527344

==========================================================================
resizer max_capacitance_check_slack_limit
--------------------------------------------------------------------------
0.2979

==========================================================================
resizer max_slew_violation_count
--------------------------------------------------------------------------
max slew violation count 0

==========================================================================
resizer max_fanout_violation_count
--------------------------------------------------------------------------
max fanout violation count 0

==========================================================================
resizer max_cap_violation_count
--------------------------------------------------------------------------
max cap violation count 0

==========================================================================
resizer setup_violation_count
--------------------------------------------------------------------------
setup violation count 288

==========================================================================
resizer hold_violation_count
--------------------------------------------------------------------------
hold violation count 0

==========================================================================
resizer report_checks -path_delay max reg to reg
--------------------------------------------------------------------------
Startpoint: if_stage_i.instr_rdata_alu_id_o[21]$_DFFE_PN_
            (rising edge-triggered flip-flop clocked by core_clock)
Endpoint: gen_regfile_ff.register_file_i.rf_reg_q[255]$_DFFE_PN0P_
          (rising edge-triggered flip-flop clocked by core_clock)
Path Group: core_clock
Path Type: max

  Delay    Time   Description
---------------------------------------------------------
   0.00    0.00   clock core_clock (rise edge)
   0.00    0.00   clock network delay (ideal)
   0.00    0.00 ^ if_stage_i.instr_rdata_alu_id_o[21]$_DFFE_PN_/CLK (DFFHQNx2_ASAP7_75t_R)
  50.57   50.57 v if_stage_i.instr_rdata_alu_id_o[21]$_DFFE_PN_/QN (DFFHQNx2_ASAP7_75t_R)
  21.78   72.36 v _19184_/Y (BUFx6f_ASAP7_75t_R)
  14.81   87.17 v _19185_/Y (BUFx12f_ASAP7_75t_R)
  20.38  107.55 v _19186_/Y (BUFx12f_ASAP7_75t_R)
  16.32  123.88 v _19187_/Y (BUFx12f_ASAP7_75t_R)
  21.77  145.65 v _21306_/Y (BUFx12f_ASAP7_75t_R)
  22.04  167.68 v _21375_/Y (BUFx10_ASAP7_75t_R)
  23.05  190.73 v _21376_/Y (BUFx4f_ASAP7_75t_R)
  25.63  216.36 v _22152_/Y (OA211x2_ASAP7_75t_R)
  24.59  240.95 v _22153_/Y (OR3x1_ASAP7_75t_R)
  17.29  258.25 v _22161_/Y (AND3x1_ASAP7_75t_R)
  43.86  302.11 v _22178_/Y (OR3x4_ASAP7_75t_R)
  25.17  327.28 v _22179_/Y (AND2x4_ASAP7_75t_R)
  27.98  355.26 v _24175_/Y (AO21x2_ASAP7_75t_R)
  19.26  374.51 ^ _24418_/Y (NAND2x2_ASAP7_75t_R)
  10.83  385.34 v _24419_/Y (INVx2_ASAP7_75t_R)
 119.59  504.93 ^ _35401_/CON (FAx1_ASAP7_75t_R)
  93.02  597.95 v _35401_/SN (FAx1_ASAP7_75t_R)
  33.38  631.33 ^ _35040_/Y (INVx2_ASAP7_75t_R)
 208.87  840.20 v _35461_/SN (FAx1_ASAP7_75t_R)
  61.50  901.69 ^ _35462_/CON (FAx1_ASAP7_75t_R)
  21.18  922.88 v _35462_/SN (FAx1_ASAP7_75t_R)
  21.34  944.21 ^ _34879_/Y (INVx1_ASAP7_75t_R)
  39.03  983.24 v _35463_/SN (FAx1_ASAP7_75t_R)
  13.59  996.83 ^ _34816_/Y (INVx1_ASAP7_75t_R)
  35.04 1031.87 v _35467_/SN (FAx1_ASAP7_75t_R)
  15.95 1047.81 ^ _34856_/Y (INVx1_ASAP7_75t_R)
  44.25 1092.07 v _35468_/SN (FAx1_ASAP7_75t_R)
  70.93 1163.00 v _35578_/SN (HAxp5_ASAP7_75t_R)
  25.81 1188.80 v _29453_/Y (AO21x1_ASAP7_75t_R)
  15.83 1204.63 v _29454_/Y (AO21x1_ASAP7_75t_R)
  15.08 1219.71 v _29488_/Y (AO21x1_ASAP7_75t_R)
  15.81 1235.52 v _29489_/Y (AO21x1_ASAP7_75t_R)
  14.62 1250.14 v _29532_/Y (AO21x1_ASAP7_75t_R)
  26.99 1277.13 v _29536_/Y (AO221x1_ASAP7_75t_R)
  24.50 1301.64 v _29607_/Y (OA21x2_ASAP7_75t_R)
  33.04 1334.68 v _29608_/Y (OR4x1_ASAP7_75t_R)
  20.91 1355.59 v _29613_/Y (AND4x2_ASAP7_75t_R)
  38.88 1394.47 v _29616_/Y (OR5x1_ASAP7_75t_R)
  11.33 1405.80 ^ _29617_/Y (AOI211x1_ASAP7_75t_R)
  20.71 1426.51 ^ _29620_/Y (OA21x2_ASAP7_75t_R)
  18.01 1444.52 v _29624_/Y (NOR2x2_ASAP7_75t_R)
  24.27 1468.79 v _29773_/Y (BUFx3_ASAP7_75t_R)
  16.23 1485.02 v _30047_/Y (AO21x1_ASAP7_75t_R)
   0.01 1485.03 v gen_regfile_ff.register_file_i.rf_reg_q[255]$_DFFE_PN0P_/D (DFFASRHQNx1_ASAP7_75t_R)
        1485.03   data arrival time

1260.00 1260.00   clock core_clock (rise edge)
   0.00 1260.00   clock network delay (ideal)
   0.00 1260.00   clock reconvergence pessimism
        1260.00 ^ gen_regfile_ff.register_file_i.rf_reg_q[255]$_DFFE_PN0P_/CLK (DFFASRHQNx1_ASAP7_75t_R)
  -5.39 1254.61   library setup time
        1254.61   data required time
---------------------------------------------------------
        1254.61   data required time
        -1485.03   data arrival time
---------------------------------------------------------
        -230.41   slack (VIOLATED)



==========================================================================
resizer report_checks -path_delay min reg to reg
--------------------------------------------------------------------------
Startpoint: cs_registers_i.u_mstack_epc_csr.rdata_q[4]$_DFFE_PN0P_
            (rising edge-triggered flip-flop clocked by core_clock)
Endpoint: cs_registers_i.u_mstack_epc_csr.rdata_q[4]$_DFFE_PN0P_
          (rising edge-triggered flip-flop clocked by core_clock)
Path Group: core_clock
Path Type: min

  Delay    Time   Description
---------------------------------------------------------
   0.00    0.00   clock core_clock (rise edge)
   0.00    0.00   clock network delay (ideal)
   0.00    0.00 ^ cs_registers_i.u_mstack_epc_csr.rdata_q[4]$_DFFE_PN0P_/CLK (DFFASRHQNx1_ASAP7_75t_R)
  37.68   37.68 ^ cs_registers_i.u_mstack_epc_csr.rdata_q[4]$_DFFE_PN0P_/QN (DFFASRHQNx1_ASAP7_75t_R)
   8.87   46.55 v _27552_/Y (AOI21x1_ASAP7_75t_R)
   0.02   46.56 v cs_registers_i.u_mstack_epc_csr.rdata_q[4]$_DFFE_PN0P_/D (DFFASRHQNx1_ASAP7_75t_R)
          46.56   data arrival time

   0.00    0.00   clock core_clock (rise edge)
   0.00    0.00   clock network delay (ideal)
   0.00    0.00   clock reconvergence pessimism
           0.00 ^ cs_registers_i.u_mstack_epc_csr.rdata_q[4]$_DFFE_PN0P_/CLK (DFFASRHQNx1_ASAP7_75t_R)
   9.34    9.34   library hold time
           9.34   data required time
---------------------------------------------------------
           9.34   data required time
         -46.56   data arrival time
---------------------------------------------------------
          37.23   slack (MET)



==========================================================================
resizer critical path target clock latency max path
--------------------------------------------------------------------------
0.0000

==========================================================================
resizer critical path target clock latency min path
--------------------------------------------------------------------------
0.0000

==========================================================================
resizer critical path source clock latency min path
--------------------------------------------------------------------------
0.0000

==========================================================================
resizer critical path delay
--------------------------------------------------------------------------
1485.0280

==========================================================================
resizer critical path slack
--------------------------------------------------------------------------
-230.4142

==========================================================================
resizer slack div critical path delay
--------------------------------------------------------------------------
-15.515815

==========================================================================
resizer report_power
--------------------------------------------------------------------------
Group                  Internal  Switching    Leakage      Total
                          Power      Power      Power      Power (Watts)
----------------------------------------------------------------
Sequential             3.12e-03   9.54e-04   2.10e-07   4.08e-03   9.8%
Combinational          1.67e-02   2.06e-02   1.80e-06   3.73e-02  89.9%
Clock                  5.95e-07   1.04e-04   1.16e-10   1.04e-04   0.3%
Macro                  0.00e+00   0.00e+00   0.00e+00   0.00e+00   0.0%
Pad                    0.00e+00   0.00e+00   0.00e+00   0.00e+00   0.0%
----------------------------------------------------------------
Total                  1.98e-02   2.17e-02   2.01e-06   4.15e-02 100.0%
                          47.8%      52.2%       0.0%
