OpenROAD v2.0-19576-gec1bf1a13 
Features included (+) or not (-): +GPU +GUI +Python : None
This program is licensed under the BSD-3 license. See the LICENSE file for details.
Components of this program may be licensed under more restrictive licenses which must be honored.
[INFO ORD-0030] Using 22 thread(s).
Perform port buffering...
[INFO RSZ-0027] Inserted 148 input buffers.
[INFO RSZ-0028] Inserted 100 output buffers.
Perform buffer insertion and gate resizing...
repair_design -verbose
[INFO RSZ-0058] Using max wire length 162um.
Iteration |   Area    | Resized | Buffers | Nets repaired | Remaining
---------------------------------------------------------------------
        0 |     +0.0% |       0 |       0 |             0 |     19702
     1000 |     -0.0% |       1 |       0 |             0 |     18702
     2000 |     -0.0% |       5 |       0 |             0 |     17702
     3000 |     +0.0% |      10 |       0 |             0 |     16702
     4000 |     +0.0% |      21 |       0 |             0 |     15702
     5000 |     +0.0% |      31 |       0 |             0 |     14702
     6000 |     +0.0% |      40 |       0 |             0 |     13702
     7000 |     +0.0% |      46 |       0 |             0 |     12702
     8000 |     +0.0% |      49 |       0 |             0 |     11702
     9000 |     +0.0% |      51 |       0 |             0 |     10702
    10000 |     +0.0% |      57 |       0 |             0 |      9702
    11000 |     +0.0% |      65 |       0 |             0 |      8702
    12000 |     +0.0% |      68 |       0 |             0 |      7702
    13000 |     +0.0% |      74 |       0 |             0 |      6702
    14000 |     +0.0% |      80 |       0 |             0 |      5702
    15000 |     +0.0% |      86 |       0 |             0 |      4702
    16000 |     +0.1% |      93 |       0 |             0 |      3702
    17000 |     +0.0% |     109 |       0 |             0 |      2702
    18000 |     +0.1% |     112 |       0 |             0 |      1702
    19000 |     +0.1% |     117 |       0 |             0 |       702
    final |     +0.1% |     138 |       0 |             0 |         0
---------------------------------------------------------------------
[INFO RSZ-0039] Resized 138 instances.
Repair tie lo fanout...
[INFO RSZ-0042] Inserted 6 tie TIELOx1_ASAP7_75t_R instances.
Repair tie hi fanout...
[INFO RSZ-0042] Inserted 1658 tie TIEHIx1_ASAP7_75t_R instances.
Floating nets: 
Report metrics stage 3, resizer...

==========================================================================
resizer report_design_area
--------------------------------------------------------------------------
Design area 2584 u^2 45% utilization.
Instance count before 19708, after 21618
Pin count before 69269, after 71427
Elapsed time: 2:08.84[h:]min:sec. CPU time: user 38.21 sys 0.61 (30%). Peak memory: 568656KB.
