
==========================================================================
global place report_tns
--------------------------------------------------------------------------
tns -9580.67

==========================================================================
global place report_wns
--------------------------------------------------------------------------
wns -97.25

==========================================================================
global place report_worst_slack
--------------------------------------------------------------------------
worst slack -97.25

==========================================================================
global place report_checks -path_delay min
--------------------------------------------------------------------------
Startpoint: u0.w[1][13]$_DFF_P_ (rising edge-triggered flip-flop clocked by clk)
Endpoint: text_out[77]$_DFF_P_ (rising edge-triggered flip-flop clocked by clk)
Path Group: clk
Path Type: min

Fanout     Cap    Slew   Delay    Time   Description
-----------------------------------------------------------------------------
                  0.00    0.00    0.00   clock clk (rise edge)
                          0.00    0.00   clock network delay (ideal)
                  0.00    0.00    0.00 ^ u0.w[1][13]$_DFF_P_/CLK (DFFHQNx2_ASAP7_75t_R)
     2    2.44   18.51   40.47   40.47 ^ u0.w[1][13]$_DFF_P_/QN (DFFHQNx2_ASAP7_75t_R)
                                         _01031_ (net)
                 18.51    0.06   40.53 ^ _30685_/B (XOR2x1_ASAP7_75t_R)
     1    0.64    7.65   10.29   50.81 v _30685_/Y (XOR2x1_ASAP7_75t_R)
                                         _00262_ (net)
                  7.65    0.01   50.82 v text_out[77]$_DFF_P_/D (DFFHQNx3_ASAP7_75t_R)
                                 50.82   data arrival time

                  0.00    0.00    0.00   clock clk (rise edge)
                          0.00    0.00   clock network delay (ideal)
                          0.00    0.00   clock reconvergence pessimism
                                  0.00 ^ text_out[77]$_DFF_P_/CLK (DFFHQNx3_ASAP7_75t_R)
                          8.47    8.47   library hold time
                                  8.47   data required time
-----------------------------------------------------------------------------
                                  8.47   data required time
                                -50.82   data arrival time
-----------------------------------------------------------------------------
                                 42.36   slack (MET)



==========================================================================
global place report_checks -path_delay max
--------------------------------------------------------------------------
Startpoint: ld_r$_DFF_P_ (rising edge-triggered flip-flop clocked by clk)
Endpoint: sa22_sr[2]$_DFF_P_ (rising edge-triggered flip-flop clocked by clk)
Path Group: clk
Path Type: max

Fanout     Cap    Slew   Delay    Time   Description
-----------------------------------------------------------------------------
                  0.00    0.00    0.00   clock clk (rise edge)
                          0.00    0.00   clock network delay (ideal)
                  0.00    0.00    0.00 ^ ld_r$_DFF_P_/CLK (DFFHQNx2_ASAP7_75t_R)
     1    1.10   13.92   36.89   36.89 ^ ld_r$_DFF_P_/QN (DFFHQNx2_ASAP7_75t_R)
                                         _00731_ (net)
                 13.92    0.00   36.89 ^ _18939_/A (BUFx4f_ASAP7_75t_R)
     3    7.86   15.18   18.68   55.57 ^ _18939_/Y (BUFx4f_ASAP7_75t_R)
                                         _10618_ (net)
                 15.18    0.07   55.65 ^ _19067_/A (BUFx16f_ASAP7_75t_R)
    10   25.69   17.70   19.73   75.38 ^ _19067_/Y (BUFx16f_ASAP7_75t_R)
                                         _10741_ (net)
                 22.19    4.62   79.99 ^ _19088_/A (BUFx16f_ASAP7_75t_R)
    10   29.04   16.96   21.02  101.01 ^ _19088_/Y (BUFx16f_ASAP7_75t_R)
                                         _10762_ (net)
                 39.01   11.09  112.09 ^ _19089_/A (BUFx12f_ASAP7_75t_R)
    10   21.82   18.66   22.44  134.54 ^ _19089_/Y (BUFx12f_ASAP7_75t_R)
                                         _10763_ (net)
                 24.33    5.36  139.90 ^ _24977_/B (OAI21x1_ASAP7_75t_R)
     1    2.53   19.28   15.09  154.98 v _24977_/Y (OAI21x1_ASAP7_75t_R)
                                         _02241_ (net)
                 19.33    0.49  155.48 v _24978_/B (NAND2x1_ASAP7_75t_R)
     2    2.38   22.01   17.31  172.79 ^ _24978_/Y (NAND2x1_ASAP7_75t_R)
                                         _02242_ (net)
                 22.02    0.18  172.97 ^ _25013_/A (XOR2x2_ASAP7_75t_R)
     4    8.10   30.26   34.99  207.96 v _25013_/Y (XOR2x2_ASAP7_75t_R)
                                         _02273_ (net)
                 30.61    1.81  209.78 v _25106_/A (BUFx12_ASAP7_75t_R)
    13   19.40   16.80   29.40  239.17 v _25106_/Y (BUFx12_ASAP7_75t_R)
                                         _15937_ (net)
                 16.85    0.53  239.70 v _31348_/B (HAxp5_ASAP7_75t_R)
     4    5.01  101.01   79.30  319.00 v _31348_/SN (HAxp5_ASAP7_75t_R)
                                         _00574_ (net)
                101.01    0.20  319.20 v _25186_/B (AOI21x1_ASAP7_75t_R)
     8   11.52   88.11   63.47  382.67 ^ _25186_/Y (AOI21x1_ASAP7_75t_R)
                                         _02445_ (net)
                 88.12    0.25  382.92 ^ _25360_/B (NOR2x1_ASAP7_75t_R)
     2    1.83   28.45   25.26  408.18 v _25360_/Y (NOR2x1_ASAP7_75t_R)
                                         _02617_ (net)
                 28.45    0.01  408.19 v _25361_/A (AND2x2_ASAP7_75t_R)
     1    1.32    8.16   24.64  432.83 v _25361_/Y (AND2x2_ASAP7_75t_R)
                                         _02618_ (net)
                  8.16    0.02  432.85 v _25364_/A1 (OAI21x1_ASAP7_75t_R)
     1    1.15   15.40    9.71  442.56 ^ _25364_/Y (OAI21x1_ASAP7_75t_R)
                                         _02621_ (net)
                 15.40    0.02  442.58 ^ _25369_/A (NAND2x1_ASAP7_75t_R)
     1    1.25   10.25    9.81  452.39 v _25369_/Y (NAND2x1_ASAP7_75t_R)
                                         _02626_ (net)
                 10.25    0.05  452.43 v _25378_/A (NAND2x1_ASAP7_75t_R)
     1    1.39   15.29   12.64  465.07 ^ _25378_/Y (NAND2x1_ASAP7_75t_R)
                                         _02635_ (net)
                 15.29    0.07  465.15 ^ _25379_/B (NAND2x1_ASAP7_75t_R)
     1    1.65   13.27   10.79  475.94 v _25379_/Y (NAND2x1_ASAP7_75t_R)
                                         _02636_ (net)
                 13.27    0.08  476.02 v _25380_/B (OAI21x1_ASAP7_75t_R)
     1    0.68   11.60    6.26  482.28 ^ _25380_/Y (OAI21x1_ASAP7_75t_R)
                                         _00098_ (net)
                 11.60    0.01  482.28 ^ sa22_sr[2]$_DFF_P_/D (DFFHQNx2_ASAP7_75t_R)
                                482.28   data arrival time

                  0.00  400.00  400.00   clock clk (rise edge)
                          0.00  400.00   clock network delay (ideal)
                          0.00  400.00   clock reconvergence pessimism
                                400.00 ^ sa22_sr[2]$_DFF_P_/CLK (DFFHQNx2_ASAP7_75t_R)
                        -14.97  385.03   library setup time
                                385.03   data required time
-----------------------------------------------------------------------------
                                385.03   data required time
                               -482.28   data arrival time
-----------------------------------------------------------------------------
                                -97.25   slack (VIOLATED)



==========================================================================
global place report_checks -unconstrained
--------------------------------------------------------------------------
Startpoint: ld_r$_DFF_P_ (rising edge-triggered flip-flop clocked by clk)
Endpoint: sa22_sr[2]$_DFF_P_ (rising edge-triggered flip-flop clocked by clk)
Path Group: clk
Path Type: max

Fanout     Cap    Slew   Delay    Time   Description
-----------------------------------------------------------------------------
                  0.00    0.00    0.00   clock clk (rise edge)
                          0.00    0.00   clock network delay (ideal)
                  0.00    0.00    0.00 ^ ld_r$_DFF_P_/CLK (DFFHQNx2_ASAP7_75t_R)
     1    1.10   13.92   36.89   36.89 ^ ld_r$_DFF_P_/QN (DFFHQNx2_ASAP7_75t_R)
                                         _00731_ (net)
                 13.92    0.00   36.89 ^ _18939_/A (BUFx4f_ASAP7_75t_R)
     3    7.86   15.18   18.68   55.57 ^ _18939_/Y (BUFx4f_ASAP7_75t_R)
                                         _10618_ (net)
                 15.18    0.07   55.65 ^ _19067_/A (BUFx16f_ASAP7_75t_R)
    10   25.69   17.70   19.73   75.38 ^ _19067_/Y (BUFx16f_ASAP7_75t_R)
                                         _10741_ (net)
                 22.19    4.62   79.99 ^ _19088_/A (BUFx16f_ASAP7_75t_R)
    10   29.04   16.96   21.02  101.01 ^ _19088_/Y (BUFx16f_ASAP7_75t_R)
                                         _10762_ (net)
                 39.01   11.09  112.09 ^ _19089_/A (BUFx12f_ASAP7_75t_R)
    10   21.82   18.66   22.44  134.54 ^ _19089_/Y (BUFx12f_ASAP7_75t_R)
                                         _10763_ (net)
                 24.33    5.36  139.90 ^ _24977_/B (OAI21x1_ASAP7_75t_R)
     1    2.53   19.28   15.09  154.98 v _24977_/Y (OAI21x1_ASAP7_75t_R)
                                         _02241_ (net)
                 19.33    0.49  155.48 v _24978_/B (NAND2x1_ASAP7_75t_R)
     2    2.38   22.01   17.31  172.79 ^ _24978_/Y (NAND2x1_ASAP7_75t_R)
                                         _02242_ (net)
                 22.02    0.18  172.97 ^ _25013_/A (XOR2x2_ASAP7_75t_R)
     4    8.10   30.26   34.99  207.96 v _25013_/Y (XOR2x2_ASAP7_75t_R)
                                         _02273_ (net)
                 30.61    1.81  209.78 v _25106_/A (BUFx12_ASAP7_75t_R)
    13   19.40   16.80   29.40  239.17 v _25106_/Y (BUFx12_ASAP7_75t_R)
                                         _15937_ (net)
                 16.85    0.53  239.70 v _31348_/B (HAxp5_ASAP7_75t_R)
     4    5.01  101.01   79.30  319.00 v _31348_/SN (HAxp5_ASAP7_75t_R)
                                         _00574_ (net)
                101.01    0.20  319.20 v _25186_/B (AOI21x1_ASAP7_75t_R)
     8   11.52   88.11   63.47  382.67 ^ _25186_/Y (AOI21x1_ASAP7_75t_R)
                                         _02445_ (net)
                 88.12    0.25  382.92 ^ _25360_/B (NOR2x1_ASAP7_75t_R)
     2    1.83   28.45   25.26  408.18 v _25360_/Y (NOR2x1_ASAP7_75t_R)
                                         _02617_ (net)
                 28.45    0.01  408.19 v _25361_/A (AND2x2_ASAP7_75t_R)
     1    1.32    8.16   24.64  432.83 v _25361_/Y (AND2x2_ASAP7_75t_R)
                                         _02618_ (net)
                  8.16    0.02  432.85 v _25364_/A1 (OAI21x1_ASAP7_75t_R)
     1    1.15   15.40    9.71  442.56 ^ _25364_/Y (OAI21x1_ASAP7_75t_R)
                                         _02621_ (net)
                 15.40    0.02  442.58 ^ _25369_/A (NAND2x1_ASAP7_75t_R)
     1    1.25   10.25    9.81  452.39 v _25369_/Y (NAND2x1_ASAP7_75t_R)
                                         _02626_ (net)
                 10.25    0.05  452.43 v _25378_/A (NAND2x1_ASAP7_75t_R)
     1    1.39   15.29   12.64  465.07 ^ _25378_/Y (NAND2x1_ASAP7_75t_R)
                                         _02635_ (net)
                 15.29    0.07  465.15 ^ _25379_/B (NAND2x1_ASAP7_75t_R)
     1    1.65   13.27   10.79  475.94 v _25379_/Y (NAND2x1_ASAP7_75t_R)
                                         _02636_ (net)
                 13.27    0.08  476.02 v _25380_/B (OAI21x1_ASAP7_75t_R)
     1    0.68   11.60    6.26  482.28 ^ _25380_/Y (OAI21x1_ASAP7_75t_R)
                                         _00098_ (net)
                 11.60    0.01  482.28 ^ sa22_sr[2]$_DFF_P_/D (DFFHQNx2_ASAP7_75t_R)
                                482.28   data arrival time

                  0.00  400.00  400.00   clock clk (rise edge)
                          0.00  400.00   clock network delay (ideal)
                          0.00  400.00   clock reconvergence pessimism
                                400.00 ^ sa22_sr[2]$_DFF_P_/CLK (DFFHQNx2_ASAP7_75t_R)
                        -14.97  385.03   library setup time
                                385.03   data required time
-----------------------------------------------------------------------------
                                385.03   data required time
                               -482.28   data arrival time
-----------------------------------------------------------------------------
                                -97.25   slack (VIOLATED)



==========================================================================
global place report_power
--------------------------------------------------------------------------
Group                  Internal  Switching    Leakage      Total
                          Power      Power      Power      Power (Watts)
----------------------------------------------------------------
Sequential             4.88e-03   1.19e-03   1.07e-07   6.06e-03   4.4%
Combinational          5.10e-02   8.19e-02   1.22e-06   1.33e-01  95.6%
Clock                  0.00e+00   0.00e+00   0.00e+00   0.00e+00   0.0%
Macro                  0.00e+00   0.00e+00   0.00e+00   0.00e+00   0.0%
Pad                    0.00e+00   0.00e+00   0.00e+00   0.00e+00   0.0%
----------------------------------------------------------------
Total                  5.59e-02   8.31e-02   1.33e-06   1.39e-01 100.0%
                          40.2%      59.8%       0.0%
