
 /----------------------------------------------------------------------------\
 |  yosys -- Yosys Open SYnthesis Suite                                       |
 |  Copyright (C) 2012 - 2025  Claire Xenia Wolf <claire@yosyshq.com>         |
 |  Distributed under an ISC-like license, type "license" to see terms        |
 \----------------------------------------------------------------------------/
 Yosys 0.51+85 (git sha1 d3aec12fe, clang++ 18.1.8 -fPIC -O3)

-- Executing script file `./logs/asap7/aes/base/4_eqy_output/combine.ys' --

1. Executing RTLIL frontend.
Input filename: ./logs/asap7/aes/base/4_eqy_output/gold.il

2. Executing UNIQUIFY pass (creating unique copies of modules).
Created 0 unique modules.

3. Executing HIERARCHY pass (managing design hierarchy).
Attribute `top' found on module `aes_cipher_top'. Setting top module to aes_cipher_top.

3.1. Analyzing design hierarchy..
Top module:  \aes_cipher_top

3.2. Analyzing design hierarchy..
Top module:  \aes_cipher_top
Removed 0 unused modules.

4. Executing RTLIL frontend.
Input filename: ./logs/asap7/aes/base/4_eqy_output/gate_recoded.il

5. Executing UNIQUIFY pass (creating unique copies of modules).
Created 0 unique modules.

6. Executing HIERARCHY pass (managing design hierarchy).
Attribute `top' found on module `aes_cipher_top'. Setting top module to aes_cipher_top.

6.1. Analyzing design hierarchy..
Top module:  \aes_cipher_top

6.2. Analyzing design hierarchy..
Top module:  \aes_cipher_top
Removed 0 unused modules.

7. Executing MITER pass (creating miter circuit).
Creating miter cell "miter" with gold cell "gold.aes_cipher_top" and gate cell "gate.aes_cipher_top".

8. Executing RTLIL backend.
Output filename: ./logs/asap7/aes/base/4_eqy_output/combined.il

End of script. Logfile hash: 63fd244041, CPU: user 0.70s system 0.03s, MEM: 97.83 MB peak
Yosys 0.51+85 (git sha1 d3aec12fe, clang++ 18.1.8 -fPIC -O3)
Time spent: 45% 2x write_rtlil (0 sec), 27% 4x read_rtlil (0 sec), ...
