OpenROAD v2.0-19576-gec1bf1a13 
Features included (+) or not (-): +GPU +GUI +Python : None
This program is licensed under the BSD-3 license. See the LICENSE file for details.
Components of this program may be licensed under more restrictive licenses which must be honored.
[INFO ORD-0030] Using 22 thread(s).
global_placement -density 0.65 -pad_left 0 -pad_right 0 -routability_driven -timing_driven
[INFO GPL-0002] DBU: 1000
[INFO GPL-0003] SiteSize: (  0.054  0.270 ) um
[INFO GPL-0004] CoreBBox: (  2.052  2.160 ) ( 67.446 67.230 ) um
[INFO GPL-0006] NumInstances:             16732
[INFO GPL-0007] NumPlaceInstances:        16007
[INFO GPL-0008] NumFixedInstances:          725
[INFO GPL-0009] NumDummyInstances:            0
[INFO GPL-0010] NumNets:                  16543
[INFO GPL-0011] NumPins:                  54441
[INFO GPL-0012] DieBBox:  (  0.000  0.000 ) ( 69.479 69.479 ) um
[INFO GPL-0013] CoreBBox: (  2.052  2.160 ) ( 67.446 67.230 ) um
[INFO GPL-0016] CoreArea:              4255.188 um^2
[INFO GPL-0017] NonPlaceInstsArea:       21.141 um^2
[INFO GPL-0018] PlaceInstsArea:        1729.975 um^2
[INFO GPL-0019] Util:                    40.859 %
[INFO GPL-0020] StdInstsArea:          1729.975 um^2
[INFO GPL-0021] MacroInstsArea:           0.000 um^2
[InitialPlace]  Iter: 1 CG residual: 0.00001064 HPWL: 71715465
[InitialPlace]  Iter: 2 CG residual: 0.00000088 HPWL: 29408694
[InitialPlace]  Iter: 3 CG residual: 0.00000076 HPWL: 29289287
[InitialPlace]  Iter: 4 CG residual: 0.00000075 HPWL: 29457218
[InitialPlace]  Iter: 5 CG residual: 0.00000066 HPWL: 29391451
[INFO GPL-0031] FillerInit:NumGCells:     25891
[INFO GPL-0032] FillerInit:NumGNets:      16543
[INFO GPL-0033] FillerInit:NumGPins:      54441
[INFO GPL-0023] TargetDensity:            0.650
[INFO GPL-0024] AvrgPlaceInstArea:        0.108 um^2
[INFO GPL-0025] IdealBinArea:             0.166 um^2
[INFO GPL-0026] IdealBinCnt:              25591
[INFO GPL-0027] TotalBinArea:          4255.188 um^2
[INFO GPL-0028] BinCnt:       128    128
[INFO GPL-0029] BinSize: (  0.511  0.509 )
[INFO GPL-0030] NumBins: 16384
[NesterovSolve] Iter:    1 overflow: 0.951 HPWL: 29241616
[NesterovSolve] Iter:   10 overflow: 0.861 HPWL: 26122814
[NesterovSolve] Iter:   20 overflow: 0.839 HPWL: 26341226
[NesterovSolve] Iter:   30 overflow: 0.842 HPWL: 25809866
[NesterovSolve] Iter:   40 overflow: 0.837 HPWL: 25683275
[NesterovSolve] Iter:   50 overflow: 0.834 HPWL: 25518398
[NesterovSolve] Iter:   60 overflow: 0.831 HPWL: 25479760
[NesterovSolve] Iter:   70 overflow: 0.827 HPWL: 25503793
[NesterovSolve] Iter:   80 overflow: 0.824 HPWL: 25508266
[NesterovSolve] Iter:   90 overflow: 0.823 HPWL: 25534788
[NesterovSolve] Iter:  100 overflow: 0.821 HPWL: 25580227
[NesterovSolve] Iter:  110 overflow: 0.821 HPWL: 25619678
[NesterovSolve] Iter:  120 overflow: 0.821 HPWL: 25671571
[NesterovSolve] Iter:  130 overflow: 0.820 HPWL: 25736877
[NesterovSolve] Iter:  140 overflow: 0.818 HPWL: 25869910
[NesterovSolve] Iter:  150 overflow: 0.816 HPWL: 26122981
[NesterovSolve] Iter:  160 overflow: 0.810 HPWL: 26623360
[NesterovSolve] Iter:  170 overflow: 0.801 HPWL: 27450686
[NesterovSolve] Iter:  180 overflow: 0.788 HPWL: 28520912
[INFO GPL-0100] Timing-driven iteration 1/5, virtual: true.
[INFO GPL-0101]    Iter: 183, overflow: 0.784, keep rsz at: 0.3, HPWL: 28846537
Iteration |   Area    | Resized | Buffers | Nets repaired | Remaining
---------------------------------------------------------------------
        0 |     +0.0% |       0 |       0 |             0 |     16543
    final |     +8.2% |    3502 |       0 |             0 |         0
---------------------------------------------------------------------
[INFO RSZ-0039] Resized 3502 instances.
[INFO GPL-0106] Timing-driven: worst slack -6.83e-11
[INFO GPL-0103] Timing-driven: weighted 1652 nets.
[NesterovSolve] Iter:  190 overflow: 0.774 HPWL: 29155154
[NesterovSolve] Iter:  200 overflow: 0.759 HPWL: 30454374
[NesterovSolve] Iter:  210 overflow: 0.742 HPWL: 32186226
[NesterovSolve] Iter:  220 overflow: 0.719 HPWL: 34329663
[NesterovSolve] Iter:  230 overflow: 0.695 HPWL: 36008665
[NesterovSolve] Iter:  240 overflow: 0.673 HPWL: 37894572
[NesterovSolve] Iter:  250 overflow: 0.650 HPWL: 39458451
[INFO GPL-0100] Timing-driven iteration 2/5, virtual: true.
[INFO GPL-0101]    Iter: 256, overflow: 0.634, keep rsz at: 0.3, HPWL: 40460387
Iteration |   Area    | Resized | Buffers | Nets repaired | Remaining
---------------------------------------------------------------------
        0 |     +0.0% |       0 |       0 |             0 |     16543
    final |     +8.7% |    3560 |       0 |             0 |         0
---------------------------------------------------------------------
[INFO RSZ-0039] Resized 3560 instances.
[INFO GPL-0106] Timing-driven: worst slack -9.06e-11
[INFO GPL-0103] Timing-driven: weighted 1653 nets.
[NesterovSolve] Iter:  260 overflow: 0.623 HPWL: 41139555
[INFO GPL-0088] Routability snapshot saved at iter = 267
[NesterovSolve] Iter:  270 overflow: 0.593 HPWL: 42788992
[NesterovSolve] Iter:  280 overflow: 0.560 HPWL: 44631951
[NesterovSolve] Iter:  290 overflow: 0.520 HPWL: 46531780
[NesterovSolve] Iter:  300 overflow: 0.475 HPWL: 48277779
[NesterovSolve] Iter:  310 overflow: 0.418 HPWL: 50122699
[NesterovSolve] Iter:  320 overflow: 0.349 HPWL: 52292918
[INFO GPL-0075] Routability iteration: 1
[INFO GPL-0036] TileBBox: (    0    0 ) (  540  540 ) DBU
[INFO GPL-0038] TileCnt:     128  128
[INFO GPL-0040] NumTiles: 16384
[INFO GPL-0081] TotalRouteOverflow: 17.3896
[INFO GPL-0082] OverflowTileCnt: 376
[INFO GPL-0083] 0.5%RC: 1.1094
[INFO GPL-0084] 1.0%RC: 1.0813
[INFO GPL-0085] 2.0%RC: 1.0524
[INFO GPL-0086] 5.0%RC: 1.0056
[INFO GPL-0087] FinalRC: 1.0953331
[INFO GPL-0078] FinalRC lower than minRC (1000000015047466219876688855040.0000), min RC updated.
[INFO GPL-0045] InflatedAreaDelta:       18.508 um^2 (+1.07%)
[INFO GPL-0046] TargetDensity:            0.650
[INFO GPL-0049] WhiteSpaceArea:        4234.047 um^2
[INFO GPL-0050] NesterovInstsArea:     1729.975 um^2
[INFO GPL-0051] TotalFillerArea:       1022.155 um^2
[INFO GPL-0052] TotalGCellsArea:       2752.130 um^2
[INFO GPL-0053] ExpectedGCellsArea:    2770.638 um^2
[INFO GPL-0054] NewTargetDensity:         0.654
[INFO GPL-0055] NewWhiteSpaceArea:     4234.047 um^2
[INFO GPL-0056] MovableArea:           2770.638 um^2
[INFO GPL-0057] NewNesterovInstArea:   1748.483 um^2
[INFO GPL-0058] NewTotalFillerArea:    1022.155 um^2
[INFO GPL-0059] NewTotalGCellsArea:    2770.638 um^2
[INFO GPL-0089] Routability: revert back to snapshot
[NesterovSolve] Iter:  330 overflow: 0.599 HPWL: 42600931
[NesterovSolve] Iter:  340 overflow: 0.572 HPWL: 44183637
[NesterovSolve] Iter:  350 overflow: 0.543 HPWL: 45796126
[NesterovSolve] Iter:  360 overflow: 0.509 HPWL: 47207076
[NesterovSolve] Iter:  370 overflow: 0.472 HPWL: 48655653
[NesterovSolve] Iter:  380 overflow: 0.427 HPWL: 50132351
[NesterovSolve] Iter:  390 overflow: 0.374 HPWL: 51747939
[NesterovSolve] Iter:  400 overflow: 0.312 HPWL: 53542612
[INFO GPL-0075] Routability iteration: 2
[INFO GPL-0036] TileBBox: (    0    0 ) (  540  540 ) DBU
[INFO GPL-0038] TileCnt:     128  128
[INFO GPL-0040] NumTiles: 16384
[INFO GPL-0081] TotalRouteOverflow: 15.5212
[INFO GPL-0082] OverflowTileCnt: 364
[INFO GPL-0083] 0.5%RC: 1.0980
[INFO GPL-0084] 1.0%RC: 1.0735
[INFO GPL-0085] 2.0%RC: 1.0470
[INFO GPL-0086] 5.0%RC: 1.0037
[INFO GPL-0087] FinalRC: 1.0857246
[INFO GPL-0078] FinalRC lower than minRC (1.0953), min RC updated.
[INFO GPL-0045] InflatedAreaDelta:       15.917 um^2 (+0.91%)
[INFO GPL-0046] TargetDensity:            0.654
[INFO GPL-0049] WhiteSpaceArea:        4234.047 um^2
[INFO GPL-0050] NesterovInstsArea:     1748.483 um^2
[INFO GPL-0051] TotalFillerArea:       1022.155 um^2
[INFO GPL-0052] TotalGCellsArea:       2770.638 um^2
[INFO GPL-0053] ExpectedGCellsArea:    2786.555 um^2
[INFO GPL-0054] NewTargetDensity:         0.658
[INFO GPL-0055] NewWhiteSpaceArea:     4234.047 um^2
[INFO GPL-0056] MovableArea:           2786.555 um^2
[INFO GPL-0057] NewNesterovInstArea:   1764.400 um^2
[INFO GPL-0058] NewTotalFillerArea:    1022.155 um^2
[INFO GPL-0059] NewTotalGCellsArea:    2786.555 um^2
[INFO GPL-0089] Routability: revert back to snapshot
[NesterovSolve] Iter:  410 overflow: 0.580 HPWL: 44024129
[NesterovSolve] Iter:  420 overflow: 0.554 HPWL: 45517087
[NesterovSolve] Iter:  430 overflow: 0.524 HPWL: 46874824
[NesterovSolve] Iter:  440 overflow: 0.489 HPWL: 48316473
[NesterovSolve] Iter:  450 overflow: 0.447 HPWL: 49768068
[NesterovSolve] Iter:  460 overflow: 0.397 HPWL: 51344182
[NesterovSolve] Iter:  470 overflow: 0.335 HPWL: 53096983
[INFO GPL-0075] Routability iteration: 3
[INFO GPL-0036] TileBBox: (    0    0 ) (  540  540 ) DBU
[INFO GPL-0038] TileCnt:     128  128
[INFO GPL-0040] NumTiles: 16384
[INFO GPL-0081] TotalRouteOverflow: 15.3929
[INFO GPL-0082] OverflowTileCnt: 354
[INFO GPL-0083] 0.5%RC: 1.0964
[INFO GPL-0084] 1.0%RC: 1.0731
[INFO GPL-0085] 2.0%RC: 1.0467
[INFO GPL-0086] 5.0%RC: 1.0031
[INFO GPL-0087] FinalRC: 1.0847387
[INFO GPL-0079] MinRC (1.0857246) violation occurred, total count: 1.
[INFO GPL-0045] InflatedAreaDelta:       17.472 um^2 (+0.99%)
[INFO GPL-0046] TargetDensity:            0.658
[INFO GPL-0049] WhiteSpaceArea:        4234.047 um^2
[INFO GPL-0050] NesterovInstsArea:     1764.400 um^2
[INFO GPL-0051] TotalFillerArea:       1022.155 um^2
[INFO GPL-0052] TotalGCellsArea:       2786.555 um^2
[INFO GPL-0053] ExpectedGCellsArea:    2804.027 um^2
[INFO GPL-0054] NewTargetDensity:         0.662
[INFO GPL-0055] NewWhiteSpaceArea:     4234.047 um^2
[INFO GPL-0056] MovableArea:           2804.027 um^2
[INFO GPL-0057] NewNesterovInstArea:   1781.872 um^2
[INFO GPL-0058] NewTotalFillerArea:    1022.155 um^2
[INFO GPL-0059] NewTotalGCellsArea:    2804.027 um^2
[INFO GPL-0089] Routability: revert back to snapshot
[NesterovSolve] Iter:  480 overflow: 0.587 HPWL: 43962279
[NesterovSolve] Iter:  490 overflow: 0.564 HPWL: 45285215
[NesterovSolve] Iter:  500 overflow: 0.533 HPWL: 46710955
[NesterovSolve] Iter:  510 overflow: 0.499 HPWL: 48131003
[NesterovSolve] Iter:  520 overflow: 0.459 HPWL: 49600026
[NesterovSolve] Iter:  530 overflow: 0.412 HPWL: 51092322
[NesterovSolve] Iter:  540 overflow: 0.354 HPWL: 52836081
[INFO GPL-0075] Routability iteration: 4
[INFO GPL-0036] TileBBox: (    0    0 ) (  540  540 ) DBU
[INFO GPL-0038] TileCnt:     128  128
[INFO GPL-0040] NumTiles: 16384
[INFO GPL-0081] TotalRouteOverflow: 13.1529
[INFO GPL-0082] OverflowTileCnt: 330
[INFO GPL-0083] 0.5%RC: 1.0875
[INFO GPL-0084] 1.0%RC: 1.0656
[INFO GPL-0085] 2.0%RC: 1.0401
[INFO GPL-0086] 5.0%RC: 0.9984
[INFO GPL-0087] FinalRC: 1.0765555
[INFO GPL-0078] FinalRC lower than minRC (1.0857), min RC updated.
[INFO GPL-0045] InflatedAreaDelta:       13.113 um^2 (+0.74%)
[INFO GPL-0046] TargetDensity:            0.662
[INFO GPL-0049] WhiteSpaceArea:        4234.047 um^2
[INFO GPL-0050] NesterovInstsArea:     1781.872 um^2
[INFO GPL-0051] TotalFillerArea:       1022.155 um^2
[INFO GPL-0052] TotalGCellsArea:       2804.027 um^2
[INFO GPL-0053] ExpectedGCellsArea:    2817.140 um^2
[INFO GPL-0054] NewTargetDensity:         0.665
[INFO GPL-0055] NewWhiteSpaceArea:     4234.047 um^2
[INFO GPL-0056] MovableArea:           2817.140 um^2
[INFO GPL-0057] NewNesterovInstArea:   1794.985 um^2
[INFO GPL-0058] NewTotalFillerArea:    1022.155 um^2
[INFO GPL-0059] NewTotalGCellsArea:    2817.140 um^2
[INFO GPL-0089] Routability: revert back to snapshot
[NesterovSolve] Iter:  550 overflow: 0.605 HPWL: 42600931
[NesterovSolve] Iter:  560 overflow: 0.575 HPWL: 44681702
[NesterovSolve] Iter:  570 overflow: 0.545 HPWL: 46418306
[NesterovSolve] Iter:  580 overflow: 0.511 HPWL: 47854393
[NesterovSolve] Iter:  590 overflow: 0.472 HPWL: 49371844
[NesterovSolve] Iter:  600 overflow: 0.426 HPWL: 50922005
[NesterovSolve] Iter:  610 overflow: 0.371 HPWL: 52534461
[NesterovSolve] Iter:  620 overflow: 0.310 HPWL: 54315720
[INFO GPL-0075] Routability iteration: 5
[INFO GPL-0036] TileBBox: (    0    0 ) (  540  540 ) DBU
[INFO GPL-0038] TileCnt:     128  128
[INFO GPL-0040] NumTiles: 16384
[INFO GPL-0081] TotalRouteOverflow: 12.7898
[INFO GPL-0082] OverflowTileCnt: 324
[INFO GPL-0083] 0.5%RC: 1.0852
[INFO GPL-0084] 1.0%RC: 1.0642
[INFO GPL-0085] 2.0%RC: 1.0390
[INFO GPL-0086] 5.0%RC: 0.9976
[INFO GPL-0087] FinalRC: 1.0747235
[INFO GPL-0078] FinalRC lower than minRC (1.0766), min RC updated.
[INFO GPL-0045] InflatedAreaDelta:       13.060 um^2 (+0.73%)
[INFO GPL-0046] TargetDensity:            0.665
[INFO GPL-0049] WhiteSpaceArea:        4234.047 um^2
[INFO GPL-0050] NesterovInstsArea:     1794.985 um^2
[INFO GPL-0051] TotalFillerArea:       1022.155 um^2
[INFO GPL-0052] TotalGCellsArea:       2817.140 um^2
[INFO GPL-0053] ExpectedGCellsArea:    2830.200 um^2
[INFO GPL-0054] NewTargetDensity:         0.668
[INFO GPL-0055] NewWhiteSpaceArea:     4234.047 um^2
[INFO GPL-0056] MovableArea:           2830.200 um^2
[INFO GPL-0057] NewNesterovInstArea:   1808.045 um^2
[INFO GPL-0058] NewTotalFillerArea:    1022.155 um^2
[INFO GPL-0059] NewTotalGCellsArea:    2830.200 um^2
[INFO GPL-0089] Routability: revert back to snapshot
[NesterovSolve] Iter:  630 overflow: 0.579 HPWL: 44710014
[NesterovSolve] Iter:  640 overflow: 0.552 HPWL: 46304282
[NesterovSolve] Iter:  650 overflow: 0.521 HPWL: 47653111
[NesterovSolve] Iter:  660 overflow: 0.484 HPWL: 49135308
[NesterovSolve] Iter:  670 overflow: 0.442 HPWL: 50630533
[NesterovSolve] Iter:  680 overflow: 0.388 HPWL: 52195898
[NesterovSolve] Iter:  690 overflow: 0.328 HPWL: 53965840
[INFO GPL-0075] Routability iteration: 6
[INFO GPL-0036] TileBBox: (    0    0 ) (  540  540 ) DBU
[INFO GPL-0038] TileCnt:     128  128
[INFO GPL-0040] NumTiles: 16384
[INFO GPL-0081] TotalRouteOverflow: 10.9807
[INFO GPL-0082] OverflowTileCnt: 302
[INFO GPL-0083] 0.5%RC: 1.0742
[INFO GPL-0084] 1.0%RC: 1.0559
[INFO GPL-0085] 2.0%RC: 1.0333
[INFO GPL-0086] 5.0%RC: 0.9941
[INFO GPL-0087] FinalRC: 1.0650458
[INFO GPL-0078] FinalRC lower than minRC (1.0747), min RC updated.
[INFO GPL-0045] InflatedAreaDelta:       10.905 um^2 (+0.60%)
[INFO GPL-0046] TargetDensity:            0.668
[INFO GPL-0049] WhiteSpaceArea:        4234.047 um^2
[INFO GPL-0050] NesterovInstsArea:     1808.045 um^2
[INFO GPL-0051] TotalFillerArea:       1022.155 um^2
[INFO GPL-0052] TotalGCellsArea:       2830.200 um^2
[INFO GPL-0053] ExpectedGCellsArea:    2841.105 um^2
[INFO GPL-0054] NewTargetDensity:         0.671
[INFO GPL-0055] NewWhiteSpaceArea:     4234.047 um^2
[INFO GPL-0056] MovableArea:           2841.105 um^2
[INFO GPL-0057] NewNesterovInstArea:   1818.950 um^2
[INFO GPL-0058] NewTotalFillerArea:    1022.155 um^2
[INFO GPL-0059] NewTotalGCellsArea:    2841.105 um^2
[INFO GPL-0089] Routability: revert back to snapshot
[NesterovSolve] Iter:  700 overflow: 0.581 HPWL: 44927569
[NesterovSolve] Iter:  710 overflow: 0.560 HPWL: 46134021
[NesterovSolve] Iter:  720 overflow: 0.531 HPWL: 47405432
[NesterovSolve] Iter:  730 overflow: 0.496 HPWL: 48834383
[NesterovSolve] Iter:  740 overflow: 0.455 HPWL: 50344392
[NesterovSolve] Iter:  750 overflow: 0.406 HPWL: 51891252
[NesterovSolve] Iter:  760 overflow: 0.346 HPWL: 53653905
[INFO GPL-0075] Routability iteration: 7
[INFO GPL-0036] TileBBox: (    0    0 ) (  540  540 ) DBU
[INFO GPL-0038] TileCnt:     128  128
[INFO GPL-0040] NumTiles: 16384
[INFO GPL-0081] TotalRouteOverflow: 9.6747
[INFO GPL-0082] OverflowTileCnt: 289
[INFO GPL-0083] 0.5%RC: 1.0719
[INFO GPL-0084] 1.0%RC: 1.0513
[INFO GPL-0085] 2.0%RC: 1.0292
[INFO GPL-0086] 5.0%RC: 0.9923
[INFO GPL-0087] FinalRC: 1.0616233
[INFO GPL-0078] FinalRC lower than minRC (1.0650), min RC updated.
[INFO GPL-0045] InflatedAreaDelta:        9.539 um^2 (+0.52%)
[INFO GPL-0046] TargetDensity:            0.671
[INFO GPL-0049] WhiteSpaceArea:        4234.047 um^2
[INFO GPL-0050] NesterovInstsArea:     1818.950 um^2
[INFO GPL-0051] TotalFillerArea:       1022.155 um^2
[INFO GPL-0052] TotalGCellsArea:       2841.105 um^2
[INFO GPL-0053] ExpectedGCellsArea:    2850.644 um^2
[INFO GPL-0054] NewTargetDensity:         0.673
[INFO GPL-0055] NewWhiteSpaceArea:     4234.047 um^2
[INFO GPL-0056] MovableArea:           2850.644 um^2
[INFO GPL-0057] NewNesterovInstArea:   1828.489 um^2
[INFO GPL-0058] NewTotalFillerArea:    1022.155 um^2
[INFO GPL-0059] NewTotalGCellsArea:    2850.644 um^2
[INFO GPL-0089] Routability: revert back to snapshot
[NesterovSolve] Iter:  770 overflow: 0.604 HPWL: 43152235
[NesterovSolve] Iter:  780 overflow: 0.574 HPWL: 45326109
[NesterovSolve] Iter:  790 overflow: 0.542 HPWL: 47033381
[NesterovSolve] Iter:  800 overflow: 0.507 HPWL: 48491424
[NesterovSolve] Iter:  810 overflow: 0.468 HPWL: 50050076
[NesterovSolve] Iter:  820 overflow: 0.422 HPWL: 51630073
[NesterovSolve] Iter:  830 overflow: 0.365 HPWL: 53297633
[NesterovSolve] Iter:  840 overflow: 0.303 HPWL: 55035873
[INFO GPL-0075] Routability iteration: 8
[INFO GPL-0036] TileBBox: (    0    0 ) (  540  540 ) DBU
[INFO GPL-0038] TileCnt:     128  128
[INFO GPL-0040] NumTiles: 16384
[INFO GPL-0081] TotalRouteOverflow: 9.5123
[INFO GPL-0082] OverflowTileCnt: 289
[INFO GPL-0083] 0.5%RC: 1.0690
[INFO GPL-0084] 1.0%RC: 1.0499
[INFO GPL-0085] 2.0%RC: 1.0286
[INFO GPL-0086] 5.0%RC: 0.9921
[INFO GPL-0087] FinalRC: 1.0594057
[INFO GPL-0078] FinalRC lower than minRC (1.0616), min RC updated.
[INFO GPL-0045] InflatedAreaDelta:        9.396 um^2 (+0.51%)
[INFO GPL-0046] TargetDensity:            0.673
[INFO GPL-0049] WhiteSpaceArea:        4234.047 um^2
[INFO GPL-0050] NesterovInstsArea:     1828.489 um^2
[INFO GPL-0051] TotalFillerArea:       1022.155 um^2
[INFO GPL-0052] TotalGCellsArea:       2850.644 um^2
[INFO GPL-0053] ExpectedGCellsArea:    2860.040 um^2
[INFO GPL-0054] NewTargetDensity:         0.675
[INFO GPL-0055] NewWhiteSpaceArea:     4234.047 um^2
[INFO GPL-0056] MovableArea:           2860.040 um^2
[INFO GPL-0057] NewNesterovInstArea:   1837.885 um^2
[INFO GPL-0058] NewTotalFillerArea:    1022.155 um^2
[INFO GPL-0059] NewTotalGCellsArea:    2860.040 um^2
[INFO GPL-0089] Routability: revert back to snapshot
[NesterovSolve] Iter:  850 overflow: 0.580 HPWL: 44914144
[NesterovSolve] Iter:  860 overflow: 0.551 HPWL: 46740198
[NesterovSolve] Iter:  870 overflow: 0.518 HPWL: 48149684
[NesterovSolve] Iter:  880 overflow: 0.479 HPWL: 49687129
[NesterovSolve] Iter:  890 overflow: 0.437 HPWL: 51237805
[NesterovSolve] Iter:  900 overflow: 0.381 HPWL: 52856432
[NesterovSolve] Iter:  910 overflow: 0.319 HPWL: 54659167
[INFO GPL-0075] Routability iteration: 9
[INFO GPL-0036] TileBBox: (    0    0 ) (  540  540 ) DBU
[INFO GPL-0038] TileCnt:     128  128
[INFO GPL-0040] NumTiles: 16384
[INFO GPL-0081] TotalRouteOverflow: 7.7870
[INFO GPL-0082] OverflowTileCnt: 259
[INFO GPL-0083] 0.5%RC: 1.0625
[INFO GPL-0084] 1.0%RC: 1.0435
[INFO GPL-0085] 2.0%RC: 1.0226
[INFO GPL-0086] 5.0%RC: 0.9881
[INFO GPL-0087] FinalRC: 1.0529966
[INFO GPL-0078] FinalRC lower than minRC (1.0594), min RC updated.
[INFO GPL-0045] InflatedAreaDelta:        8.285 um^2 (+0.45%)
[INFO GPL-0046] TargetDensity:            0.675
[INFO GPL-0049] WhiteSpaceArea:        4234.047 um^2
[INFO GPL-0050] NesterovInstsArea:     1837.885 um^2
[INFO GPL-0051] TotalFillerArea:       1022.155 um^2
[INFO GPL-0052] TotalGCellsArea:       2860.040 um^2
[INFO GPL-0053] ExpectedGCellsArea:    2868.325 um^2
[INFO GPL-0054] NewTargetDensity:         0.677
[INFO GPL-0055] NewWhiteSpaceArea:     4234.047 um^2
[INFO GPL-0056] MovableArea:           2868.325 um^2
[INFO GPL-0057] NewNesterovInstArea:   1846.170 um^2
[INFO GPL-0058] NewTotalFillerArea:    1022.155 um^2
[INFO GPL-0059] NewTotalGCellsArea:    2868.325 um^2
[INFO GPL-0089] Routability: revert back to snapshot
[NesterovSolve] Iter:  920 overflow: 0.576 HPWL: 45558221
[NesterovSolve] Iter:  930 overflow: 0.555 HPWL: 46723772
[NesterovSolve] Iter:  940 overflow: 0.527 HPWL: 47914219
[NesterovSolve] Iter:  950 overflow: 0.492 HPWL: 49345367
[NesterovSolve] Iter:  960 overflow: 0.450 HPWL: 50872901
[NesterovSolve] Iter:  970 overflow: 0.398 HPWL: 52463351
[NesterovSolve] Iter:  980 overflow: 0.336 HPWL: 54254176
[INFO GPL-0075] Routability iteration: 10
[INFO GPL-0036] TileBBox: (    0    0 ) (  540  540 ) DBU
[INFO GPL-0038] TileCnt:     128  128
[INFO GPL-0040] NumTiles: 16384
[INFO GPL-0081] TotalRouteOverflow: 8.3994
[INFO GPL-0082] OverflowTileCnt: 262
[INFO GPL-0083] 0.5%RC: 1.0651
[INFO GPL-0084] 1.0%RC: 1.0460
[INFO GPL-0085] 2.0%RC: 1.0246
[INFO GPL-0086] 5.0%RC: 0.9883
[INFO GPL-0087] FinalRC: 1.0555308
[INFO GPL-0079] MinRC (1.0529966) violation occurred, total count: 1.
[INFO GPL-0045] InflatedAreaDelta:        8.601 um^2 (+0.47%)
[INFO GPL-0046] TargetDensity:            0.677
[INFO GPL-0049] WhiteSpaceArea:        4234.047 um^2
[INFO GPL-0050] NesterovInstsArea:     1846.170 um^2
[INFO GPL-0051] TotalFillerArea:       1022.155 um^2
[INFO GPL-0052] TotalGCellsArea:       2868.325 um^2
[INFO GPL-0053] ExpectedGCellsArea:    2876.926 um^2
[INFO GPL-0054] NewTargetDensity:         0.679
[INFO GPL-0055] NewWhiteSpaceArea:     4234.047 um^2
[INFO GPL-0056] MovableArea:           2876.926 um^2
[INFO GPL-0057] NewNesterovInstArea:   1854.771 um^2
[INFO GPL-0058] NewTotalFillerArea:    1022.155 um^2
[INFO GPL-0059] NewTotalGCellsArea:    2876.926 um^2
[INFO GPL-0089] Routability: revert back to snapshot
[NesterovSolve] Iter:  990 overflow: 0.596 HPWL: 44370797
[NesterovSolve] Iter: 1000 overflow: 0.570 HPWL: 46101080
[NesterovSolve] Iter: 1010 overflow: 0.539 HPWL: 47562185
[NesterovSolve] Iter: 1020 overflow: 0.503 HPWL: 48992116
[NesterovSolve] Iter: 1030 overflow: 0.463 HPWL: 50551160
[NesterovSolve] Iter: 1040 overflow: 0.414 HPWL: 52103292
[NesterovSolve] Iter: 1050 overflow: 0.355 HPWL: 53832951
[NesterovSolve] Iter: 1060 overflow: 0.296 HPWL: 55577219
[INFO GPL-0075] Routability iteration: 11
[INFO GPL-0036] TileBBox: (    0    0 ) (  540  540 ) DBU
[INFO GPL-0038] TileCnt:     128  128
[INFO GPL-0040] NumTiles: 16384
[INFO GPL-0081] TotalRouteOverflow: 7.3748
[INFO GPL-0082] OverflowTileCnt: 244
[INFO GPL-0083] 0.5%RC: 1.0627
[INFO GPL-0084] 1.0%RC: 1.0422
[INFO GPL-0085] 2.0%RC: 1.0211
[INFO GPL-0086] 5.0%RC: 0.9864
[INFO GPL-0087] FinalRC: 1.052455
[INFO GPL-0079] MinRC (1.0529966) violation occurred, total count: 2.
[INFO GPL-0045] InflatedAreaDelta:        7.472 um^2 (+0.40%)
[INFO GPL-0046] TargetDensity:            0.679
[INFO GPL-0049] WhiteSpaceArea:        4234.047 um^2
[INFO GPL-0050] NesterovInstsArea:     1854.771 um^2
[INFO GPL-0051] TotalFillerArea:       1022.155 um^2
[INFO GPL-0052] TotalGCellsArea:       2876.926 um^2
[INFO GPL-0053] ExpectedGCellsArea:    2884.398 um^2
[INFO GPL-0054] NewTargetDensity:         0.681
[INFO GPL-0055] NewWhiteSpaceArea:     4234.047 um^2
[INFO GPL-0056] MovableArea:           2884.398 um^2
[INFO GPL-0057] NewNesterovInstArea:   1862.243 um^2
[INFO GPL-0058] NewTotalFillerArea:    1022.155 um^2
[INFO GPL-0059] NewTotalGCellsArea:    2884.398 um^2
[INFO GPL-0089] Routability: revert back to snapshot
[NesterovSolve] Iter: 1070 overflow: 0.582 HPWL: 45117350
[NesterovSolve] Iter: 1080 overflow: 0.549 HPWL: 47096028
[NesterovSolve] Iter: 1090 overflow: 0.515 HPWL: 48596820
[NesterovSolve] Iter: 1100 overflow: 0.476 HPWL: 50177371
[NesterovSolve] Iter: 1110 overflow: 0.430 HPWL: 51742861
[NesterovSolve] Iter: 1120 overflow: 0.373 HPWL: 53403935
[NesterovSolve] Iter: 1130 overflow: 0.311 HPWL: 55165495
[INFO GPL-0075] Routability iteration: 12
[INFO GPL-0036] TileBBox: (    0    0 ) (  540  540 ) DBU
[INFO GPL-0038] TileCnt:     128  128
[INFO GPL-0040] NumTiles: 16384
[INFO GPL-0081] TotalRouteOverflow: 7.7220
[INFO GPL-0082] OverflowTileCnt: 256
[INFO GPL-0083] 0.5%RC: 1.0637
[INFO GPL-0084] 1.0%RC: 1.0437
[INFO GPL-0085] 2.0%RC: 1.0224
[INFO GPL-0086] 5.0%RC: 0.9882
[INFO GPL-0087] FinalRC: 1.0536952
[INFO GPL-0079] MinRC (1.0529966) violation occurred, total count: 3.
[INFO GPL-0045] InflatedAreaDelta:        7.340 um^2 (+0.39%)
[INFO GPL-0046] TargetDensity:            0.681
Revert Routability Procedure. Target density higher than max, or minRC max violations.
[INFO GPL-0080] minRcViolatedCnt: 3
[INFO GPL-0047] SavedMinRC: 1.0530
[INFO GPL-0048] SavedTargetDensity: 0.6755
[INFO GPL-0089] Routability: revert back to snapshot
[NesterovSolve] Iter: 1140 overflow: 0.575 HPWL: 44801442
[NesterovSolve] Iter: 1150 overflow: 0.548 HPWL: 46461386
[NesterovSolve] Iter: 1160 overflow: 0.517 HPWL: 47840410
[NesterovSolve] Iter: 1170 overflow: 0.480 HPWL: 49352624
[NesterovSolve] Iter: 1180 overflow: 0.438 HPWL: 50923313
[NesterovSolve] Iter: 1190 overflow: 0.383 HPWL: 52572847
[NesterovSolve] Iter: 1200 overflow: 0.321 HPWL: 54407797
[INFO GPL-0100] Timing-driven iteration 3/5, virtual: false.
[INFO GPL-0101]    Iter: 1207, overflow: 0.284, keep rsz at: 0.3, HPWL: 55569122
Iteration |   Area    | Resized | Buffers | Nets repaired | Remaining
---------------------------------------------------------------------
        0 |     +0.0% |       0 |       0 |             0 |     16543
    final |     +9.7% |    3645 |       0 |             0 |         0
---------------------------------------------------------------------
[INFO RSZ-0039] Resized 3645 instances.
[INFO GPL-0106] Timing-driven: worst slack -9.84e-11
[INFO GPL-0103] Timing-driven: weighted 1646 nets.
[INFO GPL-0107] Timing-driven: repair_design delta area: 155.838 um^2 (+8.37%)
[INFO GPL-0108] Timing-driven: repair_design, gpl cells created: 0 (+0.00%)
[INFO GPL-0109] Timing-driven: inserted buffers as reported by repair_design: 0
[INFO GPL-0110] Timing-driven: new target density: 0.71804523
[NesterovSolve] Iter: 1210 overflow: 0.244 HPWL: 51277815
[NesterovSolve] Iter: 1220 overflow: 0.216 HPWL: 51802545
[INFO GPL-0100] Timing-driven iteration 4/5, virtual: false.
[INFO GPL-0101]    Iter: 1223, overflow: 0.205, keep rsz at: 0.3, HPWL: 51892093
Iteration |   Area    | Resized | Buffers | Nets repaired | Remaining
---------------------------------------------------------------------
        0 |     +0.0% |       0 |       0 |             0 |     16543
    final |     +1.2% |     525 |       0 |             0 |         0
---------------------------------------------------------------------
[INFO RSZ-0039] Resized 525 instances.
[INFO GPL-0106] Timing-driven: worst slack -9.91e-11
[INFO GPL-0103] Timing-driven: weighted 1654 nets.
[INFO GPL-0107] Timing-driven: repair_design delta area: 22.830 um^2 (+1.15%)
[INFO GPL-0108] Timing-driven: repair_design, gpl cells created: 0 (+0.00%)
[INFO GPL-0109] Timing-driven: inserted buffers as reported by repair_design: 0
[INFO GPL-0110] Timing-driven: new target density: 0.7234373
[NesterovSolve] Iter: 1230 overflow: 0.182 HPWL: 52062959
[NesterovSolve] Iter: 1240 overflow: 0.155 HPWL: 52103558
[INFO GPL-0100] Timing-driven iteration 5/5, virtual: false.
[INFO GPL-0101]    Iter: 1245, overflow: 0.144, keep rsz at: 0.3, HPWL: 52089759
Iteration |   Area    | Resized | Buffers | Nets repaired | Remaining
---------------------------------------------------------------------
        0 |     +0.0% |       0 |       0 |             0 |     16543
    final |     +0.4% |     285 |       0 |             0 |         0
---------------------------------------------------------------------
[INFO RSZ-0039] Resized 285 instances.
[INFO GPL-0106] Timing-driven: worst slack -9.93e-11
[INFO GPL-0103] Timing-driven: weighted 1654 nets.
[INFO GPL-0107] Timing-driven: repair_design delta area: 8.224 um^2 (+0.41%)
[INFO GPL-0108] Timing-driven: repair_design, gpl cells created: 0 (+0.00%)
[INFO GPL-0109] Timing-driven: inserted buffers as reported by repair_design: 0
[INFO GPL-0110] Timing-driven: new target density: 0.7253797
[NesterovSolve] Iter: 1250 overflow: 0.132 HPWL: 52109267
[NesterovSolve] Iter: 1260 overflow: 0.112 HPWL: 52176290
[NesterovSolve] Finished with Overflow: 0.099764
Took 97 seconds: global_placement -density 0.65 -pad_left 0 -pad_right 0 -routability_driven -timing_driven
Report metrics stage 3, global place...

==========================================================================
global place report_design_area
--------------------------------------------------------------------------
Design area 1929 u^2 45% utilization.
Elapsed time: 1:42.36[h:]min:sec. CPU time: user 1634.61 sys 11.89 (1608%). Peak memory: 687636KB.
