OpenROAD v2.0-19576-gec1bf1a13 
Features included (+) or not (-): +GPU +GUI +Python : None
This program is licensed under the BSD-3 license. See the LICENSE file for details.
Components of this program may be licensed under more restrictive licenses which must be honored.
[INFO ORD-0030] Using 22 thread(s).
Perform port buffering...
[INFO RSZ-0027] Inserted 258 input buffers.
[INFO RSZ-0028] Inserted 129 output buffers.
Perform buffer insertion and gate resizing...
repair_design -verbose
[INFO RSZ-0058] Using max wire length 162um.
Iteration |   Area    | Resized | Buffers | Nets repaired | Remaining
---------------------------------------------------------------------
        0 |     +0.0% |       0 |       0 |             0 |     16930
     1000 |     +0.0% |       1 |       0 |             0 |     15930
     2000 |     +0.0% |       1 |       0 |             0 |     14930
     3000 |     +0.0% |       1 |       0 |             0 |     13930
     4000 |     -0.0% |       3 |       0 |             0 |     12930
     5000 |     -0.0% |       5 |       0 |             0 |     11930
     6000 |     -0.0% |       6 |       0 |             0 |     10930
     7000 |     -0.0% |       6 |       0 |             0 |      9930
     8000 |     -0.0% |       8 |       0 |             0 |      8930
     9000 |     +0.0% |      10 |       0 |             0 |      7930
    10000 |     +0.0% |      15 |       0 |             0 |      6930
    11000 |     -0.0% |      31 |       0 |             0 |      5930
    12000 |     +0.0% |      54 |       0 |             0 |      4930
    13000 |     +0.0% |      65 |       0 |             0 |      3930
    14000 |     +0.0% |      77 |       0 |             0 |      2930
    15000 |     +0.0% |      89 |       0 |             0 |      1930
    16000 |     +0.0% |     124 |       0 |             0 |       930
    final |     +0.0% |     160 |       0 |             0 |         0
---------------------------------------------------------------------
[INFO RSZ-0039] Resized 160 instances.
Repair tie lo fanout...
Repair tie hi fanout...
Floating nets: 
Report metrics stage 3, resizer...

==========================================================================
resizer report_design_area
--------------------------------------------------------------------------
Design area 1958 u^2 46% utilization.
Instance count before 16732, after 17119
Pin count before 54053, after 54827
Elapsed time: 0:09.21[h:]min:sec. CPU time: user 8.96 sys 0.24 (99%). Peak memory: 534908KB.
