OpenROAD v2.0-19576-gec1bf1a13 
Features included (+) or not (-): +GPU +GUI +Python : None
This program is licensed under the BSD-3 license. See the LICENSE file for details.
Components of this program may be licensed under more restrictive licenses which must be honored.
[INFO ORD-0030] Using 22 thread(s).
clock_tree_synthesis -sink_clustering_enable -balance_levels
[INFO CTS-0050] Root buffer is BUFx16f_ASAP7_75t_R.
[INFO CTS-0051] Sink buffer is BUFx24_ASAP7_75t_R.
[INFO CTS-0052] The following clock buffers will be used for CTS:
                    BUFx16f_ASAP7_75t_R
                    BUFx24_ASAP7_75t_R
[INFO CTS-0049] Characterization buffer is BUFx24_ASAP7_75t_R.
[INFO CTS-0007] Net "clk" found for clock "clk".
[INFO CTS-0010]  Clock net "clk" has 562 sinks.
[INFO CTS-0008] TritonCTS found 1 clock nets.
[INFO CTS-0097] Characterization used 2 buffer(s) types.
[INFO CTS-0200] 0 placement blockages have been identified.
[INFO CTS-0201] 0 placed hard macros will be treated like blockages.
[INFO CTS-0027] Generating H-Tree topology for net clk.
[INFO CTS-0028]  Total number of sinks: 562.
[INFO CTS-0090]  Sinks will be clustered based on buffer max cap.
[INFO CTS-0030]  Number of static layers: 0.
[INFO CTS-0020]  Wire segment unit: 1350  dbu (1 um).
[INFO CTS-0206] Best clustering solution was found from clustering size of 10 and clustering diameter of 50.
[INFO CTS-0019]  Total number of sinks after clustering: 34.
[INFO CTS-0024]  Normalized sink region: [(4.9928, 7.98), (44.9563, 46.5769)].
[INFO CTS-0025]     Width:  39.9635.
[INFO CTS-0026]     Height: 38.5969.
 Level 1
    Direction: Horizontal
    Sinks per sub-region: 17
    Sub-region size: 19.9817 X 38.5969
[INFO CTS-0034]     Segment length (rounded): 10.
 Level 2
    Direction: Vertical
    Sinks per sub-region: 9
    Sub-region size: 19.9817 X 19.2985
[INFO CTS-0034]     Segment length (rounded): 10.
[INFO CTS-0032]  Stop criterion found. Max number of sinks is 15.
[INFO CTS-0035]  Number of sinks covered: 34.
[INFO CTS-0018]     Created 39 clock buffers.
[INFO CTS-0012]     Minimum number of buffers in the clock path: 3.
[INFO CTS-0013]     Maximum number of buffers in the clock path: 3.
[INFO CTS-0015]     Created 39 clock nets.
[INFO CTS-0016]     Fanout distribution for the current clock = 7:2, 8:1, 9:3, 10:1, 11:1, 12:3, 13:4, 15:2, 16:6, 17:1, 18:1, 19:2, 20:3, 21:2, 22:2, 23:3, 24:1..
[INFO CTS-0017]     Max level of the clock tree: 2.
[INFO CTS-0098] Clock net "clk"
[INFO CTS-0099]  Sinks 595
[INFO CTS-0100]  Leaf buffers 34
[INFO CTS-0101]  Average sink wire length 86.86 um
[INFO CTS-0102]  Path depth 2 - 3
[INFO CTS-0207]  Leaf load cells 33
[INFO RSZ-0058] Using max wire length 162um.
Placement Analysis
---------------------------------
total displacement        163.4 u
average displacement        0.0 u
max displacement            1.5 u
original HPWL           62224.1 u
legalized HPWL          63050.9 u
delta HPWL                    1 %

repair_timing -verbose -setup_margin 0 -hold_margin 0 -repair_tns 100
[INFO RSZ-0094] Found 160 endpoints with setup violations.
[INFO RSZ-0099] Repairing 160 out of 160 (100.00%) violating endpoints...
   Iter   | Removed | Resized | Inserted | Cloned |  Pin  |   Area   |    WNS   |   TNS      |  Viol  | Worst
          | Buffers |  Gates  | Buffers  |  Gates | Swaps |          |          |            | Endpts | Endpt
--------------------------------------------------------------------------------------------------------------
        0 |       0 |       0 |        0 |      0 |     0 |    +0.0% | -105.108 |   -10161.5 |    160 | sa03_sr\[3\]$_DFF_P_/D
       10 |       0 |       0 |       14 |      0 |     4 |    +0.0% |  -84.504 |    -9419.6 |    160 | sa22_sr\[2\]$_DFF_P_/D
       20 |       0 |       0 |       31 |      0 |     8 |    +0.1% |  -75.161 |    -8525.4 |    160 | sa23_sr\[7\]$_DFF_P_/D
       30 |       0 |       0 |       52 |      0 |    12 |    +0.2% |  -69.425 |    -7410.9 |    160 | sa22_sr\[5\]$_DFF_P_/D
       40 |       0 |       0 |       74 |      0 |    14 |    +0.2% |  -63.769 |    -6653.6 |    160 | sa12_sr\[0\]$_DFF_P_/D
       50 |       0 |       0 |       94 |      0 |    18 |    +0.3% |  -58.809 |    -6215.9 |    160 | sa03_sr\[3\]$_DFF_P_/D
       60 |       0 |       1 |      110 |      0 |    23 |    +0.3% |  -53.037 |    -5717.4 |    160 | sa02_sr\[3\]$_DFF_P_/D
       70 |       0 |       1 |      127 |      0 |    27 |    +0.4% |  -50.344 |    -5377.7 |    160 | sa13_sr\[0\]$_DFF_P_/D
       80 |       0 |       1 |      146 |      0 |    31 |    +0.4% |  -47.547 |    -5070.8 |    160 | u0.u1.d\[0\]$_DFF_P_/D
       90 |       0 |       1 |      163 |      0 |    34 |    +0.5% |  -43.360 |    -4686.9 |    160 | sa32_sr\[2\]$_DFF_P_/D
      100 |       0 |       1 |      180 |      0 |    39 |    +0.5% |  -41.611 |    -4570.9 |    160 | sa10_sr\[2\]$_DFF_P_/D
      110 |       0 |       1 |      197 |      0 |    42 |    +0.5% |  -42.871 |    -4409.8 |    160 | sa22_sr\[5\]$_DFF_P_/D
      120 |       0 |       3 |      205 |      1 |    47 |    +0.6% |  -39.810 |    -4180.1 |    160 | sa32_sr\[3\]$_DFF_P_/D
      130 |       0 |       5 |      217 |      1 |    49 |    +0.6% |  -38.133 |    -4055.2 |    160 | sa21_sr\[1\]$_DFF_P_/D
      140 |       0 |       5 |      224 |      1 |    56 |    +0.6% |  -36.847 |    -3999.2 |    160 | sa00_sr\[3\]$_DFF_P_/D
      150 |       0 |       5 |      244 |      1 |    58 |    +0.7% |  -34.693 |    -3709.0 |    160 | sa32_sr\[3\]$_DFF_P_/D
      160 |       0 |       6 |      251 |      1 |    64 |    +0.7% |  -33.746 |    -3490.7 |    160 | sa33_sr\[6\]$_DFF_P_/D
      170 |       0 |       6 |      261 |      3 |    67 |    +0.7% |  -32.022 |    -3374.6 |    160 | sa01_sr\[1\]$_DFF_P_/D
      180 |       0 |       6 |      275 |      3 |    71 |    +0.8% |  -30.469 |    -3284.4 |    160 | sa33_sr\[6\]$_DFF_P_/D
      190 |       0 |       6 |      284 |      3 |    78 |    +0.8% |  -32.287 |    -3211.8 |    160 | sa32_sr\[1\]$_DFF_P_/D
      190 |       0 |       6 |      284 |      3 |    75 |    +0.8% |  -30.058 |    -3208.2 |    160 | sa32_sr\[1\]$_DFF_P_/D
      200 |       0 |       7 |      288 |      4 |    80 |    +0.8% |  -30.426 |    -3169.0 |    160 | sa22_sr\[5\]$_DFF_P_/D
      210 |       0 |      10 |      295 |      5 |    84 |    +0.8% |  -30.426 |    -3140.3 |    160 | sa22_sr\[5\]$_DFF_P_/D
      220 |       0 |      14 |      297 |      7 |    87 |    +0.8% |  -30.058 |    -3089.2 |    160 | sa32_sr\[1\]$_DFF_P_/D
      222 |       0 |      15 |      297 |      7 |    86 |    +0.8% |  -30.058 |    -3088.0 |    160 | sa32_sr\[1\]$_DFF_P_/D
      230 |       0 |      16 |      300 |     10 |    88 |    +0.9% |  -36.109 |    -3203.1 |    160 | sa31_sr\[0\]$_DFF_P_/D
      237 |       0 |      17 |      299 |      8 |    86 |    +0.8% |  -30.058 |    -3086.4 |    160 | sa32_sr\[1\]$_DFF_P_/D
      240 |       1 |      17 |      302 |      8 |    86 |    +0.8% |  -30.058 |    -3086.3 |    160 | sa32_sr\[1\]$_DFF_P_/D
      248 |       1 |      20 |      306 |      8 |    89 |    +0.9% |  -30.058 |    -3075.3 |    160 | sa32_sr\[1\]$_DFF_P_/D
      250 |       1 |      20 |      306 |      8 |    90 |    +0.9% |  -30.058 |    -3073.5 |    160 | sa32_sr\[1\]$_DFF_P_/D
      257 |       1 |      20 |      308 |      8 |    96 |    +0.9% |  -30.058 |    -3063.6 |    160 | sa32_sr\[1\]$_DFF_P_/D
      260 |       1 |      20 |      308 |      8 |    98 |    +0.9% |  -30.284 |    -3063.1 |    160 | sa21_sr\[0\]$_DFF_P_/D
      269 |       1 |      21 |      314 |      8 |   101 |    +0.9% |  -30.058 |    -3019.5 |    160 | sa32_sr\[1\]$_DFF_P_/D
      270 |       1 |      21 |      314 |      8 |   101 |    +0.9% |  -30.058 |    -3019.5 |    160 | sa32_sr\[1\]$_DFF_P_/D
      280 |       1 |      21 |      329 |     10 |   103 |    +0.9% |  -35.149 |    -3093.2 |    160 | sa31_sr\[0\]$_DFF_P_/D
      287 |       1 |      22 |      324 |      9 |   101 |    +0.9% |  -30.058 |    -3015.0 |    160 | sa32_sr\[1\]$_DFF_P_/D
      288 |       1 |      22 |      324 |      9 |   101 |    +0.9% |  -30.058 |    -3015.0 |    160 | sa32_sr\[1\]$_DFF_P_/D
      290 |       1 |      22 |      326 |      9 |   101 |    +0.9% |  -30.058 |    -3004.2 |    160 | sa32_sr\[1\]$_DFF_P_/D
      300 |       1 |      22 |      333 |     11 |   106 |    +0.9% |  -30.058 |    -2953.5 |    160 | sa32_sr\[1\]$_DFF_P_/D
      310 |       1 |      24 |      335 |     11 |   113 |    +1.0% |  -30.058 |    -2941.9 |    160 | sa32_sr\[1\]$_DFF_P_/D
      311 |       1 |      24 |      335 |     11 |   113 |    +1.0% |  -30.058 |    -2941.9 |    160 | sa32_sr\[1\]$_DFF_P_/D
      320 |       1 |      24 |      342 |     11 |   118 |    +1.0% |  -30.058 |    -2892.6 |    160 | sa32_sr\[1\]$_DFF_P_/D
      326 |       1 |      24 |      344 |     11 |   119 |    +1.0% |  -30.058 |    -2890.4 |    160 | sa32_sr\[1\]$_DFF_P_/D
      330 |       1 |      24 |      344 |     11 |   122 |    +1.0% |  -30.058 |    -2893.3 |    160 | sa32_sr\[1\]$_DFF_P_/D
      331 |       1 |      24 |      344 |     11 |   119 |    +1.0% |  -30.058 |    -2890.4 |    160 | sa32_sr\[1\]$_DFF_P_/D
      339 |       1 |      24 |      346 |     11 |   122 |    +1.0% |  -30.058 |    -2882.5 |    160 | sa32_sr\[1\]$_DFF_P_/D
      340 |       1 |      24 |      346 |     11 |   122 |    +1.0% |  -30.058 |    -2882.5 |    160 | sa32_sr\[1\]$_DFF_P_/D
      350 |       1 |      24 |      360 |     11 |   126 |    +1.0% |  -30.058 |    -2778.6 |    160 | sa32_sr\[1\]$_DFF_P_/D
      360 |       1 |      26 |      366 |     12 |   131 |    +1.0% |  -30.058 |    -2765.3 |    160 | sa32_sr\[1\]$_DFF_P_/D
      369 |       2 |      27 |      372 |     12 |   135 |    +1.0% |  -30.058 |    -2745.8 |    158 | sa32_sr\[1\]$_DFF_P_/D
      370 |       2 |      27 |      372 |     12 |   135 |    +1.0% |  -30.058 |    -2745.8 |    158 | sa32_sr\[1\]$_DFF_P_/D
      373 |       2 |      27 |      372 |     12 |   135 |    +1.0% |  -30.058 |    -2745.8 |    158 | sa32_sr\[1\]$_DFF_P_/D
      377 |       2 |      27 |      372 |     12 |   135 |    +1.0% |  -30.058 |    -2745.8 |    158 | sa32_sr\[1\]$_DFF_P_/D
      380 |       2 |      27 |      374 |     13 |   135 |    +1.1% |  -31.757 |    -2764.4 |    158 | sa31_sr\[0\]$_DFF_P_/D
      390 |       4 |      27 |      384 |     13 |   138 |    +1.1% |  -31.757 |    -2729.6 |    158 | sa31_sr\[0\]$_DFF_P_/D
      400 |       6 |      29 |      386 |     15 |   141 |    +1.1% |  -31.757 |    -2648.5 |    158 | sa31_sr\[0\]$_DFF_P_/D
      406 |       2 |      29 |      380 |     12 |   135 |    +1.0% |  -30.058 |    -2744.9 |    158 | sa32_sr\[1\]$_DFF_P_/D
      410 |       2 |      30 |      380 |     12 |   137 |    +1.0% |  -30.058 |    -2741.1 |    158 | sa32_sr\[1\]$_DFF_P_/D
      416 |       2 |      32 |      380 |     12 |   141 |    +1.0% |  -30.058 |    -2737.4 |    158 | sa32_sr\[1\]$_DFF_P_/D
      419 |       2 |      32 |      386 |     12 |   142 |    +1.1% |  -30.058 |    -2701.0 |    156 | sa32_sr\[1\]$_DFF_P_/D
      420 |       2 |      32 |      386 |     12 |   142 |    +1.1% |  -30.058 |    -2701.0 |    156 | sa32_sr\[1\]$_DFF_P_/D
      423 |       2 |      32 |      386 |     12 |   143 |    +1.1% |  -30.058 |    -2700.3 |    156 | sa32_sr\[1\]$_DFF_P_/D
      430 |       2 |      33 |      386 |     12 |   148 |    +1.1% |  -30.058 |    -2706.0 |    156 | sa32_sr\[1\]$_DFF_P_/D
      431 |       2 |      32 |      386 |     12 |   143 |    +1.1% |  -30.058 |    -2700.3 |    156 | sa32_sr\[1\]$_DFF_P_/D
      440 |       2 |      32 |      392 |     13 |   147 |    +1.1% |  -30.058 |    -2664.2 |    156 | sa32_sr\[1\]$_DFF_P_/D
      448 |       2 |      32 |      392 |     14 |   150 |    +1.1% |  -30.058 |    -2676.2 |    156 | sa32_sr\[1\]$_DFF_P_/D
      450 |       2 |      32 |      394 |     14 |   150 |    +1.1% |  -30.058 |    -2673.8 |    156 | sa32_sr\[1\]$_DFF_P_/D
      460 |       2 |      34 |      399 |     15 |   155 |    +1.1% |  -31.757 |    -2618.4 |    156 | sa31_sr\[0\]$_DFF_P_/D
      460 |       2 |      33 |      396 |     14 |   150 |    +1.1% |  -30.058 |    -2673.8 |    156 | sa32_sr\[1\]$_DFF_P_/D
      465 |       2 |      34 |      396 |     14 |   151 |    +1.1% |  -30.058 |    -2675.6 |    156 | sa32_sr\[1\]$_DFF_P_/D
      470 |       2 |      34 |      403 |     15 |   151 |    +1.1% |  -31.757 |    -2649.5 |    156 | sa31_sr\[0\]$_DFF_P_/D
      480 |       2 |      36 |      403 |     15 |   159 |    +1.1% |  -31.757 |    -2613.0 |    156 | sa31_sr\[0\]$_DFF_P_/D
      480 |       2 |      35 |      399 |     14 |   151 |    +1.1% |  -30.058 |    -2675.6 |    156 | sa32_sr\[1\]$_DFF_P_/D
      490 |       2 |      37 |      403 |     14 |   156 |    +1.1% |  -30.058 |    -2647.1 |    156 | sa32_sr\[1\]$_DFF_P_/D
      490 |       2 |      37 |      403 |     14 |   154 |    +1.1% |  -30.058 |    -2647.9 |    156 | sa32_sr\[1\]$_DFF_P_/D
      500 |       2 |      39 |      410 |     16 |   156 |    +1.1% |  -30.058 |    -2654.0 |    156 | sa32_sr\[1\]$_DFF_P_/D
      503 |       2 |      37 |      409 |     14 |   155 |    +1.1% |  -30.058 |    -2636.5 |    156 | sa32_sr\[1\]$_DFF_P_/D
      508 |       2 |      38 |      409 |     14 |   158 |    +1.1% |  -30.058 |    -2637.6 |    156 | sa32_sr\[1\]$_DFF_P_/D
      510 |       2 |      38 |      409 |     15 |   158 |    +1.1% |  -31.757 |    -2655.1 |    156 | sa31_sr\[0\]$_DFF_P_/D
      520 |       2 |      40 |      423 |     15 |   162 |    +1.2% |  -31.757 |    -2571.4 |    156 | sa31_sr\[0\]$_DFF_P_/D
      523 |       2 |      39 |      413 |     14 |   158 |    +1.1% |  -30.058 |    -2637.6 |    156 | sa32_sr\[1\]$_DFF_P_/D
      530 |       2 |      40 |      415 |     14 |   162 |    +1.1% |  -30.058 |    -2628.1 |    156 | sa32_sr\[1\]$_DFF_P_/D
      530 |       2 |      40 |      415 |     14 |   158 |    +1.1% |  -30.058 |    -2624.7 |    156 | sa32_sr\[1\]$_DFF_P_/D
      534 |       2 |      40 |      415 |     14 |   158 |    +1.1% |  -30.058 |    -2624.7 |    156 | sa32_sr\[1\]$_DFF_P_/D
      539 |       2 |      40 |      420 |     14 |   160 |    +1.1% |  -30.058 |    -2611.9 |    154 | sa32_sr\[1\]$_DFF_P_/D
      540 |       2 |      40 |      420 |     14 |   160 |    +1.1% |  -30.058 |    -2611.9 |    154 | sa32_sr\[1\]$_DFF_P_/D
      542 |       2 |      40 |      422 |     14 |   161 |    +1.1% |  -30.058 |    -2608.9 |    152 | sa32_sr\[1\]$_DFF_P_/D
      550 |       3 |      40 |      430 |     14 |   163 |    +1.2% |  -30.058 |    -2567.0 |    152 | sa32_sr\[1\]$_DFF_P_/D
      560 |       3 |      41 |      434 |     15 |   169 |    +1.2% |  -30.058 |    -2529.5 |    152 | sa32_sr\[1\]$_DFF_P_/D
      569 |       3 |      42 |      433 |     15 |   163 |    +1.2% |  -30.058 |    -2520.5 |    152 | sa32_sr\[1\]$_DFF_P_/D
      570 |       3 |      42 |      433 |     15 |   163 |    +1.2% |  -30.058 |    -2520.5 |    152 | sa32_sr\[1\]$_DFF_P_/D
      570 |       3 |      42 |      433 |     15 |   163 |    +1.2% |  -30.058 |    -2520.5 |    151 | sa32_sr\[1\]$_DFF_P_/D
      580 |       3 |      43 |      437 |     16 |   169 |    +1.2% |  -30.058 |    -2515.2 |    151 | sa32_sr\[1\]$_DFF_P_/D
      584 |       3 |      46 |      437 |     16 |   170 |    +1.2% |  -30.058 |    -2510.6 |    151 | sa32_sr\[1\]$_DFF_P_/D
      590 |       3 |      46 |      439 |     16 |   174 |    +1.2% |  -30.029 |    -2498.7 |    151 | sa32_sr\[1\]$_DFF_P_/D
      600 |       3 |      47 |      446 |     16 |   180 |    +1.2% |  -29.065 |    -2471.9 |    151 | sa20_sr\[4\]$_DFF_P_/D
      606 |       3 |      47 |      446 |     16 |   178 |    +1.2% |  -29.065 |    -2471.5 |    151 | sa20_sr\[4\]$_DFF_P_/D
      610 |       3 |      47 |      448 |     16 |   180 |    +1.2% |  -29.065 |    -2474.0 |    151 | sa20_sr\[4\]$_DFF_P_/D
      619 |       3 |      48 |      450 |     16 |   186 |    +1.2% |  -29.065 |    -2465.7 |    151 | sa20_sr\[4\]$_DFF_P_/D
      620 |       3 |      48 |      450 |     16 |   186 |    +1.2% |  -29.065 |    -2465.7 |    151 | sa20_sr\[4\]$_DFF_P_/D
      630 |       3 |      49 |      461 |     17 |   189 |    +1.3% |  -29.065 |    -2378.9 |    151 | sa20_sr\[4\]$_DFF_P_/D
      633 |       3 |      49 |      461 |     17 |   187 |    +1.3% |  -29.065 |    -2376.0 |    151 | sa20_sr\[4\]$_DFF_P_/D
      639 |       3 |      49 |      461 |     17 |   187 |    +1.3% |  -29.065 |    -2376.0 |    151 | sa20_sr\[4\]$_DFF_P_/D
      640 |       3 |      49 |      461 |     17 |   187 |    +1.3% |  -29.065 |    -2376.0 |    151 | sa20_sr\[4\]$_DFF_P_/D
      650 |       3 |      53 |      461 |     17 |   193 |    +1.3% |  -29.065 |    -2368.6 |    151 | sa20_sr\[4\]$_DFF_P_/D
      652 |       3 |      53 |      461 |     17 |   194 |    +1.3% |  -29.065 |    -2368.6 |    151 | sa20_sr\[4\]$_DFF_P_/D
      660 |       3 |      54 |      463 |     17 |   199 |    +1.3% |  -29.065 |    -2370.8 |    151 | sa20_sr\[4\]$_DFF_P_/D
      670 |       3 |      54 |      467 |     17 |   207 |    +1.3% |  -29.065 |    -2354.0 |    151 | sa20_sr\[4\]$_DFF_P_/D
      671 |       3 |      54 |      467 |     17 |   202 |    +1.3% |  -29.065 |    -2351.0 |    151 | sa20_sr\[4\]$_DFF_P_/D
      678 |       3 |      55 |      467 |     17 |   205 |    +1.3% |  -29.065 |    -2350.4 |    151 | sa20_sr\[4\]$_DFF_P_/D
      680 |       3 |      55 |      467 |     17 |   206 |    +1.3% |  -29.065 |    -2352.1 |    151 | sa20_sr\[4\]$_DFF_P_/D
      685 |       3 |      55 |      468 |     17 |   205 |    +1.3% |  -29.065 |    -2350.4 |    151 | sa20_sr\[4\]$_DFF_P_/D
      690 |       3 |      56 |      468 |     17 |   208 |    +1.3% |  -29.065 |    -2346.0 |    151 | sa20_sr\[4\]$_DFF_P_/D
      691 |       3 |      56 |      468 |     17 |   207 |    +1.3% |  -29.065 |    -2345.9 |    151 | sa20_sr\[4\]$_DFF_P_/D
      700 |       3 |      60 |      468 |     17 |   211 |    +1.3% |  -29.065 |    -2336.4 |    151 | sa20_sr\[4\]$_DFF_P_/D
      702 |       3 |      60 |      468 |     17 |   210 |    +1.3% |  -29.065 |    -2334.2 |    151 | sa20_sr\[4\]$_DFF_P_/D
      710 |       3 |      61 |      477 |     19 |   211 |    +1.3% |  -29.464 |    -2340.7 |    151 | sa21_sr\[1\]$_DFF_P_/D
      717 |       3 |      60 |      472 |     17 |   210 |    +1.3% |  -29.065 |    -2334.2 |    151 | sa20_sr\[4\]$_DFF_P_/D
      720 |       3 |      61 |      472 |     17 |   211 |    +1.3% |  -29.065 |    -2337.8 |    151 | sa20_sr\[4\]$_DFF_P_/D
      725 |       3 |      60 |      473 |     17 |   210 |    +1.3% |  -29.065 |    -2334.2 |    151 | sa20_sr\[4\]$_DFF_P_/D
      728 |       3 |      60 |      473 |     17 |   212 |    +1.3% |  -29.065 |    -2332.8 |    151 | sa20_sr\[4\]$_DFF_P_/D
      730 |       3 |      60 |      473 |     17 |   213 |    +1.3% |  -29.065 |    -2334.5 |    151 | sa20_sr\[4\]$_DFF_P_/D
      736 |       3 |      62 |      479 |     18 |   213 |    +1.3% |  -29.065 |    -2260.7 |    149 | sa20_sr\[4\]$_DFF_P_/D
      740 |       3 |      62 |      479 |     18 |   216 |    +1.3% |  -29.065 |    -2258.3 |    149 | sa20_sr\[4\]$_DFF_P_/D
      744 |       3 |      62 |      479 |     18 |   215 |    +1.3% |  -29.065 |    -2257.6 |    149 | sa20_sr\[4\]$_DFF_P_/D
      750 |       4 |      63 |      485 |     18 |   216 |    +1.3% |  -29.064 |    -2225.3 |    149 | sa20_sr\[4\]$_DFF_P_/D
      759 |       4 |      65 |      485 |     18 |   220 |    +1.3% |  -28.834 |    -2219.6 |    149 | sa20_sr\[4\]$_DFF_P_/D
      760 |       4 |      65 |      485 |     18 |   220 |    +1.3% |  -28.834 |    -2219.6 |    149 | sa20_sr\[4\]$_DFF_P_/D
      767 |       4 |      66 |      485 |     18 |   221 |    +1.3% |  -28.834 |    -2219.3 |    149 | sa20_sr\[4\]$_DFF_P_/D
      770 |       4 |      66 |      488 |     18 |   222 |    +1.3% |  -28.834 |    -2212.8 |    149 | sa20_sr\[4\]$_DFF_P_/D
      774 |       4 |      66 |      488 |     18 |   221 |    +1.3% |  -28.834 |    -2211.0 |    149 | sa20_sr\[4\]$_DFF_P_/D
      780 |       4 |      66 |      496 |     19 |   222 |    +1.3% |  -28.834 |    -2170.2 |    149 | sa20_sr\[4\]$_DFF_P_/D
      790 |       4 |      69 |      502 |     19 |   226 |    +1.3% |  -28.834 |    -2136.8 |    149 | sa20_sr\[4\]$_DFF_P_/D
      795 |       4 |      70 |      502 |     19 |   230 |    +1.3% |  -28.834 |    -2137.3 |    149 | sa20_sr\[4\]$_DFF_P_/D
      800 |       4 |      70 |      504 |     19 |   233 |    +1.3% |  -28.834 |    -2132.1 |    149 | sa20_sr\[4\]$_DFF_P_/D
      802 |       4 |      70 |      504 |     19 |   231 |    +1.3% |  -28.834 |    -2129.8 |    149 | sa20_sr\[4\]$_DFF_P_/D
      807 |       4 |      70 |      511 |     19 |   233 |    +1.4% |  -28.834 |    -1975.3 |    147 | sa20_sr\[4\]$_DFF_P_/D
      810 |       4 |      71 |      511 |     19 |   234 |    +1.4% |  -28.834 |    -1978.0 |    147 | sa20_sr\[4\]$_DFF_P_/D
      818 |       4 |      74 |      513 |     19 |   238 |    +1.4% |  -28.834 |    -1963.4 |    147 | sa20_sr\[4\]$_DFF_P_/D
      820 |       4 |      74 |      513 |     19 |   239 |    +1.4% |  -28.834 |    -1962.6 |    147 | sa20_sr\[4\]$_DFF_P_/D
      823 |       4 |      74 |      513 |     19 |   240 |    +1.4% |  -28.834 |    -1961.6 |    147 | sa20_sr\[4\]$_DFF_P_/D
      830 |       4 |      74 |      517 |     19 |   244 |    +1.4% |  -27.933 |    -1975.2 |    147 | sa11_sr\[1\]$_DFF_P_/D
      830 |       4 |      74 |      517 |     19 |   241 |    +1.4% |  -27.933 |    -1972.8 |    147 | sa11_sr\[1\]$_DFF_P_/D
      840 |       4 |      78 |      517 |     19 |   246 |    +1.4% |  -27.933 |    -1972.9 |    147 | sa11_sr\[1\]$_DFF_P_/D
      840 |       4 |      77 |      517 |     19 |   243 |    +1.4% |  -27.933 |    -1971.2 |    147 | sa11_sr\[1\]$_DFF_P_/D
      847 |       4 |      77 |      517 |     19 |   243 |    +1.4% |  -27.933 |    -1971.2 |    147 | sa11_sr\[1\]$_DFF_P_/D
      850 |       4 |      77 |      519 |     19 |   244 |    +1.4% |  -27.933 |    -1947.2 |    147 | sa11_sr\[1\]$_DFF_P_/D
      860 |       4 |      77 |      523 |     20 |   251 |    +1.4% |  -27.933 |    -1926.0 |    147 | sa11_sr\[1\]$_DFF_P_/D
      870 |       5 |      78 |      527 |     20 |   257 |    +1.4% |  -27.933 |    -1856.5 |    147 | sa11_sr\[1\]$_DFF_P_/D
      880 |       5 |      80 |      529 |     20 |   264 |    +1.4% |  -27.933 |    -1843.5 |    147 | sa11_sr\[1\]$_DFF_P_/D
      880 |       5 |      79 |      529 |     20 |   258 |    +1.4% |  -27.933 |    -1837.4 |    147 | sa11_sr\[1\]$_DFF_P_/D
      886 |       5 |      79 |      535 |     20 |   260 |    +1.4% |  -27.933 |    -1822.5 |    145 | sa11_sr\[1\]$_DFF_P_/D
      890 |       5 |      79 |      535 |     20 |   263 |    +1.4% |  -27.933 |    -1825.1 |    145 | sa11_sr\[1\]$_DFF_P_/D
      891 |       5 |      79 |      535 |     20 |   260 |    +1.4% |  -27.933 |    -1822.5 |    145 | sa11_sr\[1\]$_DFF_P_/D
      900 |       5 |      80 |      541 |     21 |   264 |    +1.5% |  -27.169 |    -1786.5 |    145 | sa02_sr\[3\]$_DFF_P_/D
      907 |       5 |      82 |      543 |     21 |   268 |    +1.5% |  -27.169 |    -1747.7 |    145 | sa02_sr\[3\]$_DFF_P_/D
      910 |       5 |      82 |      545 |     21 |   269 |    +1.5% |  -27.169 |    -1725.6 |    145 | sa02_sr\[3\]$_DFF_P_/D
      913 |       5 |      83 |      545 |     21 |   271 |    +1.5% |  -27.169 |    -1724.6 |    145 | sa02_sr\[3\]$_DFF_P_/D
      920 |       5 |      83 |      549 |     22 |   274 |    +1.5% |  -26.491 |    -1687.3 |    145 | sa32_sr\[1\]$_DFF_P_/D
      930 |       6 |      85 |      553 |     23 |   278 |    +1.5% |  -26.491 |    -1686.2 |    145 | sa32_sr\[1\]$_DFF_P_/D
      932 |       5 |      83 |      552 |     22 |   275 |    +1.5% |  -26.491 |    -1686.4 |    145 | sa32_sr\[1\]$_DFF_P_/D
      938 |       5 |      83 |      552 |     22 |   276 |    +1.5% |  -26.491 |    -1683.8 |    145 | sa32_sr\[1\]$_DFF_P_/D
      940 |       5 |      84 |      552 |     22 |   276 |    +1.5% |  -26.491 |    -1683.5 |    145 | sa32_sr\[1\]$_DFF_P_/D
      946 |       5 |      84 |      554 |     22 |   279 |    +1.5% |  -26.491 |    -1715.9 |    145 | sa32_sr\[1\]$_DFF_P_/D
      950 |       5 |      84 |      560 |     22 |   280 |    +1.5% |  -26.491 |    -1639.4 |    145 | sa32_sr\[1\]$_DFF_P_/D
      958 |       5 |      85 |      568 |     22 |   284 |    +1.5% |  -26.491 |    -1630.7 |    143 | sa32_sr\[1\]$_DFF_P_/D
      960 |       5 |      85 |      568 |     22 |   285 |    +1.5% |  -26.491 |    -1630.6 |    143 | sa32_sr\[1\]$_DFF_P_/D
      963 |       5 |      85 |      570 |     22 |   287 |    +1.5% |  -26.491 |    -1621.8 |    143 | sa32_sr\[1\]$_DFF_P_/D
      964 |       5 |      85 |      570 |     22 |   287 |    +1.5% |  -26.491 |    -1621.8 |    142 | sa32_sr\[1\]$_DFF_P_/D
      970 |       5 |      85 |      570 |     22 |   292 |    +1.5% |  -26.491 |    -1618.7 |    142 | sa32_sr\[1\]$_DFF_P_/D
      971 |       5 |      86 |      570 |     22 |   292 |    +1.5% |  -26.491 |    -1612.6 |    142 | sa32_sr\[1\]$_DFF_P_/D
      972 |       5 |      86 |      570 |     22 |   292 |    +1.5% |  -26.491 |    -1612.6 |    141 | sa32_sr\[1\]$_DFF_P_/D
      973 |       5 |      86 |      570 |     22 |   292 |    +1.5% |  -26.491 |    -1612.6 |    140 | sa32_sr\[1\]$_DFF_P_/D
      976 |       5 |      86 |      572 |     22 |   293 |    +1.6% |  -26.491 |    -1609.0 |    138 | sa32_sr\[1\]$_DFF_P_/D
      980 |       5 |      86 |      572 |     22 |   296 |    +1.6% |  -26.491 |    -1608.9 |    138 | sa32_sr\[1\]$_DFF_P_/D
      980 |       5 |      86 |      572 |     22 |   295 |    +1.6% |  -26.491 |    -1608.8 |    138 | sa32_sr\[1\]$_DFF_P_/D
      988 |       5 |      86 |      574 |     22 |   296 |    +1.6% |  -26.491 |    -1567.8 |    138 | sa32_sr\[1\]$_DFF_P_/D
      990 |       5 |      86 |      574 |     22 |   297 |    +1.6% |  -26.491 |    -1565.2 |    138 | sa32_sr\[1\]$_DFF_P_/D
      999 |       5 |      89 |      574 |     24 |   300 |    +1.6% |  -26.491 |    -1557.7 |    138 | sa32_sr\[1\]$_DFF_P_/D
     1000 |       5 |      89 |      574 |     24 |   300 |    +1.6% |  -26.491 |    -1557.7 |    138 | sa32_sr\[1\]$_DFF_P_/D
     1009 |       5 |      89 |      579 |     24 |   303 |    +1.6% |  -26.491 |    -1545.0 |    138 | sa32_sr\[1\]$_DFF_P_/D
     1010 |       5 |      89 |      579 |     24 |   303 |    +1.6% |  -26.491 |    -1545.0 |    138 | sa32_sr\[1\]$_DFF_P_/D
     1014 |       5 |      91 |      579 |     24 |   303 |    +1.6% |  -26.491 |    -1545.5 |    138 | sa32_sr\[1\]$_DFF_P_/D
     1020 |       5 |      91 |      579 |     24 |   308 |    +1.6% |  -26.491 |    -1548.3 |    138 | sa32_sr\[1\]$_DFF_P_/D
     1020 |       5 |      91 |      579 |     24 |   304 |    +1.6% |  -26.491 |    -1544.0 |    138 | sa32_sr\[1\]$_DFF_P_/D
     1024 |       5 |      91 |      579 |     24 |   305 |    +1.6% |  -26.491 |    -1544.0 |    138 | sa32_sr\[1\]$_DFF_P_/D
     1030 |       5 |      92 |      579 |     24 |   309 |    +1.6% |  -26.491 |    -1545.0 |    138 | sa32_sr\[1\]$_DFF_P_/D
     1031 |       5 |      92 |      579 |     24 |   307 |    +1.6% |  -26.491 |    -1542.1 |    138 | sa32_sr\[1\]$_DFF_P_/D
     1038 |       5 |      92 |      581 |     24 |   307 |    +1.6% |  -26.491 |    -1535.4 |    138 | sa32_sr\[1\]$_DFF_P_/D
     1040 |       5 |      92 |      581 |     24 |   308 |    +1.6% |  -26.491 |    -1533.4 |    138 | sa32_sr\[1\]$_DFF_P_/D
     1046 |       5 |      92 |      581 |     24 |   308 |    +1.6% |  -26.491 |    -1533.4 |    138 | sa32_sr\[1\]$_DFF_P_/D
     1050 |       5 |      93 |      581 |     24 |   310 |    +1.6% |  -26.491 |    -1535.0 |    138 | sa32_sr\[1\]$_DFF_P_/D
     1053 |       5 |      93 |      581 |     24 |   308 |    +1.6% |  -26.491 |    -1533.5 |    138 | sa32_sr\[1\]$_DFF_P_/D
     1060 |       5 |      95 |      585 |     24 |   311 |    +1.6% |  -26.491 |    -1516.0 |    138 | sa32_sr\[1\]$_DFF_P_/D
     1063 |       5 |      94 |      585 |     24 |   309 |    +1.6% |  -26.491 |    -1514.5 |    138 | sa32_sr\[1\]$_DFF_P_/D
     1070 |       5 |      95 |      591 |     24 |   312 |    +1.6% |  -26.491 |    -1399.1 |    138 | sa32_sr\[1\]$_DFF_P_/D
     1080 |       5 |      95 |      598 |     25 |   318 |    +1.6% |  -26.491 |    -1436.0 |    138 | sa32_sr\[1\]$_DFF_P_/D
     1083 |       5 |      95 |      594 |     24 |   312 |    +1.6% |  -26.491 |    -1399.1 |    138 | sa32_sr\[1\]$_DFF_P_/D
     1090 |       5 |      95 |      596 |     24 |   317 |    +1.6% |  -26.491 |    -1402.6 |    138 | sa32_sr\[1\]$_DFF_P_/D
     1092 |       5 |      95 |      596 |     24 |   313 |    +1.6% |  -26.491 |    -1398.5 |    138 | sa32_sr\[1\]$_DFF_P_/D
     1093 |       5 |      95 |      596 |     24 |   313 |    +1.6% |  -26.491 |    -1398.5 |    137 | sa32_sr\[1\]$_DFF_P_/D
     1099 |       5 |      95 |      596 |     24 |   313 |    +1.6% |  -26.491 |    -1398.5 |    137 | sa32_sr\[1\]$_DFF_P_/D
     1100 |       5 |      95 |      596 |     24 |   313 |    +1.6% |  -26.491 |    -1398.5 |    137 | sa32_sr\[1\]$_DFF_P_/D
     1104 |       5 |      95 |      596 |     24 |   314 |    +1.6% |  -26.491 |    -1396.6 |    137 | sa32_sr\[1\]$_DFF_P_/D
     1110 |       5 |      96 |      596 |     24 |   318 |    +1.6% |  -26.491 |    -1394.5 |    137 | sa32_sr\[1\]$_DFF_P_/D
     1110 |       5 |      96 |      596 |     24 |   317 |    +1.6% |  -26.491 |    -1392.9 |    137 | sa32_sr\[1\]$_DFF_P_/D
     1118 |       5 |      96 |      596 |     24 |   317 |    +1.6% |  -26.491 |    -1392.9 |    137 | sa32_sr\[1\]$_DFF_P_/D
     1119 |       5 |      96 |      596 |     24 |   317 |    +1.6% |  -26.491 |    -1392.9 |    136 | sa32_sr\[1\]$_DFF_P_/D
     1120 |       5 |      96 |      596 |     24 |   317 |    +1.6% |  -26.491 |    -1392.9 |    136 | sa32_sr\[1\]$_DFF_P_/D
     1126 |       5 |      96 |      596 |     24 |   322 |    +1.6% |  -26.491 |    -1391.0 |    136 | sa32_sr\[1\]$_DFF_P_/D
     1127 |       5 |      96 |      596 |     24 |   322 |    +1.6% |  -26.491 |    -1391.0 |    135 | sa32_sr\[1\]$_DFF_P_/D
     1130 |       5 |      96 |      596 |     24 |   324 |    +1.6% |  -26.491 |    -1391.4 |    135 | sa32_sr\[1\]$_DFF_P_/D
     1133 |       5 |      96 |      596 |     24 |   323 |    +1.6% |  -26.491 |    -1390.2 |    135 | sa32_sr\[1\]$_DFF_P_/D
     1140 |       5 |      96 |      605 |     24 |   326 |    +1.7% |  -26.491 |    -1367.8 |    134 | sa32_sr\[1\]$_DFF_P_/D
     1140 |       5 |      96 |      605 |     24 |   326 |    +1.7% |  -26.491 |    -1367.8 |    133 | sa32_sr\[1\]$_DFF_P_/D
     1141 |       5 |      96 |      605 |     24 |   326 |    +1.7% |  -26.491 |    -1367.8 |    132 | sa32_sr\[1\]$_DFF_P_/D
     1142 |       5 |      96 |      605 |     24 |   326 |    +1.7% |  -26.491 |    -1367.8 |    131 | sa32_sr\[1\]$_DFF_P_/D
     1143 |       5 |      96 |      605 |     24 |   326 |    +1.7% |  -26.491 |    -1367.8 |    130 | sa32_sr\[1\]$_DFF_P_/D
     1144 |       5 |      96 |      605 |     24 |   326 |    +1.7% |  -26.491 |    -1367.8 |    129 | sa32_sr\[1\]$_DFF_P_/D
     1150 |       5 |      96 |      608 |     24 |   330 |    +1.7% |  -26.491 |    -1370.9 |    129 | sa32_sr\[1\]$_DFF_P_/D
     1151 |       5 |      96 |      608 |     24 |   328 |    +1.7% |  -26.491 |    -1366.6 |    129 | sa32_sr\[1\]$_DFF_P_/D
     1152 |       5 |      96 |      608 |     24 |   328 |    +1.7% |  -26.491 |    -1366.6 |    128 | sa32_sr\[1\]$_DFF_P_/D
     1160 |       5 |      96 |      618 |     24 |   331 |    +1.7% |  -26.491 |    -1314.9 |    128 | sa32_sr\[1\]$_DFF_P_/D
     1169 |       5 |      96 |      618 |     24 |   330 |    +1.7% |  -26.491 |    -1311.6 |    128 | sa32_sr\[1\]$_DFF_P_/D
     1170 |       5 |      96 |      618 |     24 |   330 |    +1.7% |  -26.491 |    -1311.6 |    128 | sa32_sr\[1\]$_DFF_P_/D
     1175 |       5 |      97 |      620 |     25 |   332 |    +1.7% |  -26.491 |    -1301.3 |    126 | sa32_sr\[1\]$_DFF_P_/D
     1180 |       5 |      98 |      622 |     25 |   334 |    +1.7% |  -26.491 |    -1292.2 |    126 | sa32_sr\[1\]$_DFF_P_/D
     1186 |       5 |      98 |      624 |     25 |   337 |    +1.7% |  -26.491 |    -1289.8 |    126 | sa32_sr\[1\]$_DFF_P_/D
     1190 |       5 |      98 |      626 |     25 |   339 |    +1.7% |  -26.491 |    -1287.9 |    126 | sa32_sr\[1\]$_DFF_P_/D
     1200 |       5 |     102 |      628 |     26 |   343 |    +1.7% |  -26.491 |    -1266.8 |    126 | sa32_sr\[1\]$_DFF_P_/D
     1207 |       5 |     103 |      628 |     26 |   349 |    +1.7% |  -26.491 |    -1262.3 |    126 | sa32_sr\[1\]$_DFF_P_/D
     1208 |       5 |     103 |      628 |     26 |   349 |    +1.7% |  -26.491 |    -1262.3 |    125 | sa32_sr\[1\]$_DFF_P_/D
     1210 |       5 |     104 |      628 |     26 |   349 |    +1.7% |  -26.491 |    -1255.5 |    125 | sa32_sr\[1\]$_DFF_P_/D
     1215 |       5 |     105 |      628 |     26 |   351 |    +1.7% |  -26.491 |    -1250.2 |    125 | sa32_sr\[1\]$_DFF_P_/D
     1217 |       5 |     105 |      630 |     26 |   351 |    +1.7% |  -26.491 |    -1241.8 |    123 | sa32_sr\[1\]$_DFF_P_/D
     1218 |       5 |     105 |      630 |     26 |   351 |    +1.7% |  -26.491 |    -1241.8 |    122 | sa32_sr\[1\]$_DFF_P_/D
     1219 |       5 |     105 |      630 |     26 |   351 |    +1.7% |  -26.491 |    -1241.8 |    121 | sa32_sr\[1\]$_DFF_P_/D
     1220 |       5 |     105 |      630 |     26 |   351 |    +1.7% |  -26.491 |    -1241.8 |    121 | sa32_sr\[1\]$_DFF_P_/D
     1220 |       5 |     105 |      630 |     26 |   351 |    +1.7% |  -26.491 |    -1241.8 |    120 | sa32_sr\[1\]$_DFF_P_/D
     1230 |       5 |     107 |      637 |     27 |   354 |    +1.8% |  -26.491 |    -1236.2 |    120 | sa32_sr\[1\]$_DFF_P_/D
     1240 |       5 |     109 |      642 |     27 |   360 |    +1.8% |  -26.491 |    -1248.9 |    120 | sa32_sr\[1\]$_DFF_P_/D
     1241 |       5 |     107 |      639 |     27 |   351 |    +1.8% |  -26.491 |    -1235.1 |    120 | sa32_sr\[1\]$_DFF_P_/D
     1244 |       5 |     107 |      643 |     27 |   351 |    +1.8% |  -26.491 |    -1231.9 |    118 | sa32_sr\[1\]$_DFF_P_/D
     1245 |       5 |     107 |      643 |     27 |   351 |    +1.8% |  -26.491 |    -1231.9 |    117 | sa32_sr\[1\]$_DFF_P_/D
     1246 |       5 |     107 |      643 |     27 |   351 |    +1.8% |  -26.491 |    -1231.9 |    116 | sa32_sr\[1\]$_DFF_P_/D
     1249 |       5 |     107 |      645 |     27 |   352 |    +1.8% |  -26.491 |    -1231.3 |    114 | sa32_sr\[1\]$_DFF_P_/D
     1250 |       5 |     107 |      645 |     27 |   352 |    +1.8% |  -26.491 |    -1231.3 |    114 | sa32_sr\[1\]$_DFF_P_/D
     1250 |       5 |     107 |      645 |     27 |   352 |    +1.8% |  -26.491 |    -1231.3 |    113 | sa32_sr\[1\]$_DFF_P_/D
     1251 |       5 |     107 |      645 |     27 |   352 |    +1.8% |  -26.491 |    -1231.3 |    112 | sa32_sr\[1\]$_DFF_P_/D
     1252 |       5 |     107 |      645 |     27 |   352 |    +1.8% |  -26.491 |    -1231.3 |    111 | sa32_sr\[1\]$_DFF_P_/D
     1255 |       5 |     107 |      649 |     27 |   353 |    +1.8% |  -26.491 |    -1231.4 |    109 | sa32_sr\[1\]$_DFF_P_/D
     1256 |       5 |     107 |      649 |     27 |   353 |    +1.8% |  -26.491 |    -1231.4 |    108 | sa32_sr\[1\]$_DFF_P_/D
     1257 |       5 |     107 |      649 |     27 |   353 |    +1.8% |  -26.491 |    -1231.4 |    107 | sa32_sr\[1\]$_DFF_P_/D
     1258 |       5 |     107 |      649 |     27 |   353 |    +1.8% |  -26.491 |    -1231.4 |    106 | sa32_sr\[1\]$_DFF_P_/D
     1259 |       5 |     107 |      649 |     27 |   353 |    +1.8% |  -26.491 |    -1231.4 |    105 | sa32_sr\[1\]$_DFF_P_/D
     1260 |       5 |     107 |      649 |     27 |   353 |    +1.8% |  -26.491 |    -1231.4 |    105 | sa32_sr\[1\]$_DFF_P_/D
     1267 |       5 |     107 |      653 |     27 |   354 |    +1.8% |  -26.491 |    -1229.5 |    105 | sa32_sr\[1\]$_DFF_P_/D
     1270 |       5 |     107 |      653 |     27 |   356 |    +1.8% |  -26.491 |    -1231.5 |    105 | sa32_sr\[1\]$_DFF_P_/D
     1273 |       5 |     107 |      653 |     27 |   354 |    +1.8% |  -26.491 |    -1229.5 |    105 | sa32_sr\[1\]$_DFF_P_/D
     1280 |       5 |     108 |      653 |     27 |   359 |    +1.8% |  -26.491 |    -1230.4 |    105 | sa32_sr\[1\]$_DFF_P_/D
     1280 |       5 |     108 |      653 |     27 |   355 |    +1.8% |  -26.491 |    -1228.1 |    105 | sa32_sr\[1\]$_DFF_P_/D
     1281 |       5 |     108 |      653 |     27 |   355 |    +1.8% |  -26.491 |    -1228.1 |    104 | sa32_sr\[1\]$_DFF_P_/D
     1282 |       5 |     108 |      653 |     27 |   355 |    +1.8% |  -26.491 |    -1228.1 |    103 | sa32_sr\[1\]$_DFF_P_/D
     1285 |       5 |     108 |      657 |     27 |   356 |    +1.8% |  -26.491 |    -1221.3 |    101 | sa32_sr\[1\]$_DFF_P_/D
     1290 |       5 |     108 |      659 |     27 |   359 |    +1.8% |  -26.491 |    -1269.8 |    101 | sa32_sr\[1\]$_DFF_P_/D
     1297 |       5 |     108 |      658 |     27 |   358 |    +1.8% |  -26.491 |    -1217.9 |    101 | sa32_sr\[1\]$_DFF_P_/D
     1300 |       6 |     108 |      658 |     28 |   358 |    +1.8% |  -26.491 |    -1206.1 |    101 | sa32_sr\[1\]$_DFF_P_/D
     1303 |       6 |     108 |      664 |     28 |   359 |    +1.8% |  -26.491 |    -1134.4 |     99 | sa32_sr\[1\]$_DFF_P_/D
     1306 |       6 |     109 |      664 |     28 |   360 |    +1.8% |  -26.491 |    -1129.6 |     97 | sa32_sr\[1\]$_DFF_P_/D
     1307 |       6 |     109 |      664 |     28 |   360 |    +1.8% |  -26.491 |    -1129.6 |     96 | sa32_sr\[1\]$_DFF_P_/D
     1310 |       6 |     109 |      666 |     28 |   361 |    +1.8% |  -26.491 |    -1122.1 |     96 | sa32_sr\[1\]$_DFF_P_/D
     1320 |       6 |     110 |      677 |     28 |   366 |    +1.9% |  -26.491 |    -1050.5 |     96 | sa32_sr\[1\]$_DFF_P_/D
     1330 |       6 |     112 |      681 |     29 |   372 |    +1.9% |  -26.491 |    -1029.3 |     96 | sa32_sr\[1\]$_DFF_P_/D
     1336 |       6 |     113 |      681 |     29 |   376 |    +1.9% |  -26.491 |    -1025.9 |     96 | sa32_sr\[1\]$_DFF_P_/D
     1340 |       6 |     113 |      681 |     29 |   379 |    +1.9% |  -26.491 |    -1024.1 |     96 | sa32_sr\[1\]$_DFF_P_/D
     1342 |       6 |     113 |      681 |     29 |   379 |    +1.9% |  -26.491 |    -1024.1 |     96 | sa32_sr\[1\]$_DFF_P_/D
     1343 |       6 |     113 |      681 |     29 |   379 |    +1.9% |  -26.491 |    -1024.1 |     95 | sa32_sr\[1\]$_DFF_P_/D
     1344 |       6 |     113 |      681 |     29 |   379 |    +1.9% |  -26.491 |    -1024.1 |     94 | sa32_sr\[1\]$_DFF_P_/D
     1346 |       6 |     113 |      681 |     29 |   380 |    +1.9% |  -26.491 |    -1023.5 |     92 | sa32_sr\[1\]$_DFF_P_/D
     1347 |       6 |     113 |      681 |     29 |   380 |    +1.9% |  -26.491 |    -1023.5 |     91 | sa32_sr\[1\]$_DFF_P_/D
     1350 |       6 |     113 |      681 |     29 |   382 |    +1.9% |  -26.491 |    -1026.6 |     91 | sa32_sr\[1\]$_DFF_P_/D
     1351 |       6 |     113 |      684 |     29 |   382 |    +1.9% |  -26.491 |    -1022.7 |     89 | sa32_sr\[1\]$_DFF_P_/D
     1352 |       6 |     113 |      684 |     29 |   382 |    +1.9% |  -26.491 |    -1022.7 |     88 | sa32_sr\[1\]$_DFF_P_/D
     1353 |       6 |     113 |      684 |     29 |   382 |    +1.9% |  -26.491 |    -1022.7 |     87 | sa32_sr\[1\]$_DFF_P_/D
     1354 |       6 |     113 |      684 |     29 |   382 |    +1.9% |  -26.491 |    -1022.7 |     86 | sa32_sr\[1\]$_DFF_P_/D
     1355 |       6 |     113 |      684 |     29 |   382 |    +1.9% |  -26.491 |    -1022.7 |     85 | sa32_sr\[1\]$_DFF_P_/D
     1360 |       6 |     113 |      684 |     29 |   386 |    +1.9% |  -26.491 |    -1021.3 |     85 | sa32_sr\[1\]$_DFF_P_/D
     1361 |       6 |     113 |      684 |     29 |   386 |    +1.9% |  -26.491 |    -1021.3 |     85 | sa32_sr\[1\]$_DFF_P_/D
     1362 |       6 |     113 |      684 |     29 |   386 |    +1.9% |  -26.491 |    -1021.3 |     84 | sa32_sr\[1\]$_DFF_P_/D
     1363 |       6 |     113 |      684 |     29 |   386 |    +1.9% |  -26.491 |    -1021.3 |     83 | sa32_sr\[1\]$_DFF_P_/D
     1370 |       6 |     116 |      686 |     30 |   387 |    +1.9% |  -26.491 |     -996.8 |     83 | sa32_sr\[1\]$_DFF_P_/D
     1375 |       6 |     117 |      686 |     30 |   391 |    +1.9% |  -26.491 |     -995.8 |     81 | sa32_sr\[1\]$_DFF_P_/D
     1379 |       6 |     117 |      690 |     30 |   393 |    +1.9% |  -26.491 |     -982.2 |     79 | sa32_sr\[1\]$_DFF_P_/D
     1380 |       6 |     117 |      690 |     30 |   393 |    +1.9% |  -26.491 |     -982.2 |     79 | sa32_sr\[1\]$_DFF_P_/D
     1384 |       6 |     118 |      690 |     30 |   396 |    +1.9% |  -26.491 |     -980.4 |     77 | sa32_sr\[1\]$_DFF_P_/D
     1385 |       6 |     118 |      690 |     30 |   396 |    +1.9% |  -26.491 |     -980.4 |     76 | sa32_sr\[1\]$_DFF_P_/D
     1390 |       6 |     118 |      690 |     30 |   400 |    +1.9% |  -26.491 |     -978.8 |     76 | sa32_sr\[1\]$_DFF_P_/D
     1390 |       6 |     118 |      690 |     30 |   397 |    +1.9% |  -26.491 |     -978.9 |     76 | sa32_sr\[1\]$_DFF_P_/D
     1396 |       6 |     118 |      690 |     30 |   400 |    +1.9% |  -26.491 |     -975.6 |     76 | sa32_sr\[1\]$_DFF_P_/D
     1397 |       6 |     118 |      690 |     30 |   400 |    +1.9% |  -26.491 |     -975.6 |     75 | sa32_sr\[1\]$_DFF_P_/D
    1398* |       6 |     118 |      690 |     30 |   400 |    +1.9% |  -26.491 |     -975.6 |     98 | sa32_sr\[1\]$_DFF_P_/D
    1399* |       6 |     118 |      690 |     30 |   400 |    +1.9% |  -26.491 |     -975.6 |     98 | sa32_sr\[1\]$_DFF_P_/D
    1400* |       6 |     118 |      690 |     30 |   400 |    +1.9% |  -26.491 |     -975.6 |     98 | sa32_sr\[1\]$_DFF_P_/D
    1401* |       6 |     118 |      690 |     30 |   400 |    +1.9% |  -26.491 |     -975.6 |     98 | sa32_sr\[1\]$_DFF_P_/D
    1402* |       6 |     118 |      690 |     30 |   400 |    +1.9% |  -26.491 |     -975.6 |     98 | sa32_sr\[1\]$_DFF_P_/D
    1403* |       6 |     118 |      690 |     30 |   400 |    +1.9% |  -26.491 |     -975.6 |     98 | sa32_sr\[1\]$_DFF_P_/D
    1404* |       6 |     118 |      690 |     30 |   400 |    +1.9% |  -26.491 |     -975.6 |     98 | sa32_sr\[1\]$_DFF_P_/D
    1405* |       6 |     118 |      690 |     30 |   400 |    +1.9% |  -26.491 |     -975.6 |     98 | sa32_sr\[1\]$_DFF_P_/D
    1406* |       6 |     118 |      690 |     30 |   400 |    +1.9% |  -26.491 |     -975.6 |     98 | sa32_sr\[1\]$_DFF_P_/D
    1407* |       6 |     118 |      690 |     30 |   400 |    +1.9% |  -26.491 |     -975.6 |     98 | sa32_sr\[1\]$_DFF_P_/D
    1408* |       6 |     118 |      690 |     30 |   400 |    +1.9% |  -26.491 |     -975.6 |     98 | sa32_sr\[1\]$_DFF_P_/D
    1409* |       6 |     118 |      690 |     30 |   400 |    +1.9% |  -26.491 |     -975.6 |     98 | sa32_sr\[1\]$_DFF_P_/D
    1410* |       6 |     118 |      690 |     30 |   400 |    +1.9% |  -26.491 |     -975.6 |     98 | sa32_sr\[1\]$_DFF_P_/D
    1410* |       6 |     118 |      690 |     30 |   400 |    +1.9% |  -26.491 |     -975.6 |     98 | sa32_sr\[1\]$_DFF_P_/D
    1411* |       6 |     118 |      690 |     30 |   400 |    +1.9% |  -26.491 |     -975.6 |     98 | sa32_sr\[1\]$_DFF_P_/D
    1412* |       6 |     118 |      690 |     30 |   400 |    +1.9% |  -26.491 |     -975.6 |     98 | sa32_sr\[1\]$_DFF_P_/D
    1413* |       6 |     118 |      690 |     30 |   400 |    +1.9% |  -26.491 |     -975.6 |     98 | sa32_sr\[1\]$_DFF_P_/D
    1415* |       6 |     119 |      690 |     30 |   400 |    +1.9% |  -26.491 |     -970.5 |     98 | sa32_sr\[1\]$_DFF_P_/D
    1416* |       6 |     119 |      690 |     30 |   400 |    +1.9% |  -26.491 |     -970.5 |     98 | sa32_sr\[1\]$_DFF_P_/D
    1417* |       6 |     119 |      690 |     30 |   400 |    +1.9% |  -26.491 |     -970.5 |     98 | sa32_sr\[1\]$_DFF_P_/D
    1418* |       6 |     119 |      690 |     30 |   400 |    +1.9% |  -26.491 |     -970.5 |     98 | sa32_sr\[1\]$_DFF_P_/D
    1420* |       6 |     120 |      690 |     30 |   400 |    +1.9% |  -26.491 |     -969.8 |     98 | sa32_sr\[1\]$_DFF_P_/D
    1420* |       6 |     120 |      690 |     30 |   400 |    +1.9% |  -26.491 |     -969.8 |     98 | sa32_sr\[1\]$_DFF_P_/D
    1421* |       6 |     120 |      690 |     30 |   400 |    +1.9% |  -26.491 |     -969.8 |     98 | sa32_sr\[1\]$_DFF_P_/D
    1422* |       6 |     120 |      690 |     30 |   400 |    +1.9% |  -26.491 |     -969.8 |     98 | sa32_sr\[1\]$_DFF_P_/D
    1423* |       6 |     120 |      690 |     30 |   400 |    +1.9% |  -26.491 |     -969.8 |     98 | sa32_sr\[1\]$_DFF_P_/D
    1424* |       6 |     120 |      690 |     30 |   400 |    +1.9% |  -26.491 |     -969.8 |     98 | sa32_sr\[1\]$_DFF_P_/D
    1428* |       6 |     123 |      690 |     30 |   400 |    +1.9% |  -26.491 |     -960.7 |     98 | sa32_sr\[1\]$_DFF_P_/D
    1429* |       6 |     123 |      690 |     30 |   400 |    +1.9% |  -26.491 |     -960.7 |     98 | sa32_sr\[1\]$_DFF_P_/D
    1430* |       6 |     123 |      690 |     30 |   400 |    +1.9% |  -26.491 |     -960.7 |     98 | sa32_sr\[1\]$_DFF_P_/D
    1430* |       6 |     123 |      690 |     30 |   400 |    +1.9% |  -26.491 |     -960.7 |     98 | sa32_sr\[1\]$_DFF_P_/D
    1431* |       6 |     123 |      690 |     30 |   400 |    +1.9% |  -26.491 |     -960.7 |     98 | sa32_sr\[1\]$_DFF_P_/D
    1432* |       6 |     123 |      690 |     30 |   400 |    +1.9% |  -26.491 |     -960.7 |     98 | sa32_sr\[1\]$_DFF_P_/D
    1433* |       6 |     123 |      690 |     30 |   400 |    +1.9% |  -26.491 |     -960.7 |     98 | sa32_sr\[1\]$_DFF_P_/D
    1437* |       6 |     126 |      690 |     30 |   400 |    +1.9% |  -26.491 |     -957.3 |     98 | sa32_sr\[1\]$_DFF_P_/D
    1438* |       6 |     126 |      690 |     30 |   400 |    +1.9% |  -26.491 |     -957.3 |     98 | sa32_sr\[1\]$_DFF_P_/D
    1439* |       6 |     126 |      690 |     30 |   400 |    +1.9% |  -26.491 |     -957.3 |     98 | sa32_sr\[1\]$_DFF_P_/D
    1440* |       6 |     126 |      690 |     30 |   400 |    +1.9% |  -26.491 |     -957.3 |     98 | sa32_sr\[1\]$_DFF_P_/D
    1440* |       6 |     126 |      690 |     30 |   400 |    +1.9% |  -26.491 |     -957.3 |     98 | sa32_sr\[1\]$_DFF_P_/D
    1441* |       6 |     126 |      690 |     30 |   400 |    +1.9% |  -26.491 |     -957.3 |     98 | sa32_sr\[1\]$_DFF_P_/D
    1442* |       6 |     126 |      690 |     30 |   400 |    +1.9% |  -26.491 |     -957.3 |     98 | sa32_sr\[1\]$_DFF_P_/D
    1443* |       6 |     126 |      690 |     30 |   400 |    +1.9% |  -26.491 |     -957.3 |     98 | sa32_sr\[1\]$_DFF_P_/D
    1444* |       6 |     126 |      690 |     30 |   400 |    +1.9% |  -26.491 |     -957.3 |     98 | sa32_sr\[1\]$_DFF_P_/D
    1445* |       6 |     126 |      690 |     30 |   400 |    +1.9% |  -26.491 |     -957.3 |     98 | sa32_sr\[1\]$_DFF_P_/D
    1446* |       6 |     126 |      690 |     30 |   400 |    +1.9% |  -26.491 |     -957.3 |     98 | sa32_sr\[1\]$_DFF_P_/D
    1448* |       6 |     127 |      690 |     30 |   400 |    +1.9% |  -26.491 |     -956.2 |     98 | sa32_sr\[1\]$_DFF_P_/D
    1449* |       6 |     127 |      690 |     30 |   400 |    +1.9% |  -26.491 |     -956.2 |     98 | sa32_sr\[1\]$_DFF_P_/D
    1450* |       6 |     127 |      690 |     30 |   400 |    +1.9% |  -26.491 |     -956.2 |     98 | sa32_sr\[1\]$_DFF_P_/D
    1451* |       6 |     128 |      690 |     30 |   400 |    +2.0% |  -26.491 |     -953.4 |     98 | sa32_sr\[1\]$_DFF_P_/D
    1452* |       6 |     128 |      690 |     30 |   400 |    +2.0% |  -26.491 |     -953.4 |     98 | sa32_sr\[1\]$_DFF_P_/D
    1453* |       6 |     128 |      690 |     30 |   400 |    +2.0% |  -26.491 |     -953.4 |     98 | sa32_sr\[1\]$_DFF_P_/D
    1454* |       6 |     128 |      690 |     30 |   400 |    +2.0% |  -26.491 |     -953.4 |     98 | sa32_sr\[1\]$_DFF_P_/D
    1456* |       6 |     129 |      690 |     30 |   400 |    +2.0% |  -26.491 |     -952.7 |     98 | sa32_sr\[1\]$_DFF_P_/D
    1457* |       6 |     129 |      690 |     30 |   400 |    +2.0% |  -26.491 |     -952.7 |     98 | sa32_sr\[1\]$_DFF_P_/D
    1458* |       6 |     129 |      690 |     30 |   400 |    +2.0% |  -26.491 |     -952.7 |     98 | sa32_sr\[1\]$_DFF_P_/D
    1459* |       6 |     129 |      690 |     30 |   400 |    +2.0% |  -26.491 |     -952.7 |     98 | sa32_sr\[1\]$_DFF_P_/D
    1460* |       6 |     129 |      690 |     30 |   400 |    +2.0% |  -26.491 |     -952.7 |     98 | sa32_sr\[1\]$_DFF_P_/D
    1460* |       6 |     129 |      690 |     30 |   400 |    +2.0% |  -26.491 |     -952.7 |     98 | sa32_sr\[1\]$_DFF_P_/D
    1461* |       6 |     129 |      690 |     30 |   400 |    +2.0% |  -26.491 |     -952.7 |     98 | sa32_sr\[1\]$_DFF_P_/D
    1462* |       6 |     129 |      690 |     30 |   400 |    +2.0% |  -26.491 |     -952.7 |     98 | sa32_sr\[1\]$_DFF_P_/D
    1463* |       6 |     129 |      690 |     30 |   400 |    +2.0% |  -26.491 |     -952.7 |     98 | sa32_sr\[1\]$_DFF_P_/D
    1464* |       6 |     129 |      690 |     30 |   400 |    +2.0% |  -26.491 |     -952.7 |     98 | sa32_sr\[1\]$_DFF_P_/D
    1465* |       6 |     129 |      690 |     30 |   400 |    +2.0% |  -26.491 |     -952.7 |     98 | sa32_sr\[1\]$_DFF_P_/D
    1466* |       6 |     129 |      690 |     30 |   400 |    +2.0% |  -26.491 |     -952.7 |     98 | sa32_sr\[1\]$_DFF_P_/D
    1467* |       6 |     129 |      690 |     30 |   400 |    +2.0% |  -26.491 |     -952.7 |     98 | sa32_sr\[1\]$_DFF_P_/D
    1468* |       6 |     129 |      690 |     30 |   400 |    +2.0% |  -26.491 |     -952.7 |     98 | sa32_sr\[1\]$_DFF_P_/D
    1469* |       6 |     129 |      690 |     30 |   400 |    +2.0% |  -26.491 |     -952.7 |     98 | sa32_sr\[1\]$_DFF_P_/D
    1470* |       6 |     129 |      690 |     30 |   400 |    +2.0% |  -26.491 |     -952.7 |     98 | sa32_sr\[1\]$_DFF_P_/D
    1471* |       6 |     130 |      690 |     30 |   400 |    +2.0% |  -26.491 |     -950.4 |     98 | sa32_sr\[1\]$_DFF_P_/D
    1472* |       6 |     130 |      690 |     30 |   400 |    +2.0% |  -26.491 |     -950.4 |     98 | sa32_sr\[1\]$_DFF_P_/D
    1473* |       6 |     130 |      690 |     30 |   400 |    +2.0% |  -26.491 |     -950.4 |     98 | sa32_sr\[1\]$_DFF_P_/D
    1475* |       6 |     131 |      690 |     30 |   400 |    +2.0% |  -26.491 |     -949.1 |     98 | sa32_sr\[1\]$_DFF_P_/D
    1476* |       6 |     131 |      690 |     30 |   400 |    +2.0% |  -26.491 |     -949.1 |     98 | sa32_sr\[1\]$_DFF_P_/D
    1477* |       6 |     131 |      690 |     30 |   400 |    +2.0% |  -26.491 |     -949.1 |     98 | sa32_sr\[1\]$_DFF_P_/D
    1478* |       6 |     131 |      690 |     30 |   400 |    +2.0% |  -26.491 |     -949.1 |     98 | sa32_sr\[1\]$_DFF_P_/D
    1479* |       6 |     131 |      690 |     30 |   400 |    +2.0% |  -26.491 |     -949.1 |     98 | sa32_sr\[1\]$_DFF_P_/D
    1480* |       6 |     131 |      690 |     30 |   400 |    +2.0% |  -26.491 |     -949.1 |     98 | sa32_sr\[1\]$_DFF_P_/D
    1480* |       6 |     131 |      690 |     30 |   400 |    +2.0% |  -26.491 |     -949.1 |     98 | sa32_sr\[1\]$_DFF_P_/D
    1481* |       6 |     131 |      690 |     30 |   400 |    +2.0% |  -26.491 |     -949.1 |     98 | sa32_sr\[1\]$_DFF_P_/D
    1482* |       6 |     131 |      690 |     30 |   400 |    +2.0% |  -26.491 |     -949.1 |     98 | sa32_sr\[1\]$_DFF_P_/D
    1483* |       6 |     131 |      690 |     30 |   400 |    +2.0% |  -26.491 |     -949.1 |     98 | sa32_sr\[1\]$_DFF_P_/D
    1484* |       6 |     131 |      690 |     30 |   400 |    +2.0% |  -26.491 |     -949.1 |     98 | sa32_sr\[1\]$_DFF_P_/D
    1485* |       6 |     131 |      690 |     30 |   400 |    +2.0% |  -26.491 |     -949.1 |     98 | sa32_sr\[1\]$_DFF_P_/D
    1486* |       6 |     131 |      690 |     30 |   400 |    +2.0% |  -26.491 |     -949.1 |     98 | sa32_sr\[1\]$_DFF_P_/D
    1487* |       6 |     131 |      690 |     30 |   400 |    +2.0% |  -26.491 |     -949.1 |     98 | sa32_sr\[1\]$_DFF_P_/D
    1488* |       6 |     131 |      690 |     30 |   400 |    +2.0% |  -26.491 |     -949.1 |     98 | sa32_sr\[1\]$_DFF_P_/D
    1489* |       6 |     131 |      690 |     30 |   400 |    +2.0% |  -26.491 |     -949.1 |     98 | sa32_sr\[1\]$_DFF_P_/D
    1490* |       6 |     131 |      690 |     30 |   400 |    +2.0% |  -26.491 |     -949.1 |     98 | sa32_sr\[1\]$_DFF_P_/D
    1490* |       6 |     131 |      690 |     30 |   400 |    +2.0% |  -26.491 |     -949.1 |     98 | sa32_sr\[1\]$_DFF_P_/D
    1491* |       6 |     131 |      690 |     30 |   400 |    +2.0% |  -26.491 |     -949.1 |     98 | sa32_sr\[1\]$_DFF_P_/D
    1492* |       6 |     131 |      690 |     30 |   400 |    +2.0% |  -26.491 |     -949.1 |     98 | sa32_sr\[1\]$_DFF_P_/D
    1493* |       6 |     131 |      690 |     30 |   400 |    +2.0% |  -26.491 |     -949.1 |     98 | sa32_sr\[1\]$_DFF_P_/D
    1494* |       6 |     131 |      690 |     30 |   400 |    +2.0% |  -26.491 |     -949.1 |     98 | sa32_sr\[1\]$_DFF_P_/D
    1495* |       6 |     131 |      690 |     30 |   400 |    +2.0% |  -26.491 |     -949.1 |     98 | sa32_sr\[1\]$_DFF_P_/D
    1496* |       6 |     131 |      690 |     30 |   400 |    +2.0% |  -26.491 |     -949.1 |     98 | sa32_sr\[1\]$_DFF_P_/D
    1497* |       6 |     131 |      690 |     30 |   400 |    +2.0% |  -26.491 |     -949.1 |     98 | sa32_sr\[1\]$_DFF_P_/D
    1498* |       6 |     131 |      690 |     30 |   400 |    +2.0% |  -26.491 |     -949.1 |     98 | sa32_sr\[1\]$_DFF_P_/D
    1499* |       6 |     131 |      690 |     30 |   400 |    +2.0% |  -26.491 |     -949.1 |     98 | sa32_sr\[1\]$_DFF_P_/D
    1500* |       6 |     131 |      690 |     30 |   400 |    +2.0% |  -26.491 |     -949.1 |     98 | sa32_sr\[1\]$_DFF_P_/D
    final |       6 |     131 |      690 |     30 |   400 |    +2.0% |  -26.491 |     -949.1 |     98 | sa32_sr\[1\]$_DFF_P_/D
--------------------------------------------------------------------------------------------------------------
[INFO RSZ-0059] Removed 6 buffers.
[INFO RSZ-0040] Inserted 400 buffers.
[INFO RSZ-0041] Resized 131 instances.
[INFO RSZ-0043] Swapped pins on 400 instances.
[INFO RSZ-0049] Cloned 30 instances.
[WARNING RSZ-0062] Unable to repair all setup violations.
[INFO RSZ-0033] No hold violations found.
Took 33 seconds: repair_timing -verbose -setup_margin 0 -hold_margin 0 -repair_tns 100
Repair timing output passed equivalence test
Placement Analysis
---------------------------------
total displacement        364.2 u
average displacement        0.0 u
max displacement            2.7 u
original HPWL           64168.7 u
legalized HPWL          64450.8 u
delta HPWL                    0 %

Report metrics stage 4, cts final...

==========================================================================
cts final report_design_area
--------------------------------------------------------------------------
Design area 2020 u^2 47% utilization.
Elapsed time: 1:13.13[h:]min:sec. CPU time: user 159.26 sys 46.93 (281%). Peak memory: 698024KB.
