OpenROAD v2.0-19576-gec1bf1a13 
Features included (+) or not (-): +GPU +GUI +Python : None
This program is licensed under the BSD-3 license. See the LICENSE file for details.
Components of this program may be licensed under more restrictive licenses which must be honored.
[INFO ORD-0030] Using 22 thread(s).
Deleted 0 routing obstructions
[INFO RCX-0431] Defined process_corner X with ext_model_index 0
[INFO RCX-0029] Defined extraction corner X
[INFO RCX-0435] Reading extraction model file /work/practice0/flow/platforms/asap7/rcx_patterns.rules ...
[INFO RCX-0436] RC segment generation aes_cipher_top (max_merge_res 50.0) ...
[INFO RCX-0040] Final 129661 rc segments
[INFO RCX-0439] Coupling Cap extraction aes_cipher_top ...
[INFO RCX-0440] Coupling threshhold is 0.1000 fF, coupling capacitance less than 0.1000 fF will be grounded.
[INFO RCX-0442] 53% of 135446 wires extracted
[INFO RCX-0442] 100% of 135446 wires extracted
[INFO RCX-0045] Extract 17479 nets, 146904 rsegs, 146904 caps, 210873 ccs
[INFO RCX-0443] 17479 nets finished
[INFO PSM-0040] All shapes on net VDD are connected.
[INFO PSM-0073] Using bump pattern with x-pitch 140.0000um, y-pitch 140.0000um, and size 70.0000um with an reduction factor of 3x.
########## IR report #################
Net              : VDD
Corner           : default
Supply voltage   : 7.70e-01 V
Worstcase voltage: 7.50e-01 V
Average voltage  : 7.64e-01 V
Average IR drop  : 6.14e-03 V
Worstcase IR drop: 1.96e-02 V
Percentage drop  : 2.55 %
######################################
[INFO PSM-0040] All shapes on net VSS are connected.
[INFO PSM-0073] Using bump pattern with x-pitch 140.0000um, y-pitch 140.0000um, and size 70.0000um with an reduction factor of 3x.
########## IR report #################
Net              : VSS
Corner           : default
Supply voltage   : 0.00e+00 V
Worstcase voltage: 1.93e-02 V
Average voltage  : 6.16e-03 V
Average IR drop  : 6.16e-03 V
Worstcase IR drop: 1.93e-02 V
Percentage drop  : 2.51 %
######################################
Cell type report:                       Count       Area
  Fill cell                             19119    2205.49
  Tap cell                                725      21.14
  Buffer                                 1139     190.90
  Clock buffer                             42      17.93
  Timing Repair Buffer                    947      78.66
  Inverter                               1216      74.91
  Clock inverter                           30       5.64
  Timing Repair inverter                    6       0.48
  Sequential cell                         562     172.55
  Multi-Input combinational cell        13034    1487.48
  Total                                 36820    4255.19
Report metrics stage 6, finish...

==========================================================================
finish report_design_area
--------------------------------------------------------------------------
Design area 2029 u^2 48% utilization.
[WARNING GUI-0076] QStandardPaths: runtime directory '/mnt/wslg/runtime-dir' is not owned by UID 0, but a directory permissions 0777 owned by UID 1000 GID 1000
[WARNING GUI-0010] File path does not end with a valid extension, new path is: ./reports/asap7/aes/base/final_all.webp.png
[WARNING GUI-0010] File path does not end with a valid extension, new path is: ./reports/asap7/aes/base/final_routing.webp.png
[WARNING GUI-0010] File path does not end with a valid extension, new path is: ./reports/asap7/aes/base/final_placement.webp.png
[WARNING GUI-0010] File path does not end with a valid extension, new path is: ./reports/asap7/aes/base/final_ir_drop.webp.png
[WARNING GUI-0010] File path does not end with a valid extension, new path is: ./reports/asap7/aes/base/final_clocks.webp.png
[WARNING GUI-0010] File path does not end with a valid extension, new path is: ./reports/asap7/aes/base/cts_clk.webp.png
[WARNING GUI-0010] File path does not end with a valid extension, new path is: ./reports/asap7/aes/base/cts_clk_layout.webp.png
[WARNING GUI-0010] File path does not end with a valid extension, new path is: ./reports/asap7/aes/base/final_resizer.webp.png
Elapsed time: 0:32.20[h:]min:sec. CPU time: user 31.63 sys 0.55 (99%). Peak memory: 749756KB.
