OpenROAD v2.0-21691-gfa92de9dc2 
Features included (+) or not (-): +GPU +GUI +Python
This program is licensed under the BSD-3 license. See the LICENSE file for details.
Components of this program may be licensed under more restrictive licenses which must be honored.
[INFO ORD-0030] Using 12 thread(s).
source /home/venkat/cse291/ML-Placement-Initialization/OpenROAD-flow-scripts/flow/platforms/asap7/liberty_suppressions.tcl
suppress_message STA 1212
global_placement -skip_io -density 0.35 -pad_left 0 -pad_right 0
[INFO GPL-0002] DBU: 1000
[INFO GPL-0003] SiteSize: (  0.054  0.270 ) um
[INFO GPL-0004] CoreBBox: (  1.080  1.080 ) ( 15.120 15.120 ) um
[INFO GPL-0006] Number of instances:               419
[INFO GPL-0007] Movable instances:                 315
[INFO GPL-0008] Fixed instances:                   104
[INFO GPL-0009] Dummy instances:                     0
[INFO GPL-0010] Number of nets:                    368
[INFO GPL-0011] Number of pins:                   1117
[INFO GPL-0012] Die BBox:  (  0.000  0.000 ) ( 16.200 16.200 ) um
[INFO GPL-0013] Core BBox: (  1.080  1.080 ) ( 15.120 15.120 ) um
[INFO GPL-0016] Core area:                     197.122 um^2
[INFO GPL-0017] Fixed instances area:            3.033 um^2
[INFO GPL-0018] Movable instances area:         37.718 um^2
[INFO GPL-0019] Utilization:                    19.434 %
[INFO GPL-0020] Standard cells area:            37.718 um^2
[INFO GPL-0021] Large instances area:            0.000 um^2
[INFO GPL-0023] Placement target density:       0.3500
[INFO GPL-0024] Movable insts average area:      0.120 um^2
[INFO GPL-0025] Ideal bin area:                  0.342 um^2
[INFO GPL-0026] Ideal bin count:                   576
[INFO GPL-0027] Total bin area:                197.122 um^2
[INFO GPL-0028] Bin count (X, Y):          16 ,     16
[INFO GPL-0029] Bin size (W * H):       0.877 *  0.877 um
[INFO GPL-0030] Number of bins:                    256
[INFO GPL-0031] HPWL: Half-Perimeter Wirelength
Iteration | Overflow |     HPWL (um) |  HPWL(%) |   Penalty | Group
---------------------------------------------------------------
        1 |   0.9105 |  2.355880e+05 |   +0.00% |  8.61e-12 |      
       10 |   0.9693 |  6.801800e+04 |  -71.13% |  1.34e-11 |      
       20 |   0.9693 |  6.579000e+04 |   -3.28% |  2.17e-11 |      
       30 |   0.9693 |  6.554800e+04 |   -0.37% |  3.54e-11 |      
       40 |   0.9693 |  6.571100e+04 |   +0.25% |  5.77e-11 |      
       50 |   0.9693 |  6.593800e+04 |   +0.35% |  9.40e-11 |      
       60 |   0.9693 |  6.632800e+04 |   +0.59% |  1.53e-10 |      
       70 |   0.9693 |  6.697600e+04 |   +0.98% |  2.49e-10 |      
       80 |   0.9692 |  6.787000e+04 |   +1.33% |  4.06e-10 |      
       90 |   0.9690 |  6.888400e+04 |   +1.49% |  6.62e-10 |      
      100 |   0.9683 |  6.982000e+04 |   +1.36% |  1.08e-09 |      
      110 |   0.9666 |  7.025700e+04 |   +0.63% |  1.76e-09 |      
      120 |   0.9588 |  7.060200e+04 |   +0.49% |  2.86e-09 |      
      130 |   0.9408 |  8.327800e+04 |  +17.95% |  4.66e-09 |      
      140 |   0.9225 |  1.285340e+05 |  +54.34% |  7.59e-09 |      
      150 |   0.9121 |  1.356950e+05 |   +5.57% |  1.24e-08 |      
      160 |   0.8395 |  2.176350e+05 |  +60.39% |  2.01e-08 |      
      170 |   0.8064 |  2.525040e+05 |  +16.02% |  3.28e-08 |      
      180 |   0.7715 |  2.921990e+05 |  +15.72% |  5.34e-08 |      
      190 |   0.7262 |  3.303450e+05 |  +13.05% |  8.70e-08 |      
      200 |   0.6815 |  3.606390e+05 |   +9.17% |  1.42e-07 |      
      210 |   0.6372 |  4.003830e+05 |  +11.02% |  2.31e-07 |      
      220 |   0.5857 |  4.353620e+05 |   +8.74% |  3.76e-07 |      
      230 |   0.5331 |  4.694300e+05 |   +7.83% |  6.13e-07 |      
      240 |   0.4804 |  5.017650e+05 |   +6.89% |  9.98e-07 |      
      250 |   0.4256 |  5.290220e+05 |   +5.43% |  1.63e-06 |      
      260 |   0.3679 |  5.557750e+05 |   +5.06% |  2.65e-06 |      
      270 |   0.3153 |  5.712890e+05 |   +2.79% |  4.06e-06 |      
      280 |   0.2688 |  5.820410e+05 |   +1.88% |  5.98e-06 |      
      290 |   0.2266 |  5.935490e+05 |   +1.98% |  8.81e-06 |      
      300 |   0.1946 |  6.043960e+05 |   +1.83% |  1.30e-05 |      
      310 |   0.1619 |  6.124090e+05 |   +1.33% |  1.91e-05 |      
      320 |   0.1414 |  6.203970e+05 |   +1.30% |  2.82e-05 |      
      330 |   0.1171 |  6.265150e+05 |   +0.99% |  4.15e-05 |      
      340 |   0.0980 |  6.317030e+05 |   +0.83% |  6.11e-05 |      
[INFO GPL-1001] Finished with Overflow: 0.097969
[INFO GPL-1002] Placed Cell Area               37.7185
[INFO GPL-1003] Available Free Area           194.0890
[INFO GPL-1004] Minimum Feasible Density        0.2000 (cell_area / free_area)
[INFO GPL-1006]   Suggested Target Densities:
[INFO GPL-1007]     - For 90% usage of free space: 0.2159
[INFO GPL-1008]     - For 80% usage of free space: 0.2429
Took 67 seconds: global_placement -skip_io -density 0.35 -pad_left 0 -pad_right 0
Elapsed time: 1:11.57[h:]min:sec. CPU time: user 541.40 sys 2.09 (759%). Peak memory: 165320KB.
