OpenROAD v2.0-19576-gec1bf1a13 
Features included (+) or not (-): +GPU +GUI +Python : None
This program is licensed under the BSD-3 license. See the LICENSE file for details.
Components of this program may be licensed under more restrictive licenses which must be honored.
[INFO ORD-0030] Using 22 thread(s).
[INFO DRT-0149] Reading tech and libs.

Units:                1000
Number of layers:     21
Number of macros:     212
Number of vias:       14
Number of viarulegen: 11

[INFO DRT-0150] Reading design.

Design:                   gcd
Die area:                 ( 0 0 ) ( 16200 16200 )
Number of track patterns: 32
Number of DEF vias:       0
Number of components:     532
Number of terminals:      54
Number of snets:          2
Number of nets:           478

[INFO DRT-0167] List of default vias:
  Layer V2
    default via: VIA23
  Layer V3
    default via: VIA34
  Layer V4
    default via: VIA45
  Layer V5
    default via: VIA56
  Layer V6
    default via: VIA67
  Layer V7
    default via: VIA78
  Layer V8
    default via: VIA89
  Layer V9
    default via: VIA9Pad
[INFO DRT-0162] Library cell analysis.
[INFO DRT-0163] Instance analysis.
[INFO DRT-0164] Number of unique instances = 110.
[INFO DRT-0168] Init region query.
[INFO DRT-0024]   Complete Active.
[INFO DRT-0024]   Complete V0.
[INFO DRT-0024]   Complete M1.
[INFO DRT-0024]   Complete V1.
[INFO DRT-0024]   Complete M2.
[INFO DRT-0024]   Complete V2.
[INFO DRT-0024]   Complete M3.
[INFO DRT-0024]   Complete V3.
[INFO DRT-0024]   Complete M4.
[INFO DRT-0024]   Complete V4.
[INFO DRT-0024]   Complete M5.
[INFO DRT-0024]   Complete V5.
[INFO DRT-0024]   Complete M6.
[INFO DRT-0024]   Complete V6.
[INFO DRT-0024]   Complete M7.
[INFO DRT-0024]   Complete V7.
[INFO DRT-0024]   Complete M8.
[INFO DRT-0024]   Complete V8.
[INFO DRT-0024]   Complete M9.
[INFO DRT-0024]   Complete V9.
[INFO DRT-0024]   Complete Pad.
[INFO DRT-0033] Active shape region query size = 0.
[INFO DRT-0033] V0 shape region query size = 0.
[INFO DRT-0033] M1 shape region query size = 7410.
[INFO DRT-0033] V1 shape region query size = 21048.
[INFO DRT-0033] M2 shape region query size = 400.
[INFO DRT-0033] V2 shape region query size = 477.
[INFO DRT-0033] M3 shape region query size = 477.
[INFO DRT-0033] V3 shape region query size = 318.
[INFO DRT-0033] M4 shape region query size = 344.
[INFO DRT-0033] V4 shape region query size = 318.
[INFO DRT-0033] M5 shape region query size = 211.
[INFO DRT-0033] V5 shape region query size = 36.
[INFO DRT-0033] M6 shape region query size = 24.
[INFO DRT-0033] V6 shape region query size = 0.
[INFO DRT-0033] M7 shape region query size = 0.
[INFO DRT-0033] V7 shape region query size = 0.
[INFO DRT-0033] M8 shape region query size = 0.
[INFO DRT-0033] V8 shape region query size = 0.
[INFO DRT-0033] M9 shape region query size = 0.
[INFO DRT-0033] V9 shape region query size = 0.
[INFO DRT-0033] Pad shape region query size = 0.
[INFO DRT-0165] Start pin access.
[INFO DRT-0078]   Complete 594 pins.
[INFO DRT-0079]   Complete 100 unique inst patterns.
[INFO DRT-0081]   Complete 110 unique inst patterns.
[INFO DRT-0084]   Complete 269 groups.
#scanned instances     = 532
#unique  instances     = 110
#stdCellGenAp          = 2795
#stdCellValidPlanarAp  = 48
#stdCellValidViaAp     = 2273
#stdCellPinNoAp        = 0
#stdCellPinCnt         = 1340
#instTermValidViaApCnt = 0
#macroGenAp            = 0
#macroValidPlanarAp    = 0
#macroValidViaAp       = 0
#macroNoAp             = 0
[INFO DRT-0166] Complete pin access.
[INFO DRT-0267] cpu time = 00:00:37, elapsed time = 00:00:02, memory = 220.05 (MB), peak = 220.05 (MB)
global_route -congestion_report_file ./reports/asap7/gcd/base/congestion.rpt -congestion_iterations 30 -congestion_report_iter_step 5 -verbose
[INFO GRT-0020] Min routing layer: M2
[INFO GRT-0021] Max routing layer: M7
[INFO GRT-0022] Global adjustment: 0%
[INFO GRT-0023] Grid origin: (0, 0)
[INFO GRT-0043] No OR_DEFAULT vias defined.
[INFO GRT-0088] Layer M1      Track-Pitch = 0.0360  line-2-Via Pitch: 0.0360
[INFO GRT-0088] Layer M2      Track-Pitch = 0.0390  line-2-Via Pitch: 0.0360
[INFO GRT-0088] Layer M3      Track-Pitch = 0.0360  line-2-Via Pitch: 0.0360
[INFO GRT-0088] Layer M4      Track-Pitch = 0.0480  line-2-Via Pitch: 0.0480
[INFO GRT-0088] Layer M5      Track-Pitch = 0.0480  line-2-Via Pitch: 0.0480
[INFO GRT-0088] Layer M6      Track-Pitch = 0.0640  line-2-Via Pitch: 0.0640
[INFO GRT-0088] Layer M7      Track-Pitch = 0.0640  line-2-Via Pitch: 0.0640
[INFO GRT-0003] Macros: 0
[INFO GRT-0043] No OR_DEFAULT vias defined.
[INFO GRT-0004] Blockages: 105
[INFO GRT-0019] Found 6 clock nets.
[INFO GRT-0001] Minimum degree: 2
[INFO GRT-0002] Maximum degree: 11

[INFO GRT-0053] Routing resources analysis:
          Routing      Original      Derated      Resource
Layer     Direction    Resources     Resources    Reduction (%)
---------------------------------------------------------------
M1         Vertical            0             0          0.00%
M2         Horizontal      11700          4442          62.03%
M3         Vertical        13500          5853          56.64%
M4         Horizontal       9900          4272          56.85%
M5         Vertical         9900          4113          58.45%
M6         Horizontal       7200          3165          56.04%
M7         Vertical         7200          3480          51.67%
---------------------------------------------------------------

[INFO GRT-0197] Via related to pin nodes: 2574
[INFO GRT-0198] Via related Steiner nodes: 61
[INFO GRT-0199] Via filling finished.
[INFO GRT-0111] Final number of vias: 3363
[INFO GRT-0112] Final usage 3D: 12274

[INFO GRT-0096] Final congestion report:
Layer         Resource        Demand        Usage (%)    Max H / Max V / Total Overflow
---------------------------------------------------------------------------------------
M1                   0             0            0.00%             0 /  0 /  0
M2                4442           845           19.02%             0 /  0 /  0
M3                5853          1032           17.63%             0 /  0 /  0
M4                4272           227            5.31%             0 /  0 /  0
M5                4113            67            1.63%             0 /  0 /  0
M6                3165             0            0.00%             0 /  0 /  0
M7                3480            14            0.40%             0 /  0 /  0
---------------------------------------------------------------------------------------
Total            25325          2185            8.63%             0 /  0 /  0

[INFO GRT-0018] Total wirelength: 1787 um
[INFO GRT-0014] Routed nets: 478
Perform buffer insertion and gate resizing...
repair_design -verbose
[INFO RSZ-0058] Using max wire length 162um.
Iteration |   Area    | Resized | Buffers | Nets repaired | Remaining
---------------------------------------------------------------------
        0 |     +0.0% |       0 |       0 |             0 |       481
       10 |     +0.0% |       0 |       0 |             0 |       471
       20 |     +0.0% |       0 |       0 |             0 |       461
       30 |     +0.0% |       0 |       0 |             0 |       451
       40 |     +0.0% |       0 |       0 |             0 |       441
       50 |     +0.0% |       0 |       0 |             0 |       431
       60 |     +0.0% |       0 |       0 |             0 |       421
       70 |     +0.0% |       0 |       0 |             0 |       411
       80 |     +0.0% |       0 |       0 |             0 |       401
       90 |     +0.0% |       0 |       0 |             0 |       391
      100 |     +0.0% |       0 |       0 |             0 |       381
      110 |     +0.0% |       0 |       0 |             0 |       371
      120 |     +0.0% |       0 |       0 |             0 |       361
      130 |     +0.0% |       0 |       0 |             0 |       351
      140 |     +0.0% |       0 |       0 |             0 |       341
      150 |     +0.0% |       0 |       0 |             0 |       331
      160 |     +0.0% |       0 |       0 |             0 |       321
      170 |     +0.0% |       0 |       0 |             0 |       311
      180 |     +0.0% |       0 |       0 |             0 |       301
      190 |     +0.0% |       0 |       0 |             0 |       291
      200 |     +0.0% |       0 |       0 |             0 |       281
      210 |     +0.0% |       0 |       0 |             0 |       271
      220 |     +0.0% |       0 |       0 |             0 |       261
      230 |     +0.0% |       0 |       0 |             0 |       251
      240 |     +0.0% |       0 |       0 |             0 |       241
      250 |     +0.0% |       0 |       0 |             0 |       231
      260 |     +0.0% |       0 |       0 |             0 |       221
      270 |     +0.0% |       0 |       0 |             0 |       211
      280 |     +0.0% |       0 |       0 |             0 |       201
      290 |     +0.0% |       0 |       0 |             0 |       191
      300 |     +0.0% |       0 |       0 |             0 |       181
      310 |     +0.0% |       0 |       0 |             0 |       171
      320 |     +0.0% |       0 |       0 |             0 |       161
      330 |     +0.0% |       0 |       0 |             0 |       151
      340 |     +0.0% |       0 |       0 |             0 |       141
      350 |     +0.0% |       0 |       0 |             0 |       131
      360 |     +0.0% |       0 |       0 |             0 |       121
      370 |     +0.0% |       0 |       0 |             0 |       111
      380 |     +0.0% |       0 |       0 |             0 |       101
      390 |     +0.0% |       0 |       0 |             0 |        91
      400 |     +0.0% |       0 |       0 |             0 |        81
      410 |     +0.0% |       0 |       0 |             0 |        71
      420 |     +0.0% |       0 |       0 |             0 |        61
      430 |     +0.0% |       0 |       0 |             0 |        51
      440 |     +0.0% |       0 |       0 |             0 |        41
      450 |     +0.0% |       0 |       0 |             0 |        31
      460 |     +0.0% |       0 |       0 |             0 |        21
      470 |     +0.0% |       0 |       0 |             0 |        11
      480 |     +0.0% |       0 |       0 |             0 |         1
    final |     +0.0% |       0 |       0 |             0 |         0
---------------------------------------------------------------------
global_route -start_incremental
detailed_placement
Placement Analysis
---------------------------------
total displacement          0.0 u
average displacement        0.0 u
max displacement            0.0 u
original HPWL            1004.6 u
legalized HPWL           1004.6 u
delta HPWL                    0 %

global_route -end_incremental -congestion_report_file ./reports/asap7/gcd/base/congestion_post_repair_design.rpt
Repair setup and hold violations...
repair_timing -verbose -setup_margin 0 -hold_margin 0 -repair_tns 100 -skip_last_gasp
[INFO RSZ-0094] Found 29 endpoints with setup violations.
[INFO RSZ-0099] Repairing 29 out of 29 (100.00%) violating endpoints...
   Iter   | Removed | Resized | Inserted | Cloned |  Pin  |   Area   |    WNS   |   TNS      |  Viol  | Worst
          | Buffers |  Gates  | Buffers  |  Gates | Swaps |          |          |            | Endpts | Endpt
--------------------------------------------------------------------------------------------------------------
        0 |       0 |       0 |        0 |      0 |     0 |    +0.0% |  -63.700 |     -496.2 |     29 | resp_msg[13]
       10 |       0 |       0 |        4 |      0 |     7 |    +0.3% |  -61.906 |     -506.4 |     29 | resp_msg[13]
       12 |       0 |       0 |        4 |      0 |     6 |    +0.3% |  -60.421 |     -500.5 |     29 | resp_msg[13]
       15 |       0 |       0 |        4 |      0 |     6 |    +0.3% |  -60.421 |     -500.5 |     29 | resp_msg[13]
       20 |       0 |       1 |        6 |      0 |     8 |    +0.5% |  -60.421 |     -491.5 |     29 | resp_msg[13]
       24 |       0 |       0 |        6 |      0 |     6 |    +0.3% |  -60.421 |     -501.7 |     29 | resp_msg[13]
       27 |       0 |       0 |        6 |      0 |     6 |    +0.3% |  -60.421 |     -501.7 |     29 | resp_msg[13]
       30 |       0 |       1 |        6 |      0 |     7 |    +0.4% |  -60.421 |     -548.6 |     29 | resp_msg[13]
       37 |       0 |       1 |        9 |      0 |     7 |    +0.4% |  -60.421 |     -540.2 |     29 | resp_msg[13]
       40 |       0 |       1 |        9 |      0 |     9 |    +0.4% |  -60.421 |     -538.7 |     29 | resp_msg[13]
       41 |       0 |       1 |        9 |      0 |     8 |    +0.4% |  -60.421 |     -540.2 |     29 | resp_msg[13]
       49 |       0 |       1 |       11 |      0 |    11 |    +0.6% |  -60.421 |     -540.0 |     29 | resp_msg[13]
       50 |       0 |       1 |       11 |      0 |    11 |    +0.6% |  -60.421 |     -540.0 |     29 | resp_msg[13]
       54 |       0 |       1 |       11 |      0 |    11 |    +0.6% |  -60.421 |     -540.0 |     29 | resp_msg[13]
       58 |       0 |       1 |       11 |      0 |    11 |    +0.6% |  -60.421 |     -540.0 |     29 | resp_msg[13]
       60 |       0 |       1 |       11 |      0 |    12 |    +0.6% |  -60.421 |     -540.6 |     29 | resp_msg[13]
       62 |       0 |       3 |       11 |      0 |    12 |    +0.6% |  -60.421 |     -537.4 |     29 | resp_msg[13]
       65 |       0 |       3 |       11 |      0 |    12 |    +0.6% |  -60.421 |     -537.4 |     29 | resp_msg[13]
       70 |       0 |       3 |       16 |      1 |    13 |    +1.4% |  -60.329 |     -539.7 |     29 | resp_msg[13]
       73 |       0 |       3 |       18 |      2 |    14 |    +1.7% |  -60.329 |     -590.4 |     27 | resp_msg[13]
       80 |       0 |       6 |       22 |      3 |    14 |    +2.4% |  -60.329 |     -530.3 |     27 | resp_msg[13]
       84 |       0 |       4 |       21 |      3 |    14 |    +1.8% |  -60.329 |     -647.0 |     27 | resp_msg[13]
       90 |       0 |       7 |       23 |      4 |    14 |    +2.6% |  -60.329 |     -523.2 |     27 | resp_msg[13]
       97 |       0 |       9 |       27 |      4 |    15 |    +3.1% |  -60.329 |     -495.6 |     27 | resp_msg[13]
      100 |       0 |      10 |       30 |      4 |    15 |    +3.7% |  -60.329 |     -502.4 |     27 | resp_msg[13]
      103 |       1 |      11 |       30 |      4 |    16 |    +3.7% |  -60.329 |     -489.9 |     27 | resp_msg[13]
      104 |       1 |      11 |       30 |      4 |    16 |    +3.7% |  -60.329 |     -489.9 |     26 | resp_msg[13]
      106 |       1 |      11 |       30 |      4 |    16 |    +3.7% |  -60.329 |     -489.9 |     26 | resp_msg[13]
      108 |       1 |      11 |       30 |      4 |    16 |    +3.7% |  -60.329 |     -489.9 |     26 | resp_msg[13]
      110 |       1 |      11 |       30 |      4 |    17 |    +3.7% |  -60.329 |     -491.4 |     26 | resp_msg[13]
      110 |       1 |      11 |       30 |      4 |    16 |    +3.7% |  -60.329 |     -489.9 |     26 | resp_msg[13]
      112 |       1 |      11 |       30 |      4 |    16 |    +3.7% |  -60.329 |     -489.9 |     26 | resp_msg[13]
      115 |       1 |      11 |       30 |      4 |    16 |    +3.7% |  -60.329 |     -489.9 |     26 | resp_msg[13]
      120 |       1 |      14 |       30 |      5 |    16 |    +4.1% |  -60.329 |     -506.5 |     25 | resp_msg[13]
      120 |       1 |      14 |       30 |      5 |    16 |    +4.1% |  -60.329 |     -506.5 |     24 | resp_msg[13]
      121 |       1 |      14 |       30 |      5 |    16 |    +4.1% |  -60.329 |     -506.5 |     23 | resp_msg[13]
      123 |       1 |      15 |       30 |      5 |    16 |    +4.3% |  -60.329 |     -519.1 |     21 | resp_msg[13]
      124 |       1 |      15 |       30 |      5 |    16 |    +4.3% |  -60.329 |     -519.1 |     20 | resp_msg[13]
      125 |       1 |      15 |       30 |      5 |    16 |    +4.3% |  -60.329 |     -519.1 |     19 | resp_msg[13]
      128 |       1 |      17 |       30 |      5 |    16 |    +4.7% |  -60.329 |     -526.0 |     17 | resp_msg[13]
      130 |       1 |      18 |       30 |      5 |    16 |    +4.8% |  -60.329 |     -527.7 |     17 | resp_msg[13]
      131 |       1 |      18 |       30 |      5 |    16 |    +4.8% |  -60.329 |     -527.7 |     17 | resp_msg[13]
      134 |       1 |      19 |       30 |      5 |    17 |    +4.9% |  -60.329 |     -529.4 |     17 | resp_msg[13]
    final |       1 |      19 |       30 |      5 |    17 |    +4.9% |  -60.329 |     -529.4 |     17 | resp_msg[13]
--------------------------------------------------------------------------------------------------------------
[INFO RSZ-0059] Removed 1 buffers.
[INFO RSZ-0040] Inserted 12 buffers.
[INFO RSZ-0041] Resized 19 instances.
[INFO RSZ-0043] Swapped pins on 17 instances.
[INFO RSZ-0049] Cloned 5 instances.
[WARNING RSZ-0062] Unable to repair all setup violations.
[INFO RSZ-0033] No hold violations found.
global_route -start_incremental
detailed_placement
Placement Analysis
---------------------------------
total displacement          8.3 u
average displacement        0.0 u
max displacement            0.9 u
original HPWL            1087.0 u
legalized HPWL           1093.3 u
delta HPWL                    1 %

global_route -end_incremental -congestion_report_file ./reports/asap7/gcd/base/congestion_post_repair_timing.rpt
global_route -start_incremental
global_route -end_incremental -congestion_report_file ./reports/asap7/gcd/base/congestion_post_recover_power.rpt
Repair antennas...
[WARNING GRT-0246] No diode with LEF class CORE ANTENNACELL found.
[INFO ANT-0002] Found 0 net violations.
[INFO ANT-0001] Found 0 pin violations.
Estimate parasitics...
Report metrics stage 5, global route...

==========================================================================
global route report_design_area
--------------------------------------------------------------------------
Design area 51 u^2 26% utilization.
[INFO FLW-0007] clock core_clock period 310.000000
[INFO FLW-0008] Clock core_clock period 353.432
[INFO FLW-0009] Clock core_clock slack -62.034
[INFO FLW-0011] Path endpoint path count 56
Elapsed time: 0:05.28[h:]min:sec. CPU time: user 42.47 sys 2.34 (848%). Peak memory: 568264KB.
