OpenROAD v2.0-19576-gec1bf1a13 
Features included (+) or not (-): +GPU +GUI +Python : None
This program is licensed under the BSD-3 license. See the LICENSE file for details.
Components of this program may be licensed under more restrictive licenses which must be honored.
[INFO ORD-0030] Using 22 thread(s).
detailed_route -output_drc ./reports/asap7/gcd/base/5_route_drc.rpt -output_maze ./results/asap7/gcd/base/maze.log -bottom_routing_layer M2 -top_routing_layer M7 -droute_end_iter 64 -verbose 1 -drc_report_iter_step 5
[INFO DRT-0149] Reading tech and libs.

Units:                1000
Number of layers:     21
Number of macros:     212
Number of vias:       14
Number of viarulegen: 11

[INFO DRT-0150] Reading design.

Design:                   gcd
Die area:                 ( 0 0 ) ( 16200 16200 )
Number of track patterns: 32
Number of DEF vias:       0
Number of components:     548
Number of terminals:      54
Number of snets:          2
Number of nets:           494

[INFO DRT-0167] List of default vias:
  Layer V2
    default via: VIA23
  Layer V3
    default via: VIA34
  Layer V4
    default via: VIA45
  Layer V5
    default via: VIA56
  Layer V6
    default via: VIA67
  Layer V7
    default via: VIA78
  Layer V8
    default via: VIA89
  Layer V9
    default via: VIA9Pad
[INFO DRT-0162] Library cell analysis.
[INFO DRT-0163] Instance analysis.
[INFO DRT-0164] Number of unique instances = 117.
[INFO DRT-0168] Init region query.
[INFO DRT-0024]   Complete Active.
[INFO DRT-0024]   Complete V0.
[INFO DRT-0024]   Complete M1.
[INFO DRT-0024]   Complete V1.
[INFO DRT-0024]   Complete M2.
[INFO DRT-0024]   Complete V2.
[INFO DRT-0024]   Complete M3.
[INFO DRT-0024]   Complete V3.
[INFO DRT-0024]   Complete M4.
[INFO DRT-0024]   Complete V4.
[INFO DRT-0024]   Complete M5.
[INFO DRT-0024]   Complete V5.
[INFO DRT-0024]   Complete M6.
[INFO DRT-0024]   Complete V6.
[INFO DRT-0024]   Complete M7.
[INFO DRT-0024]   Complete V7.
[INFO DRT-0024]   Complete M8.
[INFO DRT-0024]   Complete V8.
[INFO DRT-0024]   Complete M9.
[INFO DRT-0024]   Complete V9.
[INFO DRT-0024]   Complete Pad.
[INFO DRT-0033] Active shape region query size = 0.
[INFO DRT-0033] V0 shape region query size = 0.
[INFO DRT-0033] M1 shape region query size = 7649.
[INFO DRT-0033] V1 shape region query size = 21048.
[INFO DRT-0033] M2 shape region query size = 400.
[INFO DRT-0033] V2 shape region query size = 477.
[INFO DRT-0033] M3 shape region query size = 477.
[INFO DRT-0033] V3 shape region query size = 318.
[INFO DRT-0033] M4 shape region query size = 344.
[INFO DRT-0033] V4 shape region query size = 318.
[INFO DRT-0033] M5 shape region query size = 211.
[INFO DRT-0033] V5 shape region query size = 36.
[INFO DRT-0033] M6 shape region query size = 24.
[INFO DRT-0033] V6 shape region query size = 0.
[INFO DRT-0033] M7 shape region query size = 0.
[INFO DRT-0033] V7 shape region query size = 0.
[INFO DRT-0033] M8 shape region query size = 0.
[INFO DRT-0033] V8 shape region query size = 0.
[INFO DRT-0033] M9 shape region query size = 0.
[INFO DRT-0033] V9 shape region query size = 0.
[INFO DRT-0033] Pad shape region query size = 0.
[INFO DRT-0165] Start pin access.
[INFO DRT-0078]   Complete 625 pins.
[INFO DRT-0079]   Complete 100 unique inst patterns.
[INFO DRT-0081]   Complete 117 unique inst patterns.
[INFO DRT-0084]   Complete 275 groups.
#scanned instances     = 548
#unique  instances     = 117
#stdCellGenAp          = 3092
#stdCellValidPlanarAp  = 48
#stdCellValidViaAp     = 2518
#stdCellPinNoAp        = 0
#stdCellPinCnt         = 1374
#instTermValidViaApCnt = 0
#macroGenAp            = 0
#macroValidPlanarAp    = 0
#macroValidViaAp       = 0
#macroNoAp             = 0
[INFO DRT-0166] Complete pin access.
[INFO DRT-0267] cpu time = 00:00:37, elapsed time = 00:00:02, memory = 287.95 (MB), peak = 287.95 (MB)

[INFO DRT-0157] Number of guides:     3672

[INFO DRT-0169] Post process guides.
[INFO DRT-0176] GCELLGRID X 0 DO 30 STEP 540 ;
[INFO DRT-0177] GCELLGRID Y 0 DO 30 STEP 540 ;
[INFO DRT-0028]   Complete Active.
[INFO DRT-0028]   Complete V0.
[INFO DRT-0028]   Complete M1.
[INFO DRT-0028]   Complete V1.
[INFO DRT-0028]   Complete M2.
[INFO DRT-0028]   Complete V2.
[INFO DRT-0028]   Complete M3.
[INFO DRT-0028]   Complete V3.
[INFO DRT-0028]   Complete M4.
[INFO DRT-0028]   Complete V4.
[INFO DRT-0028]   Complete M5.
[INFO DRT-0028]   Complete V5.
[INFO DRT-0028]   Complete M6.
[INFO DRT-0028]   Complete V6.
[INFO DRT-0028]   Complete M7.
[INFO DRT-0028]   Complete V7.
[INFO DRT-0028]   Complete M8.
[INFO DRT-0028]   Complete V8.
[INFO DRT-0028]   Complete M9.
[INFO DRT-0028]   Complete V9.
[INFO DRT-0028]   Complete Pad.
[INFO DRT-0178] Init guide query.
[INFO DRT-0035]   Complete Active (guide).
[INFO DRT-0035]   Complete V0 (guide).
[INFO DRT-0035]   Complete M1 (guide).
[INFO DRT-0035]   Complete V1 (guide).
[INFO DRT-0035]   Complete M2 (guide).
[INFO DRT-0035]   Complete V2 (guide).
[INFO DRT-0035]   Complete M3 (guide).
[INFO DRT-0035]   Complete V3 (guide).
[INFO DRT-0035]   Complete M4 (guide).
[INFO DRT-0035]   Complete V4 (guide).
[INFO DRT-0035]   Complete M5 (guide).
[INFO DRT-0035]   Complete V5 (guide).
[INFO DRT-0035]   Complete M6 (guide).
[INFO DRT-0035]   Complete V6 (guide).
[INFO DRT-0035]   Complete M7 (guide).
[INFO DRT-0035]   Complete V7 (guide).
[INFO DRT-0035]   Complete M8 (guide).
[INFO DRT-0035]   Complete V8 (guide).
[INFO DRT-0035]   Complete M9 (guide).
[INFO DRT-0035]   Complete V9 (guide).
[INFO DRT-0035]   Complete Pad (guide).
[INFO DRT-0036] Active guide region query size = 0.
[INFO DRT-0036] V0 guide region query size = 0.
[INFO DRT-0036] M1 guide region query size = 1243.
[INFO DRT-0036] V1 guide region query size = 0.
[INFO DRT-0036] M2 guide region query size = 1113.
[INFO DRT-0036] V2 guide region query size = 0.
[INFO DRT-0036] M3 guide region query size = 606.
[INFO DRT-0036] V3 guide region query size = 0.
[INFO DRT-0036] M4 guide region query size = 121.
[INFO DRT-0036] V4 guide region query size = 0.
[INFO DRT-0036] M5 guide region query size = 43.
[INFO DRT-0036] V5 guide region query size = 0.
[INFO DRT-0036] M6 guide region query size = 5.
[INFO DRT-0036] V6 guide region query size = 0.
[INFO DRT-0036] M7 guide region query size = 2.
[INFO DRT-0036] V7 guide region query size = 0.
[INFO DRT-0036] M8 guide region query size = 0.
[INFO DRT-0036] V8 guide region query size = 0.
[INFO DRT-0036] M9 guide region query size = 0.
[INFO DRT-0036] V9 guide region query size = 0.
[INFO DRT-0036] Pad guide region query size = 0.
[INFO DRT-0179] Init gr pin query.
[INFO DRT-0267] cpu time = 00:00:01, elapsed time = 00:00:00, memory = 288.63 (MB), peak = 288.63 (MB)
[INFO DRT-0245] skipped writing guide updates to database.
[INFO DRT-0185] Post process initialize RPin region query.
[INFO DRT-0181] Start track assignment.
[INFO DRT-0184] Done with 1894 vertical wires in 1 frboxes and 1239 horizontal wires in 1 frboxes.
[INFO DRT-0186] Done with 148 vertical wires in 1 frboxes and 270 horizontal wires in 1 frboxes.
[INFO DRT-0182] Complete track assignment.
[INFO DRT-0267] cpu time = 00:00:02, elapsed time = 00:00:00, memory = 297.47 (MB), peak = 297.47 (MB)
[INFO DRT-0187] Start routing data preparation.
[INFO DRT-0267] cpu time = 00:00:00, elapsed time = 00:00:00, memory = 297.47 (MB), peak = 297.47 (MB)
[INFO DRT-0194] Start detail routing.
[INFO DRT-0195] Start 0th optimization iteration.
    Completing 10% with 0 violations.
    elapsed time = 00:00:00, memory = 297.47 (MB).
    Completing 20% with 0 violations.
    elapsed time = 00:00:00, memory = 500.80 (MB).
    Completing 30% with 0 violations.
    elapsed time = 00:00:00, memory = 414.69 (MB).
    Completing 40% with 6 violations.
    elapsed time = 00:00:01, memory = 609.58 (MB).
    Completing 50% with 6 violations.
    elapsed time = 00:00:01, memory = 572.47 (MB).
    Completing 60% with 6 violations.
    elapsed time = 00:00:01, memory = 440.20 (MB).
    Completing 70% with 17 violations.
    elapsed time = 00:00:02, memory = 679.63 (MB).
    Completing 80% with 17 violations.
    elapsed time = 00:00:02, memory = 598.39 (MB).
    Completing 90% with 29 violations.
    elapsed time = 00:00:03, memory = 693.80 (MB).
    Completing 100% with 44 violations.
    elapsed time = 00:00:04, memory = 547.44 (MB).
[INFO DRT-0199]   Number of violations = 49.
Viol/Layer          M2     M3     M4     V4
CutSpcTbl            0      0      0      2
EOL                  4      0      0      0
Metal Spacing        0      6      0      0
Recheck              2      2      1      0
Short                1      0      1      0
eolKeepOut          27      0      3      0
[INFO DRT-0267] cpu time = 00:00:44, elapsed time = 00:00:05, memory = 1071.36 (MB), peak = 1071.36 (MB)
Total wire length = 1277 um.
Total wire length on LAYER M1 = 0 um.
Total wire length on LAYER M2 = 471 um.
Total wire length on LAYER M3 = 596 um.
Total wire length on LAYER M4 = 156 um.
Total wire length on LAYER M5 = 42 um.
Total wire length on LAYER M6 = 3 um.
Total wire length on LAYER M7 = 7 um.
Total wire length on LAYER M8 = 0 um.
Total wire length on LAYER M9 = 0 um.
Total wire length on LAYER Pad = 0 um.
Total number of vias = 3661.
Up-via summary (total 3661):

---------------
 Active       0
     M1    1350
     M2    1958
     M3     270
     M4      73
     M5       6
     M6       4
     M7       0
     M8       0
     M9       0
---------------
       3661


[INFO DRT-0195] Start 1st optimization iteration.
    Completing 10% with 49 violations.
    elapsed time = 00:00:00, memory = 1373.15 (MB).
    Completing 20% with 49 violations.
    elapsed time = 00:00:00, memory = 1361.24 (MB).
    Completing 30% with 49 violations.
    elapsed time = 00:00:00, memory = 1246.39 (MB).
    Completing 40% with 46 violations.
    elapsed time = 00:00:01, memory = 1335.27 (MB).
    Completing 50% with 46 violations.
    elapsed time = 00:00:01, memory = 1363.00 (MB).
    Completing 60% with 46 violations.
    elapsed time = 00:00:02, memory = 1202.54 (MB).
    Completing 70% with 38 violations.
    elapsed time = 00:00:02, memory = 1423.52 (MB).
    Completing 80% with 38 violations.
    elapsed time = 00:00:03, memory = 1333.62 (MB).
    Completing 90% with 9 violations.
    elapsed time = 00:00:04, memory = 1410.39 (MB).
    Completing 100% with 6 violations.
    elapsed time = 00:00:05, memory = 1257.27 (MB).
[INFO DRT-0199]   Number of violations = 6.
Viol/Layer          M2     M3
EOL                  1      0
Metal Spacing        0      1
Short                0      1
eolKeepOut           3      0
[INFO DRT-0267] cpu time = 00:00:39, elapsed time = 00:00:05, memory = 1257.27 (MB), peak = 1562.51 (MB)
Total wire length = 1263 um.
Total wire length on LAYER M1 = 0 um.
Total wire length on LAYER M2 = 465 um.
Total wire length on LAYER M3 = 588 um.
Total wire length on LAYER M4 = 155 um.
Total wire length on LAYER M5 = 42 um.
Total wire length on LAYER M6 = 3 um.
Total wire length on LAYER M7 = 7 um.
Total wire length on LAYER M8 = 0 um.
Total wire length on LAYER M9 = 0 um.
Total wire length on LAYER Pad = 0 um.
Total number of vias = 3482.
Up-via summary (total 3482):

---------------
 Active       0
     M1    1350
     M2    1815
     M3     254
     M4      53
     M5       6
     M6       4
     M7       0
     M8       0
     M9       0
---------------
       3482


[INFO DRT-0195] Start 2nd optimization iteration.
    Completing 10% with 6 violations.
    elapsed time = 00:00:00, memory = 1257.27 (MB).
    Completing 20% with 6 violations.
    elapsed time = 00:00:00, memory = 1257.27 (MB).
    Completing 30% with 6 violations.
    elapsed time = 00:00:00, memory = 1257.27 (MB).
    Completing 40% with 4 violations.
    elapsed time = 00:00:01, memory = 1257.59 (MB).
    Completing 50% with 4 violations.
    elapsed time = 00:00:01, memory = 1257.59 (MB).
    Completing 60% with 4 violations.
    elapsed time = 00:00:02, memory = 1260.82 (MB).
    Completing 70% with 0 violations.
    elapsed time = 00:00:02, memory = 1260.82 (MB).
    Completing 80% with 0 violations.
    elapsed time = 00:00:02, memory = 1260.82 (MB).
    Completing 90% with 0 violations.
    elapsed time = 00:00:02, memory = 1260.82 (MB).
    Completing 100% with 0 violations.
    elapsed time = 00:00:02, memory = 1260.82 (MB).
[INFO DRT-0199]   Number of violations = 0.
[INFO DRT-0267] cpu time = 00:00:35, elapsed time = 00:00:03, memory = 1260.82 (MB), peak = 1562.51 (MB)
Total wire length = 1262 um.
Total wire length on LAYER M1 = 0 um.
Total wire length on LAYER M2 = 461 um.
Total wire length on LAYER M3 = 589 um.
Total wire length on LAYER M4 = 158 um.
Total wire length on LAYER M5 = 42 um.
Total wire length on LAYER M6 = 3 um.
Total wire length on LAYER M7 = 7 um.
Total wire length on LAYER M8 = 0 um.
Total wire length on LAYER M9 = 0 um.
Total wire length on LAYER Pad = 0 um.
Total number of vias = 3473.
Up-via summary (total 3473):

---------------
 Active       0
     M1    1351
     M2    1807
     M3     250
     M4      55
     M5       6
     M6       4
     M7       0
     M8       0
     M9       0
---------------
       3473


[INFO DRT-0198] Complete detail routing.
Total wire length = 1262 um.
Total wire length on LAYER M1 = 0 um.
Total wire length on LAYER M2 = 461 um.
Total wire length on LAYER M3 = 589 um.
Total wire length on LAYER M4 = 158 um.
Total wire length on LAYER M5 = 42 um.
Total wire length on LAYER M6 = 3 um.
Total wire length on LAYER M7 = 7 um.
Total wire length on LAYER M8 = 0 um.
Total wire length on LAYER M9 = 0 um.
Total wire length on LAYER Pad = 0 um.
Total number of vias = 3473.
Up-via summary (total 3473):

---------------
 Active       0
     M1    1351
     M2    1807
     M3     250
     M4      55
     M5       6
     M6       4
     M7       0
     M8       0
     M9       0
---------------
       3473


[INFO DRT-0267] cpu time = 00:02:00, elapsed time = 00:00:14, memory = 1260.82 (MB), peak = 1562.51 (MB)

[INFO DRT-0180] Post processing.
Took 17 seconds: detailed_route -output_drc ./reports/asap7/gcd/base/5_route_drc.rpt -output_maze ./results/asap7/gcd/base/maze.log -bottom_routing_layer M2 -top_routing_layer M7 -droute_end_iter 64 -verbose 1 -drc_report_iter_step 5
[WARNING GRT-0246] No diode with LEF class CORE ANTENNACELL found.
[INFO ANT-0002] Found 0 net violations.
[INFO ANT-0001] Found 0 pin violations.
[INFO ANT-0002] Found 0 net violations.
[INFO ANT-0001] Found 0 pin violations.
Elapsed time: 0:18.72[h:]min:sec. CPU time: user 156.38 sys 10.94 (893%). Peak memory: 1600012KB.
