OpenROAD v2.0-19576-gec1bf1a13 
Features included (+) or not (-): +GPU +GUI +Python : None
This program is licensed under the BSD-3 license. See the LICENSE file for details.
Components of this program may be licensed under more restrictive licenses which must be honored.
[INFO ORD-0030] Using 22 thread(s).
clock_tree_synthesis -sink_clustering_enable -balance_levels
[INFO CTS-0050] Root buffer is CLKBUF_X3.
[INFO CTS-0051] Sink buffer is CLKBUF_X3.
[INFO CTS-0052] The following clock buffers will be used for CTS:
                    CLKBUF_X3
[INFO CTS-0049] Characterization buffer is CLKBUF_X3.
[INFO CTS-0007] Net "clk" found for clock "clk".
[INFO CTS-0010]  Clock net "clk" has 562 sinks.
[INFO CTS-0008] TritonCTS found 1 clock nets.
[INFO CTS-0097] Characterization used 1 buffer(s) types.
[INFO CTS-0200] 0 placement blockages have been identified.
[INFO CTS-0201] 0 placed hard macros will be treated like blockages.
[INFO CTS-0027] Generating H-Tree topology for net clk.
[INFO CTS-0028]  Total number of sinks: 562.
[INFO CTS-0090]  Sinks will be clustered based on buffer max cap.
[INFO CTS-0030]  Number of static layers: 0.
[INFO CTS-0020]  Wire segment unit: 14000  dbu (7 um).
[INFO CTS-0206] Best clustering solution was found from clustering size of 20 and clustering diameter of 50.
[INFO CTS-0019]  Total number of sinks after clustering: 98.
[INFO CTS-0024]  Normalized sink region: [(2.55914, 2.21602), (33.5531, 33.2)].
[INFO CTS-0025]     Width:  30.9940.
[INFO CTS-0026]     Height: 30.9840.
 Level 1
    Direction: Horizontal
    Sinks per sub-region: 49
    Sub-region size: 15.4970 X 30.9840
[INFO CTS-0034]     Segment length (rounded): 8.
 Level 2
    Direction: Vertical
    Sinks per sub-region: 25
    Sub-region size: 15.4970 X 15.4920
[INFO CTS-0034]     Segment length (rounded): 8.
 Level 3
    Direction: Horizontal
    Sinks per sub-region: 13
    Sub-region size: 7.7485 X 15.4920
[INFO CTS-0034]     Segment length (rounded): 4.
[INFO CTS-0032]  Stop criterion found. Max number of sinks is 15.
[INFO CTS-0035]  Number of sinks covered: 98.
[INFO CTS-0018]     Created 107 clock buffers.
[INFO CTS-0012]     Minimum number of buffers in the clock path: 3.
[INFO CTS-0013]     Maximum number of buffers in the clock path: 3.
[INFO CTS-0015]     Created 107 clock nets.
[INFO CTS-0016]     Fanout distribution for the current clock = 2:2, 3:7, 4:9, 5:20, 6:24, 7:31, 8:5, 10:3, 11:1, 12:1, 14:2, 17:1..
[INFO CTS-0017]     Max level of the clock tree: 3.
[INFO CTS-0098] Clock net "clk"
[INFO CTS-0099]  Sinks 654
[INFO CTS-0100]  Leaf buffers 98
[INFO CTS-0101]  Average sink wire length 305.83 um
[INFO CTS-0102]  Path depth 2 - 3
[INFO CTS-0207]  Leaf load cells 92
[INFO RSZ-0058] Using max wire length 640um.
Placement Analysis
---------------------------------
total displacement        319.4 u
average displacement        0.0 u
max displacement            3.8 u
original HPWL          245530.6 u
legalized HPWL         248413.5 u
delta HPWL                    1 %

repair_timing -verbose -setup_margin 0 -hold_margin 0 -repair_tns 100
[INFO RSZ-0094] Found 160 endpoints with setup violations.
[INFO RSZ-0099] Repairing 160 out of 160 (100.00%) violating endpoints...
   Iter   | Removed | Resized | Inserted | Cloned |  Pin  |   Area   |    WNS   |   TNS      |  Viol  | Worst
          | Buffers |  Gates  | Buffers  |  Gates | Swaps |          |          |            | Endpts | Endpt
--------------------------------------------------------------------------------------------------------------
        0 |       0 |       0 |        0 |      0 |     0 |    +0.0% |   -0.170 |      -16.2 |    160 | sa01_sr\[1\]$_DFF_P_/D
       10 |       0 |       2 |       15 |      0 |     2 |    +0.0% |   -0.143 |      -15.5 |    160 | sa11_sr\[1\]$_DFF_P_/D
       20 |       0 |       6 |       20 |      0 |     6 |    +0.1% |   -0.137 |      -15.3 |    160 | sa10_sr\[2\]$_DFF_P_/D
       30 |       0 |       6 |       42 |      0 |     8 |    +0.1% |   -0.131 |      -14.8 |    160 | sa31_sr\[1\]$_DFF_P_/D
       40 |       0 |       7 |       60 |      0 |    11 |    +0.2% |   -0.128 |      -14.4 |    160 | sa33_sr\[3\]$_DFF_P_/D
       50 |       0 |      10 |       75 |      0 |    13 |    +0.2% |   -0.121 |      -13.9 |    160 | sa20_sr\[3\]$_DFF_P_/D
       60 |       1 |      13 |       82 |      0 |    16 |    +0.2% |   -0.119 |      -13.8 |    160 | sa10_sr\[2\]$_DFF_P_/D
       70 |       1 |      16 |       94 |      1 |    17 |    +0.3% |   -0.116 |      -13.6 |    160 | sa10_sr\[2\]$_DFF_P_/D
       80 |       1 |      22 |      107 |      1 |    18 |    +0.3% |   -0.117 |      -13.1 |    160 | sa33_sr\[3\]$_DFF_P_/D
       90 |       1 |      23 |      126 |      1 |    20 |    +0.4% |   -0.111 |      -12.8 |    160 | sa10_sr\[2\]$_DFF_P_/D
      100 |       2 |      28 |      136 |      1 |    21 |    +0.4% |   -0.109 |      -12.6 |    160 | sa03_sr\[0\]$_DFF_P_/D
      110 |       2 |      30 |      143 |      1 |    26 |    +0.5% |   -0.114 |      -12.5 |    160 | sa03_sr\[2\]$_DFF_P_/D
      120 |       2 |      35 |      145 |      1 |    30 |    +0.5% |   -0.107 |      -12.4 |    160 | sa11_sr\[3\]$_DFF_P_/D
      130 |       2 |      41 |      145 |      1 |    34 |    +0.6% |   -0.108 |      -12.3 |    160 | sa20_sr\[3\]$_DFF_P_/D
      140 |       2 |      47 |      153 |      3 |    34 |    +0.7% |   -0.111 |      -12.3 |    160 | sa20_sr\[3\]$_DFF_P_/D
      150 |       3 |      52 |      161 |      3 |    34 |    +0.7% |   -0.104 |      -12.2 |    160 | sa23_sr\[1\]$_DFF_P_/D
      160 |       3 |      54 |      169 |      4 |    38 |    +0.7% |   -0.109 |      -12.0 |    160 | sa20_sr\[3\]$_DFF_P_/D
      170 |       4 |      55 |      175 |      4 |    43 |    +0.7% |   -0.103 |      -12.0 |    160 | sa22_sr\[1\]$_DFF_P_/D
      180 |       4 |      59 |      185 |      4 |    47 |    +0.8% |   -0.102 |      -11.9 |    160 | sa22_sr\[1\]$_DFF_P_/D
      190 |       5 |      63 |      187 |      6 |    49 |    +0.9% |   -0.106 |      -11.9 |    160 | sa11_sr\[7\]$_DFF_P_/D
      197 |       5 |      64 |      191 |      7 |    50 |    +0.9% |   -0.101 |      -11.8 |    160 | sa11_sr\[7\]$_DFF_P_/D
      200 |       6 |      64 |      193 |      7 |    50 |    +0.9% |   -0.101 |      -11.7 |    160 | sa11_sr\[7\]$_DFF_P_/D
      210 |       6 |      70 |      199 |      7 |    52 |    +0.9% |   -0.102 |      -11.7 |    160 | sa32_sr\[3\]$_DFF_P_/D
      220 |       7 |      75 |      201 |      7 |    55 |    +0.9% |   -0.102 |      -11.6 |    160 | sa32_sr\[3\]$_DFF_P_/D
      229 |       6 |      72 |      202 |      7 |    52 |    +0.9% |   -0.101 |      -11.7 |    160 | sa11_sr\[7\]$_DFF_P_/D
      230 |       6 |      72 |      202 |      7 |    52 |    +0.9% |   -0.101 |      -11.7 |    160 | sa11_sr\[7\]$_DFF_P_/D
      231 |       6 |      72 |      202 |      7 |    52 |    +0.9% |   -0.101 |      -11.7 |    160 | sa11_sr\[7\]$_DFF_P_/D
      240 |       6 |      76 |      202 |      7 |    56 |    +0.9% |   -0.101 |      -11.7 |    160 | sa11_sr\[7\]$_DFF_P_/D
      250 |       6 |      84 |      202 |      8 |    57 |    +1.0% |   -0.102 |      -11.6 |    160 | sa32_sr\[3\]$_DFF_P_/D
      251 |       6 |      75 |      202 |      7 |    52 |    +0.9% |   -0.101 |      -11.7 |    160 | sa11_sr\[7\]$_DFF_P_/D
      260 |       6 |      81 |      202 |      7 |    54 |    +1.0% |   -0.102 |      -11.6 |    160 | sa32_sr\[3\]$_DFF_P_/D
      267 |       6 |      76 |      202 |      7 |    52 |    +0.9% |   -0.101 |      -11.7 |    160 | sa11_sr\[7\]$_DFF_P_/D
      270 |       6 |      78 |      202 |      7 |    52 |    +0.9% |   -0.101 |      -11.6 |    160 | sa11_sr\[7\]$_DFF_P_/D
      280 |       6 |      84 |      202 |      8 |    55 |    +1.0% |   -0.102 |      -11.6 |    160 | sa32_sr\[3\]$_DFF_P_/D
      290 |       6 |      91 |      202 |      8 |    58 |    +1.0% |   -0.102 |      -11.6 |    160 | sa32_sr\[3\]$_DFF_P_/D
      300 |       6 |      98 |      202 |      8 |    61 |    +1.1% |   -0.102 |      -11.6 |    160 | sa32_sr\[3\]$_DFF_P_/D
      305 |       6 |      83 |      202 |      7 |    52 |    +0.9% |   -0.101 |      -11.6 |    160 | sa11_sr\[7\]$_DFF_P_/D
      310 |       6 |      85 |      206 |      7 |    53 |    +1.0% |   -0.101 |      -11.6 |    160 | sa11_sr\[7\]$_DFF_P_/D
      320 |       7 |      91 |      206 |      8 |    55 |    +1.0% |   -0.101 |      -11.6 |    160 | sa11_sr\[3\]$_DFF_P_/D
      324 |       6 |      88 |      207 |      7 |    55 |    +1.0% |   -0.101 |      -11.6 |    160 | sa11_sr\[7\]$_DFF_P_/D
      330 |       6 |      92 |      210 |      7 |    55 |    +1.0% |   -0.101 |      -11.5 |    160 | sa11_sr\[7\]$_DFF_P_/D
      340 |       6 |      95 |      217 |      7 |    59 |    +1.0% |   -0.101 |      -11.5 |    160 | sa11_sr\[7\]$_DFF_P_/D
      348 |       6 |      95 |      222 |      7 |    59 |    +1.0% |   -0.101 |      -11.5 |    160 | sa11_sr\[7\]$_DFF_P_/D
      350 |       6 |      96 |      222 |      7 |    59 |    +1.0% |   -0.101 |      -11.5 |    160 | sa11_sr\[7\]$_DFF_P_/D
      360 |       6 |     101 |      222 |      7 |    64 |    +1.1% |   -0.101 |      -11.5 |    160 | sa11_sr\[7\]$_DFF_P_/D
      369 |       6 |     105 |      222 |      8 |    64 |    +1.1% |   -0.101 |      -11.5 |    160 | sa11_sr\[7\]$_DFF_P_/D
      370 |       6 |     105 |      222 |      8 |    64 |    +1.1% |   -0.101 |      -11.5 |    160 | sa11_sr\[7\]$_DFF_P_/D
      376 |       6 |     107 |      224 |      8 |    67 |    +1.1% |   -0.101 |      -11.4 |    160 | sa11_sr\[7\]$_DFF_P_/D
      380 |       6 |     110 |      224 |      8 |    67 |    +1.1% |   -0.109 |      -11.4 |    160 | sa03_sr\[2\]$_DFF_P_/D
      390 |       6 |     116 |      228 |      9 |    68 |    +1.1% |   -0.101 |      -11.3 |    160 | sa11_sr\[7\]$_DFF_P_/D
      400 |       6 |     121 |      228 |     10 |    72 |    +1.2% |   -0.101 |      -11.2 |    160 | sa11_sr\[7\]$_DFF_P_/D
      405 |       6 |     122 |      228 |     10 |    72 |    +1.2% |   -0.101 |      -11.2 |    160 | sa11_sr\[7\]$_DFF_P_/D
      410 |       6 |     124 |      230 |     11 |    72 |    +1.2% |   -0.101 |      -11.2 |    160 | sa11_sr\[7\]$_DFF_P_/D
      420 |       7 |     125 |      239 |     11 |    76 |    +1.3% |   -0.101 |      -11.2 |    160 | sa11_sr\[7\]$_DFF_P_/D
      430 |       7 |     129 |      241 |     11 |    81 |    +1.3% |   -0.101 |      -11.1 |    160 | sa11_sr\[7\]$_DFF_P_/D
      438 |       7 |     130 |      241 |     11 |    80 |    +1.3% |   -0.101 |      -11.1 |    160 | sa11_sr\[7\]$_DFF_P_/D
      440 |       7 |     130 |      241 |     11 |    81 |    +1.3% |   -0.101 |      -11.1 |    160 | sa11_sr\[7\]$_DFF_P_/D
      450 |       7 |     133 |      249 |     11 |    85 |    +1.3% |   -0.101 |      -11.0 |    160 | sa11_sr\[7\]$_DFF_P_/D
      460 |       7 |     141 |      251 |     11 |    86 |    +1.4% |   -0.102 |      -10.9 |    160 | sa11_sr\[3\]$_DFF_P_/D
      470 |       8 |     146 |      257 |     11 |    88 |    +1.4% |   -0.102 |      -11.0 |    160 | sa11_sr\[3\]$_DFF_P_/D
      480 |       8 |     155 |      257 |     12 |    88 |    +1.5% |   -0.108 |      -11.0 |    160 | sa11_sr\[3\]$_DFF_P_/D
      490 |       8 |     160 |      257 |     15 |    90 |    +1.7% |   -0.110 |      -11.0 |    160 | sa11_sr\[3\]$_DFF_P_/D
      496 |       7 |     146 |      253 |     11 |    86 |    +1.4% |   -0.101 |      -10.9 |    160 | sa11_sr\[7\]$_DFF_P_/D
      500 |       7 |     146 |      257 |     12 |    86 |    +1.4% |   -0.101 |      -10.9 |    160 | sa11_sr\[7\]$_DFF_P_/D
      510 |       7 |     151 |      263 |     12 |    88 |    +1.4% |   -0.101 |      -10.8 |    160 | sa11_sr\[7\]$_DFF_P_/D
      520 |       7 |     158 |      263 |     12 |    91 |    +1.5% |   -0.101 |      -10.8 |    160 | sa11_sr\[7\]$_DFF_P_/D
      530 |       7 |     164 |      265 |     12 |    94 |    +1.5% |   -0.101 |      -10.7 |    160 | sa11_sr\[7\]$_DFF_P_/D
      537 |       7 |     164 |      265 |     12 |    93 |    +1.5% |   -0.101 |      -10.7 |    160 | sa11_sr\[7\]$_DFF_P_/D
      540 |       7 |     166 |      265 |     12 |    93 |    +1.5% |   -0.101 |      -10.7 |    160 | sa11_sr\[7\]$_DFF_P_/D
      550 |       7 |     172 |      267 |     12 |    96 |    +1.6% |   -0.101 |      -10.6 |    160 | sa11_sr\[7\]$_DFF_P_/D
      551 |       7 |     171 |      267 |     12 |    95 |    +1.5% |   -0.101 |      -10.6 |    160 | sa11_sr\[7\]$_DFF_P_/D
      560 |       7 |     172 |      278 |     12 |    98 |    +1.6% |   -0.102 |      -10.5 |    160 | sa13_sr\[3\]$_DFF_P_/D
      570 |       7 |     174 |      287 |     12 |   102 |    +1.6% |   -0.102 |      -10.5 |    160 | sa13_sr\[3\]$_DFF_P_/D
      579 |       7 |     172 |      282 |     12 |    97 |    +1.6% |   -0.101 |      -10.5 |    160 | sa11_sr\[7\]$_DFF_P_/D
      580 |       7 |     172 |      282 |     12 |    97 |    +1.6% |   -0.101 |      -10.5 |    160 | sa11_sr\[7\]$_DFF_P_/D
      582 |       7 |     172 |      282 |     12 |    97 |    +1.6% |   -0.101 |      -10.5 |    160 | sa11_sr\[7\]$_DFF_P_/D
      590 |       7 |     174 |      282 |     12 |   102 |    +1.6% |   -0.101 |      -10.6 |    160 | sa11_sr\[7\]$_DFF_P_/D
      600 |       7 |     181 |      285 |     12 |   104 |    +1.6% |   -0.101 |      -10.5 |    160 | sa11_sr\[7\]$_DFF_P_/D
      602 |       7 |     176 |      283 |     12 |    98 |    +1.6% |   -0.101 |      -10.5 |    160 | sa11_sr\[7\]$_DFF_P_/D
      607 |       7 |     176 |      283 |     12 |   100 |    +1.6% |   -0.101 |      -10.5 |    160 | sa11_sr\[7\]$_DFF_P_/D
      610 |       7 |     177 |      283 |     12 |   101 |    +1.6% |   -0.101 |      -10.5 |    160 | sa11_sr\[7\]$_DFF_P_/D
      620 |       7 |     179 |      291 |     12 |   105 |    +1.6% |   -0.101 |      -10.5 |    160 | sa11_sr\[7\]$_DFF_P_/D
      630 |       7 |     184 |      293 |     12 |   109 |    +1.6% |   -0.101 |      -10.5 |    160 | sa11_sr\[7\]$_DFF_P_/D
      638 |       7 |     183 |      294 |     12 |   107 |    +1.6% |   -0.101 |      -10.5 |    160 | sa11_sr\[7\]$_DFF_P_/D
      640 |       7 |     184 |      294 |     12 |   107 |    +1.6% |   -0.101 |      -10.4 |    160 | sa11_sr\[7\]$_DFF_P_/D
      650 |       7 |     192 |      294 |     13 |   108 |    +1.7% |   -0.106 |      -10.4 |    160 | sa11_sr\[7\]$_DFF_P_/D
      660 |       7 |     194 |      297 |     15 |   113 |    +1.8% |   -0.106 |      -10.4 |    160 | sa11_sr\[7\]$_DFF_P_/D
      660 |       7 |     184 |      295 |     12 |   107 |    +1.6% |   -0.101 |      -10.4 |    160 | sa11_sr\[7\]$_DFF_P_/D
      667 |       7 |     187 |      297 |     13 |   108 |    +1.7% |   -0.101 |      -10.4 |    160 | sa11_sr\[7\]$_DFF_P_/D
      670 |       7 |     189 |      297 |     13 |   108 |    +1.7% |   -0.101 |      -10.4 |    160 | sa11_sr\[7\]$_DFF_P_/D
      680 |       7 |     196 |      297 |     14 |   110 |    +1.7% |   -0.101 |      -10.3 |    160 | sa11_sr\[7\]$_DFF_P_/D
      690 |       7 |     204 |      297 |     15 |   111 |    +1.8% |   -0.101 |      -10.2 |    160 | sa11_sr\[7\]$_DFF_P_/D
      697 |       7 |     206 |      297 |     15 |   115 |    +1.8% |   -0.101 |      -10.2 |    160 | sa11_sr\[7\]$_DFF_P_/D
      700 |       7 |     208 |      297 |     15 |   115 |    +1.8% |   -0.101 |      -10.1 |    160 | sa11_sr\[7\]$_DFF_P_/D
      710 |       7 |     216 |      299 |     16 |   115 |    +1.9% |   -0.101 |      -10.0 |    160 | sa11_sr\[7\]$_DFF_P_/D
      720 |       7 |     223 |      299 |     17 |   117 |    +1.9% |   -0.101 |       -9.9 |    160 | sa11_sr\[7\]$_DFF_P_/D
      730 |       8 |     230 |      299 |     17 |   119 |    +1.9% |   -0.101 |       -9.8 |    160 | sa11_sr\[7\]$_DFF_P_/D
      740 |       8 |     237 |      299 |     19 |   120 |    +2.1% |   -0.102 |      -10.0 |    160 | sa11_sr\[3\]$_DFF_P_/D
      750 |       9 |     240 |      299 |     22 |   123 |    +2.2% |   -0.103 |       -9.9 |    160 | sa11_sr\[3\]$_DFF_P_/D
      756 |       8 |     231 |      299 |     17 |   118 |    +1.9% |   -0.101 |       -9.8 |    160 | sa11_sr\[7\]$_DFF_P_/D
      760 |       8 |     234 |      299 |     17 |   118 |    +1.9% |   -0.101 |       -9.8 |    160 | sa11_sr\[7\]$_DFF_P_/D
      769 |       8 |     238 |      299 |     19 |   118 |    +2.0% |   -0.101 |       -9.8 |    160 | sa11_sr\[7\]$_DFF_P_/D
      770 |       8 |     238 |      299 |     19 |   118 |    +2.0% |   -0.101 |       -9.8 |    160 | sa11_sr\[7\]$_DFF_P_/D
      780 |       8 |     242 |      304 |     20 |   121 |    +2.0% |   -0.101 |       -9.8 |    160 | sa11_sr\[7\]$_DFF_P_/D
      790 |       8 |     248 |      306 |     22 |   122 |    +2.1% |   -0.101 |       -9.7 |    160 | sa11_sr\[7\]$_DFF_P_/D
      793 |       8 |     249 |      306 |     22 |   124 |    +2.1% |   -0.101 |       -9.7 |    160 | sa11_sr\[7\]$_DFF_P_/D
      800 |       8 |     250 |      318 |     22 |   124 |    +2.2% |   -0.102 |       -9.7 |    160 | sa13_sr\[3\]$_DFF_P_/D
      810 |       9 |     255 |      318 |     22 |   128 |    +2.2% |   -0.102 |       -9.6 |    160 | sa13_sr\[3\]$_DFF_P_/D
      820 |       9 |     262 |      320 |     22 |   130 |    +2.2% |   -0.102 |       -9.6 |    160 | sa13_sr\[3\]$_DFF_P_/D
      824 |       8 |     251 |      316 |     22 |   124 |    +2.1% |   -0.101 |       -9.7 |    160 | sa11_sr\[7\]$_DFF_P_/D
      830 |       8 |     254 |      322 |     22 |   124 |    +2.2% |   -0.101 |       -9.6 |    160 | sa11_sr\[7\]$_DFF_P_/D
      840 |       8 |     256 |      327 |     22 |   130 |    +2.2% |   -0.101 |       -9.7 |    160 | sa11_sr\[7\]$_DFF_P_/D
      850 |       8 |     263 |      330 |     22 |   132 |    +2.2% |   -0.101 |       -9.6 |    160 | sa11_sr\[7\]$_DFF_P_/D
      860 |       8 |     270 |      332 |     23 |   133 |    +2.3% |   -0.101 |       -9.6 |    160 | sa11_sr\[7\]$_DFF_P_/D
      870 |       8 |     277 |      332 |     24 |   135 |    +2.3% |   -0.101 |       -9.6 |    160 | sa11_sr\[7\]$_DFF_P_/D
      871 |       8 |     275 |      332 |     24 |   135 |    +2.3% |   -0.101 |       -9.6 |    160 | sa11_sr\[7\]$_DFF_P_/D
      880 |       8 |     277 |      343 |     24 |   138 |    +2.4% |   -0.101 |       -9.5 |    160 | sa11_sr\[7\]$_DFF_P_/D
      890 |       8 |     281 |      349 |     24 |   141 |    +2.4% |   -0.101 |       -9.5 |    160 | sa11_sr\[7\]$_DFF_P_/D
      899 |       8 |     285 |      355 |     25 |   143 |    +2.4% |   -0.101 |       -9.4 |    160 | sa11_sr\[7\]$_DFF_P_/D
      900 |       8 |     285 |      355 |     25 |   143 |    +2.4% |   -0.101 |       -9.4 |    160 | sa11_sr\[7\]$_DFF_P_/D
      910 |       8 |     290 |      355 |     25 |   148 |    +2.5% |   -0.102 |       -9.4 |    160 | sa11_sr\[3\]$_DFF_P_/D
      916 |       8 |     288 |      356 |     25 |   148 |    +2.5% |   -0.101 |       -9.4 |    159 | sa11_sr\[7\]$_DFF_P_/D
      920 |       8 |     290 |      356 |     25 |   149 |    +2.5% |   -0.101 |       -9.4 |    159 | sa11_sr\[7\]$_DFF_P_/D
      930 |       8 |     297 |      356 |     25 |   152 |    +2.5% |   -0.101 |       -9.4 |    159 | sa11_sr\[7\]$_DFF_P_/D
      931 |       8 |     297 |      356 |     25 |   151 |    +2.5% |   -0.101 |       -9.4 |    159 | sa11_sr\[7\]$_DFF_P_/D
      940 |       8 |     301 |      356 |     25 |   155 |    +2.5% |   -0.101 |       -9.4 |    159 | sa11_sr\[7\]$_DFF_P_/D
      940 |       8 |     301 |      356 |     25 |   155 |    +2.5% |   -0.101 |       -9.4 |    159 | sa11_sr\[7\]$_DFF_P_/D
      950 |       8 |     307 |      356 |     25 |   158 |    +2.6% |   -0.101 |       -9.4 |    159 | sa11_sr\[7\]$_DFF_P_/D
      950 |       8 |     302 |      356 |     25 |   155 |    +2.5% |   -0.101 |       -9.4 |    159 | sa11_sr\[7\]$_DFF_P_/D
      960 |      10 |     304 |      369 |     25 |   156 |    +2.5% |   -0.101 |       -9.3 |    159 | sa11_sr\[7\]$_DFF_P_/D
      970 |      11 |     308 |      381 |     25 |   157 |    +2.6% |   -0.101 |       -9.2 |    159 | sa11_sr\[7\]$_DFF_P_/D
      980 |      11 |     315 |      381 |     25 |   160 |    +2.7% |   -0.101 |       -9.3 |    159 | sa11_sr\[7\]$_DFF_P_/D
      985 |      11 |     312 |      381 |     25 |   158 |    +2.6% |   -0.101 |       -9.2 |    159 | sa11_sr\[7\]$_DFF_P_/D
      990 |      11 |     315 |      381 |     25 |   159 |    +2.6% |   -0.101 |       -9.2 |    159 | sa11_sr\[7\]$_DFF_P_/D
     1000 |      11 |     319 |      383 |     26 |   163 |    +2.7% |   -0.102 |       -9.2 |    159 | sa11_sr\[3\]$_DFF_P_/D
     1010 |      11 |     328 |      390 |     26 |   163 |    +2.7% |   -0.102 |       -9.2 |    159 | sa11_sr\[3\]$_DFF_P_/D
     1014 |      11 |     317 |      383 |     25 |   159 |    +2.6% |   -0.101 |       -9.2 |    159 | sa11_sr\[7\]$_DFF_P_/D
     1020 |      11 |     318 |      388 |     25 |   161 |    +2.6% |   -0.102 |       -9.2 |    159 | sa13_sr\[3\]$_DFF_P_/D
     1030 |      11 |     325 |      388 |     25 |   164 |    +2.7% |   -0.102 |       -9.2 |    159 | sa13_sr\[3\]$_DFF_P_/D
     1040 |      12 |     331 |      390 |     26 |   165 |    +2.7% |   -0.102 |       -9.2 |    159 | sa13_sr\[3\]$_DFF_P_/D
     1040 |      11 |     320 |      386 |     25 |   159 |    +2.6% |   -0.101 |       -9.2 |    159 | sa11_sr\[7\]$_DFF_P_/D
     1050 |      11 |     325 |      392 |     25 |   161 |    +2.7% |   -0.101 |       -9.2 |    159 | sa11_sr\[7\]$_DFF_P_/D
     1060 |      11 |     330 |      397 |     25 |   164 |    +2.7% |   -0.101 |       -9.2 |    159 | sa11_sr\[7\]$_DFF_P_/D
     1065 |      11 |     325 |      395 |     25 |   160 |    +2.7% |   -0.101 |       -9.2 |    159 | sa11_sr\[7\]$_DFF_P_/D
     1070 |      11 |     326 |      401 |     25 |   160 |    +2.7% |   -0.101 |       -9.2 |    159 | sa11_sr\[7\]$_DFF_P_/D
     1080 |      11 |     333 |      401 |     26 |   162 |    +2.7% |   -0.101 |       -9.1 |    159 | sa11_sr\[7\]$_DFF_P_/D
     1083 |      11 |     332 |      401 |     25 |   162 |    +2.7% |   -0.101 |       -9.1 |    159 | sa11_sr\[7\]$_DFF_P_/D
     1090 |      11 |     334 |      403 |     25 |   165 |    +2.7% |   -0.101 |       -9.1 |    159 | sa11_sr\[7\]$_DFF_P_/D
     1100 |      11 |     341 |      403 |     27 |   166 |    +2.8% |   -0.101 |       -9.1 |    159 | sa11_sr\[7\]$_DFF_P_/D
     1100 |      11 |     341 |      403 |     25 |   166 |    +2.8% |   -0.101 |       -9.1 |    159 | sa11_sr\[7\]$_DFF_P_/D
     1110 |      11 |     347 |      405 |     25 |   168 |    +2.8% |   -0.102 |       -9.1 |    159 | sa11_sr\[3\]$_DFF_P_/D
     1114 |      11 |     344 |      404 |     25 |   166 |    +2.8% |   -0.101 |       -9.1 |    159 | sa11_sr\[7\]$_DFF_P_/D
     1120 |      11 |     347 |      404 |     25 |   168 |    +2.8% |   -0.101 |       -9.1 |    159 | sa11_sr\[7\]$_DFF_P_/D
     1130 |      11 |     355 |      406 |     26 |   168 |    +2.9% |   -0.101 |       -9.1 |    159 | sa11_sr\[3\]$_DFF_P_/D
     1133 |      11 |     349 |      405 |     25 |   168 |    +2.8% |   -0.101 |       -9.1 |    159 | sa11_sr\[7\]$_DFF_P_/D
     1140 |      11 |     352 |      407 |     25 |   170 |    +2.8% |   -0.101 |       -9.1 |    159 | sa11_sr\[7\]$_DFF_P_/D
     1149 |      11 |     351 |      406 |     25 |   168 |    +2.8% |   -0.101 |       -9.1 |    159 | sa11_sr\[7\]$_DFF_P_/D
     1150 |      11 |     351 |      406 |     25 |   168 |    +2.8% |   -0.101 |       -9.1 |    159 | sa11_sr\[7\]$_DFF_P_/D
     1160 |      11 |     354 |      415 |     25 |   172 |    +2.8% |   -0.101 |       -9.0 |    159 | sa11_sr\[7\]$_DFF_P_/D
     1167 |      11 |     355 |      415 |     25 |   173 |    +2.9% |   -0.101 |       -9.0 |    159 | sa11_sr\[7\]$_DFF_P_/D
     1170 |      11 |     356 |      415 |     25 |   174 |    +2.9% |   -0.101 |       -9.0 |    159 | sa11_sr\[7\]$_DFF_P_/D
     1180 |      11 |     363 |      415 |     26 |   176 |    +2.9% |   -0.103 |       -9.0 |    159 | sa11_sr\[3\]$_DFF_P_/D
     1190 |      11 |     369 |      415 |     27 |   179 |    +3.0% |   -0.104 |       -9.1 |    159 | sa11_sr\[3\]$_DFF_P_/D
     1200 |      11 |     377 |      415 |     28 |   180 |    +3.1% |   -0.105 |       -9.1 |    159 | sa11_sr\[3\]$_DFF_P_/D
     1200 |      11 |     360 |      415 |     25 |   175 |    +2.9% |   -0.101 |       -9.0 |    159 | sa11_sr\[7\]$_DFF_P_/D
     1210 |      11 |     363 |      420 |     27 |   177 |    +2.9% |   -0.102 |       -8.8 |    159 | sa11_sr\[7\]$_DFF_P_/D
     1220 |      11 |     366 |      429 |     27 |   180 |    +2.9% |   -0.102 |       -8.8 |    159 | sa11_sr\[7\]$_DFF_P_/D
     1230 |      11 |     372 |      431 |     27 |   183 |    +3.0% |   -0.102 |       -8.8 |    159 | sa11_sr\[7\]$_DFF_P_/D
     1237 |      11 |     362 |      423 |     25 |   177 |    +2.9% |   -0.101 |       -8.9 |    159 | sa11_sr\[7\]$_DFF_P_/D
     1240 |      12 |     363 |      423 |     25 |   177 |    +2.9% |   -0.101 |       -8.9 |    159 | sa11_sr\[7\]$_DFF_P_/D
     1250 |      12 |     370 |      423 |     25 |   180 |    +2.9% |   -0.101 |       -8.8 |    159 | sa11_sr\[7\]$_DFF_P_/D
     1260 |      12 |     376 |      423 |     26 |   183 |    +2.9% |   -0.103 |       -8.9 |    159 | sa11_sr\[3\]$_DFF_P_/D
     1270 |      12 |     380 |      430 |     27 |   185 |    +3.0% |   -0.103 |       -8.8 |    159 | sa11_sr\[3\]$_DFF_P_/D
     1276 |      12 |     372 |      428 |     25 |   181 |    +2.9% |   -0.101 |       -8.8 |    159 | sa11_sr\[7\]$_DFF_P_/D
     1280 |      12 |     373 |      428 |     25 |   183 |    +2.9% |   -0.101 |       -8.8 |    159 | sa11_sr\[7\]$_DFF_P_/D
     1290 |      12 |     378 |      434 |     25 |   186 |    +3.0% |   -0.101 |       -8.8 |    159 | sa11_sr\[7\]$_DFF_P_/D
     1300 |      12 |     387 |      434 |     25 |   187 |    +3.0% |   -0.103 |       -8.9 |    159 | sa11_sr\[3\]$_DFF_P_/D
     1310 |      12 |     394 |      436 |     26 |   188 |    +3.2% |   -0.102 |       -9.0 |    159 | sa11_sr\[3\]$_DFF_P_/D
     1320 |      12 |     399 |      436 |     29 |   190 |    +3.3% |   -0.105 |       -9.0 |    159 | sa11_sr\[3\]$_DFF_P_/D
     1330 |      13 |     405 |      436 |     31 |   191 |    +3.5% |   -0.108 |       -9.1 |    159 | sa11_sr\[3\]$_DFF_P_/D
     1338 |      12 |     390 |      433 |     25 |   185 |    +3.0% |   -0.101 |       -8.8 |    159 | sa11_sr\[7\]$_DFF_P_/D
     1340 |      12 |     390 |      433 |     25 |   186 |    +3.0% |   -0.101 |       -8.8 |    159 | sa11_sr\[7\]$_DFF_P_/D
     1349 |      12 |     395 |      433 |     25 |   188 |    +3.0% |   -0.101 |       -8.8 |    159 | sa11_sr\[7\]$_DFF_P_/D
     1350 |      12 |     395 |      433 |     25 |   188 |    +3.0% |   -0.101 |       -8.8 |    159 | sa11_sr\[7\]$_DFF_P_/D
     1360 |      12 |     401 |      433 |     25 |   192 |    +3.0% |   -0.103 |       -8.8 |    159 | sa11_sr\[3\]$_DFF_P_/D
     1370 |      13 |     407 |      433 |     25 |   195 |    +3.0% |   -0.103 |       -8.8 |    159 | sa11_sr\[3\]$_DFF_P_/D
     1372 |      12 |     395 |      433 |     25 |   188 |    +3.0% |   -0.101 |       -8.8 |    158 | sa11_sr\[7\]$_DFF_P_/D
     1380 |      12 |     398 |      433 |     25 |   192 |    +3.0% |   -0.101 |       -8.8 |    158 | sa11_sr\[7\]$_DFF_P_/D
     1390 |      13 |     403 |      433 |     26 |   195 |    +3.0% |   -0.101 |       -8.7 |    158 | sa11_sr\[7\]$_DFF_P_/D
     1390 |      13 |     400 |      433 |     25 |   194 |    +3.0% |   -0.101 |       -8.7 |    158 | sa11_sr\[7\]$_DFF_P_/D
     1400 |      13 |     406 |      436 |     25 |   196 |    +3.0% |   -0.101 |       -8.7 |    158 | sa11_sr\[7\]$_DFF_P_/D
     1410 |      13 |     413 |      436 |     26 |   198 |    +3.2% |   -0.104 |       -8.8 |    158 | sa11_sr\[3\]$_DFF_P_/D
     1420 |      13 |     418 |      439 |     28 |   200 |    +3.3% |   -0.105 |       -8.8 |    158 | sa11_sr\[3\]$_DFF_P_/D
     1430 |      13 |     423 |      439 |     33 |   200 |    +3.4% |   -0.105 |       -8.8 |    158 | sa11_sr\[3\]$_DFF_P_/D
     1431 |      13 |     407 |      437 |     25 |   197 |    +3.0% |   -0.101 |       -8.7 |    158 | sa11_sr\[7\]$_DFF_P_/D
     1440 |      13 |     410 |      444 |     25 |   199 |    +3.1% |   -0.101 |       -8.7 |    158 | sa11_sr\[7\]$_DFF_P_/D
     1444 |      13 |     407 |      443 |     25 |   197 |    +3.0% |   -0.101 |       -8.7 |    158 | sa11_sr\[7\]$_DFF_P_/D
     1448 |      13 |     408 |      443 |     25 |   199 |    +3.1% |   -0.101 |       -8.6 |    156 | sa11_sr\[7\]$_DFF_P_/D
     1450 |      13 |     409 |      443 |     25 |   199 |    +3.1% |   -0.101 |       -8.6 |    156 | sa11_sr\[7\]$_DFF_P_/D
     1460 |      13 |     415 |      445 |     25 |   202 |    +3.1% |   -0.106 |       -8.7 |    156 | sa11_sr\[7\]$_DFF_P_/D
     1467 |      13 |     410 |      444 |     25 |   199 |    +3.1% |   -0.101 |       -8.6 |    156 | sa11_sr\[7\]$_DFF_P_/D
     1470 |      13 |     412 |      444 |     25 |   199 |    +3.1% |   -0.101 |       -8.6 |    156 | sa11_sr\[7\]$_DFF_P_/D
     1480 |      13 |     418 |      444 |     26 |   202 |    +3.1% |   -0.101 |       -8.6 |    156 | sa11_sr\[7\]$_DFF_P_/D
     1490 |      13 |     426 |      444 |     26 |   204 |    +3.1% |   -0.101 |       -8.6 |    156 | sa11_sr\[7\]$_DFF_P_/D
     1491 |      13 |     427 |      444 |     26 |   204 |    +3.1% |   -0.101 |       -8.6 |    156 | sa11_sr\[7\]$_DFF_P_/D
     1500 |      13 |     431 |      444 |     27 |   207 |    +3.2% |   -0.101 |       -8.6 |    156 | sa11_sr\[7\]$_DFF_P_/D
     1510 |      13 |     434 |      448 |     28 |   211 |    +3.2% |   -0.101 |       -8.7 |    156 | sa11_sr\[7\]$_DFF_P_/D
     1520 |      13 |     441 |      450 |     30 |   211 |    +3.3% |   -0.101 |       -8.7 |    156 | sa11_sr\[7\]$_DFF_P_/D
     1522 |      13 |     433 |      447 |     27 |   207 |    +3.2% |   -0.101 |       -8.6 |    156 | sa11_sr\[7\]$_DFF_P_/D
     1530 |      13 |     437 |      447 |     27 |   210 |    +3.2% |   -0.101 |       -8.6 |    156 | sa11_sr\[7\]$_DFF_P_/D
     1540 |      13 |     443 |      449 |     28 |   212 |    +3.2% |   -0.103 |       -8.6 |    156 | sa11_sr\[3\]$_DFF_P_/D
     1548 |      13 |     440 |      450 |     28 |   212 |    +3.2% |   -0.101 |       -8.6 |    156 | sa11_sr\[7\]$_DFF_P_/D
     1550 |      13 |     441 |      450 |     28 |   212 |    +3.2% |   -0.101 |       -8.6 |    156 | sa11_sr\[7\]$_DFF_P_/D
     1559 |      13 |     442 |      451 |     28 |   212 |    +3.2% |   -0.101 |       -8.6 |    156 | sa11_sr\[7\]$_DFF_P_/D
     1560 |      13 |     442 |      451 |     28 |   212 |    +3.2% |   -0.101 |       -8.6 |    156 | sa11_sr\[7\]$_DFF_P_/D
     1570 |      13 |     448 |      457 |     28 |   214 |    +3.3% |   -0.101 |       -8.6 |    156 | sa11_sr\[7\]$_DFF_P_/D
     1576 |      13 |     448 |      457 |     28 |   213 |    +3.3% |   -0.101 |       -8.6 |    156 | sa11_sr\[7\]$_DFF_P_/D
     1580 |      13 |     449 |      460 |     28 |   214 |    +3.3% |   -0.101 |       -8.6 |    156 | sa11_sr\[7\]$_DFF_P_/D
     1590 |      13 |     453 |      460 |     28 |   220 |    +3.3% |   -0.101 |       -8.6 |    156 | sa11_sr\[7\]$_DFF_P_/D
     1600 |      13 |     458 |      462 |     29 |   223 |    +3.3% |   -0.101 |       -8.6 |    156 | sa11_sr\[7\]$_DFF_P_/D
     1610 |      13 |     467 |      462 |     29 |   224 |    +3.4% |   -0.101 |       -8.5 |    156 | sa11_sr\[7\]$_DFF_P_/D
     1620 |      13 |     473 |      464 |     29 |   227 |    +3.4% |   -0.101 |       -8.5 |    156 | sa11_sr\[7\]$_DFF_P_/D
     1625 |      13 |     469 |      463 |     29 |   224 |    +3.4% |   -0.101 |       -8.5 |    156 | sa11_sr\[7\]$_DFF_P_/D
     1630 |      13 |     471 |      465 |     29 |   225 |    +3.4% |   -0.105 |       -8.5 |    156 | sa11_sr\[4\]$_DFF_P_/D
     1640 |      13 |     475 |      465 |     31 |   229 |    +3.4% |   -0.107 |       -8.5 |    156 | sa11_sr\[7\]$_DFF_P_/D
     1640 |      13 |     469 |      464 |     29 |   225 |    +3.4% |   -0.101 |       -8.5 |    156 | sa11_sr\[7\]$_DFF_P_/D
     1650 |      13 |     475 |      467 |     29 |   227 |    +3.4% |   -0.101 |       -8.5 |    155 | sa11_sr\[7\]$_DFF_P_/D
     1650 |      13 |     475 |      467 |     29 |   227 |    +3.4% |   -0.101 |       -8.5 |    154 | sa11_sr\[7\]$_DFF_P_/D
     1660 |      13 |     482 |      467 |     30 |   228 |    +3.4% |   -0.101 |       -8.5 |    154 | u0.u1.d\[6\]$_DFF_P_/D
     1670 |      13 |     489 |      472 |     30 |   229 |    +3.5% |   -0.101 |       -8.4 |    154 | u0.u1.d\[6\]$_DFF_P_/D
     1680 |      13 |     496 |      472 |     32 |   230 |    +3.5% |   -0.101 |       -8.5 |    154 | u0.u1.d\[6\]$_DFF_P_/D
     1690 |      13 |     503 |      472 |     34 |   231 |    +3.7% |   -0.105 |       -8.6 |    154 | sa11_sr\[3\]$_DFF_P_/D
     1699 |      13 |     481 |      469 |     29 |   228 |    +3.4% |   -0.101 |       -8.4 |    154 | sa11_sr\[7\]$_DFF_P_/D
     1700 |      13 |     481 |      469 |     29 |   228 |    +3.4% |   -0.101 |       -8.4 |    154 | sa11_sr\[7\]$_DFF_P_/D
     1710 |      13 |     485 |      472 |     29 |   233 |    +3.4% |   -0.101 |       -8.4 |    154 | sa11_sr\[7\]$_DFF_P_/D
     1720 |      13 |     493 |      472 |     29 |   235 |    +3.5% |   -0.101 |       -8.4 |    154 | sa11_sr\[7\]$_DFF_P_/D
     1729 |      13 |     499 |      473 |     29 |   235 |    +3.5% |   -0.101 |       -8.4 |    154 | sa11_sr\[7\]$_DFF_P_/D
     1730 |      13 |     499 |      473 |     29 |   235 |    +3.5% |   -0.101 |       -8.4 |    154 | sa11_sr\[7\]$_DFF_P_/D
     1740 |      13 |     506 |      473 |     29 |   238 |    +3.5% |   -0.101 |       -8.4 |    154 | sa11_sr\[7\]$_DFF_P_/D
     1750 |      13 |     509 |      473 |     31 |   243 |    +3.6% |   -0.101 |       -8.4 |    154 | sa11_sr\[7\]$_DFF_P_/D
     1750 |      13 |     508 |      473 |     29 |   239 |    +3.5% |   -0.101 |       -8.4 |    154 | sa11_sr\[7\]$_DFF_P_/D
     1760 |      14 |     513 |      473 |     29 |   242 |    +3.5% |   -0.101 |       -8.4 |    154 | sa11_sr\[7\]$_DFF_P_/D
     1770 |      14 |     518 |      475 |     29 |   246 |    +3.6% |   -0.101 |       -8.4 |    154 | sa11_sr\[7\]$_DFF_P_/D
     1780 |      14 |     524 |      475 |     30 |   249 |    +3.6% |   -0.101 |       -8.4 |    154 | sa11_sr\[7\]$_DFF_P_/D
     1780 |      14 |     515 |      474 |     29 |   242 |    +3.5% |   -0.101 |       -8.4 |    154 | sa11_sr\[7\]$_DFF_P_/D
     1790 |      14 |     524 |      474 |     29 |   242 |    +3.6% |   -0.101 |       -8.3 |    154 | sa11_sr\[7\]$_DFF_P_/D
     1800 |      14 |     529 |      474 |     29 |   247 |    +3.6% |   -0.101 |       -8.3 |    154 | sa11_sr\[7\]$_DFF_P_/D
     1807 |      14 |     533 |      474 |     29 |   249 |    +3.6% |   -0.101 |       -8.3 |    154 | sa11_sr\[7\]$_DFF_P_/D
     1810 |      14 |     534 |      474 |     29 |   250 |    +3.6% |   -0.101 |       -8.3 |    154 | sa11_sr\[7\]$_DFF_P_/D
     1820 |      14 |     539 |      476 |     30 |   253 |    +3.7% |   -0.101 |       -8.3 |    154 | sa11_sr\[7\]$_DFF_P_/D
     1821 |      14 |     537 |      475 |     29 |   251 |    +3.6% |   -0.101 |       -8.3 |    154 | sa11_sr\[7\]$_DFF_P_/D
     1825 |      14 |     538 |      475 |     29 |   251 |    +3.6% |   -0.101 |       -8.3 |    154 | sa11_sr\[7\]$_DFF_P_/D
     1830 |      14 |     542 |      475 |     29 |   251 |    +3.7% |   -0.101 |       -8.3 |    154 | u0.u1.d\[6\]$_DFF_P_/D
     1840 |      14 |     546 |      479 |     30 |   254 |    +3.7% |   -0.101 |       -8.3 |    154 | u0.u1.d\[6\]$_DFF_P_/D
     1841 |      14 |     539 |      477 |     29 |   251 |    +3.6% |   -0.101 |       -8.3 |    153 | sa11_sr\[7\]$_DFF_P_/D
     1850 |      14 |     543 |      481 |     29 |   253 |    +3.7% |   -0.101 |       -8.1 |    153 | sa11_sr\[7\]$_DFF_P_/D
     1860 |      14 |     545 |      490 |     30 |   257 |    +3.7% |   -0.101 |       -8.0 |    153 | sa11_sr\[7\]$_DFF_P_/D
     1870 |      14 |     552 |      495 |     30 |   258 |    +3.8% |   -0.101 |       -8.0 |    153 | sa11_sr\[7\]$_DFF_P_/D
     1880 |      14 |     556 |      504 |     30 |   260 |    +3.8% |   -0.101 |       -8.0 |    153 | sa11_sr\[7\]$_DFF_P_/D
     1890 |      14 |     563 |      504 |     31 |   262 |    +3.8% |   -0.101 |       -8.0 |    153 | sa11_sr\[7\]$_DFF_P_/D
     1893 |      14 |     559 |      504 |     30 |   260 |    +3.8% |   -0.101 |       -8.0 |    153 | sa11_sr\[7\]$_DFF_P_/D
     1900 |      14 |     561 |      506 |     30 |   263 |    +3.8% |   -0.101 |       -7.9 |    153 | sa11_sr\[7\]$_DFF_P_/D
     1910 |      14 |     568 |      510 |     31 |   263 |    +3.9% |   -0.101 |       -7.9 |    153 | sa11_sr\[7\]$_DFF_P_/D
     1920 |      14 |     574 |      512 |     32 |   265 |    +3.9% |   -0.101 |       -7.9 |    153 | sa11_sr\[7\]$_DFF_P_/D
     1929 |      14 |     574 |      512 |     31 |   265 |    +3.9% |   -0.101 |       -7.9 |    153 | sa11_sr\[7\]$_DFF_P_/D
     1930 |      14 |     574 |      512 |     31 |   265 |    +3.9% |   -0.101 |       -7.9 |    153 | sa11_sr\[7\]$_DFF_P_/D
     1940 |      14 |     578 |      522 |     32 |   265 |    +4.0% |   -0.102 |       -7.7 |    153 | sa11_sr\[7\]$_DFF_P_/D
     1950 |      14 |     586 |      526 |     32 |   265 |    +4.0% |   -0.102 |       -7.8 |    153 | sa11_sr\[7\]$_DFF_P_/D
     1960 |      14 |     593 |      526 |     34 |   266 |    +4.1% |   -0.102 |       -7.8 |    153 | sa11_sr\[7\]$_DFF_P_/D
     1970 |      14 |     598 |      526 |     35 |   270 |    +4.1% |   -0.102 |       -7.8 |    153 | sa11_sr\[7\]$_DFF_P_/D
     1973 |      14 |     578 |      523 |     32 |   265 |    +3.9% |   -0.101 |       -7.8 |    153 | sa11_sr\[7\]$_DFF_P_/D
     1980 |      14 |     581 |      523 |     32 |   268 |    +4.0% |   -0.103 |       -7.8 |    153 | sa11_sr\[3\]$_DFF_P_/D
     1990 |      14 |     588 |      525 |     34 |   268 |    +4.1% |   -0.103 |       -8.2 |    153 | sa11_sr\[3\]$_DFF_P_/D
     1992 |      14 |     581 |      524 |     32 |   265 |    +3.9% |   -0.101 |       -7.8 |    153 | sa11_sr\[7\]$_DFF_P_/D
     2000 |      14 |     585 |      527 |     32 |   267 |    +4.0% |   -0.101 |       -7.6 |    153 | sa11_sr\[7\]$_DFF_P_/D
     2009 |      14 |     584 |      527 |     32 |   266 |    +4.0% |   -0.101 |       -7.6 |    153 | sa11_sr\[7\]$_DFF_P_/D
     2010 |      14 |     584 |      527 |     32 |   266 |    +4.0% |   -0.101 |       -7.6 |    153 | sa11_sr\[7\]$_DFF_P_/D
     2020 |      14 |     592 |      527 |     33 |   267 |    +4.1% |   -0.101 |       -7.6 |    153 | sa11_sr\[7\]$_DFF_P_/D
     2023 |      14 |     587 |      527 |     32 |   266 |    +4.0% |   -0.101 |       -7.6 |    153 | sa11_sr\[7\]$_DFF_P_/D
     2030 |      14 |     590 |      527 |     32 |   269 |    +4.0% |   -0.103 |       -7.7 |    153 | sa11_sr\[3\]$_DFF_P_/D
     2037 |      14 |     588 |      527 |     32 |   266 |    +4.0% |   -0.101 |       -7.6 |    153 | sa11_sr\[7\]$_DFF_P_/D
     2040 |      14 |     588 |      527 |     32 |   268 |    +4.0% |   -0.101 |       -7.6 |    153 | sa11_sr\[7\]$_DFF_P_/D
     2050 |      14 |     595 |      529 |     34 |   268 |    +4.0% |   -0.101 |       -7.6 |    153 | sa11_sr\[7\]$_DFF_P_/D
     2060 |      14 |     602 |      529 |     35 |   270 |    +4.1% |   -0.103 |       -7.6 |    153 | sa11_sr\[3\]$_DFF_P_/D
     2068 |      14 |     602 |      530 |     35 |   269 |    +4.1% |   -0.101 |       -7.6 |    153 | sa11_sr\[7\]$_DFF_P_/D
     2070 |      14 |     603 |      530 |     35 |   269 |    +4.1% |   -0.101 |       -7.6 |    153 | sa11_sr\[7\]$_DFF_P_/D
     2080 |      15 |     606 |      539 |     35 |   272 |    +4.1% |   -0.101 |       -7.4 |    153 | sa11_sr\[7\]$_DFF_P_/D
     2083 |      15 |     607 |      539 |     35 |   272 |    +4.1% |   -0.101 |       -7.4 |    153 | sa11_sr\[7\]$_DFF_P_/D
     2090 |      15 |     613 |      539 |     35 |   272 |    +4.1% |   -0.101 |       -7.3 |    153 | sa11_sr\[7\]$_DFF_P_/D
     2099 |      15 |     615 |      540 |     35 |   272 |    +4.1% |   -0.101 |       -7.3 |    153 | sa11_sr\[7\]$_DFF_P_/D
     2100 |      15 |     615 |      540 |     35 |   272 |    +4.1% |   -0.101 |       -7.3 |    153 | sa11_sr\[7\]$_DFF_P_/D
     2110 |      15 |     623 |      542 |     35 |   273 |    +4.2% |   -0.101 |       -7.3 |    153 | sa11_sr\[7\]$_DFF_P_/D
     2115 |      15 |     619 |      541 |     35 |   272 |    +4.1% |   -0.101 |       -7.3 |    153 | sa11_sr\[7\]$_DFF_P_/D
     2120 |      15 |     621 |      541 |     35 |   274 |    +4.1% |   -0.101 |       -7.3 |    153 | sa11_sr\[7\]$_DFF_P_/D
     2130 |      15 |     628 |      545 |     35 |   275 |    +4.2% |   -0.102 |       -7.2 |    153 | sa11_sr\[7\]$_DFF_P_/D
     2140 |      15 |     634 |      547 |     37 |   276 |    +4.2% |   -0.102 |       -7.3 |    153 | sa11_sr\[7\]$_DFF_P_/D
     2141 |      15 |     625 |      544 |     35 |   274 |    +4.1% |   -0.101 |       -7.3 |    153 | sa11_sr\[7\]$_DFF_P_/D
     2147 |      15 |     626 |      544 |     35 |   275 |    +4.1% |   -0.101 |       -7.3 |    153 | sa11_sr\[7\]$_DFF_P_/D
     2150 |      15 |     626 |      546 |     35 |   276 |    +4.2% |   -0.101 |       -7.3 |    153 | sa11_sr\[7\]$_DFF_P_/D
     2159 |      15 |     631 |      548 |     35 |   278 |    +4.2% |   -0.101 |       -7.3 |    153 | sa11_sr\[7\]$_DFF_P_/D
     2160 |      15 |     631 |      548 |     35 |   278 |    +4.2% |   -0.101 |       -7.3 |    153 | sa11_sr\[7\]$_DFF_P_/D
     2168 |      15 |     634 |      548 |     35 |   279 |    +4.2% |   -0.101 |       -7.2 |    153 | sa11_sr\[7\]$_DFF_P_/D
     2170 |      15 |     635 |      548 |     35 |   279 |    +4.2% |   -0.101 |       -7.2 |    153 | sa11_sr\[7\]$_DFF_P_/D
     2180 |      15 |     641 |      550 |     35 |   282 |    +4.2% |   -0.101 |       -7.2 |    153 | sa11_sr\[7\]$_DFF_P_/D
     2183 |      15 |     641 |      550 |     35 |   282 |    +4.2% |   -0.101 |       -7.2 |    153 | sa11_sr\[7\]$_DFF_P_/D
     2190 |      15 |     645 |      550 |     35 |   284 |    +4.2% |   -0.101 |       -7.2 |    153 | sa11_sr\[7\]$_DFF_P_/D
     2200 |      15 |     653 |      552 |     35 |   285 |    +4.3% |   -0.103 |       -7.3 |    153 | sa11_sr\[3\]$_DFF_P_/D
     2210 |      15 |     659 |      552 |     35 |   289 |    +4.3% |   -0.103 |       -7.3 |    153 | sa11_sr\[3\]$_DFF_P_/D
     2214 |      15 |     648 |      551 |     35 |   284 |    +4.3% |   -0.101 |       -7.2 |    153 | sa11_sr\[7\]$_DFF_P_/D
     2220 |      15 |     651 |      553 |     36 |   284 |    +4.3% |   -0.101 |       -7.2 |    153 | sa11_sr\[7\]$_DFF_P_/D
     2230 |      15 |     658 |      558 |     37 |   284 |    +4.3% |   -0.101 |       -7.2 |    153 | sa11_sr\[7\]$_DFF_P_/D
     2240 |      15 |     662 |      563 |     37 |   288 |    +4.4% |   -0.101 |       -7.3 |    153 | sa11_sr\[7\]$_DFF_P_/D
     2250 |      15 |     670 |      563 |     37 |   290 |    +4.4% |   -0.103 |       -7.4 |    153 | sa11_sr\[7\]$_DFF_P_/D
     2251 |      15 |     659 |      560 |     37 |   284 |    +4.3% |   -0.101 |       -7.2 |    153 | sa11_sr\[7\]$_DFF_P_/D
     2259 |      15 |     659 |      560 |     37 |   286 |    +4.3% |   -0.101 |       -7.2 |    153 | sa11_sr\[7\]$_DFF_P_/D
     2260 |      15 |     659 |      560 |     37 |   286 |    +4.3% |   -0.101 |       -7.2 |    153 | sa11_sr\[7\]$_DFF_P_/D
     2270 |      16 |     662 |      569 |     37 |   289 |    +4.4% |   -0.101 |       -7.2 |    153 | sa11_sr\[7\]$_DFF_P_/D
     2273 |      16 |     662 |      571 |     37 |   289 |    +4.4% |   -0.101 |       -7.2 |    153 | sa11_sr\[7\]$_DFF_P_/D
     2280 |      16 |     664 |      573 |     38 |   291 |    +4.4% |   -0.101 |       -7.2 |    153 | sa11_sr\[7\]$_DFF_P_/D
     2290 |      16 |     671 |      577 |     38 |   293 |    +4.4% |   -0.103 |       -7.2 |    153 | sa11_sr\[3\]$_DFF_P_/D
     2294 |      16 |     667 |      574 |     38 |   290 |    +4.4% |   -0.101 |       -7.2 |    153 | sa11_sr\[7\]$_DFF_P_/D
     2300 |      16 |     671 |      574 |     38 |   291 |    +4.4% |   -0.102 |       -7.0 |    153 | sa11_sr\[7\]$_DFF_P_/D
     2310 |      16 |     677 |      578 |     39 |   292 |    +4.4% |   -0.102 |       -7.0 |    153 | sa11_sr\[7\]$_DFF_P_/D
     2320 |      16 |     683 |      580 |     39 |   295 |    +4.5% |   -0.102 |       -7.0 |    153 | sa11_sr\[7\]$_DFF_P_/D
     2327 |      16 |     668 |      578 |     38 |   290 |    +4.4% |   -0.101 |       -7.2 |    153 | sa11_sr\[7\]$_DFF_P_/D
     2330 |      16 |     668 |      582 |     38 |   290 |    +4.4% |   -0.101 |       -7.1 |    153 | sa11_sr\[7\]$_DFF_P_/D
     2340 |      16 |     677 |      584 |     38 |   290 |    +4.4% |   -0.102 |       -7.1 |    153 | sa11_sr\[7\]$_DFF_P_/D
     2350 |      16 |     683 |      584 |     40 |   292 |    +4.5% |   -0.102 |       -7.1 |    153 | sa11_sr\[7\]$_DFF_P_/D
     2360 |      16 |     690 |      584 |     41 |   294 |    +4.6% |   -0.102 |       -7.1 |    153 | sa11_sr\[7\]$_DFF_P_/D
     2370 |      16 |     697 |      586 |     41 |   296 |    +4.6% |   -0.102 |       -7.2 |    153 | sa11_sr\[7\]$_DFF_P_/D
     2376 |      16 |     676 |      585 |     38 |   290 |    +4.4% |   -0.101 |       -7.1 |    153 | sa11_sr\[7\]$_DFF_P_/D
     2380 |      16 |     678 |      592 |     38 |   290 |    +4.4% |   -0.101 |       -7.1 |    153 | sa11_sr\[7\]$_DFF_P_/D
     2390 |      16 |     684 |      596 |     38 |   292 |    +4.5% |   -0.101 |       -7.1 |    153 | sa11_sr\[7\]$_DFF_P_/D
     2400 |      16 |     691 |      596 |     39 |   294 |    +4.5% |   -0.101 |       -7.1 |    153 | sa11_sr\[7\]$_DFF_P_/D
     2400 |      16 |     682 |      594 |     38 |   290 |    +4.4% |   -0.101 |       -7.1 |    153 | sa11_sr\[7\]$_DFF_P_/D
     2408 |      16 |     682 |      594 |     38 |   290 |    +4.4% |   -0.101 |       -7.1 |    153 | sa11_sr\[7\]$_DFF_P_/D
     2410 |      16 |     683 |      594 |     38 |   290 |    +4.4% |   -0.101 |       -7.1 |    153 | sa11_sr\[7\]$_DFF_P_/D
     2420 |      17 |     689 |      600 |     38 |   291 |    +4.5% |   -0.101 |       -7.1 |    153 | sa11_sr\[7\]$_DFF_P_/D
     2426 |      17 |     687 |      599 |     38 |   290 |    +4.5% |   -0.101 |       -7.0 |    153 | sa11_sr\[7\]$_DFF_P_/D
     2430 |      17 |     688 |      602 |     38 |   291 |    +4.5% |   -0.101 |       -7.0 |    153 | sa11_sr\[7\]$_DFF_P_/D
     2440 |      17 |     694 |      604 |     38 |   294 |    +4.5% |   -0.101 |       -7.0 |    153 | sa11_sr\[7\]$_DFF_P_/D
     2448 |      17 |     695 |      604 |     38 |   294 |    +4.5% |   -0.101 |       -7.0 |    153 | sa11_sr\[7\]$_DFF_P_/D
     2450 |      17 |     696 |      604 |     38 |   294 |    +4.6% |   -0.101 |       -7.0 |    153 | sa11_sr\[7\]$_DFF_P_/D
     2460 |      18 |     700 |      606 |     38 |   298 |    +4.6% |   -0.101 |       -7.0 |    153 | sa11_sr\[7\]$_DFF_P_/D
     2470 |      18 |     704 |      615 |     38 |   301 |    +4.6% |   -0.101 |       -7.0 |    153 | sa11_sr\[7\]$_DFF_P_/D
     2475 |      18 |     706 |      615 |     38 |   301 |    +4.6% |   -0.101 |       -7.0 |    153 | sa11_sr\[7\]$_DFF_P_/D
     2480 |      18 |     709 |      615 |     38 |   302 |    +4.6% |   -0.101 |       -7.0 |    153 | sa11_sr\[7\]$_DFF_P_/D
     2484 |      18 |     712 |      615 |     38 |   303 |    +4.6% |   -0.101 |       -7.0 |    153 | sa11_sr\[7\]$_DFF_P_/D
     2490 |      18 |     715 |      615 |     38 |   305 |    +4.6% |   -0.101 |       -7.0 |    153 | sa11_sr\[7\]$_DFF_P_/D
     2493 |      18 |     716 |      615 |     38 |   306 |    +4.6% |   -0.101 |       -7.0 |    153 | sa11_sr\[7\]$_DFF_P_/D
     2500 |      18 |     719 |      615 |     38 |   309 |    +4.7% |   -0.101 |       -6.9 |    153 | sa11_sr\[7\]$_DFF_P_/D
     2508 |      18 |     719 |      616 |     38 |   310 |    +4.7% |   -0.101 |       -6.9 |    153 | sa11_sr\[7\]$_DFF_P_/D
     2510 |      18 |     719 |      616 |     38 |   311 |    +4.7% |   -0.101 |       -6.9 |    153 | sa11_sr\[7\]$_DFF_P_/D
     2518 |      18 |     719 |      617 |     38 |   310 |    +4.7% |   -0.101 |       -6.9 |    153 | sa11_sr\[7\]$_DFF_P_/D
     2520 |      18 |     720 |      617 |     38 |   310 |    +4.7% |   -0.101 |       -6.9 |    153 | sa11_sr\[7\]$_DFF_P_/D
     2530 |      18 |     724 |      617 |     39 |   315 |    +4.7% |   -0.101 |       -7.0 |    153 | sa11_sr\[7\]$_DFF_P_/D
     2540 |      19 |     729 |      617 |     40 |   318 |    +4.7% |   -0.101 |       -6.9 |    153 | sa11_sr\[7\]$_DFF_P_/D
     2545 |      19 |     729 |      619 |     40 |   318 |    +4.7% |   -0.101 |       -6.9 |    153 | sa11_sr\[7\]$_DFF_P_/D
     2550 |      19 |     733 |      619 |     40 |   318 |    +4.7% |   -0.101 |       -6.9 |    153 | sa11_sr\[7\]$_DFF_P_/D
     2555 |      19 |     734 |      619 |     40 |   318 |    +4.7% |   -0.101 |       -6.9 |    153 | sa11_sr\[7\]$_DFF_P_/D
     2560 |      19 |     734 |      621 |     40 |   321 |    +4.7% |   -0.101 |       -6.9 |    153 | sa11_sr\[7\]$_DFF_P_/D
     2570 |      20 |     740 |      629 |     40 |   322 |    +4.8% |   -0.101 |       -6.8 |    153 | sa11_sr\[7\]$_DFF_P_/D
     2572 |      20 |     742 |      629 |     40 |   322 |    +4.8% |   -0.101 |       -6.8 |    151 | sa11_sr\[7\]$_DFF_P_/D
     2580 |      20 |     746 |      631 |     41 |   323 |    +4.8% |   -0.102 |       -6.7 |    151 | sa11_sr\[7\]$_DFF_P_/D
     2590 |      20 |     753 |      631 |     41 |   326 |    +4.9% |   -0.105 |       -6.7 |    151 | sa11_sr\[7\]$_DFF_P_/D
     2600 |      20 |     760 |      633 |     41 |   328 |    +4.9% |   -0.105 |       -6.7 |    151 | sa11_sr\[7\]$_DFF_P_/D
     2604 |      20 |     748 |      631 |     40 |   323 |    +4.8% |   -0.101 |       -6.8 |    151 | sa11_sr\[7\]$_DFF_P_/D
     2610 |      20 |     752 |      631 |     40 |   324 |    +4.8% |   -0.101 |       -6.8 |    151 | sa11_sr\[7\]$_DFF_P_/D
     2610 |      20 |     750 |      631 |     40 |   323 |    +4.8% |   -0.101 |       -6.8 |    151 | sa11_sr\[7\]$_DFF_P_/D
     2620 |      20 |     757 |      631 |     40 |   325 |    +4.8% |   -0.101 |       -6.7 |    151 | sa11_sr\[7\]$_DFF_P_/D
     2629 |      20 |     758 |      631 |     40 |   326 |    +4.8% |   -0.101 |       -6.7 |    151 | sa11_sr\[7\]$_DFF_P_/D
     2630 |      20 |     758 |      631 |     40 |   326 |    +4.8% |   -0.101 |       -6.7 |    151 | sa11_sr\[7\]$_DFF_P_/D
     2638 |      20 |     761 |      633 |     40 |   327 |    +4.8% |   -0.101 |       -6.7 |    151 | sa11_sr\[7\]$_DFF_P_/D
     2640 |      20 |     762 |      633 |     40 |   327 |    +4.8% |   -0.101 |       -6.7 |    151 | sa11_sr\[7\]$_DFF_P_/D
     2646 |      20 |     762 |      634 |     40 |   327 |    +4.8% |   -0.101 |       -6.7 |    151 | sa11_sr\[7\]$_DFF_P_/D
     2647 |      20 |     762 |      634 |     40 |   327 |    +4.8% |   -0.101 |       -6.7 |    150 | sa11_sr\[7\]$_DFF_P_/D
     2650 |      20 |     763 |      638 |     40 |   327 |    +4.9% |   -0.101 |       -6.7 |    150 | sa11_sr\[7\]$_DFF_P_/D
     2659 |      20 |     767 |      640 |     41 |   328 |    +4.9% |   -0.101 |       -6.7 |    150 | sa11_sr\[7\]$_DFF_P_/D
     2660 |      20 |     767 |      640 |     41 |   328 |    +4.9% |   -0.101 |       -6.7 |    150 | sa11_sr\[7\]$_DFF_P_/D
     2670 |      20 |     773 |      640 |     41 |   332 |    +4.9% |   -0.101 |       -6.7 |    150 | sa11_sr\[7\]$_DFF_P_/D
     2678 |      20 |     777 |      640 |     41 |   335 |    +4.9% |   -0.101 |       -6.7 |    150 | sa11_sr\[7\]$_DFF_P_/D
     2680 |      20 |     778 |      640 |     41 |   335 |    +4.9% |   -0.101 |       -6.7 |    150 | sa11_sr\[7\]$_DFF_P_/D
     2682 |      20 |     779 |      640 |     41 |   336 |    +4.9% |   -0.101 |       -6.7 |    148 | sa11_sr\[7\]$_DFF_P_/D
     2690 |      20 |     783 |      646 |     41 |   338 |    +5.0% |   -0.102 |       -6.5 |    148 | sa11_sr\[7\]$_DFF_P_/D
     2700 |      20 |     791 |      648 |     42 |   338 |    +5.0% |   -0.102 |       -6.5 |    148 | sa11_sr\[7\]$_DFF_P_/D
     2710 |      20 |     797 |      650 |     43 |   340 |    +5.0% |   -0.102 |       -6.5 |    148 | sa11_sr\[7\]$_DFF_P_/D
     2720 |      20 |     804 |      652 |     43 |   342 |    +5.1% |   -0.102 |       -6.6 |    148 | sa11_sr\[7\]$_DFF_P_/D
     2726 |      20 |     781 |      644 |     41 |   336 |    +4.9% |   -0.101 |       -6.7 |    148 | sa11_sr\[7\]$_DFF_P_/D
     2730 |      20 |     782 |      646 |     41 |   337 |    +4.9% |   -0.101 |       -6.7 |    148 | sa11_sr\[7\]$_DFF_P_/D
     2740 |      20 |     787 |      651 |     42 |   340 |    +5.0% |   -0.101 |       -6.7 |    148 | sa11_sr\[7\]$_DFF_P_/D
     2750 |      20 |     791 |      653 |     45 |   342 |    +5.0% |   -0.101 |       -6.7 |    148 | sa11_sr\[7\]$_DFF_P_/D
     2757 |      20 |     792 |      655 |     45 |   342 |    +5.0% |   -0.101 |       -6.7 |    148 | sa11_sr\[7\]$_DFF_P_/D
     2760 |      20 |     793 |      655 |     45 |   343 |    +5.0% |   -0.101 |       -6.7 |    148 | sa11_sr\[7\]$_DFF_P_/D
     2770 |      20 |     801 |      657 |     45 |   344 |    +5.1% |   -0.102 |       -6.7 |    148 | sa11_sr\[7\]$_DFF_P_/D
     2779 |      20 |     798 |      657 |     45 |   344 |    +5.0% |   -0.101 |       -6.6 |    148 | sa11_sr\[7\]$_DFF_P_/D
     2780 |      20 |     798 |      657 |     45 |   344 |    +5.0% |   -0.101 |       -6.6 |    148 | sa11_sr\[7\]$_DFF_P_/D
     2790 |      21 |     802 |      659 |     46 |   347 |    +5.1% |   -0.101 |       -6.6 |    148 | sa11_sr\[7\]$_DFF_P_/D
     2800 |      21 |     810 |      661 |     46 |   348 |    +5.1% |   -0.101 |       -6.6 |    148 | sa11_sr\[7\]$_DFF_P_/D
     2800 |      21 |     804 |      660 |     46 |   347 |    +5.1% |   -0.101 |       -6.6 |    148 | sa11_sr\[7\]$_DFF_P_/D
     2807 |      21 |     806 |      663 |     46 |   349 |    +5.1% |   -0.101 |       -6.6 |    148 | sa11_sr\[7\]$_DFF_P_/D
     2810 |      21 |     808 |      663 |     46 |   349 |    +5.1% |   -0.103 |       -6.7 |    148 | sa11_sr\[3\]$_DFF_P_/D
     2820 |      21 |     815 |      666 |     46 |   351 |    +5.1% |   -0.103 |       -6.6 |    148 | sa11_sr\[3\]$_DFF_P_/D
     2821 |      21 |     806 |      664 |     46 |   349 |    +5.1% |   -0.101 |       -6.6 |    147 | sa11_sr\[7\]$_DFF_P_/D
     2830 |      21 |     813 |      664 |     46 |   350 |    +5.1% |   -0.101 |       -6.6 |    147 | sa11_sr\[7\]$_DFF_P_/D
     2835 |      21 |     808 |      664 |     46 |   349 |    +5.1% |   -0.101 |       -6.6 |    147 | sa11_sr\[7\]$_DFF_P_/D
     2840 |      21 |     811 |      664 |     46 |   350 |    +5.1% |   -0.101 |       -6.6 |    147 | sa11_sr\[7\]$_DFF_P_/D
     2843 |      21 |     814 |      664 |     46 |   350 |    +5.1% |   -0.101 |       -6.6 |    145 | sa11_sr\[7\]$_DFF_P_/D
     2850 |      21 |     816 |      664 |     46 |   354 |    +5.1% |   -0.101 |       -6.6 |    145 | sa11_sr\[7\]$_DFF_P_/D
     2857 |      21 |     821 |      664 |     46 |   356 |    +5.1% |   -0.101 |       -6.5 |    143 | sa11_sr\[7\]$_DFF_P_/D
     2860 |      21 |     821 |      667 |     46 |   357 |    +5.1% |   -0.101 |       -6.5 |    143 | sa11_sr\[7\]$_DFF_P_/D
     2863 |      21 |     821 |      667 |     46 |   360 |    +5.1% |   -0.101 |       -6.5 |    143 | sa11_sr\[7\]$_DFF_P_/D
     2870 |      21 |     825 |      667 |     46 |   362 |    +5.2% |   -0.101 |       -6.5 |    143 | sa11_sr\[7\]$_DFF_P_/D
     2876 |      21 |     829 |      667 |     46 |   364 |    +5.2% |   -0.101 |       -6.5 |    143 | sa11_sr\[7\]$_DFF_P_/D
     2880 |      21 |     830 |      667 |     46 |   366 |    +5.2% |   -0.101 |       -6.5 |    143 | sa11_sr\[7\]$_DFF_P_/D
     2884 |      21 |     833 |      667 |     46 |   367 |    +5.2% |   -0.101 |       -6.5 |    143 | sa11_sr\[7\]$_DFF_P_/D
     2890 |      21 |     835 |      667 |     46 |   370 |    +5.2% |   -0.101 |       -6.5 |    143 | sa11_sr\[7\]$_DFF_P_/D
     2900 |      21 |     840 |      671 |     46 |   373 |    +5.2% |   -0.102 |       -6.5 |    143 | sa11_sr\[3\]$_DFF_P_/D
     2905 |      21 |     835 |      670 |     46 |   370 |    +5.2% |   -0.101 |       -6.5 |    143 | sa11_sr\[7\]$_DFF_P_/D
     2906 |      21 |     835 |      670 |     46 |   370 |    +5.2% |   -0.101 |       -6.5 |    142 | sa11_sr\[7\]$_DFF_P_/D
     2910 |      21 |     837 |      670 |     46 |   371 |    +5.2% |   -0.101 |       -6.5 |    142 | sa11_sr\[7\]$_DFF_P_/D
     2920 |      21 |     845 |      672 |     46 |   372 |    +5.3% |   -0.103 |       -6.6 |    142 | sa11_sr\[7\]$_DFF_P_/D
     2925 |      21 |     838 |      671 |     46 |   370 |    +5.2% |   -0.101 |       -6.5 |    142 | sa11_sr\[7\]$_DFF_P_/D
     2930 |      21 |     842 |      671 |     46 |   370 |    +5.2% |   -0.101 |       -6.5 |    142 | sa11_sr\[7\]$_DFF_P_/D
     2940 |      21 |     848 |      673 |     48 |   371 |    +5.3% |   -0.101 |       -6.5 |    142 | sa11_sr\[7\]$_DFF_P_/D
     2950 |      21 |     856 |      675 |     48 |   372 |    +5.3% |   -0.101 |       -6.5 |    142 | sa11_sr\[7\]$_DFF_P_/D
     2960 |      21 |     862 |      677 |     49 |   374 |    +5.4% |   -0.101 |       -6.4 |    142 | sa11_sr\[7\]$_DFF_P_/D
     2962 |      21 |     863 |      677 |     49 |   374 |    +5.4% |   -0.101 |       -6.4 |    142 | sa11_sr\[7\]$_DFF_P_/D
     2970 |      21 |     867 |      677 |     49 |   377 |    +5.4% |   -0.101 |       -6.5 |    142 | sa11_sr\[7\]$_DFF_P_/D
     2980 |      21 |     877 |      677 |     49 |   377 |    +5.4% |   -0.103 |       -6.5 |    142 | sa11_sr\[3\]$_DFF_P_/D
     2990 |      21 |     884 |      679 |     50 |   378 |    +5.6% |   -0.103 |       -6.9 |    142 | sa11_sr\[3\]$_DFF_P_/D
     3000 |      21 |     890 |      679 |     52 |   380 |    +5.7% |   -0.103 |       -6.9 |    142 | sa11_sr\[3\]$_DFF_P_/D
     3000 |      21 |     869 |      678 |     49 |   374 |    +5.4% |   -0.101 |       -6.4 |    142 | sa11_sr\[7\]$_DFF_P_/D
     3010 |      22 |     876 |      678 |     49 |   375 |    +5.4% |   -0.101 |       -6.4 |    142 | sa11_sr\[7\]$_DFF_P_/D
     3020 |      23 |     880 |      684 |     49 |   378 |    +5.4% |   -0.101 |       -6.4 |    142 | sa11_sr\[7\]$_DFF_P_/D
     3024 |      23 |     881 |      684 |     49 |   378 |    +5.4% |   -0.101 |       -6.4 |    142 | sa11_sr\[7\]$_DFF_P_/D
     3030 |      23 |     884 |      686 |     49 |   379 |    +5.4% |   -0.101 |       -6.3 |    142 | sa11_sr\[7\]$_DFF_P_/D
     3034 |      23 |     883 |      685 |     49 |   379 |    +5.4% |   -0.101 |       -6.4 |    142 | sa11_sr\[7\]$_DFF_P_/D
     3040 |      23 |     886 |      685 |     49 |   381 |    +5.4% |   -0.101 |       -6.3 |    142 | sa11_sr\[7\]$_DFF_P_/D
     3046 |      23 |     888 |      685 |     49 |   385 |    +5.4% |   -0.101 |       -6.3 |    140 | sa11_sr\[7\]$_DFF_P_/D
     3048 |      23 |     888 |      685 |     49 |   386 |    +5.4% |   -0.101 |       -6.3 |    138 | sa11_sr\[7\]$_DFF_P_/D
     3050 |      23 |     888 |      687 |     49 |   386 |    +5.4% |   -0.101 |       -6.3 |    138 | sa11_sr\[7\]$_DFF_P_/D
     3060 |      23 |     892 |      689 |     49 |   391 |    +5.4% |   -0.101 |       -6.3 |    138 | sa11_sr\[7\]$_DFF_P_/D
     3060 |      23 |     892 |      689 |     49 |   391 |    +5.4% |   -0.101 |       -6.3 |    138 | sa11_sr\[7\]$_DFF_P_/D
     3070 |      23 |     896 |      691 |     49 |   395 |    +5.5% |   -0.101 |       -6.3 |    138 | sa11_sr\[7\]$_DFF_P_/D
     3078 |      23 |     900 |      691 |     49 |   397 |    +5.5% |   -0.101 |       -6.3 |    138 | sa11_sr\[7\]$_DFF_P_/D
     3080 |      23 |     901 |      691 |     49 |   397 |    +5.5% |   -0.101 |       -6.2 |    138 | sa11_sr\[7\]$_DFF_P_/D
     3086 |      24 |     903 |      693 |     50 |   398 |    +5.5% |   -0.101 |       -6.2 |    138 | sa11_sr\[7\]$_DFF_P_/D
     3090 |      24 |     904 |      697 |     50 |   398 |    +5.5% |   -0.101 |       -6.2 |    138 | sa11_sr\[7\]$_DFF_P_/D
     3100 |      24 |     908 |      697 |     52 |   402 |    +5.6% |   -0.101 |       -6.3 |    138 | sa11_sr\[7\]$_DFF_P_/D
     3103 |      24 |     907 |      697 |     50 |   400 |    +5.5% |   -0.101 |       -6.2 |    138 | sa11_sr\[7\]$_DFF_P_/D
     3107 |      25 |     909 |      697 |     50 |   400 |    +5.5% |   -0.101 |       -6.2 |    138 | sa11_sr\[7\]$_DFF_P_/D
     3110 |      25 |     909 |      699 |     50 |   401 |    +5.5% |   -0.104 |       -6.2 |    138 | sa11_sr\[4\]$_DFF_P_/D
     3114 |      25 |     909 |      698 |     50 |   400 |    +5.5% |   -0.101 |       -6.2 |    137 | sa11_sr\[7\]$_DFF_P_/D
     3120 |      25 |     911 |      698 |     50 |   403 |    +5.5% |   -0.101 |       -6.2 |    137 | sa11_sr\[7\]$_DFF_P_/D
     3130 |      25 |     916 |      698 |     50 |   408 |    +5.6% |   -0.103 |       -6.2 |    137 | sa11_sr\[3\]$_DFF_P_/D
     3131 |      25 |     912 |      698 |     50 |   406 |    +5.5% |   -0.101 |       -6.2 |    137 | sa11_sr\[7\]$_DFF_P_/D
     3140 |      25 |     916 |      700 |     50 |   409 |    +5.6% |   -0.103 |       -6.2 |    137 | sa11_sr\[7\]$_DFF_P_/D
     3144 |      25 |     914 |      700 |     50 |   409 |    +5.6% |   -0.101 |       -6.2 |    137 | sa11_sr\[7\]$_DFF_P_/D
     3150 |      25 |     916 |      700 |     50 |   412 |    +5.6% |   -0.101 |       -6.2 |    137 | sa11_sr\[3\]$_DFF_P_/D
     3160 |      25 |     922 |      702 |     51 |   414 |    +5.6% |   -0.103 |       -6.2 |    137 | sa11_sr\[3\]$_DFF_P_/D
     3170 |      25 |     928 |      704 |     52 |   416 |    +5.7% |   -0.103 |       -6.2 |    137 | sa11_sr\[3\]$_DFF_P_/D
     3171 |      25 |     915 |      702 |     50 |   411 |    +5.6% |   -0.101 |       -6.2 |    137 | sa11_sr\[7\]$_DFF_P_/D
     3180 |      25 |     917 |      706 |     50 |   415 |    +5.6% |   -0.101 |       -6.2 |    137 | sa11_sr\[7\]$_DFF_P_/D
     3180 |      25 |     915 |      704 |     50 |   411 |    +5.6% |   -0.101 |       -6.2 |    137 | sa11_sr\[7\]$_DFF_P_/D
     3190 |      25 |     920 |      704 |     53 |   412 |    +5.6% |   -0.101 |       -6.3 |    137 | sa11_sr\[7\]$_DFF_P_/D
     3194 |      25 |     918 |      704 |     50 |   411 |    +5.6% |   -0.101 |       -6.2 |    137 | sa11_sr\[7\]$_DFF_P_/D
     3200 |      25 |     921 |      704 |     51 |   412 |    +5.6% |   -0.101 |       -6.2 |    137 | sa11_sr\[7\]$_DFF_P_/D
     3203 |      25 |     920 |      704 |     50 |   412 |    +5.6% |   -0.101 |       -6.2 |    137 | sa11_sr\[7\]$_DFF_P_/D
     3210 |      25 |     923 |      704 |     50 |   415 |    +5.6% |   -0.101 |       -6.2 |    137 | sa11_sr\[7\]$_DFF_P_/D
     3210 |      25 |     922 |      704 |     50 |   414 |    +5.6% |   -0.101 |       -6.2 |    137 | sa11_sr\[7\]$_DFF_P_/D
     3220 |      25 |     929 |      704 |     50 |   416 |    +5.6% |   -0.102 |       -6.0 |    137 | sa11_sr\[7\]$_DFF_P_/D
     3230 |      25 |     937 |      704 |     50 |   418 |    +5.6% |   -0.105 |       -6.0 |    137 | sa11_sr\[7\]$_DFF_P_/D
     3240 |      25 |     944 |      706 |     51 |   419 |    +5.7% |   -0.105 |       -6.2 |    137 | sa11_sr\[7\]$_DFF_P_/D
     3250 |      25 |     947 |      708 |     55 |   421 |    +5.8% |   -0.105 |       -6.2 |    137 | sa11_sr\[7\]$_DFF_P_/D
     3250 |      25 |     925 |      706 |     50 |   414 |    +5.6% |   -0.101 |       -6.2 |    137 | sa11_sr\[7\]$_DFF_P_/D
     3254 |      25 |     927 |      706 |     50 |   415 |    +5.6% |   -0.101 |       -6.2 |    135 | sa11_sr\[7\]$_DFF_P_/D
     3255 |      25 |     927 |      706 |     50 |   415 |    +5.6% |   -0.101 |       -6.2 |    134 | sa11_sr\[7\]$_DFF_P_/D
     3260 |      25 |     930 |      708 |     50 |   415 |    +5.6% |   -0.101 |       -6.2 |    134 | sa11_sr\[7\]$_DFF_P_/D
     3270 |      25 |     937 |      710 |     51 |   416 |    +5.6% |   -0.101 |       -6.1 |    134 | sa11_sr\[7\]$_DFF_P_/D
     3274 |      25 |     937 |      711 |     51 |   416 |    +5.6% |   -0.101 |       -6.1 |    134 | sa11_sr\[7\]$_DFF_P_/D
     3278 |      25 |     938 |      711 |     51 |   416 |    +5.6% |   -0.101 |       -6.1 |    133 | sa11_sr\[7\]$_DFF_P_/D
     3280 |      25 |     939 |      711 |     51 |   416 |    +5.6% |   -0.101 |       -6.1 |    133 | sa11_sr\[7\]$_DFF_P_/D
     3287 |      25 |     941 |      715 |     51 |   419 |    +5.7% |   -0.101 |       -6.1 |    133 | sa11_sr\[7\]$_DFF_P_/D
     3288 |      25 |     941 |      715 |     51 |   419 |    +5.7% |   -0.101 |       -6.1 |    132 | sa11_sr\[7\]$_DFF_P_/D
     3290 |      25 |     941 |      715 |     51 |   420 |    +5.7% |   -0.101 |       -6.1 |    132 | sa11_sr\[7\]$_DFF_P_/D
     3294 |      25 |     944 |      716 |     51 |   420 |    +5.7% |   -0.101 |       -6.1 |    130 | sa11_sr\[7\]$_DFF_P_/D
     3296 |      25 |     945 |      716 |     51 |   420 |    +5.7% |   -0.101 |       -6.1 |    128 | sa11_sr\[7\]$_DFF_P_/D
     3299 |      26 |     946 |      716 |     51 |   420 |    +5.7% |   -0.101 |       -6.1 |    126 | sa11_sr\[7\]$_DFF_P_/D
     3300 |      26 |     946 |      716 |     51 |   420 |    +5.7% |   -0.101 |       -6.1 |    126 | sa11_sr\[7\]$_DFF_P_/D
     3309 |      26 |     953 |      716 |     51 |   422 |    +5.7% |   -0.101 |       -6.1 |    124 | sa11_sr\[7\]$_DFF_P_/D
     3310 |      26 |     953 |      716 |     51 |   422 |    +5.7% |   -0.101 |       -6.1 |    124 | sa11_sr\[7\]$_DFF_P_/D
     3310 |      26 |     953 |      716 |     51 |   422 |    +5.7% |   -0.101 |       -6.1 |    123 | sa11_sr\[7\]$_DFF_P_/D
    3310* |      26 |     953 |      716 |     51 |   422 |    +5.7% |   -0.101 |       -6.1 |    143 | sa11_sr\[7\]$_DFF_P_/D
    3311* |      26 |     953 |      716 |     51 |   422 |    +5.7% |   -0.101 |       -6.1 |    143 | sa11_sr\[7\]$_DFF_P_/D
    3312* |      26 |     953 |      716 |     51 |   422 |    +5.7% |   -0.101 |       -6.1 |    143 | sa11_sr\[7\]$_DFF_P_/D
    3313* |      26 |     953 |      716 |     51 |   422 |    +5.7% |   -0.101 |       -6.1 |    143 | sa11_sr\[7\]$_DFF_P_/D
    3316* |      26 |     955 |      716 |     51 |   422 |    +5.7% |   -0.101 |       -6.1 |    143 | sa11_sr\[7\]$_DFF_P_/D
    3318* |      26 |     956 |      716 |     51 |   422 |    +5.7% |   -0.101 |       -6.1 |    143 | sa11_sr\[7\]$_DFF_P_/D
    3320* |      26 |     957 |      716 |     51 |   422 |    +5.7% |   -0.101 |       -6.1 |    143 | sa11_sr\[7\]$_DFF_P_/D
    3322* |      26 |     959 |      716 |     51 |   422 |    +5.8% |   -0.101 |       -6.1 |    143 | sa11_sr\[7\]$_DFF_P_/D
    3323* |      26 |     959 |      716 |     51 |   422 |    +5.8% |   -0.101 |       -6.1 |    143 | sa11_sr\[7\]$_DFF_P_/D
    3324* |      26 |     959 |      716 |     51 |   422 |    +5.8% |   -0.101 |       -6.1 |    143 | sa11_sr\[7\]$_DFF_P_/D
    3325* |      26 |     959 |      716 |     51 |   422 |    +5.8% |   -0.101 |       -6.1 |    143 | sa11_sr\[7\]$_DFF_P_/D
    3326* |      26 |     959 |      716 |     51 |   422 |    +5.8% |   -0.101 |       -6.1 |    143 | sa11_sr\[7\]$_DFF_P_/D
    3329* |      26 |     961 |      716 |     51 |   422 |    +5.8% |   -0.101 |       -6.1 |    143 | sa11_sr\[7\]$_DFF_P_/D
    3330* |      26 |     961 |      716 |     51 |   422 |    +5.8% |   -0.101 |       -6.1 |    143 | sa11_sr\[7\]$_DFF_P_/D
    3330* |      26 |     961 |      716 |     51 |   422 |    +5.8% |   -0.101 |       -6.1 |    143 | sa11_sr\[7\]$_DFF_P_/D
    3333* |      26 |     963 |      716 |     51 |   422 |    +5.8% |   -0.101 |       -6.1 |    143 | sa11_sr\[7\]$_DFF_P_/D
    3334* |      26 |     963 |      716 |     51 |   422 |    +5.8% |   -0.101 |       -6.1 |    143 | sa11_sr\[7\]$_DFF_P_/D
    3335* |      26 |     963 |      716 |     51 |   422 |    +5.8% |   -0.101 |       -6.1 |    143 | sa11_sr\[7\]$_DFF_P_/D
    3338* |      26 |     965 |      716 |     51 |   422 |    +5.8% |   -0.101 |       -6.0 |    143 | sa11_sr\[7\]$_DFF_P_/D
    3339* |      26 |     965 |      716 |     51 |   422 |    +5.8% |   -0.101 |       -6.0 |    143 | sa11_sr\[7\]$_DFF_P_/D
    3340* |      26 |     965 |      716 |     51 |   422 |    +5.8% |   -0.101 |       -6.0 |    143 | sa11_sr\[7\]$_DFF_P_/D
    3341* |      26 |     966 |      716 |     51 |   422 |    +5.8% |   -0.101 |       -6.0 |    143 | sa11_sr\[7\]$_DFF_P_/D
    3342* |      26 |     966 |      716 |     51 |   422 |    +5.8% |   -0.101 |       -6.0 |    143 | sa11_sr\[7\]$_DFF_P_/D
    3344* |      26 |     967 |      716 |     51 |   422 |    +5.8% |   -0.101 |       -6.0 |    143 | sa11_sr\[7\]$_DFF_P_/D
    3345* |      26 |     967 |      716 |     51 |   422 |    +5.8% |   -0.101 |       -6.0 |    143 | sa11_sr\[7\]$_DFF_P_/D
    3346* |      26 |     967 |      716 |     51 |   422 |    +5.8% |   -0.101 |       -6.0 |    143 | sa11_sr\[7\]$_DFF_P_/D
    3348* |      26 |     968 |      716 |     51 |   422 |    +5.8% |   -0.101 |       -6.0 |    143 | sa11_sr\[7\]$_DFF_P_/D
    3349* |      26 |     968 |      716 |     51 |   422 |    +5.8% |   -0.101 |       -6.0 |    143 | sa11_sr\[7\]$_DFF_P_/D
    3350* |      26 |     968 |      716 |     51 |   422 |    +5.8% |   -0.101 |       -6.0 |    143 | sa11_sr\[7\]$_DFF_P_/D
    3351* |      26 |     969 |      716 |     51 |   422 |    +5.8% |   -0.101 |       -6.0 |    143 | sa11_sr\[7\]$_DFF_P_/D
    3352* |      26 |     969 |      716 |     51 |   422 |    +5.8% |   -0.101 |       -6.0 |    143 | sa11_sr\[7\]$_DFF_P_/D
    3353* |      26 |     969 |      716 |     51 |   422 |    +5.8% |   -0.101 |       -6.0 |    143 | sa11_sr\[7\]$_DFF_P_/D
    3356* |      26 |     971 |      716 |     51 |   422 |    +5.8% |   -0.101 |       -6.0 |    143 | sa11_sr\[7\]$_DFF_P_/D
    3357* |      26 |     971 |      716 |     51 |   422 |    +5.8% |   -0.101 |       -6.0 |    143 | sa11_sr\[7\]$_DFF_P_/D
    3358* |      26 |     971 |      716 |     51 |   422 |    +5.8% |   -0.101 |       -6.0 |    143 | sa11_sr\[7\]$_DFF_P_/D
    3359* |      26 |     971 |      716 |     51 |   422 |    +5.8% |   -0.101 |       -6.0 |    143 | sa11_sr\[7\]$_DFF_P_/D
    3360* |      26 |     971 |      716 |     51 |   422 |    +5.8% |   -0.101 |       -6.0 |    143 | sa11_sr\[7\]$_DFF_P_/D
    3360* |      26 |     971 |      716 |     51 |   422 |    +5.8% |   -0.101 |       -6.0 |    143 | sa11_sr\[7\]$_DFF_P_/D
    3361* |      26 |     971 |      716 |     51 |   422 |    +5.8% |   -0.101 |       -6.0 |    143 | sa11_sr\[7\]$_DFF_P_/D
    3362* |      26 |     971 |      716 |     51 |   422 |    +5.8% |   -0.101 |       -6.0 |    143 | sa11_sr\[7\]$_DFF_P_/D
    3364* |      26 |     972 |      716 |     51 |   422 |    +5.8% |   -0.101 |       -6.0 |    143 | sa11_sr\[7\]$_DFF_P_/D
    3365* |      26 |     972 |      716 |     51 |   422 |    +5.8% |   -0.101 |       -6.0 |    143 | sa11_sr\[7\]$_DFF_P_/D
    3368* |      26 |     974 |      716 |     51 |   422 |    +5.8% |   -0.101 |       -6.0 |    143 | sa11_sr\[7\]$_DFF_P_/D
    3369* |      26 |     974 |      716 |     51 |   422 |    +5.8% |   -0.101 |       -6.0 |    143 | sa11_sr\[7\]$_DFF_P_/D
    3370* |      26 |     974 |      716 |     51 |   422 |    +5.8% |   -0.101 |       -6.0 |    143 | sa11_sr\[7\]$_DFF_P_/D
    3370* |      26 |     974 |      716 |     51 |   422 |    +5.8% |   -0.101 |       -6.0 |    143 | sa11_sr\[7\]$_DFF_P_/D
    3371* |      26 |     974 |      716 |     51 |   422 |    +5.8% |   -0.101 |       -6.0 |    143 | sa11_sr\[7\]$_DFF_P_/D
    3375* |      26 |     977 |      716 |     51 |   422 |    +5.8% |   -0.101 |       -6.0 |    143 | sa11_sr\[7\]$_DFF_P_/D
    3376* |      26 |     977 |      716 |     51 |   422 |    +5.8% |   -0.101 |       -6.0 |    143 | sa11_sr\[7\]$_DFF_P_/D
    3377* |      26 |     977 |      716 |     51 |   422 |    +5.8% |   -0.101 |       -6.0 |    143 | sa11_sr\[7\]$_DFF_P_/D
    3378* |      26 |     977 |      716 |     51 |   422 |    +5.8% |   -0.101 |       -6.0 |    143 | sa11_sr\[7\]$_DFF_P_/D
    3379* |      26 |     977 |      716 |     51 |   422 |    +5.8% |   -0.101 |       -6.0 |    143 | sa11_sr\[7\]$_DFF_P_/D
    3380* |      26 |     977 |      716 |     51 |   422 |    +5.8% |   -0.101 |       -6.0 |    143 | sa11_sr\[7\]$_DFF_P_/D
    3380* |      26 |     977 |      716 |     51 |   422 |    +5.8% |   -0.101 |       -6.0 |    143 | sa11_sr\[7\]$_DFF_P_/D
    3382* |      26 |     978 |      716 |     51 |   422 |    +5.8% |   -0.101 |       -6.0 |    143 | sa11_sr\[7\]$_DFF_P_/D
    3385* |      26 |     980 |      716 |     51 |   422 |    +5.9% |   -0.101 |       -6.0 |    143 | sa11_sr\[7\]$_DFF_P_/D
    3386* |      26 |     980 |      716 |     51 |   422 |    +5.9% |   -0.101 |       -6.0 |    143 | sa11_sr\[7\]$_DFF_P_/D
    3387* |      26 |     980 |      716 |     51 |   422 |    +5.9% |   -0.101 |       -6.0 |    143 | sa11_sr\[7\]$_DFF_P_/D
    3388* |      26 |     980 |      716 |     51 |   422 |    +5.9% |   -0.101 |       -6.0 |    143 | sa11_sr\[7\]$_DFF_P_/D
    3390* |      26 |     981 |      716 |     51 |   422 |    +5.9% |   -0.101 |       -6.0 |    143 | sa11_sr\[7\]$_DFF_P_/D
    3390* |      26 |     981 |      716 |     51 |   422 |    +5.9% |   -0.101 |       -6.0 |    143 | sa11_sr\[7\]$_DFF_P_/D
    3391* |      26 |     981 |      716 |     51 |   422 |    +5.9% |   -0.101 |       -6.0 |    143 | sa11_sr\[7\]$_DFF_P_/D
    3392* |      26 |     981 |      716 |     51 |   422 |    +5.9% |   -0.101 |       -6.0 |    143 | sa11_sr\[7\]$_DFF_P_/D
    3393* |      26 |     981 |      716 |     51 |   422 |    +5.9% |   -0.101 |       -6.0 |    143 | sa11_sr\[7\]$_DFF_P_/D
    3394* |      26 |     981 |      716 |     51 |   422 |    +5.9% |   -0.101 |       -6.0 |    143 | sa11_sr\[7\]$_DFF_P_/D
    3396* |      26 |     982 |      716 |     51 |   422 |    +5.9% |   -0.101 |       -6.0 |    143 | sa11_sr\[7\]$_DFF_P_/D
    3397* |      26 |     982 |      716 |     51 |   422 |    +5.9% |   -0.101 |       -6.0 |    143 | sa11_sr\[7\]$_DFF_P_/D
    3398* |      26 |     982 |      716 |     51 |   422 |    +5.9% |   -0.101 |       -6.0 |    143 | sa11_sr\[7\]$_DFF_P_/D
    3400* |      26 |     983 |      716 |     51 |   422 |    +5.9% |   -0.101 |       -6.0 |    143 | sa11_sr\[7\]$_DFF_P_/D
    3401* |      26 |     983 |      716 |     51 |   422 |    +5.9% |   -0.101 |       -6.0 |    143 | sa11_sr\[7\]$_DFF_P_/D
    3402* |      26 |     983 |      716 |     51 |   422 |    +5.9% |   -0.101 |       -6.0 |    143 | sa11_sr\[7\]$_DFF_P_/D
    3403* |      26 |     983 |      716 |     51 |   422 |    +5.9% |   -0.101 |       -6.0 |    143 | sa11_sr\[7\]$_DFF_P_/D
    3404* |      26 |     983 |      716 |     51 |   422 |    +5.9% |   -0.101 |       -6.0 |    143 | sa11_sr\[7\]$_DFF_P_/D
    3405* |      26 |     983 |      716 |     51 |   422 |    +5.9% |   -0.101 |       -6.0 |    143 | sa11_sr\[7\]$_DFF_P_/D
    3406* |      26 |     983 |      716 |     51 |   422 |    +5.9% |   -0.101 |       -6.0 |    143 | sa11_sr\[7\]$_DFF_P_/D
    3408* |      26 |     984 |      716 |     51 |   422 |    +5.9% |   -0.101 |       -6.0 |    143 | sa11_sr\[7\]$_DFF_P_/D
    3409* |      26 |     984 |      716 |     51 |   422 |    +5.9% |   -0.101 |       -6.0 |    143 | sa11_sr\[7\]$_DFF_P_/D
    3410* |      26 |     984 |      716 |     51 |   422 |    +5.9% |   -0.101 |       -6.0 |    143 | sa11_sr\[7\]$_DFF_P_/D
    3411* |      26 |     985 |      716 |     51 |   422 |    +5.9% |   -0.101 |       -6.0 |    143 | sa11_sr\[7\]$_DFF_P_/D
    3412* |      26 |     985 |      716 |     51 |   422 |    +5.9% |   -0.101 |       -6.0 |    143 | sa11_sr\[7\]$_DFF_P_/D
    3413* |      26 |     985 |      716 |     51 |   422 |    +5.9% |   -0.101 |       -6.0 |    143 | sa11_sr\[7\]$_DFF_P_/D
    3414* |      26 |     985 |      716 |     51 |   422 |    +5.9% |   -0.101 |       -6.0 |    143 | sa11_sr\[7\]$_DFF_P_/D
    3415* |      26 |     985 |      716 |     51 |   422 |    +5.9% |   -0.101 |       -6.0 |    143 | sa11_sr\[7\]$_DFF_P_/D
    3416* |      26 |     985 |      716 |     51 |   422 |    +5.9% |   -0.101 |       -6.0 |    143 | sa11_sr\[7\]$_DFF_P_/D
    3417* |      26 |     985 |      716 |     51 |   422 |    +5.9% |   -0.101 |       -6.0 |    143 | sa11_sr\[7\]$_DFF_P_/D
    3418* |      26 |     985 |      716 |     51 |   422 |    +5.9% |   -0.101 |       -6.0 |    143 | sa11_sr\[7\]$_DFF_P_/D
    3419* |      26 |     985 |      716 |     51 |   422 |    +5.9% |   -0.101 |       -6.0 |    143 | sa11_sr\[7\]$_DFF_P_/D
    3420* |      26 |     985 |      716 |     51 |   422 |    +5.9% |   -0.101 |       -6.0 |    143 | sa11_sr\[7\]$_DFF_P_/D
    3422* |      26 |     987 |      716 |     51 |   422 |    +5.9% |   -0.101 |       -6.0 |    143 | sa11_sr\[7\]$_DFF_P_/D
    3423* |      26 |     987 |      716 |     51 |   422 |    +5.9% |   -0.101 |       -6.0 |    143 | sa11_sr\[7\]$_DFF_P_/D
    3424* |      26 |     987 |      716 |     51 |   422 |    +5.9% |   -0.101 |       -6.0 |    143 | sa11_sr\[7\]$_DFF_P_/D
    3425* |      26 |     987 |      716 |     51 |   422 |    +5.9% |   -0.101 |       -6.0 |    143 | sa11_sr\[7\]$_DFF_P_/D
    3428* |      26 |     989 |      716 |     51 |   422 |    +5.9% |   -0.101 |       -6.0 |    143 | sa11_sr\[7\]$_DFF_P_/D
    3430* |      26 |     990 |      716 |     51 |   422 |    +5.9% |   -0.101 |       -6.0 |    143 | sa11_sr\[7\]$_DFF_P_/D
    3432* |      26 |     992 |      716 |     51 |   422 |    +5.9% |   -0.101 |       -6.0 |    143 | sa11_sr\[7\]$_DFF_P_/D
    3433* |      26 |     992 |      716 |     51 |   422 |    +5.9% |   -0.101 |       -6.0 |    143 | sa11_sr\[7\]$_DFF_P_/D
    3435* |      26 |     993 |      716 |     51 |   422 |    +5.9% |   -0.101 |       -6.0 |    143 | sa11_sr\[7\]$_DFF_P_/D
    3436* |      26 |     993 |      716 |     51 |   422 |    +5.9% |   -0.101 |       -6.0 |    143 | sa11_sr\[7\]$_DFF_P_/D
    3437* |      26 |     993 |      716 |     51 |   422 |    +5.9% |   -0.101 |       -6.0 |    143 | sa11_sr\[7\]$_DFF_P_/D
    3438* |      26 |     993 |      716 |     51 |   422 |    +5.9% |   -0.101 |       -6.0 |    143 | sa11_sr\[7\]$_DFF_P_/D
    3440* |      26 |     994 |      716 |     51 |   422 |    +5.9% |   -0.101 |       -6.0 |    143 | sa11_sr\[7\]$_DFF_P_/D
    3440* |      26 |     994 |      716 |     51 |   422 |    +5.9% |   -0.101 |       -6.0 |    143 | sa11_sr\[7\]$_DFF_P_/D
    3444* |      26 |     997 |      716 |     51 |   422 |    +5.9% |   -0.101 |       -6.0 |    143 | sa11_sr\[7\]$_DFF_P_/D
    3445* |      26 |     997 |      716 |     51 |   422 |    +5.9% |   -0.101 |       -6.0 |    143 | sa11_sr\[7\]$_DFF_P_/D
    3446* |      26 |     997 |      716 |     51 |   422 |    +5.9% |   -0.101 |       -6.0 |    143 | sa11_sr\[7\]$_DFF_P_/D
    3450* |      26 |    1000 |      716 |     51 |   422 |    +5.9% |   -0.101 |       -6.0 |    143 | sa11_sr\[7\]$_DFF_P_/D
    3450* |      26 |    1000 |      716 |     51 |   422 |    +5.9% |   -0.101 |       -6.0 |    143 | sa11_sr\[7\]$_DFF_P_/D
    3451* |      26 |    1000 |      716 |     51 |   422 |    +5.9% |   -0.101 |       -6.0 |    143 | sa11_sr\[7\]$_DFF_P_/D
    3452* |      26 |    1000 |      716 |     51 |   422 |    +5.9% |   -0.101 |       -6.0 |    143 | sa11_sr\[7\]$_DFF_P_/D
    3454* |      26 |    1001 |      716 |     51 |   422 |    +6.0% |   -0.101 |       -5.9 |    143 | sa11_sr\[7\]$_DFF_P_/D
    3455* |      26 |    1001 |      716 |     51 |   422 |    +6.0% |   -0.101 |       -5.9 |    143 | sa11_sr\[7\]$_DFF_P_/D
    3456* |      26 |    1001 |      716 |     51 |   422 |    +6.0% |   -0.101 |       -5.9 |    143 | sa11_sr\[7\]$_DFF_P_/D
    3457* |      26 |    1001 |      716 |     51 |   422 |    +6.0% |   -0.101 |       -5.9 |    143 | sa11_sr\[7\]$_DFF_P_/D
    3458* |      26 |    1001 |      716 |     51 |   422 |    +6.0% |   -0.101 |       -5.9 |    143 | sa11_sr\[7\]$_DFF_P_/D
    3459* |      26 |    1001 |      716 |     51 |   422 |    +6.0% |   -0.101 |       -5.9 |    143 | sa11_sr\[7\]$_DFF_P_/D
    3460* |      26 |    1001 |      716 |     51 |   422 |    +6.0% |   -0.101 |       -5.9 |    143 | sa11_sr\[7\]$_DFF_P_/D
    3460* |      26 |    1001 |      716 |     51 |   422 |    +6.0% |   -0.101 |       -5.9 |    143 | sa11_sr\[7\]$_DFF_P_/D
    3461* |      26 |    1001 |      716 |     51 |   422 |    +6.0% |   -0.101 |       -5.9 |    143 | sa11_sr\[7\]$_DFF_P_/D
    3465* |      26 |    1004 |      716 |     51 |   422 |    +6.0% |   -0.101 |       -5.9 |    143 | sa11_sr\[7\]$_DFF_P_/D
    3466* |      26 |    1004 |      716 |     51 |   422 |    +6.0% |   -0.101 |       -5.9 |    143 | sa11_sr\[7\]$_DFF_P_/D
    3467* |      26 |    1004 |      716 |     51 |   422 |    +6.0% |   -0.101 |       -5.9 |    143 | sa11_sr\[7\]$_DFF_P_/D
    3468* |      26 |    1004 |      716 |     51 |   422 |    +6.0% |   -0.101 |       -5.9 |    143 | sa11_sr\[7\]$_DFF_P_/D
    3470* |      26 |    1005 |      716 |     51 |   422 |    +6.0% |   -0.101 |       -5.9 |    143 | sa11_sr\[7\]$_DFF_P_/D
    3471* |      26 |    1006 |      716 |     51 |   422 |    +6.0% |   -0.101 |       -5.9 |    143 | sa11_sr\[7\]$_DFF_P_/D
    3474* |      26 |    1008 |      716 |     51 |   422 |    +6.0% |   -0.101 |       -5.9 |    143 | sa11_sr\[7\]$_DFF_P_/D
    3475* |      26 |    1008 |      716 |     51 |   422 |    +6.0% |   -0.101 |       -5.9 |    143 | sa11_sr\[7\]$_DFF_P_/D
    3476* |      26 |    1008 |      716 |     51 |   422 |    +6.0% |   -0.101 |       -5.9 |    143 | sa11_sr\[7\]$_DFF_P_/D
    3477* |      26 |    1008 |      716 |     51 |   422 |    +6.0% |   -0.101 |       -5.9 |    143 | sa11_sr\[7\]$_DFF_P_/D
    3478* |      26 |    1008 |      716 |     51 |   422 |    +6.0% |   -0.101 |       -5.9 |    143 | sa11_sr\[7\]$_DFF_P_/D
    3479* |      26 |    1008 |      716 |     51 |   422 |    +6.0% |   -0.101 |       -5.9 |    143 | sa11_sr\[7\]$_DFF_P_/D
    3480* |      26 |    1008 |      716 |     51 |   422 |    +6.0% |   -0.101 |       -5.9 |    143 | sa11_sr\[7\]$_DFF_P_/D
    3480* |      26 |    1008 |      716 |     51 |   422 |    +6.0% |   -0.101 |       -5.9 |    143 | sa11_sr\[7\]$_DFF_P_/D
    3481* |      26 |    1008 |      716 |     51 |   422 |    +6.0% |   -0.101 |       -5.9 |    143 | sa11_sr\[7\]$_DFF_P_/D
    3482* |      26 |    1008 |      716 |     51 |   422 |    +6.0% |   -0.101 |       -5.9 |    143 | sa11_sr\[7\]$_DFF_P_/D
    3484* |      26 |    1009 |      716 |     51 |   422 |    +6.0% |   -0.101 |       -5.9 |    143 | sa11_sr\[7\]$_DFF_P_/D
    3486* |      26 |    1010 |      716 |     51 |   422 |    +6.0% |   -0.101 |       -5.9 |    143 | sa11_sr\[7\]$_DFF_P_/D
    3487* |      26 |    1010 |      716 |     51 |   422 |    +6.0% |   -0.101 |       -5.9 |    143 | sa11_sr\[7\]$_DFF_P_/D
    3488* |      26 |    1010 |      716 |     51 |   422 |    +6.0% |   -0.101 |       -5.9 |    143 | sa11_sr\[7\]$_DFF_P_/D
    3490* |      26 |    1011 |      716 |     51 |   422 |    +6.0% |   -0.101 |       -5.9 |    143 | sa11_sr\[7\]$_DFF_P_/D
    3490* |      26 |    1011 |      716 |     51 |   422 |    +6.0% |   -0.101 |       -5.9 |    143 | sa11_sr\[7\]$_DFF_P_/D
    3493* |      26 |    1013 |      716 |     51 |   422 |    +6.0% |   -0.101 |       -5.9 |    143 | sa11_sr\[7\]$_DFF_P_/D
    3494* |      26 |    1013 |      716 |     51 |   422 |    +6.0% |   -0.101 |       -5.9 |    143 | sa11_sr\[7\]$_DFF_P_/D
    3495* |      26 |    1013 |      716 |     51 |   422 |    +6.0% |   -0.101 |       -5.9 |    143 | sa11_sr\[7\]$_DFF_P_/D
    3496* |      26 |    1013 |      716 |     51 |   422 |    +6.0% |   -0.101 |       -5.9 |    143 | sa11_sr\[7\]$_DFF_P_/D
    3497* |      26 |    1013 |      716 |     51 |   422 |    +6.0% |   -0.101 |       -5.9 |    143 | sa11_sr\[7\]$_DFF_P_/D
    3499* |      26 |    1014 |      716 |     51 |   422 |    +6.0% |   -0.101 |       -5.9 |    143 | sa11_sr\[7\]$_DFF_P_/D
    3500* |      26 |    1014 |      716 |     51 |   422 |    +6.0% |   -0.101 |       -5.9 |    143 | sa11_sr\[7\]$_DFF_P_/D
    final |      26 |    1014 |      716 |     51 |   422 |    +6.0% |   -0.101 |       -5.9 |    143 | sa11_sr\[7\]$_DFF_P_/D
--------------------------------------------------------------------------------------------------------------
[INFO RSZ-0059] Removed 26 buffers.
[INFO RSZ-0045] Inserted 375 buffers, 1 to split loads.
[INFO RSZ-0041] Resized 1014 instances.
[INFO RSZ-0043] Swapped pins on 422 instances.
[INFO RSZ-0049] Cloned 51 instances.
[WARNING RSZ-0062] Unable to repair all setup violations.
[INFO RSZ-0046] Found 1 endpoints with hold violations.
Iteration | Resized | Buffers | Cloned Gates |   Area   |   WNS   |   TNS   | Endpoint
--------------------------------------------------------------------------------------
        0 |       0 |       0 |            0 |    +0.0% |  -0.000 |  -0.000 | ld_r$_DFF_P_/D
    final |       0 |       1 |            0 |    +0.0% |   0.000 |   0.000 | text_in_r\[126\]$_DFFE_PP_/D
--------------------------------------------------------------------------------------
[INFO RSZ-0032] Inserted 1 hold buffers.
Took 65 seconds: repair_timing -verbose -setup_margin 0 -hold_margin 0 -repair_tns 100
Placement Analysis
---------------------------------
total displacement       2860.2 u
average displacement        0.2 u
max displacement            7.0 u
original HPWL          252173.5 u
legalized HPWL         254449.3 u
delta HPWL                    1 %

Report metrics stage 4, cts final...

==========================================================================
cts final report_design_area
--------------------------------------------------------------------------
Design area 27324 u^2 52% utilization.
Elapsed time: 1:14.24[h:]min:sec. CPU time: user 74.00 sys 0.23 (99%). Peak memory: 447872KB.
