
==========================================================================
floorplan final report_tns
--------------------------------------------------------------------------
tns -2892.54

==========================================================================
floorplan final report_wns
--------------------------------------------------------------------------
wns -0.26

==========================================================================
floorplan final report_worst_slack
--------------------------------------------------------------------------
worst slack -0.26

==========================================================================
floorplan final report_checks -path_delay min
--------------------------------------------------------------------------
Startpoint: swerv.dbg.dmcontrol_dmactive_ff.dffs.dout$_DFFE_PN0P_
            (rising edge-triggered flip-flop clocked by core_clock)
Endpoint: swerv.dbg.axi_arready_ff.dffs.dout$_DFFE_PN0P_
          (removal check against rising-edge clock core_clock)
Path Group: asynchronous
Path Type: min

Fanout     Cap    Slew   Delay    Time   Description
-----------------------------------------------------------------------------
                  0.00    0.00    0.00   clock core_clock (rise edge)
                          0.00    0.00   clock network delay (ideal)
                  0.00    0.00    0.00 ^ swerv.dbg.dmcontrol_dmactive_ff.dffs.dout$_DFFE_PN0P_/CK (DFFR_X1)
     3    4.30    0.02    0.11    0.11 ^ swerv.dbg.dmcontrol_dmactive_ff.dffs.dout$_DFFE_PN0P_/Q (DFFR_X1)
                                         swerv.dbg.dmcontrol_dmactive_ff.dffs.dout (net)
                  0.02    0.00    0.11 ^ _121050_/B1 (OAI21_X1)
     1    1.55    0.01    0.02    0.12 v _121050_/ZN (OAI21_X1)
                                         _038060_ (net)
                  0.01    0.00    0.12 v _121051_/A (INV_X1)
   330  586.91    1.34    1.42    1.54 ^ _121051_/ZN (INV_X1)
                                         swerv.dbg.axi_arready_ff.dffs.rst_l (net)
                  1.34    0.00    1.54 ^ swerv.dbg.axi_arready_ff.dffs.dout$_DFFE_PN0P_/RN (DFFR_X1)
                                  1.54   data arrival time

                  0.00    0.00    0.00   clock core_clock (rise edge)
                          0.00    0.00   clock network delay (ideal)
                          0.00    0.00   clock reconvergence pessimism
                                  0.00 ^ swerv.dbg.axi_arready_ff.dffs.dout$_DFFE_PN0P_/CK (DFFR_X1)
                          1.86    1.86   library removal time
                                  1.86   data required time
-----------------------------------------------------------------------------
                                  1.86   data required time
                                 -1.54   data arrival time
-----------------------------------------------------------------------------
                                 -0.32   slack (VIOLATED)


Startpoint: swerv.lsu.lsu_lsc_ctl.misaligned_fault_dc3ff.dout$_DFF_PN0_
            (rising edge-triggered flip-flop clocked by core_clock)
Endpoint: swerv.dec.tlu.lsu_error_dc4ff.dout[32]$_DFF_PN0_
          (rising edge-triggered flip-flop clocked by core_clock)
Path Group: core_clock
Path Type: min

Fanout     Cap    Slew   Delay    Time   Description
-----------------------------------------------------------------------------
                  0.00    0.00    0.00   clock core_clock (rise edge)
                          0.00    0.00   clock network delay (ideal)
                  0.00    0.00    0.00 ^ swerv.lsu.lsu_lsc_ctl.misaligned_fault_dc3ff.dout$_DFF_PN0_/CK (DFFR_X1)
     1    1.13    0.01    0.06    0.06 ^ swerv.lsu.lsu_lsc_ctl.misaligned_fault_dc3ff.dout$_DFF_PN0_/QN (DFFR_X1)
                                         swerv.dec.lsu_error_pkt_dc3[32] (net)
                  0.01    0.00    0.06 ^ swerv.dec.tlu.lsu_error_dc4ff.dout[32]$_DFF_PN0_/D (DFFR_X1)
                                  0.06   data arrival time

                  0.00    0.00    0.00   clock core_clock (rise edge)
                          0.00    0.00   clock network delay (ideal)
                          0.00    0.00   clock reconvergence pessimism
                                  0.00 ^ swerv.dec.tlu.lsu_error_dc4ff.dout[32]$_DFF_PN0_/CK (DFFR_X1)
                          0.01    0.01   library hold time
                                  0.01   data required time
-----------------------------------------------------------------------------
                                  0.01   data required time
                                 -0.06   data arrival time
-----------------------------------------------------------------------------
                                  0.06   slack (MET)



==========================================================================
floorplan final report_checks -path_delay max
--------------------------------------------------------------------------
Startpoint: rst_l (input port clocked by core_clock)
Endpoint: swerv.dec.arf.gpr_banks_0__gpr_29__gprff.genblock_dff.dout[13]$_DFF_PN0_
          (recovery check against rising-edge clock core_clock)
Path Group: asynchronous
Path Type: max

Fanout     Cap    Slew   Delay    Time   Description
-----------------------------------------------------------------------------
                  0.00    0.00    0.00   clock core_clock (rise edge)
                          0.00    0.00   clock network delay (ideal)
                          0.40    0.40 ^ input external delay
     9   63.31    0.00    0.00    0.40 ^ rst_l (in)
                                         rst_l (net)
                  0.00    0.00    0.40 ^ _120396_/A (INV_X32)
    17   95.20    0.00    0.01    0.41 v _120396_/ZN (INV_X32)
                                         _037685_ (net)
                  0.00    0.00    0.41 v clone5/A (AOI21_X4)
   680 1209.40    1.42    1.57    1.97 ^ clone5/ZN (AOI21_X4)
                                         net5 (net)
                  1.42    0.00    1.97 ^ swerv.dec.arf.gpr_banks_0__gpr_29__gprff.genblock_dff.dout[13]$_DFF_PN0_/RN (DFFR_X1)
                                  1.97   data arrival time

                  0.00    2.00    2.00   clock core_clock (rise edge)
                          0.00    2.00   clock network delay (ideal)
                          0.00    2.00   clock reconvergence pessimism
                                  2.00 ^ swerv.dec.arf.gpr_banks_0__gpr_29__gprff.genblock_dff.dout[13]$_DFF_PN0_/CK (DFFR_X1)
                         -0.28    1.72   library recovery time
                                  1.72   data required time
-----------------------------------------------------------------------------
                                  1.72   data required time
                                 -1.97   data arrival time
-----------------------------------------------------------------------------
                                 -0.26   slack (VIOLATED)


Startpoint: swerv.exu.i0_alu_e4.bff.genblock_dff.dout[2]$_DFF_PN0_
            (rising edge-triggered flip-flop clocked by core_clock)
Endpoint: swerv.dec.tlu.flush_lower_ff.dout[27]$_DFF_PN0_
          (rising edge-triggered flip-flop clocked by core_clock)
Path Group: core_clock
Path Type: max

Fanout     Cap    Slew   Delay    Time   Description
-----------------------------------------------------------------------------
                  0.00    0.00    0.00   clock core_clock (rise edge)
                          0.00    0.00   clock network delay (ideal)
                  0.00    0.00    0.00 ^ swerv.exu.i0_alu_e4.bff.genblock_dff.dout[2]$_DFF_PN0_/CK (DFFR_X1)
     3    7.35    0.02    0.11    0.11 ^ swerv.exu.i0_alu_e4.bff.genblock_dff.dout[2]$_DFF_PN0_/Q (DFFR_X1)
                                         swerv.exu.i0_alu_e4.b_ff[2] (net)
                  0.02    0.00    0.11 ^ _092922_/A (BUF_X1)
     9   13.29    0.03    0.05    0.17 ^ _092922_/Z (BUF_X1)
                                         _015164_ (net)
                  0.03    0.00    0.17 ^ _092956_/A (BUF_X1)
    10   15.19    0.04    0.06    0.23 ^ _092956_/Z (BUF_X1)
                                         _015198_ (net)
                  0.04    0.00    0.23 ^ _092957_/A (BUF_X1)
    10   18.23    0.04    0.07    0.30 ^ _092957_/Z (BUF_X1)
                                         _015199_ (net)
                  0.04    0.00    0.30 ^ _092958_/A (BUF_X1)
    10   19.06    0.05    0.07    0.37 ^ _092958_/Z (BUF_X1)
                                         _015200_ (net)
                  0.05    0.00    0.37 ^ _110740_/A (XOR2_X1)
     1    3.06    0.02    0.03    0.39 v _110740_/Z (XOR2_X1)
                                         _082507_ (net)
                  0.02    0.00    0.39 v _163084_/A (HA_X1)
     1    0.88    0.01    0.05    0.45 v _163084_/S (HA_X1)
                                         _082509_ (net)
                  0.01    0.00    0.45 v _093098_/A (BUF_X1)
     5    7.13    0.01    0.04    0.48 v _093098_/Z (BUF_X1)
                                         _015340_ (net)
                  0.01    0.00    0.48 v _093099_/A2 (AND3_X1)
     1    2.99    0.01    0.04    0.52 v _093099_/ZN (AND3_X1)
                                         _015341_ (net)
                  0.01    0.00    0.52 v _093103_/A (AOI211_X2)
     3    6.59    0.05    0.08    0.60 ^ _093103_/ZN (AOI211_X2)
                                         _015345_ (net)
                  0.05    0.00    0.60 ^ _093110_/B1 (AOI221_X2)
     4    7.17    0.02    0.04    0.64 v _093110_/ZN (AOI221_X2)
                                         _015352_ (net)
                  0.02    0.00    0.64 v _093111_/C1 (AOI211_X2)
     4   10.72    0.06    0.07    0.71 ^ _093111_/ZN (AOI211_X2)
                                         _015353_ (net)
                  0.06    0.00    0.71 ^ _093112_/B2 (OAI21_X2)
     6    9.31    0.02    0.04    0.75 v _093112_/ZN (OAI21_X2)
                                         _015354_ (net)
                  0.02    0.00    0.75 v _093113_/C2 (AOI221_X4)
     7   10.19    0.01    0.11    0.86 ^ _093113_/ZN (AOI221_X4)
                                         _015355_ (net)
                  0.01    0.00    0.86 ^ _093114_/S (MUX2_X1)
     2    3.03    0.01    0.06    0.92 v _093114_/Z (MUX2_X1)
                                         _015356_ (net)
                  0.01    0.00    0.92 v _093115_/A2 (NAND2_X1)
     3    6.00    0.02    0.03    0.95 ^ _093115_/ZN (NAND2_X1)
                                         _015357_ (net)
                  0.02    0.00    0.95 ^ _093116_/S (MUX2_X1)
     2    2.22    0.01    0.06    1.01 v _093116_/Z (MUX2_X1)
                                         _015358_ (net)
                  0.01    0.00    1.01 v _093161_/A1 (OR3_X1)
     2    2.84    0.01    0.07    1.08 v _093161_/ZN (OR3_X1)
                                         _015403_ (net)
                  0.01    0.00    1.08 v _099846_/C2 (AOI211_X4)
     7   13.39    0.01    0.10    1.17 ^ _099846_/ZN (AOI211_X4)
                                         _021768_ (net)
                  0.01    0.00    1.17 ^ _099847_/S (MUX2_X2)
     7   12.14    0.02    0.08    1.26 v _099847_/Z (MUX2_X2)
                                         _021769_ (net)
                  0.02    0.00    1.26 v _100162_/A2 (AND4_X4)
     3   12.80    0.01    0.04    1.30 v _100162_/ZN (AND4_X4)
                                         _022077_ (net)
                  0.01    0.00    1.30 v _100163_/A4 (NOR4_X4)
     4    9.27    0.05    0.09    1.39 ^ _100163_/ZN (NOR4_X4)
                                         _022078_ (net)
                  0.05    0.00    1.39 ^ _110927_/A2 (NAND4_X2)
     4    6.07    0.02    0.05    1.43 v _110927_/ZN (NAND4_X2)
                                         _030298_ (net)
                  0.02    0.00    1.43 v _110930_/A3 (OR3_X2)
     5    7.65    0.02    0.09    1.52 v _110930_/ZN (OR3_X2)
                                         _030301_ (net)
                  0.02    0.00    1.52 v _110932_/A2 (NAND3_X1)
     1    0.97    0.01    0.02    1.54 ^ _110932_/ZN (NAND3_X1)
                                         _030303_ (net)
                  0.01    0.00    1.54 ^ _110933_/A2 (AND2_X1)
     2    4.31    0.01    0.04    1.58 ^ _110933_/ZN (AND2_X1)
                                         swerv.dec.tlu.exc_cause_e4[0] (net)
                  0.01    0.00    1.58 ^ _163711_/A (HA_X1)
     2    3.38    0.01    0.04    1.61 ^ _163711_/CO (HA_X1)
                                         _084173_ (net)
                  0.01    0.00    1.61 ^ _109719_/A (INV_X1)
     1    3.61    0.01    0.01    1.62 v _109719_/ZN (INV_X1)
                                         _077437_ (net)
                  0.01    0.00    1.62 v _161757_/A (FA_X1)
     2    3.68    0.02    0.08    1.70 v _161757_/CO (FA_X1)
                                         _077440_ (net)
                  0.02    0.00    1.70 v _133729_/B2 (OAI21_X1)
     1    1.66    0.02    0.03    1.74 ^ _133729_/ZN (OAI21_X1)
                                         _048406_ (net)
                  0.02    0.00    1.74 ^ _133730_/A2 (NAND2_X1)
     1    1.55    0.01    0.02    1.75 v _133730_/ZN (NAND2_X1)
                                         _048407_ (net)
                  0.01    0.00    1.75 v _133731_/A (INV_X1)
     2    2.49    0.01    0.02    1.77 ^ _133731_/ZN (INV_X1)
                                         _048408_ (net)
                  0.01    0.00    1.77 ^ _133732_/B2 (OAI21_X1)
     2    2.97    0.01    0.02    1.79 v _133732_/ZN (OAI21_X1)
                                         _048409_ (net)
                  0.01    0.00    1.79 v _133733_/B2 (AOI21_X1)
     3    4.29    0.03    0.05    1.83 ^ _133733_/ZN (AOI21_X1)
                                         _048410_ (net)
                  0.03    0.00    1.83 ^ _133734_/A2 (AND2_X1)
     2    2.57    0.01    0.04    1.87 ^ _133734_/ZN (AND2_X1)
                                         _048411_ (net)
                  0.01    0.00    1.87 ^ _133735_/A4 (AND4_X1)
     4    5.95    0.02    0.07    1.94 ^ _133735_/ZN (AND4_X1)
                                         _048412_ (net)
                  0.02    0.00    1.94 ^ _134188_/A2 (NAND2_X1)
     2    4.61    0.02    0.02    1.97 v _134188_/ZN (NAND2_X1)
                                         _048840_ (net)
                  0.02    0.00    1.97 v _134240_/A3 (NOR4_X2)
     4    6.57    0.06    0.09    2.06 ^ _134240_/ZN (NOR4_X2)
                                         _048889_ (net)
                  0.06    0.00    2.06 ^ _134316_/A3 (NAND4_X1)
     1    1.81    0.02    0.04    2.10 v _134316_/ZN (NAND4_X1)
                                         _048960_ (net)
                  0.02    0.00    2.10 v _134317_/S (MUX2_X1)
     1    1.38    0.01    0.05    2.15 v _134317_/Z (MUX2_X1)
                                         _048961_ (net)
                  0.01    0.00    2.15 v _134318_/C1 (AOI221_X1)
     1    1.63    0.04    0.05    2.20 ^ _134318_/ZN (AOI221_X1)
                                         _048962_ (net)
                  0.04    0.00    2.20 ^ _134320_/A (AOI21_X1)
     1    1.05    0.01    0.02    2.21 v _134320_/ZN (AOI21_X1)
                                         swerv.dec.tlu.flush_lower_ff.din[27] (net)
                  0.01    0.00    2.21 v swerv.dec.tlu.flush_lower_ff.dout[27]$_DFF_PN0_/D (DFFR_X1)
                                  2.21   data arrival time

                  0.00    2.00    2.00   clock core_clock (rise edge)
                          0.00    2.00   clock network delay (ideal)
                          0.00    2.00   clock reconvergence pessimism
                                  2.00 ^ swerv.dec.tlu.flush_lower_ff.dout[27]$_DFF_PN0_/CK (DFFR_X1)
                         -0.04    1.96   library setup time
                                  1.96   data required time
-----------------------------------------------------------------------------
                                  1.96   data required time
                                 -2.21   data arrival time
-----------------------------------------------------------------------------
                                 -0.26   slack (VIOLATED)



==========================================================================
floorplan final report_checks -unconstrained
--------------------------------------------------------------------------
Startpoint: rst_l (input port clocked by core_clock)
Endpoint: swerv.dec.arf.gpr_banks_0__gpr_29__gprff.genblock_dff.dout[13]$_DFF_PN0_
          (recovery check against rising-edge clock core_clock)
Path Group: asynchronous
Path Type: max

Fanout     Cap    Slew   Delay    Time   Description
-----------------------------------------------------------------------------
                  0.00    0.00    0.00   clock core_clock (rise edge)
                          0.00    0.00   clock network delay (ideal)
                          0.40    0.40 ^ input external delay
     9   63.31    0.00    0.00    0.40 ^ rst_l (in)
                                         rst_l (net)
                  0.00    0.00    0.40 ^ _120396_/A (INV_X32)
    17   95.20    0.00    0.01    0.41 v _120396_/ZN (INV_X32)
                                         _037685_ (net)
                  0.00    0.00    0.41 v clone5/A (AOI21_X4)
   680 1209.40    1.42    1.57    1.97 ^ clone5/ZN (AOI21_X4)
                                         net5 (net)
                  1.42    0.00    1.97 ^ swerv.dec.arf.gpr_banks_0__gpr_29__gprff.genblock_dff.dout[13]$_DFF_PN0_/RN (DFFR_X1)
                                  1.97   data arrival time

                  0.00    2.00    2.00   clock core_clock (rise edge)
                          0.00    2.00   clock network delay (ideal)
                          0.00    2.00   clock reconvergence pessimism
                                  2.00 ^ swerv.dec.arf.gpr_banks_0__gpr_29__gprff.genblock_dff.dout[13]$_DFF_PN0_/CK (DFFR_X1)
                         -0.28    1.72   library recovery time
                                  1.72   data required time
-----------------------------------------------------------------------------
                                  1.72   data required time
                                 -1.97   data arrival time
-----------------------------------------------------------------------------
                                 -0.26   slack (VIOLATED)


Startpoint: swerv.exu.i0_alu_e4.bff.genblock_dff.dout[2]$_DFF_PN0_
            (rising edge-triggered flip-flop clocked by core_clock)
Endpoint: swerv.dec.tlu.flush_lower_ff.dout[27]$_DFF_PN0_
          (rising edge-triggered flip-flop clocked by core_clock)
Path Group: core_clock
Path Type: max

Fanout     Cap    Slew   Delay    Time   Description
-----------------------------------------------------------------------------
                  0.00    0.00    0.00   clock core_clock (rise edge)
                          0.00    0.00   clock network delay (ideal)
                  0.00    0.00    0.00 ^ swerv.exu.i0_alu_e4.bff.genblock_dff.dout[2]$_DFF_PN0_/CK (DFFR_X1)
     3    7.35    0.02    0.11    0.11 ^ swerv.exu.i0_alu_e4.bff.genblock_dff.dout[2]$_DFF_PN0_/Q (DFFR_X1)
                                         swerv.exu.i0_alu_e4.b_ff[2] (net)
                  0.02    0.00    0.11 ^ _092922_/A (BUF_X1)
     9   13.29    0.03    0.05    0.17 ^ _092922_/Z (BUF_X1)
                                         _015164_ (net)
                  0.03    0.00    0.17 ^ _092956_/A (BUF_X1)
    10   15.19    0.04    0.06    0.23 ^ _092956_/Z (BUF_X1)
                                         _015198_ (net)
                  0.04    0.00    0.23 ^ _092957_/A (BUF_X1)
    10   18.23    0.04    0.07    0.30 ^ _092957_/Z (BUF_X1)
                                         _015199_ (net)
                  0.04    0.00    0.30 ^ _092958_/A (BUF_X1)
    10   19.06    0.05    0.07    0.37 ^ _092958_/Z (BUF_X1)
                                         _015200_ (net)
                  0.05    0.00    0.37 ^ _110740_/A (XOR2_X1)
     1    3.06    0.02    0.03    0.39 v _110740_/Z (XOR2_X1)
                                         _082507_ (net)
                  0.02    0.00    0.39 v _163084_/A (HA_X1)
     1    0.88    0.01    0.05    0.45 v _163084_/S (HA_X1)
                                         _082509_ (net)
                  0.01    0.00    0.45 v _093098_/A (BUF_X1)
     5    7.13    0.01    0.04    0.48 v _093098_/Z (BUF_X1)
                                         _015340_ (net)
                  0.01    0.00    0.48 v _093099_/A2 (AND3_X1)
     1    2.99    0.01    0.04    0.52 v _093099_/ZN (AND3_X1)
                                         _015341_ (net)
                  0.01    0.00    0.52 v _093103_/A (AOI211_X2)
     3    6.59    0.05    0.08    0.60 ^ _093103_/ZN (AOI211_X2)
                                         _015345_ (net)
                  0.05    0.00    0.60 ^ _093110_/B1 (AOI221_X2)
     4    7.17    0.02    0.04    0.64 v _093110_/ZN (AOI221_X2)
                                         _015352_ (net)
                  0.02    0.00    0.64 v _093111_/C1 (AOI211_X2)
     4   10.72    0.06    0.07    0.71 ^ _093111_/ZN (AOI211_X2)
                                         _015353_ (net)
                  0.06    0.00    0.71 ^ _093112_/B2 (OAI21_X2)
     6    9.31    0.02    0.04    0.75 v _093112_/ZN (OAI21_X2)
                                         _015354_ (net)
                  0.02    0.00    0.75 v _093113_/C2 (AOI221_X4)
     7   10.19    0.01    0.11    0.86 ^ _093113_/ZN (AOI221_X4)
                                         _015355_ (net)
                  0.01    0.00    0.86 ^ _093114_/S (MUX2_X1)
     2    3.03    0.01    0.06    0.92 v _093114_/Z (MUX2_X1)
                                         _015356_ (net)
                  0.01    0.00    0.92 v _093115_/A2 (NAND2_X1)
     3    6.00    0.02    0.03    0.95 ^ _093115_/ZN (NAND2_X1)
                                         _015357_ (net)
                  0.02    0.00    0.95 ^ _093116_/S (MUX2_X1)
     2    2.22    0.01    0.06    1.01 v _093116_/Z (MUX2_X1)
                                         _015358_ (net)
                  0.01    0.00    1.01 v _093161_/A1 (OR3_X1)
     2    2.84    0.01    0.07    1.08 v _093161_/ZN (OR3_X1)
                                         _015403_ (net)
                  0.01    0.00    1.08 v _099846_/C2 (AOI211_X4)
     7   13.39    0.01    0.10    1.17 ^ _099846_/ZN (AOI211_X4)
                                         _021768_ (net)
                  0.01    0.00    1.17 ^ _099847_/S (MUX2_X2)
     7   12.14    0.02    0.08    1.26 v _099847_/Z (MUX2_X2)
                                         _021769_ (net)
                  0.02    0.00    1.26 v _100162_/A2 (AND4_X4)
     3   12.80    0.01    0.04    1.30 v _100162_/ZN (AND4_X4)
                                         _022077_ (net)
                  0.01    0.00    1.30 v _100163_/A4 (NOR4_X4)
     4    9.27    0.05    0.09    1.39 ^ _100163_/ZN (NOR4_X4)
                                         _022078_ (net)
                  0.05    0.00    1.39 ^ _110927_/A2 (NAND4_X2)
     4    6.07    0.02    0.05    1.43 v _110927_/ZN (NAND4_X2)
                                         _030298_ (net)
                  0.02    0.00    1.43 v _110930_/A3 (OR3_X2)
     5    7.65    0.02    0.09    1.52 v _110930_/ZN (OR3_X2)
                                         _030301_ (net)
                  0.02    0.00    1.52 v _110932_/A2 (NAND3_X1)
     1    0.97    0.01    0.02    1.54 ^ _110932_/ZN (NAND3_X1)
                                         _030303_ (net)
                  0.01    0.00    1.54 ^ _110933_/A2 (AND2_X1)
     2    4.31    0.01    0.04    1.58 ^ _110933_/ZN (AND2_X1)
                                         swerv.dec.tlu.exc_cause_e4[0] (net)
                  0.01    0.00    1.58 ^ _163711_/A (HA_X1)
     2    3.38    0.01    0.04    1.61 ^ _163711_/CO (HA_X1)
                                         _084173_ (net)
                  0.01    0.00    1.61 ^ _109719_/A (INV_X1)
     1    3.61    0.01    0.01    1.62 v _109719_/ZN (INV_X1)
                                         _077437_ (net)
                  0.01    0.00    1.62 v _161757_/A (FA_X1)
     2    3.68    0.02    0.08    1.70 v _161757_/CO (FA_X1)
                                         _077440_ (net)
                  0.02    0.00    1.70 v _133729_/B2 (OAI21_X1)
     1    1.66    0.02    0.03    1.74 ^ _133729_/ZN (OAI21_X1)
                                         _048406_ (net)
                  0.02    0.00    1.74 ^ _133730_/A2 (NAND2_X1)
     1    1.55    0.01    0.02    1.75 v _133730_/ZN (NAND2_X1)
                                         _048407_ (net)
                  0.01    0.00    1.75 v _133731_/A (INV_X1)
     2    2.49    0.01    0.02    1.77 ^ _133731_/ZN (INV_X1)
                                         _048408_ (net)
                  0.01    0.00    1.77 ^ _133732_/B2 (OAI21_X1)
     2    2.97    0.01    0.02    1.79 v _133732_/ZN (OAI21_X1)
                                         _048409_ (net)
                  0.01    0.00    1.79 v _133733_/B2 (AOI21_X1)
     3    4.29    0.03    0.05    1.83 ^ _133733_/ZN (AOI21_X1)
                                         _048410_ (net)
                  0.03    0.00    1.83 ^ _133734_/A2 (AND2_X1)
     2    2.57    0.01    0.04    1.87 ^ _133734_/ZN (AND2_X1)
                                         _048411_ (net)
                  0.01    0.00    1.87 ^ _133735_/A4 (AND4_X1)
     4    5.95    0.02    0.07    1.94 ^ _133735_/ZN (AND4_X1)
                                         _048412_ (net)
                  0.02    0.00    1.94 ^ _134188_/A2 (NAND2_X1)
     2    4.61    0.02    0.02    1.97 v _134188_/ZN (NAND2_X1)
                                         _048840_ (net)
                  0.02    0.00    1.97 v _134240_/A3 (NOR4_X2)
     4    6.57    0.06    0.09    2.06 ^ _134240_/ZN (NOR4_X2)
                                         _048889_ (net)
                  0.06    0.00    2.06 ^ _134316_/A3 (NAND4_X1)
     1    1.81    0.02    0.04    2.10 v _134316_/ZN (NAND4_X1)
                                         _048960_ (net)
                  0.02    0.00    2.10 v _134317_/S (MUX2_X1)
     1    1.38    0.01    0.05    2.15 v _134317_/Z (MUX2_X1)
                                         _048961_ (net)
                  0.01    0.00    2.15 v _134318_/C1 (AOI221_X1)
     1    1.63    0.04    0.05    2.20 ^ _134318_/ZN (AOI221_X1)
                                         _048962_ (net)
                  0.04    0.00    2.20 ^ _134320_/A (AOI21_X1)
     1    1.05    0.01    0.02    2.21 v _134320_/ZN (AOI21_X1)
                                         swerv.dec.tlu.flush_lower_ff.din[27] (net)
                  0.01    0.00    2.21 v swerv.dec.tlu.flush_lower_ff.dout[27]$_DFF_PN0_/D (DFFR_X1)
                                  2.21   data arrival time

                  0.00    2.00    2.00   clock core_clock (rise edge)
                          0.00    2.00   clock network delay (ideal)
                          0.00    2.00   clock reconvergence pessimism
                                  2.00 ^ swerv.dec.tlu.flush_lower_ff.dout[27]$_DFF_PN0_/CK (DFFR_X1)
                         -0.04    1.96   library setup time
                                  1.96   data required time
-----------------------------------------------------------------------------
                                  1.96   data required time
                                 -2.21   data arrival time
-----------------------------------------------------------------------------
                                 -0.26   slack (VIOLATED)



==========================================================================
floorplan final report_power
--------------------------------------------------------------------------
Group                  Internal  Switching    Leakage      Total
                          Power      Power      Power      Power (Watts)
----------------------------------------------------------------
Sequential             4.55e-02   1.37e-03   9.05e-04   4.77e-02  23.0%
Combinational          1.72e-02   1.53e-02   2.21e-03   3.47e-02  16.7%
Clock                  0.00e+00   0.00e+00   0.00e+00   0.00e+00   0.0%
Macro                  1.04e-01   0.00e+00   2.07e-02   1.25e-01  60.3%
Pad                    0.00e+00   0.00e+00   0.00e+00   0.00e+00   0.0%
----------------------------------------------------------------
Total                  1.67e-01   1.67e-02   2.39e-02   2.08e-01 100.0%
                          80.5%       8.0%      11.5%
