
==========================================================================
global place report_tns
--------------------------------------------------------------------------
tns -26.90

==========================================================================
global place report_wns
--------------------------------------------------------------------------
wns -0.19

==========================================================================
global place report_worst_slack
--------------------------------------------------------------------------
worst slack -0.19

==========================================================================
global place report_checks -path_delay min
--------------------------------------------------------------------------
Startpoint: rst_ni (input port clocked by core_clock)
Endpoint: cs_registers_i.u_mstack_epc_csr.rdata_q[25]$_DFFE_PN0P_
          (removal check against rising-edge clock core_clock)
Path Group: asynchronous
Path Type: min

Fanout     Cap    Slew   Delay    Time   Description
-----------------------------------------------------------------------------
                  0.00    0.00    0.00   clock core_clock (rise edge)
                          0.00    0.00   clock network delay (ideal)
                          0.44    0.44 ^ input external delay
  1658 3649.93    0.00    0.00    0.44 ^ rst_ni (in)
                                         rst_ni (net)
                  1.47    1.20    1.64 ^ cs_registers_i.u_mstack_epc_csr.rdata_q[25]$_DFFE_PN0P_/RN (DFFR_X1)
                                  1.64   data arrival time

                  0.00    0.00    0.00   clock core_clock (rise edge)
                          0.00    0.00   clock network delay (ideal)
                          0.00    0.00   clock reconvergence pessimism
                                  0.00 ^ cs_registers_i.u_mstack_epc_csr.rdata_q[25]$_DFFE_PN0P_/CK (DFFR_X1)
                          2.02    2.02   library removal time
                                  2.02   data required time
-----------------------------------------------------------------------------
                                  2.02   data required time
                                 -1.64   data arrival time
-----------------------------------------------------------------------------
                                 -0.38   slack (VIOLATED)


Startpoint: core_clock_gate_i.en_latch$_DLATCH_N_
            (negative level-sensitive latch clocked by core_clock)
Endpoint: _29919_ (rising clock gating-check end-point clocked by core_clock)
Path Group: gated clock
Path Type: min

Fanout     Cap    Slew   Delay    Time   Description
-----------------------------------------------------------------------------
                  0.00    1.10    1.10   clock core_clock (fall edge)
                          0.00    1.10   clock network delay (ideal)
                  0.00    0.00    1.10 v core_clock_gate_i.en_latch$_DLATCH_N_/GN (DLL_X1)
     1    0.98    0.01    0.04    1.14 ^ core_clock_gate_i.en_latch$_DLATCH_N_/Q (DLL_X1)
                                         core_clock_gate_i.en_latch (net)
                  0.01    0.00    1.14 ^ _29919_/A2 (AND2_X1)
                                  1.14   data arrival time

                  0.00    1.10    1.10   clock core_clock (fall edge)
                          0.00    1.10   clock network delay (ideal)
                          0.00    1.10   clock reconvergence pessimism
                                  1.10 v _29919_/A1 (AND2_X1)
                          0.00    1.10   clock gating hold time
                                  1.10   data required time
-----------------------------------------------------------------------------
                                  1.10   data required time
                                 -1.14   data arrival time
-----------------------------------------------------------------------------
                                  0.04   slack (MET)


Startpoint: cs_registers_i.u_dcsr_csr.rdata_q[2]$_DFFE_PN0P_
            (rising edge-triggered flip-flop clocked by core_clock)
Endpoint: cs_registers_i.u_dcsr_csr.rdata_q[8]$_DFFE_PN0P_
          (rising edge-triggered flip-flop clocked by core_clock)
Path Group: core_clock
Path Type: min

Fanout     Cap    Slew   Delay    Time   Description
-----------------------------------------------------------------------------
                  0.00    0.00    0.00   clock core_clock (rise edge)
                          0.00    0.00   clock network delay (ideal)
                  0.00    0.00    0.00 ^ cs_registers_i.u_dcsr_csr.rdata_q[2]$_DFFE_PN0P_/CK (DFFR_X1)
     2    4.59    0.02    0.07    0.07 ^ cs_registers_i.u_dcsr_csr.rdata_q[2]$_DFFE_PN0P_/QN (DFFR_X1)
                                         _01164_ (net)
                  0.02    0.00    0.07 ^ _28337_/A1 (OAI22_X1)
     1    1.11    0.01    0.01    0.09 v _28337_/ZN (OAI22_X1)
                                         _02831_ (net)
                  0.01    0.00    0.09 v cs_registers_i.u_dcsr_csr.rdata_q[8]$_DFFE_PN0P_/D (DFFR_X1)
                                  0.09   data arrival time

                  0.00    0.00    0.00   clock core_clock (rise edge)
                          0.00    0.00   clock network delay (ideal)
                          0.00    0.00   clock reconvergence pessimism
                                  0.00 ^ cs_registers_i.u_dcsr_csr.rdata_q[8]$_DFFE_PN0P_/CK (DFFR_X1)
                          0.00    0.00   library hold time
                                  0.00   data required time
-----------------------------------------------------------------------------
                                  0.00   data required time
                                 -0.09   data arrival time
-----------------------------------------------------------------------------
                                  0.08   slack (MET)



==========================================================================
global place report_checks -path_delay max
--------------------------------------------------------------------------
Startpoint: rst_ni (input port clocked by core_clock)
Endpoint: cs_registers_i.u_mstack_epc_csr.rdata_q[25]$_DFFE_PN0P_
          (recovery check against rising-edge clock core_clock)
Path Group: asynchronous
Path Type: max

Fanout     Cap    Slew   Delay    Time   Description
-----------------------------------------------------------------------------
                  0.00    0.00    0.00   clock core_clock (rise edge)
                          0.00    0.00   clock network delay (ideal)
                          0.44    0.44 ^ input external delay
  1658 3649.93    0.00    0.00    0.44 ^ rst_ni (in)
                                         rst_ni (net)
                  1.47    1.20    1.64 ^ cs_registers_i.u_mstack_epc_csr.rdata_q[25]$_DFFE_PN0P_/RN (DFFR_X1)
                                  1.64   data arrival time

                  0.00    2.20    2.20   clock core_clock (rise edge)
                          0.00    2.20   clock network delay (ideal)
                          0.00    2.20   clock reconvergence pessimism
                                  2.20 ^ cs_registers_i.u_mstack_epc_csr.rdata_q[25]$_DFFE_PN0P_/CK (DFFR_X1)
                         -0.29    1.91   library recovery time
                                  1.91   data required time
-----------------------------------------------------------------------------
                                  1.91   data required time
                                 -1.64   data arrival time
-----------------------------------------------------------------------------
                                  0.27   slack (MET)


Startpoint: core_clock_gate_i.en_latch$_DLATCH_N_
            (negative level-sensitive latch clocked by core_clock)
Endpoint: _29919_ (rising clock gating-check end-point clocked by core_clock)
Path Group: gated clock
Path Type: max

Fanout     Cap    Slew   Delay    Time   Description
-----------------------------------------------------------------------------
                  0.00    1.10    1.10   clock core_clock (fall edge)
                          0.00    1.10   clock network delay (ideal)
                  0.00    0.00    1.10 v core_clock_gate_i.en_latch$_DLATCH_N_/GN (DLL_X1)
     1    0.90    0.01    0.07    1.17 v core_clock_gate_i.en_latch$_DLATCH_N_/Q (DLL_X1)
                                         core_clock_gate_i.en_latch (net)
                  0.01    0.00    1.17 v _29919_/A2 (AND2_X1)
                                  1.17   data arrival time

                  0.00    2.20    2.20   clock core_clock (rise edge)
                          0.00    2.20   clock network delay (ideal)
                          0.00    2.20   clock reconvergence pessimism
                                  2.20 ^ _29919_/A1 (AND2_X1)
                          0.00    2.20   clock gating setup time
                                  2.20   data required time
-----------------------------------------------------------------------------
                                  2.20   data required time
                                 -1.17   data arrival time
-----------------------------------------------------------------------------
                                  1.03   slack (MET)


Startpoint: if_stage_i.instr_rdata_alu_id_o[21]$_DFFE_PN_
            (rising edge-triggered flip-flop clocked by core_clock)
Endpoint: gen_regfile_ff.register_file_i.rf_reg_q[383]$_DFFE_PN0P_
          (rising edge-triggered flip-flop clocked by core_clock)
Path Group: core_clock
Path Type: max

Fanout     Cap    Slew   Delay    Time   Description
-----------------------------------------------------------------------------
                  0.00    0.00    0.00   clock core_clock (rise edge)
                          0.00    0.00   clock network delay (ideal)
                  0.00    0.00    0.00 ^ if_stage_i.instr_rdata_alu_id_o[21]$_DFFE_PN_/CK (DFF_X1)
     1    3.46    0.01    0.09    0.09 ^ if_stage_i.instr_rdata_alu_id_o[21]$_DFFE_PN_/Q (DFF_X1)
                                         gen_regfile_ff.register_file_i.raddr_b_i[1] (net)
                  0.01    0.00    0.09 ^ _16515_/A (BUF_X4)
     4   19.50    0.01    0.03    0.12 ^ _16515_/Z (BUF_X4)
                                         _10699_ (net)
                  0.01    0.00    0.12 ^ _16516_/A (BUF_X16)
    10   43.03    0.01    0.03    0.14 ^ _16516_/Z (BUF_X16)
                                         _10700_ (net)
                  0.01    0.00    0.14 ^ _16517_/A (BUF_X16)
    10   55.76    0.01    0.02    0.17 ^ _16517_/Z (BUF_X16)
                                         _10701_ (net)
                  0.01    0.01    0.17 ^ _16518_/A (BUF_X32)
    10   44.77    0.01    0.02    0.19 ^ _16518_/Z (BUF_X32)
                                         _10702_ (net)
                  0.01    0.01    0.20 ^ _16519_/A (BUF_X16)
    10   34.11    0.01    0.02    0.22 ^ _16519_/Z (BUF_X16)
                                         _10703_ (net)
                  0.01    0.01    0.23 ^ _16520_/A (BUF_X8)
    10   35.07    0.01    0.03    0.25 ^ _16520_/Z (BUF_X8)
                                         _10704_ (net)
                  0.01    0.00    0.26 ^ _16566_/A (BUF_X8)
    19   67.59    0.02    0.03    0.29 ^ _16566_/Z (BUF_X8)
                                         _10750_ (net)
                  0.02    0.01    0.30 ^ _18259_/A (BUF_X4)
    10   38.09    0.02    0.04    0.34 ^ _18259_/Z (BUF_X4)
                                         _12376_ (net)
                  0.02    0.00    0.35 ^ _18319_/A (BUF_X4)
    10   41.24    0.02    0.04    0.39 ^ _18319_/Z (BUF_X4)
                                         _12434_ (net)
                  0.03    0.01    0.40 ^ _19234_/S (MUX2_X1)
     1    0.95    0.01    0.06    0.46 v _19234_/Z (MUX2_X1)
                                         _13303_ (net)
                  0.01    0.00    0.46 v _19235_/B (MUX2_X1)
     1    1.24    0.01    0.06    0.52 v _19235_/Z (MUX2_X1)
                                         _13304_ (net)
                  0.01    0.00    0.52 v _19236_/B (MUX2_X1)
     1    2.64    0.01    0.06    0.58 v _19236_/Z (MUX2_X1)
                                         _13305_ (net)
                  0.01    0.00    0.58 v _19237_/B (MUX2_X1)
     1    5.88    0.01    0.07    0.65 v _19237_/Z (MUX2_X1)
                                         _13306_ (net)
                  0.01    0.00    0.65 v _19238_/B1 (AOI21_X4)
     8   28.89    0.05    0.05    0.70 ^ _19238_/ZN (AOI21_X4)
                                         _13307_ (net)
                  0.05    0.01    0.70 ^ _20477_/B (MUX2_X2)
     8   21.97    0.03    0.07    0.77 ^ _20477_/Z (MUX2_X2)
                                         _03840_ (net)
                  0.03    0.00    0.77 ^ _20996_/A (CLKBUF_X3)
    10   19.65    0.02    0.05    0.82 ^ _20996_/Z (CLKBUF_X3)
                                         _04141_ (net)
                  0.02    0.00    0.82 ^ _21056_/A1 (NAND2_X1)
     1    3.47    0.01    0.02    0.84 v _21056_/ZN (NAND2_X1)
                                         _14731_ (net)
                  0.01    0.00    0.84 v _30130_/B (FA_X1)
     1    3.10    0.01    0.12    0.97 ^ _30130_/S (FA_X1)
                                         _14734_ (net)
                  0.01    0.00    0.97 ^ _30132_/CI (FA_X1)
     1    4.07    0.02    0.10    1.06 v _30132_/S (FA_X1)
                                         _14742_ (net)
                  0.02    0.00    1.06 v _30133_/B (FA_X1)
     1    1.89    0.01    0.12    1.19 ^ _30133_/S (FA_X1)
                                         _14745_ (net)
                  0.01    0.00    1.19 ^ _21480_/A (INV_X1)
     1    3.73    0.01    0.01    1.20 v _21480_/ZN (INV_X1)
                                         _14747_ (net)
                  0.01    0.00    1.20 v _30134_/B (FA_X1)
     1    3.20    0.01    0.12    1.32 ^ _30134_/S (FA_X1)
                                         _14750_ (net)
                  0.01    0.00    1.32 ^ _30138_/CI (FA_X1)
     1    1.87    0.01    0.09    1.41 v _30138_/S (FA_X1)
                                         _14766_ (net)
                  0.01    0.00    1.41 v _21160_/A (INV_X1)
     1    3.85    0.01    0.02    1.43 ^ _21160_/ZN (INV_X1)
                                         _14767_ (net)
                  0.01    0.00    1.43 ^ _30139_/A (FA_X1)
     1    1.82    0.01    0.09    1.51 v _30139_/S (FA_X1)
                                         _14770_ (net)
                  0.01    0.00    1.51 v _21482_/A (INV_X1)
     1    3.61    0.01    0.02    1.54 ^ _21482_/ZN (INV_X1)
                                         _16099_ (net)
                  0.01    0.00    1.54 ^ _30523_/B (HA_X1)
     4    8.90    0.05    0.08    1.62 ^ _30523_/S (HA_X1)
                                         _16102_ (net)
                  0.05    0.00    1.62 ^ _23473_/A2 (AND3_X1)
     2    4.94    0.02    0.07    1.68 ^ _23473_/ZN (AND3_X1)
                                         _05986_ (net)
                  0.02    0.00    1.68 ^ _23533_/A3 (NAND3_X1)
     2    3.27    0.02    0.03    1.71 v _23533_/ZN (NAND3_X1)
                                         _06045_ (net)
                  0.02    0.00    1.71 v _23589_/A1 (AND3_X1)
     2    7.14    0.01    0.04    1.75 v _23589_/ZN (AND3_X1)
                                         _06099_ (net)
                  0.01    0.00    1.75 v _23633_/A2 (NOR3_X2)
     2    6.12    0.04    0.06    1.81 ^ _23633_/ZN (NOR3_X2)
                                         _06141_ (net)
                  0.04    0.00    1.81 ^ _23682_/A2 (NOR2_X1)
     1    5.76    0.01    0.02    1.83 v _23682_/ZN (NOR2_X1)
                                         _06188_ (net)
                  0.01    0.00    1.83 v _23683_/B2 (AOI21_X4)
     5   15.16    0.03    0.04    1.88 ^ _23683_/ZN (AOI21_X4)
                                         _06189_ (net)
                  0.03    0.00    1.88 ^ _23908_/A3 (AND4_X1)
     2    3.76    0.02    0.07    1.95 ^ _23908_/ZN (AND4_X1)
                                         _06405_ (net)
                  0.02    0.00    1.95 ^ _23966_/A1 (NOR2_X1)
     1    3.57    0.01    0.01    1.96 v _23966_/ZN (NOR2_X1)
                                         _06461_ (net)
                  0.01    0.00    1.96 v _23969_/B2 (AOI221_X2)
     2    4.58    0.05    0.08    2.05 ^ _23969_/ZN (AOI221_X2)
                                         _06464_ (net)
                  0.05    0.00    2.05 ^ _23970_/B (XNOR2_X1)
     1    1.32    0.02    0.02    2.07 v _23970_/ZN (XNOR2_X1)
                                         _06465_ (net)
                  0.02    0.00    2.07 v _23971_/B (MUX2_X1)
     2    6.73    0.02    0.07    2.14 v _23971_/Z (MUX2_X1)
                                         _06466_ (net)
                  0.02    0.00    2.14 v _23972_/B2 (AOI221_X2)
     1   10.05    0.06    0.11    2.25 ^ _23972_/ZN (AOI221_X2)
                                         _06467_ (net)
                  0.06    0.00    2.25 ^ _23981_/A1 (NOR4_X4)
     4   12.32    0.02    0.02    2.27 v _23981_/ZN (NOR4_X4)
                                         _06476_ (net)
                  0.02    0.00    2.27 v _23982_/A (CLKBUF_X3)
    10   19.31    0.02    0.05    2.32 v _23982_/Z (CLKBUF_X3)
                                         _06477_ (net)
                  0.02    0.00    2.32 v _24599_/B2 (OAI21_X1)
     1    1.22    0.02    0.03    2.35 ^ _24599_/ZN (OAI21_X1)
                                         _01594_ (net)
                  0.02    0.00    2.35 ^ gen_regfile_ff.register_file_i.rf_reg_q[383]$_DFFE_PN0P_/D (DFFR_X1)
                                  2.35   data arrival time

                  0.00    2.20    2.20   clock core_clock (rise edge)
                          0.00    2.20   clock network delay (ideal)
                          0.00    2.20   clock reconvergence pessimism
                                  2.20 ^ gen_regfile_ff.register_file_i.rf_reg_q[383]$_DFFE_PN0P_/CK (DFFR_X1)
                         -0.03    2.17   library setup time
                                  2.17   data required time
-----------------------------------------------------------------------------
                                  2.17   data required time
                                 -2.35   data arrival time
-----------------------------------------------------------------------------
                                 -0.19   slack (VIOLATED)



==========================================================================
global place report_checks -unconstrained
--------------------------------------------------------------------------
Startpoint: rst_ni (input port clocked by core_clock)
Endpoint: cs_registers_i.u_mstack_epc_csr.rdata_q[25]$_DFFE_PN0P_
          (recovery check against rising-edge clock core_clock)
Path Group: asynchronous
Path Type: max

Fanout     Cap    Slew   Delay    Time   Description
-----------------------------------------------------------------------------
                  0.00    0.00    0.00   clock core_clock (rise edge)
                          0.00    0.00   clock network delay (ideal)
                          0.44    0.44 ^ input external delay
  1658 3649.93    0.00    0.00    0.44 ^ rst_ni (in)
                                         rst_ni (net)
                  1.47    1.20    1.64 ^ cs_registers_i.u_mstack_epc_csr.rdata_q[25]$_DFFE_PN0P_/RN (DFFR_X1)
                                  1.64   data arrival time

                  0.00    2.20    2.20   clock core_clock (rise edge)
                          0.00    2.20   clock network delay (ideal)
                          0.00    2.20   clock reconvergence pessimism
                                  2.20 ^ cs_registers_i.u_mstack_epc_csr.rdata_q[25]$_DFFE_PN0P_/CK (DFFR_X1)
                         -0.29    1.91   library recovery time
                                  1.91   data required time
-----------------------------------------------------------------------------
                                  1.91   data required time
                                 -1.64   data arrival time
-----------------------------------------------------------------------------
                                  0.27   slack (MET)


Startpoint: core_clock_gate_i.en_latch$_DLATCH_N_
            (negative level-sensitive latch clocked by core_clock)
Endpoint: _29919_ (rising clock gating-check end-point clocked by core_clock)
Path Group: gated clock
Path Type: max

Fanout     Cap    Slew   Delay    Time   Description
-----------------------------------------------------------------------------
                  0.00    1.10    1.10   clock core_clock (fall edge)
                          0.00    1.10   clock network delay (ideal)
                  0.00    0.00    1.10 v core_clock_gate_i.en_latch$_DLATCH_N_/GN (DLL_X1)
     1    0.90    0.01    0.07    1.17 v core_clock_gate_i.en_latch$_DLATCH_N_/Q (DLL_X1)
                                         core_clock_gate_i.en_latch (net)
                  0.01    0.00    1.17 v _29919_/A2 (AND2_X1)
                                  1.17   data arrival time

                  0.00    2.20    2.20   clock core_clock (rise edge)
                          0.00    2.20   clock network delay (ideal)
                          0.00    2.20   clock reconvergence pessimism
                                  2.20 ^ _29919_/A1 (AND2_X1)
                          0.00    2.20   clock gating setup time
                                  2.20   data required time
-----------------------------------------------------------------------------
                                  2.20   data required time
                                 -1.17   data arrival time
-----------------------------------------------------------------------------
                                  1.03   slack (MET)


Startpoint: if_stage_i.instr_rdata_alu_id_o[21]$_DFFE_PN_
            (rising edge-triggered flip-flop clocked by core_clock)
Endpoint: gen_regfile_ff.register_file_i.rf_reg_q[383]$_DFFE_PN0P_
          (rising edge-triggered flip-flop clocked by core_clock)
Path Group: core_clock
Path Type: max

Fanout     Cap    Slew   Delay    Time   Description
-----------------------------------------------------------------------------
                  0.00    0.00    0.00   clock core_clock (rise edge)
                          0.00    0.00   clock network delay (ideal)
                  0.00    0.00    0.00 ^ if_stage_i.instr_rdata_alu_id_o[21]$_DFFE_PN_/CK (DFF_X1)
     1    3.46    0.01    0.09    0.09 ^ if_stage_i.instr_rdata_alu_id_o[21]$_DFFE_PN_/Q (DFF_X1)
                                         gen_regfile_ff.register_file_i.raddr_b_i[1] (net)
                  0.01    0.00    0.09 ^ _16515_/A (BUF_X4)
     4   19.50    0.01    0.03    0.12 ^ _16515_/Z (BUF_X4)
                                         _10699_ (net)
                  0.01    0.00    0.12 ^ _16516_/A (BUF_X16)
    10   43.03    0.01    0.03    0.14 ^ _16516_/Z (BUF_X16)
                                         _10700_ (net)
                  0.01    0.00    0.14 ^ _16517_/A (BUF_X16)
    10   55.76    0.01    0.02    0.17 ^ _16517_/Z (BUF_X16)
                                         _10701_ (net)
                  0.01    0.01    0.17 ^ _16518_/A (BUF_X32)
    10   44.77    0.01    0.02    0.19 ^ _16518_/Z (BUF_X32)
                                         _10702_ (net)
                  0.01    0.01    0.20 ^ _16519_/A (BUF_X16)
    10   34.11    0.01    0.02    0.22 ^ _16519_/Z (BUF_X16)
                                         _10703_ (net)
                  0.01    0.01    0.23 ^ _16520_/A (BUF_X8)
    10   35.07    0.01    0.03    0.25 ^ _16520_/Z (BUF_X8)
                                         _10704_ (net)
                  0.01    0.00    0.26 ^ _16566_/A (BUF_X8)
    19   67.59    0.02    0.03    0.29 ^ _16566_/Z (BUF_X8)
                                         _10750_ (net)
                  0.02    0.01    0.30 ^ _18259_/A (BUF_X4)
    10   38.09    0.02    0.04    0.34 ^ _18259_/Z (BUF_X4)
                                         _12376_ (net)
                  0.02    0.00    0.35 ^ _18319_/A (BUF_X4)
    10   41.24    0.02    0.04    0.39 ^ _18319_/Z (BUF_X4)
                                         _12434_ (net)
                  0.03    0.01    0.40 ^ _19234_/S (MUX2_X1)
     1    0.95    0.01    0.06    0.46 v _19234_/Z (MUX2_X1)
                                         _13303_ (net)
                  0.01    0.00    0.46 v _19235_/B (MUX2_X1)
     1    1.24    0.01    0.06    0.52 v _19235_/Z (MUX2_X1)
                                         _13304_ (net)
                  0.01    0.00    0.52 v _19236_/B (MUX2_X1)
     1    2.64    0.01    0.06    0.58 v _19236_/Z (MUX2_X1)
                                         _13305_ (net)
                  0.01    0.00    0.58 v _19237_/B (MUX2_X1)
     1    5.88    0.01    0.07    0.65 v _19237_/Z (MUX2_X1)
                                         _13306_ (net)
                  0.01    0.00    0.65 v _19238_/B1 (AOI21_X4)
     8   28.89    0.05    0.05    0.70 ^ _19238_/ZN (AOI21_X4)
                                         _13307_ (net)
                  0.05    0.01    0.70 ^ _20477_/B (MUX2_X2)
     8   21.97    0.03    0.07    0.77 ^ _20477_/Z (MUX2_X2)
                                         _03840_ (net)
                  0.03    0.00    0.77 ^ _20996_/A (CLKBUF_X3)
    10   19.65    0.02    0.05    0.82 ^ _20996_/Z (CLKBUF_X3)
                                         _04141_ (net)
                  0.02    0.00    0.82 ^ _21056_/A1 (NAND2_X1)
     1    3.47    0.01    0.02    0.84 v _21056_/ZN (NAND2_X1)
                                         _14731_ (net)
                  0.01    0.00    0.84 v _30130_/B (FA_X1)
     1    3.10    0.01    0.12    0.97 ^ _30130_/S (FA_X1)
                                         _14734_ (net)
                  0.01    0.00    0.97 ^ _30132_/CI (FA_X1)
     1    4.07    0.02    0.10    1.06 v _30132_/S (FA_X1)
                                         _14742_ (net)
                  0.02    0.00    1.06 v _30133_/B (FA_X1)
     1    1.89    0.01    0.12    1.19 ^ _30133_/S (FA_X1)
                                         _14745_ (net)
                  0.01    0.00    1.19 ^ _21480_/A (INV_X1)
     1    3.73    0.01    0.01    1.20 v _21480_/ZN (INV_X1)
                                         _14747_ (net)
                  0.01    0.00    1.20 v _30134_/B (FA_X1)
     1    3.20    0.01    0.12    1.32 ^ _30134_/S (FA_X1)
                                         _14750_ (net)
                  0.01    0.00    1.32 ^ _30138_/CI (FA_X1)
     1    1.87    0.01    0.09    1.41 v _30138_/S (FA_X1)
                                         _14766_ (net)
                  0.01    0.00    1.41 v _21160_/A (INV_X1)
     1    3.85    0.01    0.02    1.43 ^ _21160_/ZN (INV_X1)
                                         _14767_ (net)
                  0.01    0.00    1.43 ^ _30139_/A (FA_X1)
     1    1.82    0.01    0.09    1.51 v _30139_/S (FA_X1)
                                         _14770_ (net)
                  0.01    0.00    1.51 v _21482_/A (INV_X1)
     1    3.61    0.01    0.02    1.54 ^ _21482_/ZN (INV_X1)
                                         _16099_ (net)
                  0.01    0.00    1.54 ^ _30523_/B (HA_X1)
     4    8.90    0.05    0.08    1.62 ^ _30523_/S (HA_X1)
                                         _16102_ (net)
                  0.05    0.00    1.62 ^ _23473_/A2 (AND3_X1)
     2    4.94    0.02    0.07    1.68 ^ _23473_/ZN (AND3_X1)
                                         _05986_ (net)
                  0.02    0.00    1.68 ^ _23533_/A3 (NAND3_X1)
     2    3.27    0.02    0.03    1.71 v _23533_/ZN (NAND3_X1)
                                         _06045_ (net)
                  0.02    0.00    1.71 v _23589_/A1 (AND3_X1)
     2    7.14    0.01    0.04    1.75 v _23589_/ZN (AND3_X1)
                                         _06099_ (net)
                  0.01    0.00    1.75 v _23633_/A2 (NOR3_X2)
     2    6.12    0.04    0.06    1.81 ^ _23633_/ZN (NOR3_X2)
                                         _06141_ (net)
                  0.04    0.00    1.81 ^ _23682_/A2 (NOR2_X1)
     1    5.76    0.01    0.02    1.83 v _23682_/ZN (NOR2_X1)
                                         _06188_ (net)
                  0.01    0.00    1.83 v _23683_/B2 (AOI21_X4)
     5   15.16    0.03    0.04    1.88 ^ _23683_/ZN (AOI21_X4)
                                         _06189_ (net)
                  0.03    0.00    1.88 ^ _23908_/A3 (AND4_X1)
     2    3.76    0.02    0.07    1.95 ^ _23908_/ZN (AND4_X1)
                                         _06405_ (net)
                  0.02    0.00    1.95 ^ _23966_/A1 (NOR2_X1)
     1    3.57    0.01    0.01    1.96 v _23966_/ZN (NOR2_X1)
                                         _06461_ (net)
                  0.01    0.00    1.96 v _23969_/B2 (AOI221_X2)
     2    4.58    0.05    0.08    2.05 ^ _23969_/ZN (AOI221_X2)
                                         _06464_ (net)
                  0.05    0.00    2.05 ^ _23970_/B (XNOR2_X1)
     1    1.32    0.02    0.02    2.07 v _23970_/ZN (XNOR2_X1)
                                         _06465_ (net)
                  0.02    0.00    2.07 v _23971_/B (MUX2_X1)
     2    6.73    0.02    0.07    2.14 v _23971_/Z (MUX2_X1)
                                         _06466_ (net)
                  0.02    0.00    2.14 v _23972_/B2 (AOI221_X2)
     1   10.05    0.06    0.11    2.25 ^ _23972_/ZN (AOI221_X2)
                                         _06467_ (net)
                  0.06    0.00    2.25 ^ _23981_/A1 (NOR4_X4)
     4   12.32    0.02    0.02    2.27 v _23981_/ZN (NOR4_X4)
                                         _06476_ (net)
                  0.02    0.00    2.27 v _23982_/A (CLKBUF_X3)
    10   19.31    0.02    0.05    2.32 v _23982_/Z (CLKBUF_X3)
                                         _06477_ (net)
                  0.02    0.00    2.32 v _24599_/B2 (OAI21_X1)
     1    1.22    0.02    0.03    2.35 ^ _24599_/ZN (OAI21_X1)
                                         _01594_ (net)
                  0.02    0.00    2.35 ^ gen_regfile_ff.register_file_i.rf_reg_q[383]$_DFFE_PN0P_/D (DFFR_X1)
                                  2.35   data arrival time

                  0.00    2.20    2.20   clock core_clock (rise edge)
                          0.00    2.20   clock network delay (ideal)
                          0.00    2.20   clock reconvergence pessimism
                                  2.20 ^ gen_regfile_ff.register_file_i.rf_reg_q[383]$_DFFE_PN0P_/CK (DFFR_X1)
                         -0.03    2.17   library setup time
                                  2.17   data required time
-----------------------------------------------------------------------------
                                  2.17   data required time
                                 -2.35   data arrival time
-----------------------------------------------------------------------------
                                 -0.19   slack (VIOLATED)



==========================================================================
global place report_power
--------------------------------------------------------------------------
Group                  Internal  Switching    Leakage      Total
                          Power      Power      Power      Power (Watts)
----------------------------------------------------------------
Sequential             1.15e-02   1.55e-03   1.63e-04   1.32e-02  13.5%
Combinational          3.92e-02   4.46e-02   5.75e-04   8.44e-02  86.1%
Clock                  1.64e-06   3.75e-04   2.97e-08   3.77e-04   0.4%
Macro                  0.00e+00   0.00e+00   0.00e+00   0.00e+00   0.0%
Pad                    0.00e+00   0.00e+00   0.00e+00   0.00e+00   0.0%
----------------------------------------------------------------
Total                  5.08e-02   4.65e-02   7.38e-04   9.80e-02 100.0%
                          51.8%      47.4%       0.8%
