OpenROAD v2.0-21691-gfa92de9dc2 
Features included (+) or not (-): +GPU +GUI +Python
This program is licensed under the BSD-3 license. See the LICENSE file for details.
Components of this program may be licensed under more restrictive licenses which must be honored.
[INFO ORD-0030] Using 12 thread(s).
[INFO GPL-0002] DBU: 2000
[INFO GPL-0003] SiteSize: (  0.190  1.400 ) um
[INFO GPL-0004] CoreBBox: (  1.140  1.400 ) ( 35.340 35.000 ) um
[WARNING GPL-0001] clk toplevel port is not placed!
       Replace will regard clk is placed in (0, 0)
[WARNING GPL-0001] req_msg[0] toplevel port is not placed!
       Replace will regard req_msg[0] is placed in (0, 0)
[WARNING GPL-0001] req_msg[10] toplevel port is not placed!
       Replace will regard req_msg[10] is placed in (0, 0)
[WARNING GPL-0001] req_msg[11] toplevel port is not placed!
       Replace will regard req_msg[11] is placed in (0, 0)
[WARNING GPL-0001] req_msg[12] toplevel port is not placed!
       Replace will regard req_msg[12] is placed in (0, 0)
[WARNING GPL-0001] req_msg[13] toplevel port is not placed!
       Replace will regard req_msg[13] is placed in (0, 0)
[WARNING GPL-0001] req_msg[14] toplevel port is not placed!
       Replace will regard req_msg[14] is placed in (0, 0)
[WARNING GPL-0001] req_msg[15] toplevel port is not placed!
       Replace will regard req_msg[15] is placed in (0, 0)
[WARNING GPL-0001] req_msg[16] toplevel port is not placed!
       Replace will regard req_msg[16] is placed in (0, 0)
[WARNING GPL-0001] req_msg[17] toplevel port is not placed!
       Replace will regard req_msg[17] is placed in (0, 0)
[WARNING GPL-0001] req_msg[18] toplevel port is not placed!
       Replace will regard req_msg[18] is placed in (0, 0)
[WARNING GPL-0001] req_msg[19] toplevel port is not placed!
       Replace will regard req_msg[19] is placed in (0, 0)
[WARNING GPL-0001] req_msg[1] toplevel port is not placed!
       Replace will regard req_msg[1] is placed in (0, 0)
[WARNING GPL-0001] req_msg[20] toplevel port is not placed!
       Replace will regard req_msg[20] is placed in (0, 0)
[WARNING GPL-0001] req_msg[21] toplevel port is not placed!
       Replace will regard req_msg[21] is placed in (0, 0)
[WARNING GPL-0001] req_msg[22] toplevel port is not placed!
       Replace will regard req_msg[22] is placed in (0, 0)
[WARNING GPL-0001] req_msg[23] toplevel port is not placed!
       Replace will regard req_msg[23] is placed in (0, 0)
[WARNING GPL-0001] req_msg[24] toplevel port is not placed!
       Replace will regard req_msg[24] is placed in (0, 0)
[WARNING GPL-0001] req_msg[25] toplevel port is not placed!
       Replace will regard req_msg[25] is placed in (0, 0)
[WARNING GPL-0001] req_msg[26] toplevel port is not placed!
       Replace will regard req_msg[26] is placed in (0, 0)
[WARNING GPL-0001] req_msg[27] toplevel port is not placed!
       Replace will regard req_msg[27] is placed in (0, 0)
[WARNING GPL-0001] req_msg[28] toplevel port is not placed!
       Replace will regard req_msg[28] is placed in (0, 0)
[WARNING GPL-0001] req_msg[29] toplevel port is not placed!
       Replace will regard req_msg[29] is placed in (0, 0)
[WARNING GPL-0001] req_msg[2] toplevel port is not placed!
       Replace will regard req_msg[2] is placed in (0, 0)
[WARNING GPL-0001] req_msg[30] toplevel port is not placed!
       Replace will regard req_msg[30] is placed in (0, 0)
[WARNING GPL-0001] req_msg[31] toplevel port is not placed!
       Replace will regard req_msg[31] is placed in (0, 0)
[WARNING GPL-0001] req_msg[3] toplevel port is not placed!
       Replace will regard req_msg[3] is placed in (0, 0)
[WARNING GPL-0001] req_msg[4] toplevel port is not placed!
       Replace will regard req_msg[4] is placed in (0, 0)
[WARNING GPL-0001] req_msg[5] toplevel port is not placed!
       Replace will regard req_msg[5] is placed in (0, 0)
[WARNING GPL-0001] req_msg[6] toplevel port is not placed!
       Replace will regard req_msg[6] is placed in (0, 0)
[WARNING GPL-0001] req_msg[7] toplevel port is not placed!
       Replace will regard req_msg[7] is placed in (0, 0)
[WARNING GPL-0001] req_msg[8] toplevel port is not placed!
       Replace will regard req_msg[8] is placed in (0, 0)
[WARNING GPL-0001] req_msg[9] toplevel port is not placed!
       Replace will regard req_msg[9] is placed in (0, 0)
[WARNING GPL-0001] req_rdy toplevel port is not placed!
       Replace will regard req_rdy is placed in (0, 0)
[WARNING GPL-0001] req_val toplevel port is not placed!
       Replace will regard req_val is placed in (0, 0)
[WARNING GPL-0001] reset toplevel port is not placed!
       Replace will regard reset is placed in (0, 0)
[WARNING GPL-0001] resp_msg[0] toplevel port is not placed!
       Replace will regard resp_msg[0] is placed in (0, 0)
[WARNING GPL-0001] resp_msg[10] toplevel port is not placed!
       Replace will regard resp_msg[10] is placed in (0, 0)
[WARNING GPL-0001] resp_msg[11] toplevel port is not placed!
       Replace will regard resp_msg[11] is placed in (0, 0)
[WARNING GPL-0001] resp_msg[12] toplevel port is not placed!
       Replace will regard resp_msg[12] is placed in (0, 0)
[WARNING GPL-0001] resp_msg[13] toplevel port is not placed!
       Replace will regard resp_msg[13] is placed in (0, 0)
[WARNING GPL-0001] resp_msg[14] toplevel port is not placed!
       Replace will regard resp_msg[14] is placed in (0, 0)
[WARNING GPL-0001] resp_msg[15] toplevel port is not placed!
       Replace will regard resp_msg[15] is placed in (0, 0)
[WARNING GPL-0001] resp_msg[1] toplevel port is not placed!
       Replace will regard resp_msg[1] is placed in (0, 0)
[WARNING GPL-0001] resp_msg[2] toplevel port is not placed!
       Replace will regard resp_msg[2] is placed in (0, 0)
[WARNING GPL-0001] resp_msg[3] toplevel port is not placed!
       Replace will regard resp_msg[3] is placed in (0, 0)
[WARNING GPL-0001] resp_msg[4] toplevel port is not placed!
       Replace will regard resp_msg[4] is placed in (0, 0)
[WARNING GPL-0001] resp_msg[5] toplevel port is not placed!
       Replace will regard resp_msg[5] is placed in (0, 0)
[WARNING GPL-0001] resp_msg[6] toplevel port is not placed!
       Replace will regard resp_msg[6] is placed in (0, 0)
[WARNING GPL-0001] resp_msg[7] toplevel port is not placed!
       Replace will regard resp_msg[7] is placed in (0, 0)
[WARNING GPL-0001] resp_msg[8] toplevel port is not placed!
       Replace will regard resp_msg[8] is placed in (0, 0)
[WARNING GPL-0001] resp_msg[9] toplevel port is not placed!
       Replace will regard resp_msg[9] is placed in (0, 0)
[WARNING GPL-0001] resp_rdy toplevel port is not placed!
       Replace will regard resp_rdy is placed in (0, 0)
[WARNING GPL-0001] resp_val toplevel port is not placed!
       Replace will regard resp_val is placed in (0, 0)
[INFO GPL-0006] Number of instances:               551
[INFO GPL-0007] Movable instances:                 503
[INFO GPL-0008] Fixed instances:                    48
[INFO GPL-0009] Dummy instances:                     0
[INFO GPL-0010] Number of nets:                    574
[INFO GPL-0011] Number of pins:                   1626
[INFO GPL-0012] Die BBox:  (  0.000  0.000 ) ( 36.380 36.380 ) um
[INFO GPL-0013] Core BBox: (  1.140  1.400 ) ( 35.340 35.000 ) um
[INFO GPL-0016] Core area:                    1149.120 um^2
[INFO GPL-0017] Fixed instances area:           12.768 um^2
[INFO GPL-0018] Movable instances area:        650.104 um^2
[INFO GPL-0019] Utilization:                    57.210 %
[INFO GPL-0020] Standard cells area:           650.104 um^2
[INFO GPL-0021] Large instances area:            0.000 um^2
[INFO GPL-0023] Placement target density:       1.0000
[INFO GPL-0024] Movable insts average area:      1.292 um^2
[INFO GPL-0025] Ideal bin area:                  1.292 um^2
[INFO GPL-0026] Ideal bin count:                   889
[INFO GPL-0027] Total bin area:               1149.120 um^2
[INFO GPL-0028] Bin count (X, Y):          16 ,     16
[INFO GPL-0029] Bin size (W * H):       2.138 *  2.100 um
[INFO GPL-0030] Number of bins:                    256
Placement density is 0.6739999866485595, computed from PLACE_DENSITY_LB_ADDON 0.20 and lower bound 0.5799999833106995
global_placement -skip_io -density 0.6739999866485595 -pad_left 0 -pad_right 0
[INFO GPL-0002] DBU: 2000
[INFO GPL-0003] SiteSize: (  0.190  1.400 ) um
[INFO GPL-0004] CoreBBox: (  1.140  1.400 ) ( 35.340 35.000 ) um
[INFO GPL-0006] Number of instances:               551
[INFO GPL-0007] Movable instances:                 503
[INFO GPL-0008] Fixed instances:                    48
[INFO GPL-0009] Dummy instances:                     0
[INFO GPL-0010] Number of nets:                    574
[INFO GPL-0011] Number of pins:                   1572
[INFO GPL-0012] Die BBox:  (  0.000  0.000 ) ( 36.380 36.380 ) um
[INFO GPL-0013] Core BBox: (  1.140  1.400 ) ( 35.340 35.000 ) um
[INFO GPL-0016] Core area:                    1149.120 um^2
[INFO GPL-0017] Fixed instances area:           12.768 um^2
[INFO GPL-0018] Movable instances area:        650.104 um^2
[INFO GPL-0019] Utilization:                    57.210 %
[INFO GPL-0020] Standard cells area:           650.104 um^2
[INFO GPL-0021] Large instances area:            0.000 um^2
[INFO GPL-0023] Placement target density:       0.6740
[INFO GPL-0024] Movable insts average area:      1.292 um^2
[INFO GPL-0025] Ideal bin area:                  1.918 um^2
[INFO GPL-0026] Ideal bin count:                   599
[INFO GPL-0027] Total bin area:               1149.120 um^2
[INFO GPL-0028] Bin count (X, Y):          16 ,     16
[INFO GPL-0029] Bin size (W * H):       2.138 *  2.100 um
[INFO GPL-0030] Number of bins:                    256
[INFO GPL-0031] HPWL: Half-Perimeter Wirelength
Iteration | Overflow |     HPWL (um) |  HPWL(%) |   Penalty | Group
---------------------------------------------------------------
        1 |   0.9760 |  8.983020e+05 |   +0.00% |  5.58e-14 |      
       10 |   0.9795 |  4.584310e+05 |  -48.97% |  8.65e-14 |      
       20 |   0.9779 |  4.571820e+05 |   -0.27% |  1.41e-13 |      
       30 |   0.9778 |  4.567590e+05 |   -0.09% |  2.30e-13 |      
       40 |   0.9782 |  4.563440e+05 |   -0.09% |  3.74e-13 |      
       50 |   0.9780 |  4.566920e+05 |   +0.08% |  6.09e-13 |      
       60 |   0.9776 |  4.571120e+05 |   +0.09% |  9.92e-13 |      
       70 |   0.9774 |  4.576950e+05 |   +0.13% |  1.62e-12 |      
       80 |   0.9768 |  4.592550e+05 |   +0.34% |  2.63e-12 |      
       90 |   0.9755 |  4.617160e+05 |   +0.54% |  4.29e-12 |      
      100 |   0.9727 |  4.658970e+05 |   +0.91% |  6.98e-12 |      
      110 |   0.9713 |  4.733930e+05 |   +1.61% |  1.14e-11 |      
      120 |   0.9712 |  4.880450e+05 |   +3.10% |  1.85e-11 |      
      130 |   0.9682 |  5.278950e+05 |   +8.17% |  3.02e-11 |      
      140 |   0.9590 |  6.977650e+05 |  +32.18% |  4.92e-11 |      
      150 |   0.9246 |  1.026646e+06 |  +47.13% |  8.01e-11 |      
      160 |   0.8910 |  1.317190e+06 |  +28.30% |  1.30e-10 |      
      170 |   0.8753 |  1.485401e+06 |  +12.77% |  2.12e-10 |      
      180 |   0.8341 |  1.807335e+06 |  +21.67% |  3.46e-10 |      
      190 |   0.8067 |  2.028723e+06 |  +12.25% |  5.64e-10 |      
      200 |   0.7613 |  2.362016e+06 |  +16.43% |  9.18e-10 |      
      210 |   0.7185 |  2.521897e+06 |   +6.77% |  1.50e-09 |      
      220 |   0.6717 |  2.820577e+06 |  +11.84% |  2.44e-09 |      
      230 |   0.6268 |  3.074078e+06 |   +8.99% |  3.97e-09 |      
      240 |   0.5711 |  3.312120e+06 |   +7.74% |  6.46e-09 |      
      250 |   0.5202 |  3.549623e+06 |   +7.17% |  1.05e-08 |      
      260 |   0.4687 |  3.788131e+06 |   +6.72% |  1.71e-08 |      
      270 |   0.4107 |  3.967722e+06 |   +4.74% |  2.79e-08 |      
      280 |   0.3538 |  4.110566e+06 |   +3.60% |  4.55e-08 |      
      290 |   0.3132 |  4.175535e+06 |   +1.58% |  6.84e-08 |      
      300 |   0.2677 |  4.251196e+06 |   +1.81% |  1.01e-07 |      
      310 |   0.2414 |  4.323995e+06 |   +1.71% |  1.48e-07 |      
      320 |   0.2058 |  4.388361e+06 |   +1.49% |  2.19e-07 |      
      330 |   0.1703 |  4.416159e+06 |   +0.63% |  3.22e-07 |      
      340 |   0.1393 |  4.443901e+06 |   +0.63% |  4.74e-07 |      
      350 |   0.1214 |  4.463577e+06 |   +0.44% |  6.99e-07 |      
[INFO GPL-1001] Finished with Overflow: 0.098409
[INFO GPL-1002] Placed Cell Area              650.1040
[INFO GPL-1003] Available Free Area          1136.3520
[INFO GPL-1004] Minimum Feasible Density        0.5800 (cell_area / free_area)
[INFO GPL-1006]   Suggested Target Densities:
[INFO GPL-1007]     - For 90% usage of free space: 0.6357
[INFO GPL-1008]     - For 80% usage of free space: 0.7151
[INFO GPL-1009]     - For 50% usage of free space: 1.1442
Took 39 seconds: global_placement -skip_io -density 0.6739999866485595 -pad_left 0 -pad_right 0
Elapsed time: 0:40.71[h:]min:sec. CPU time: user 346.70 sys 1.18 (854%). Peak memory: 74972KB.
